mode: set
github.com/TIA-PARTNERS-GROUP/tia-api/configs/config.go:14.27,15.40 1 0
github.com/TIA-PARTNERS-GROUP/tia-api/configs/config.go:15.40,17.3 1 0
github.com/TIA-PARTNERS-GROUP/tia-api/configs/config.go:19.2,20.17 2 0
github.com/TIA-PARTNERS-GROUP/tia-api/configs/config.go:20.17,22.3 1 0
github.com/TIA-PARTNERS-GROUP/tia-api/configs/config.go:24.2,26.3 1 0
github.com/TIA-PARTNERS-GROUP/tia-api/cmd/api/main.go:11.13,15.16 3 0
github.com/TIA-PARTNERS-GROUP/tia-api/cmd/api/main.go:15.16,17.3 1 0
github.com/TIA-PARTNERS-GROUP/tia-api/cmd/api/main.go:19.2,21.48 2 0
github.com/TIA-PARTNERS-GROUP/tia-api/pkg/utils/jwt.util.go:18.85,20.25 2 0
github.com/TIA-PARTNERS-GROUP/tia-api/pkg/utils/jwt.util.go:20.25,22.3 1 0
github.com/TIA-PARTNERS-GROUP/tia-api/pkg/utils/jwt.util.go:24.2,37.41 5 0
github.com/TIA-PARTNERS-GROUP/tia-api/pkg/utils/jwt.util.go:40.55,42.25 2 0
github.com/TIA-PARTNERS-GROUP/tia-api/pkg/utils/jwt.util.go:42.25,44.3 1 0
github.com/TIA-PARTNERS-GROUP/tia-api/pkg/utils/jwt.util.go:46.2,47.101 2 0
github.com/TIA-PARTNERS-GROUP/tia-api/pkg/utils/jwt.util.go:47.101,48.58 1 0
github.com/TIA-PARTNERS-GROUP/tia-api/pkg/utils/jwt.util.go:48.58,50.4 1 0
github.com/TIA-PARTNERS-GROUP/tia-api/pkg/utils/jwt.util.go:51.3,51.24 1 0
github.com/TIA-PARTNERS-GROUP/tia-api/pkg/utils/jwt.util.go:54.2,54.16 1 0
github.com/TIA-PARTNERS-GROUP/tia-api/pkg/utils/jwt.util.go:54.16,56.3 1 0
github.com/TIA-PARTNERS-GROUP/tia-api/pkg/utils/jwt.util.go:58.2,58.18 1 0
github.com/TIA-PARTNERS-GROUP/tia-api/pkg/utils/jwt.util.go:58.18,60.3 1 0
github.com/TIA-PARTNERS-GROUP/tia-api/pkg/utils/jwt.util.go:62.2,62.20 1 0
github.com/TIA-PARTNERS-GROUP/tia-api/pkg/utils/password.util.go:10.52,12.16 2 0
github.com/TIA-PARTNERS-GROUP/tia-api/pkg/utils/password.util.go:12.16,14.3 1 0
github.com/TIA-PARTNERS-GROUP/tia-api/pkg/utils/password.util.go:15.2,15.27 1 0
github.com/TIA-PARTNERS-GROUP/tia-api/pkg/utils/password.util.go:18.50,20.2 1 0
github.com/TIA-PARTNERS-GROUP/tia-api/pkg/utils/password.util.go:22.56,23.23 1 0
github.com/TIA-PARTNERS-GROUP/tia-api/pkg/utils/password.util.go:23.23,25.3 1 0
github.com/TIA-PARTNERS-GROUP/tia-api/pkg/utils/password.util.go:27.2,34.32 2 0
github.com/TIA-PARTNERS-GROUP/tia-api/pkg/utils/password.util.go:34.32,35.10 1 0
github.com/TIA-PARTNERS-GROUP/tia-api/pkg/utils/password.util.go:36.30,37.19 1 0
github.com/TIA-PARTNERS-GROUP/tia-api/pkg/utils/password.util.go:38.30,39.19 1 0
github.com/TIA-PARTNERS-GROUP/tia-api/pkg/utils/password.util.go:40.31,41.20 1 0
github.com/TIA-PARTNERS-GROUP/tia-api/pkg/utils/password.util.go:42.56,43.21 1 0
github.com/TIA-PARTNERS-GROUP/tia-api/pkg/utils/password.util.go:47.2,47.15 1 0
github.com/TIA-PARTNERS-GROUP/tia-api/pkg/utils/password.util.go:47.15,49.3 1 0
github.com/TIA-PARTNERS-GROUP/tia-api/pkg/utils/password.util.go:50.2,50.15 1 0
github.com/TIA-PARTNERS-GROUP/tia-api/pkg/utils/password.util.go:50.15,52.3 1 0
github.com/TIA-PARTNERS-GROUP/tia-api/pkg/utils/password.util.go:53.2,53.16 1 0
github.com/TIA-PARTNERS-GROUP/tia-api/pkg/utils/password.util.go:53.16,55.3 1 0
github.com/TIA-PARTNERS-GROUP/tia-api/pkg/utils/password.util.go:56.2,56.17 1 0
github.com/TIA-PARTNERS-GROUP/tia-api/pkg/utils/password.util.go:56.17,58.3 1 0
github.com/TIA-PARTNERS-GROUP/tia-api/pkg/utils/password.util.go:60.2,60.12 1 0
github.com/TIA-PARTNERS-GROUP/tia-api/pkg/utils/token.util.go:8.37,12.2 3 0
github.com/TIA-PARTNERS-GROUP/tia-api/internal/ports/business.dto.go:89.72,114.35 2 0
github.com/TIA-PARTNERS-GROUP/tia-api/internal/ports/business.dto.go:114.35,117.3 2 0
github.com/TIA-PARTNERS-GROUP/tia-api/internal/ports/business.dto.go:119.2,119.13 1 0
github.com/TIA-PARTNERS-GROUP/tia-api/internal/ports/business_connection.dto.go:45.96,60.2 1 0
github.com/TIA-PARTNERS-GROUP/tia-api/internal/ports/business_connection.dto.go:62.108,64.41 2 0
github.com/TIA-PARTNERS-GROUP/tia-api/internal/ports/business_connection.dto.go:64.41,66.3 1 0
github.com/TIA-PARTNERS-GROUP/tia-api/internal/ports/business_connection.dto.go:68.2,71.3 1 0
github.com/TIA-PARTNERS-GROUP/tia-api/internal/ports/business_tags.dto.go:36.75,45.2 1 0
github.com/TIA-PARTNERS-GROUP/tia-api/internal/ports/business_tags.dto.go:47.88,49.35 2 0
github.com/TIA-PARTNERS-GROUP/tia-api/internal/ports/business_tags.dto.go:49.35,51.3 1 0
github.com/TIA-PARTNERS-GROUP/tia-api/internal/ports/business_tags.dto.go:53.2,56.3 1 0
github.com/TIA-PARTNERS-GROUP/tia-api/internal/ports/daily_activity.dto.go:28.81,34.2 1 0
github.com/TIA-PARTNERS-GROUP/tia-api/internal/ports/daily_activity_enrolment.dto.go:22.97,27.2 1 0
github.com/TIA-PARTNERS-GROUP/tia-api/internal/ports/daily_activity_enrolment.dto.go:29.105,34.2 1 0
github.com/TIA-PARTNERS-GROUP/tia-api/internal/ports/errors.go:10.35,12.2 1 0
github.com/TIA-PARTNERS-GROUP/tia-api/internal/ports/event.dto.go:30.60,39.45 2 0
github.com/TIA-PARTNERS-GROUP/tia-api/internal/ports/event.dto.go:39.45,42.3 2 0
github.com/TIA-PARTNERS-GROUP/tia-api/internal/ports/event.dto.go:43.2,43.13 1 0
github.com/TIA-PARTNERS-GROUP/tia-api/internal/ports/feedback.dto.go:23.66,31.2 1 0
github.com/TIA-PARTNERS-GROUP/tia-api/internal/ports/idea.dto.go:41.56,43.38 2 0
github.com/TIA-PARTNERS-GROUP/tia-api/internal/ports/idea.dto.go:43.38,44.41 1 0
github.com/TIA-PARTNERS-GROUP/tia-api/internal/ports/idea.dto.go:44.41,46.4 1 0
github.com/TIA-PARTNERS-GROUP/tia-api/internal/ports/idea.dto.go:46.9,46.50 1 0
github.com/TIA-PARTNERS-GROUP/tia-api/internal/ports/idea.dto.go:46.50,48.4 1 0
github.com/TIA-PARTNERS-GROUP/tia-api/internal/ports/idea.dto.go:51.2,62.34 2 0
github.com/TIA-PARTNERS-GROUP/tia-api/internal/ports/idea.dto.go:62.34,64.3 1 0
github.com/TIA-PARTNERS-GROUP/tia-api/internal/ports/idea.dto.go:66.2,66.13 1 0
github.com/TIA-PARTNERS-GROUP/tia-api/internal/ports/idea_vote_.dto.go:58.66,67.2 1 0
github.com/TIA-PARTNERS-GROUP/tia-api/internal/ports/idea_vote_.dto.go:69.72,71.29 2 0
github.com/TIA-PARTNERS-GROUP/tia-api/internal/ports/idea_vote_.dto.go:71.29,73.3 1 0
github.com/TIA-PARTNERS-GROUP/tia-api/internal/ports/idea_vote_.dto.go:75.2,78.3 1 0
github.com/TIA-PARTNERS-GROUP/tia-api/internal/ports/idea_vote_.dto.go:81.69,89.2 1 0
github.com/TIA-PARTNERS-GROUP/tia-api/internal/ports/inferred_connections.dto.go:31.96,43.2 1 0
github.com/TIA-PARTNERS-GROUP/tia-api/internal/ports/l2e.dto.go:22.76,29.2 1 0
github.com/TIA-PARTNERS-GROUP/tia-api/internal/ports/notification.dto.go:34.77,47.28 2 0
github.com/TIA-PARTNERS-GROUP/tia-api/internal/ports/notification.dto.go:47.28,49.3 1 0
github.com/TIA-PARTNERS-GROUP/tia-api/internal/ports/notification.dto.go:51.2,51.49 1 0
github.com/TIA-PARTNERS-GROUP/tia-api/internal/ports/notification.dto.go:51.49,54.3 2 0
github.com/TIA-PARTNERS-GROUP/tia-api/internal/ports/notification.dto.go:56.2,56.13 1 0
github.com/TIA-PARTNERS-GROUP/tia-api/internal/ports/project.dto.go:57.62,70.28 2 0
github.com/TIA-PARTNERS-GROUP/tia-api/internal/ports/project.dto.go:70.28,72.3 1 0
github.com/TIA-PARTNERS-GROUP/tia-api/internal/ports/project.dto.go:74.2,74.23 1 0
github.com/TIA-PARTNERS-GROUP/tia-api/internal/ports/project.dto.go:74.23,77.3 2 0
github.com/TIA-PARTNERS-GROUP/tia-api/internal/ports/project.dto.go:79.2,80.42 2 0
github.com/TIA-PARTNERS-GROUP/tia-api/internal/ports/project.dto.go:80.42,82.3 1 0
github.com/TIA-PARTNERS-GROUP/tia-api/internal/ports/project.dto.go:83.2,86.38 3 0
github.com/TIA-PARTNERS-GROUP/tia-api/internal/ports/project.dto.go:86.38,88.3 1 0
github.com/TIA-PARTNERS-GROUP/tia-api/internal/ports/project.dto.go:89.2,91.13 2 0
github.com/TIA-PARTNERS-GROUP/tia-api/internal/ports/project_applicant.dto.go:18.90,23.21 2 0
github.com/TIA-PARTNERS-GROUP/tia-api/internal/ports/project_applicant.dto.go:23.21,25.3 1 0
github.com/TIA-PARTNERS-GROUP/tia-api/internal/ports/project_applicant.dto.go:26.2,26.13 1 0
github.com/TIA-PARTNERS-GROUP/tia-api/internal/ports/project_member.dto.go:33.81,42.2 1 0
github.com/TIA-PARTNERS-GROUP/tia-api/internal/ports/project_member.dto.go:44.96,46.47 2 0
github.com/TIA-PARTNERS-GROUP/tia-api/internal/ports/project_member.dto.go:46.47,48.3 1 0
github.com/TIA-PARTNERS-GROUP/tia-api/internal/ports/project_member.dto.go:50.2,53.3 1 0
github.com/TIA-PARTNERS-GROUP/tia-api/internal/ports/project_region.dto.go:16.81,21.24 2 0
github.com/TIA-PARTNERS-GROUP/tia-api/internal/ports/project_region.dto.go:21.24,23.3 1 0
github.com/TIA-PARTNERS-GROUP/tia-api/internal/ports/project_region.dto.go:24.2,24.13 1 0
github.com/TIA-PARTNERS-GROUP/tia-api/internal/ports/project_skill.dto.go:30.78,38.2 1 0
github.com/TIA-PARTNERS-GROUP/tia-api/internal/ports/project_skill.dto.go:40.92,42.45 2 0
github.com/TIA-PARTNERS-GROUP/tia-api/internal/ports/project_skill.dto.go:42.45,44.3 1 0
github.com/TIA-PARTNERS-GROUP/tia-api/internal/ports/project_skill.dto.go:46.2,49.3 1 0
github.com/TIA-PARTNERS-GROUP/tia-api/internal/ports/publication.dto.go:47.76,63.22 2 0
github.com/TIA-PARTNERS-GROUP/tia-api/internal/ports/publication.dto.go:63.22,65.3 1 0
github.com/TIA-PARTNERS-GROUP/tia-api/internal/ports/publication.dto.go:66.2,66.25 1 0
github.com/TIA-PARTNERS-GROUP/tia-api/internal/ports/publication.dto.go:66.25,69.3 2 0
github.com/TIA-PARTNERS-GROUP/tia-api/internal/ports/publication.dto.go:70.2,70.13 1 0
github.com/TIA-PARTNERS-GROUP/tia-api/internal/ports/region.dto.go:10.64,15.2 1 0
github.com/TIA-PARTNERS-GROUP/tia-api/internal/ports/skill.dto.go:38.60,47.2 1 0
github.com/TIA-PARTNERS-GROUP/tia-api/internal/ports/subscription.dto.go:27.79,35.2 1 0
github.com/TIA-PARTNERS-GROUP/tia-api/internal/ports/user.dto.go:44.56,57.2 1 0
github.com/TIA-PARTNERS-GROUP/tia-api/internal/ports/user_config.dto.go:19.72,25.2 1 0
github.com/TIA-PARTNERS-GROUP/tia-api/internal/ports/user_session.dto.go:31.80,45.2 2 0
github.com/TIA-PARTNERS-GROUP/tia-api/internal/ports/user_session.dto.go:47.85,49.35 2 0
github.com/TIA-PARTNERS-GROUP/tia-api/internal/ports/user_session.dto.go:49.35,51.3 1 0
github.com/TIA-PARTNERS-GROUP/tia-api/internal/ports/user_session.dto.go:52.2,52.18 1 0
github.com/TIA-PARTNERS-GROUP/tia-api/internal/ports/user_skill.dto.go:33.69,42.2 1 0
github.com/TIA-PARTNERS-GROUP/tia-api/internal/ports/user_skill.dto.go:44.80,46.39 2 0
github.com/TIA-PARTNERS-GROUP/tia-api/internal/ports/user_skill.dto.go:46.39,48.3 1 0
github.com/TIA-PARTNERS-GROUP/tia-api/internal/ports/user_skill.dto.go:50.2,53.3 1 0
github.com/TIA-PARTNERS-GROUP/tia-api/internal/ports/user_subscription.dto.go:24.90,31.21 2 0
github.com/TIA-PARTNERS-GROUP/tia-api/internal/ports/user_subscription.dto.go:31.21,33.3 1 0
github.com/TIA-PARTNERS-GROUP/tia-api/internal/ports/user_subscription.dto.go:34.2,34.29 1 0
github.com/TIA-PARTNERS-GROUP/tia-api/internal/ports/user_subscription.dto.go:34.29,36.3 1 0
github.com/TIA-PARTNERS-GROUP/tia-api/internal/ports/user_subscription.dto.go:37.2,37.13 1 0
github.com/TIA-PARTNERS-GROUP/tia-api/internal/core/services/auth.service.go:21.47,26.2 1 0
github.com/TIA-PARTNERS-GROUP/tia-api/internal/core/services/auth.service.go:28.133,30.107 2 0
github.com/TIA-PARTNERS-GROUP/tia-api/internal/core/services/auth.service.go:30.107,31.45 1 0
github.com/TIA-PARTNERS-GROUP/tia-api/internal/core/services/auth.service.go:31.45,33.4 1 0
github.com/TIA-PARTNERS-GROUP/tia-api/internal/core/services/auth.service.go:34.3,34.32 1 0
github.com/TIA-PARTNERS-GROUP/tia-api/internal/core/services/auth.service.go:37.2,37.18 1 0
github.com/TIA-PARTNERS-GROUP/tia-api/internal/core/services/auth.service.go:37.18,39.3 1 0
github.com/TIA-PARTNERS-GROUP/tia-api/internal/core/services/auth.service.go:41.2,41.58 1 0
github.com/TIA-PARTNERS-GROUP/tia-api/internal/core/services/auth.service.go:41.58,43.3 1 0
github.com/TIA-PARTNERS-GROUP/tia-api/internal/core/services/auth.service.go:45.2,45.80 1 0
github.com/TIA-PARTNERS-GROUP/tia-api/internal/core/services/auth.service.go:45.80,47.3 1 0
github.com/TIA-PARTNERS-GROUP/tia-api/internal/core/services/auth.service.go:49.2,53.22 2 0
github.com/TIA-PARTNERS-GROUP/tia-api/internal/core/services/auth.service.go:53.22,55.3 1 0
github.com/TIA-PARTNERS-GROUP/tia-api/internal/core/services/auth.service.go:56.2,56.22 1 0
github.com/TIA-PARTNERS-GROUP/tia-api/internal/core/services/auth.service.go:56.22,58.3 1 0
github.com/TIA-PARTNERS-GROUP/tia-api/internal/core/services/auth.service.go:59.2,59.69 1 0
github.com/TIA-PARTNERS-GROUP/tia-api/internal/core/services/auth.service.go:59.69,61.3 1 0
github.com/TIA-PARTNERS-GROUP/tia-api/internal/core/services/auth.service.go:63.2,64.16 2 0
github.com/TIA-PARTNERS-GROUP/tia-api/internal/core/services/auth.service.go:64.16,66.3 1 0
github.com/TIA-PARTNERS-GROUP/tia-api/internal/core/services/auth.service.go:68.2,72.91 2 0
github.com/TIA-PARTNERS-GROUP/tia-api/internal/core/services/auth.service.go:72.91,75.3 2 0
github.com/TIA-PARTNERS-GROUP/tia-api/internal/core/services/auth.service.go:77.2,85.22 2 0
github.com/TIA-PARTNERS-GROUP/tia-api/internal/core/services/auth.service.go:88.89,94.25 2 0
github.com/TIA-PARTNERS-GROUP/tia-api/internal/core/services/auth.service.go:94.25,96.3 1 0
github.com/TIA-PARTNERS-GROUP/tia-api/internal/core/services/auth.service.go:98.2,98.37 1 0
github.com/TIA-PARTNERS-GROUP/tia-api/internal/core/services/auth.service.go:101.82,107.25 2 0
github.com/TIA-PARTNERS-GROUP/tia-api/internal/core/services/auth.service.go:107.25,109.3 1 0
github.com/TIA-PARTNERS-GROUP/tia-api/internal/core/services/auth.service.go:110.2,110.33 1 0
github.com/TIA-PARTNERS-GROUP/tia-api/internal/core/services/auth.service.go:113.115,115.16 2 0
github.com/TIA-PARTNERS-GROUP/tia-api/internal/core/services/auth.service.go:115.16,117.3 1 0
github.com/TIA-PARTNERS-GROUP/tia-api/internal/core/services/auth.service.go:119.2,125.16 3 0
github.com/TIA-PARTNERS-GROUP/tia-api/internal/core/services/auth.service.go:125.16,126.45 1 0
github.com/TIA-PARTNERS-GROUP/tia-api/internal/core/services/auth.service.go:126.45,128.4 1 0
github.com/TIA-PARTNERS-GROUP/tia-api/internal/core/services/auth.service.go:129.3,129.37 1 0
github.com/TIA-PARTNERS-GROUP/tia-api/internal/core/services/auth.service.go:132.2,132.41 1 0
github.com/TIA-PARTNERS-GROUP/tia-api/internal/core/services/auth.service.go:132.41,134.3 1 0
github.com/TIA-PARTNERS-GROUP/tia-api/internal/core/services/auth.service.go:136.2,136.26 1 0
github.com/TIA-PARTNERS-GROUP/tia-api/internal/core/services/auth.service.go:136.26,138.3 1 0
github.com/TIA-PARTNERS-GROUP/tia-api/internal/core/services/auth.service.go:140.2,140.37 1 0
github.com/TIA-PARTNERS-GROUP/tia-api/internal/core/services/auth.service.go:143.103,150.16 3 0
github.com/TIA-PARTNERS-GROUP/tia-api/internal/core/services/auth.service.go:150.16,152.3 1 0
github.com/TIA-PARTNERS-GROUP/tia-api/internal/core/services/auth.service.go:153.2,153.22 1 0
github.com/TIA-PARTNERS-GROUP/tia-api/internal/core/services/auth.service.go:156.45,161.12 4 0
github.com/TIA-PARTNERS-GROUP/tia-api/internal/core/services/auth.service.go:161.12,162.7 1 0
github.com/TIA-PARTNERS-GROUP/tia-api/internal/core/services/auth.service.go:162.7,163.11 1 0
github.com/TIA-PARTNERS-GROUP/tia-api/internal/core/services/auth.service.go:164.36,166.31 2 0
github.com/TIA-PARTNERS-GROUP/tia-api/internal/core/services/auth.service.go:167.22,169.11 2 0
github.com/TIA-PARTNERS-GROUP/tia-api/internal/core/services/auth.service.go:173.2,173.45 1 0
github.com/TIA-PARTNERS-GROUP/tia-api/internal/core/services/auth.service.go:176.44,179.2 2 0
github.com/TIA-PARTNERS-GROUP/tia-api/internal/core/services/auth.service.go:181.48,186.25 2 0
github.com/TIA-PARTNERS-GROUP/tia-api/internal/core/services/auth.service.go:186.25,188.3 1 0
github.com/TIA-PARTNERS-GROUP/tia-api/internal/core/services/auth.service.go:188.8,188.36 1 0
github.com/TIA-PARTNERS-GROUP/tia-api/internal/core/services/auth.service.go:188.36,190.3 1 0
github.com/TIA-PARTNERS-GROUP/tia-api/internal/core/services/business.service.go:16.55,18.2 1 0
github.com/TIA-PARTNERS-GROUP/tia-api/internal/core/services/business.service.go:20.121,24.33 3 0
github.com/TIA-PARTNERS-GROUP/tia-api/internal/core/services/business.service.go:24.33,26.3 1 0
github.com/TIA-PARTNERS-GROUP/tia-api/internal/core/services/business.service.go:27.2,27.37 1 0
github.com/TIA-PARTNERS-GROUP/tia-api/internal/core/services/business.service.go:27.37,29.3 1 0
github.com/TIA-PARTNERS-GROUP/tia-api/internal/core/services/business.service.go:30.2,30.34 1 0
github.com/TIA-PARTNERS-GROUP/tia-api/internal/core/services/business.service.go:30.34,32.3 1 0
github.com/TIA-PARTNERS-GROUP/tia-api/internal/core/services/business.service.go:33.2,33.27 1 0
github.com/TIA-PARTNERS-GROUP/tia-api/internal/core/services/business.service.go:33.27,35.3 1 0
github.com/TIA-PARTNERS-GROUP/tia-api/internal/core/services/business.service.go:36.2,36.35 1 0
github.com/TIA-PARTNERS-GROUP/tia-api/internal/core/services/business.service.go:36.35,38.3 1 0
github.com/TIA-PARTNERS-GROUP/tia-api/internal/core/services/business.service.go:39.2,39.27 1 0
github.com/TIA-PARTNERS-GROUP/tia-api/internal/core/services/business.service.go:39.27,42.3 2 0
github.com/TIA-PARTNERS-GROUP/tia-api/internal/core/services/business.service.go:44.2,44.54 1 0
github.com/TIA-PARTNERS-GROUP/tia-api/internal/core/services/business.service.go:44.54,46.3 1 0
github.com/TIA-PARTNERS-GROUP/tia-api/internal/core/services/business.service.go:47.2,47.24 1 0
github.com/TIA-PARTNERS-GROUP/tia-api/internal/core/services/business.service.go:50.99,53.16 3 0
github.com/TIA-PARTNERS-GROUP/tia-api/internal/core/services/business.service.go:53.16,54.45 1 0
github.com/TIA-PARTNERS-GROUP/tia-api/internal/core/services/business.service.go:54.45,56.4 1 0
github.com/TIA-PARTNERS-GROUP/tia-api/internal/core/services/business.service.go:57.3,57.32 1 0
github.com/TIA-PARTNERS-GROUP/tia-api/internal/core/services/business.service.go:59.2,59.23 1 0
github.com/TIA-PARTNERS-GROUP/tia-api/internal/core/services/business.service.go:62.121,64.86 2 0
github.com/TIA-PARTNERS-GROUP/tia-api/internal/core/services/business.service.go:64.86,65.45 1 0
github.com/TIA-PARTNERS-GROUP/tia-api/internal/core/services/business.service.go:65.45,67.4 1 0
github.com/TIA-PARTNERS-GROUP/tia-api/internal/core/services/business.service.go:68.3,68.32 1 0
github.com/TIA-PARTNERS-GROUP/tia-api/internal/core/services/business.service.go:71.2,92.70 2 0
github.com/TIA-PARTNERS-GROUP/tia-api/internal/core/services/business.service.go:92.70,94.3 1 0
github.com/TIA-PARTNERS-GROUP/tia-api/internal/core/services/business.service.go:96.2,97.23 2 0
github.com/TIA-PARTNERS-GROUP/tia-api/internal/core/services/business.service.go:100.130,102.16 2 0
github.com/TIA-PARTNERS-GROUP/tia-api/internal/core/services/business.service.go:102.16,104.3 1 0
github.com/TIA-PARTNERS-GROUP/tia-api/internal/core/services/business.service.go:106.2,107.22 2 0
github.com/TIA-PARTNERS-GROUP/tia-api/internal/core/services/business.service.go:107.22,109.3 1 0
github.com/TIA-PARTNERS-GROUP/tia-api/internal/core/services/business.service.go:110.2,110.25 1 0
github.com/TIA-PARTNERS-GROUP/tia-api/internal/core/services/business.service.go:110.25,112.3 1 0
github.com/TIA-PARTNERS-GROUP/tia-api/internal/core/services/business.service.go:113.2,113.25 1 0
github.com/TIA-PARTNERS-GROUP/tia-api/internal/core/services/business.service.go:113.25,115.3 1 0
github.com/TIA-PARTNERS-GROUP/tia-api/internal/core/services/business.service.go:116.2,116.29 1 0
github.com/TIA-PARTNERS-GROUP/tia-api/internal/core/services/business.service.go:116.29,118.3 1 0
github.com/TIA-PARTNERS-GROUP/tia-api/internal/core/services/business.service.go:119.2,119.32 1 0
github.com/TIA-PARTNERS-GROUP/tia-api/internal/core/services/business.service.go:119.32,121.3 1 0
github.com/TIA-PARTNERS-GROUP/tia-api/internal/core/services/business.service.go:122.2,122.30 1 0
github.com/TIA-PARTNERS-GROUP/tia-api/internal/core/services/business.service.go:122.30,124.3 1 0
github.com/TIA-PARTNERS-GROUP/tia-api/internal/core/services/business.service.go:125.2,125.29 1 0
github.com/TIA-PARTNERS-GROUP/tia-api/internal/core/services/business.service.go:125.29,127.3 1 0
github.com/TIA-PARTNERS-GROUP/tia-api/internal/core/services/business.service.go:128.2,128.25 1 0
github.com/TIA-PARTNERS-GROUP/tia-api/internal/core/services/business.service.go:128.25,130.3 1 0
github.com/TIA-PARTNERS-GROUP/tia-api/internal/core/services/business.service.go:131.2,131.22 1 0
github.com/TIA-PARTNERS-GROUP/tia-api/internal/core/services/business.service.go:131.22,133.3 1 0
github.com/TIA-PARTNERS-GROUP/tia-api/internal/core/services/business.service.go:134.2,134.23 1 0
github.com/TIA-PARTNERS-GROUP/tia-api/internal/core/services/business.service.go:134.23,136.3 1 0
github.com/TIA-PARTNERS-GROUP/tia-api/internal/core/services/business.service.go:137.2,137.25 1 0
github.com/TIA-PARTNERS-GROUP/tia-api/internal/core/services/business.service.go:137.25,139.3 1 0
github.com/TIA-PARTNERS-GROUP/tia-api/internal/core/services/business.service.go:140.2,140.28 1 0
github.com/TIA-PARTNERS-GROUP/tia-api/internal/core/services/business.service.go:140.28,142.3 1 0
github.com/TIA-PARTNERS-GROUP/tia-api/internal/core/services/business.service.go:143.2,143.23 1 0
github.com/TIA-PARTNERS-GROUP/tia-api/internal/core/services/business.service.go:143.23,145.3 1 0
github.com/TIA-PARTNERS-GROUP/tia-api/internal/core/services/business.service.go:146.2,146.30 1 0
github.com/TIA-PARTNERS-GROUP/tia-api/internal/core/services/business.service.go:146.30,148.3 1 0
github.com/TIA-PARTNERS-GROUP/tia-api/internal/core/services/business.service.go:149.2,149.34 1 0
github.com/TIA-PARTNERS-GROUP/tia-api/internal/core/services/business.service.go:149.34,151.3 1 0
github.com/TIA-PARTNERS-GROUP/tia-api/internal/core/services/business.service.go:152.2,152.31 1 0
github.com/TIA-PARTNERS-GROUP/tia-api/internal/core/services/business.service.go:152.31,154.3 1 0
github.com/TIA-PARTNERS-GROUP/tia-api/internal/core/services/business.service.go:155.2,155.24 1 0
github.com/TIA-PARTNERS-GROUP/tia-api/internal/core/services/business.service.go:155.24,157.3 1 0
github.com/TIA-PARTNERS-GROUP/tia-api/internal/core/services/business.service.go:159.2,159.26 1 0
github.com/TIA-PARTNERS-GROUP/tia-api/internal/core/services/business.service.go:159.26,161.3 1 0
github.com/TIA-PARTNERS-GROUP/tia-api/internal/core/services/business.service.go:163.2,163.88 1 0
github.com/TIA-PARTNERS-GROUP/tia-api/internal/core/services/business.service.go:163.88,165.3 1 0
github.com/TIA-PARTNERS-GROUP/tia-api/internal/core/services/business.service.go:167.2,167.35 1 0
github.com/TIA-PARTNERS-GROUP/tia-api/internal/core/services/business.service.go:170.78,177.38 5 0
github.com/TIA-PARTNERS-GROUP/tia-api/internal/core/services/business.service.go:177.38,179.3 1 0
github.com/TIA-PARTNERS-GROUP/tia-api/internal/core/services/business.service.go:181.2,182.25 2 0
github.com/TIA-PARTNERS-GROUP/tia-api/internal/core/services/business.service.go:182.25,184.3 1 0
github.com/TIA-PARTNERS-GROUP/tia-api/internal/core/services/business.service.go:185.2,185.30 1 0
github.com/TIA-PARTNERS-GROUP/tia-api/internal/core/services/business.service.go:185.30,187.3 1 0
github.com/TIA-PARTNERS-GROUP/tia-api/internal/core/services/business.service.go:189.2,189.12 1 0
github.com/TIA-PARTNERS-GROUP/tia-api/internal/core/services/business.service.go:192.106,194.126 2 0
github.com/TIA-PARTNERS-GROUP/tia-api/internal/core/services/business.service.go:194.126,196.3 1 0
github.com/TIA-PARTNERS-GROUP/tia-api/internal/core/services/business.service.go:197.2,197.24 1 0
github.com/TIA-PARTNERS-GROUP/tia-api/internal/core/services/business.service.go:200.104,202.16 2 0
github.com/TIA-PARTNERS-GROUP/tia-api/internal/core/services/business.service.go:202.16,204.3 1 0
github.com/TIA-PARTNERS-GROUP/tia-api/internal/core/services/business.service.go:206.2,207.96 2 0
github.com/TIA-PARTNERS-GROUP/tia-api/internal/core/services/business.service.go:207.96,209.3 1 0
github.com/TIA-PARTNERS-GROUP/tia-api/internal/core/services/business.service.go:211.2,212.22 2 0
github.com/TIA-PARTNERS-GROUP/tia-api/internal/core/services/business.service.go:215.112,218.110 2 0
github.com/TIA-PARTNERS-GROUP/tia-api/internal/core/services/business.service.go:218.110,220.3 1 0
github.com/TIA-PARTNERS-GROUP/tia-api/internal/core/services/business.service.go:221.2,221.110 1 0
github.com/TIA-PARTNERS-GROUP/tia-api/internal/core/services/business.service.go:221.110,223.3 1 0
github.com/TIA-PARTNERS-GROUP/tia-api/internal/core/services/business.service.go:224.2,224.110 1 0
github.com/TIA-PARTNERS-GROUP/tia-api/internal/core/services/business.service.go:224.110,226.3 1 0
github.com/TIA-PARTNERS-GROUP/tia-api/internal/core/services/business.service.go:228.2,232.8 1 0
github.com/TIA-PARTNERS-GROUP/tia-api/internal/core/services/business_connection.service.go:15.75,17.2 1 0
github.com/TIA-PARTNERS-GROUP/tia-api/internal/core/services/business_connection.service.go:19.161,21.106 2 0
github.com/TIA-PARTNERS-GROUP/tia-api/internal/core/services/business_connection.service.go:21.106,22.36 1 0
github.com/TIA-PARTNERS-GROUP/tia-api/internal/core/services/business_connection.service.go:22.36,24.4 1 0
github.com/TIA-PARTNERS-GROUP/tia-api/internal/core/services/business_connection.service.go:25.3,25.32 1 0
github.com/TIA-PARTNERS-GROUP/tia-api/internal/core/services/business_connection.service.go:28.2,29.104 2 0
github.com/TIA-PARTNERS-GROUP/tia-api/internal/core/services/business_connection.service.go:29.104,30.36 1 0
github.com/TIA-PARTNERS-GROUP/tia-api/internal/core/services/business_connection.service.go:30.36,32.4 1 0
github.com/TIA-PARTNERS-GROUP/tia-api/internal/core/services/business_connection.service.go:33.3,33.32 1 0
github.com/TIA-PARTNERS-GROUP/tia-api/internal/core/services/business_connection.service.go:36.2,37.89 2 0
github.com/TIA-PARTNERS-GROUP/tia-api/internal/core/services/business_connection.service.go:37.89,38.36 1 0
github.com/TIA-PARTNERS-GROUP/tia-api/internal/core/services/business_connection.service.go:38.36,40.4 1 0
github.com/TIA-PARTNERS-GROUP/tia-api/internal/core/services/business_connection.service.go:41.3,41.32 1 0
github.com/TIA-PARTNERS-GROUP/tia-api/internal/core/services/business_connection.service.go:44.2,44.59 1 0
github.com/TIA-PARTNERS-GROUP/tia-api/internal/core/services/business_connection.service.go:44.59,46.3 1 0
github.com/TIA-PARTNERS-GROUP/tia-api/internal/core/services/business_connection.service.go:48.2,54.16 3 0
github.com/TIA-PARTNERS-GROUP/tia-api/internal/core/services/business_connection.service.go:54.16,56.3 1 0
github.com/TIA-PARTNERS-GROUP/tia-api/internal/core/services/business_connection.service.go:56.8,56.42 1 0
github.com/TIA-PARTNERS-GROUP/tia-api/internal/core/services/business_connection.service.go:56.42,58.3 1 0
github.com/TIA-PARTNERS-GROUP/tia-api/internal/core/services/business_connection.service.go:60.2,69.80 2 0
github.com/TIA-PARTNERS-GROUP/tia-api/internal/core/services/business_connection.service.go:69.80,71.3 1 0
github.com/TIA-PARTNERS-GROUP/tia-api/internal/core/services/business_connection.service.go:73.2,77.71 1 0
github.com/TIA-PARTNERS-GROUP/tia-api/internal/core/services/business_connection.service.go:77.71,79.3 1 0
github.com/TIA-PARTNERS-GROUP/tia-api/internal/core/services/business_connection.service.go:81.2,81.33 1 0
github.com/TIA-PARTNERS-GROUP/tia-api/internal/core/services/business_connection.service.go:84.125,92.16 3 0
github.com/TIA-PARTNERS-GROUP/tia-api/internal/core/services/business_connection.service.go:92.16,93.36 1 0
github.com/TIA-PARTNERS-GROUP/tia-api/internal/core/services/business_connection.service.go:93.36,95.4 1 0
github.com/TIA-PARTNERS-GROUP/tia-api/internal/core/services/business_connection.service.go:96.3,96.32 1 0
github.com/TIA-PARTNERS-GROUP/tia-api/internal/core/services/business_connection.service.go:99.2,99.33 1 0
github.com/TIA-PARTNERS-GROUP/tia-api/internal/core/services/business_connection.service.go:102.223,110.27 3 0
github.com/TIA-PARTNERS-GROUP/tia-api/internal/core/services/business_connection.service.go:110.27,112.3 1 0
github.com/TIA-PARTNERS-GROUP/tia-api/internal/core/services/business_connection.service.go:114.2,114.19 1 0
github.com/TIA-PARTNERS-GROUP/tia-api/internal/core/services/business_connection.service.go:114.19,116.3 1 0
github.com/TIA-PARTNERS-GROUP/tia-api/internal/core/services/business_connection.service.go:118.2,119.16 2 0
github.com/TIA-PARTNERS-GROUP/tia-api/internal/core/services/business_connection.service.go:119.16,121.3 1 0
github.com/TIA-PARTNERS-GROUP/tia-api/internal/core/services/business_connection.service.go:123.2,123.33 1 0
github.com/TIA-PARTNERS-GROUP/tia-api/internal/core/services/business_connection.service.go:126.170,132.16 3 0
github.com/TIA-PARTNERS-GROUP/tia-api/internal/core/services/business_connection.service.go:132.16,133.36 1 0
github.com/TIA-PARTNERS-GROUP/tia-api/internal/core/services/business_connection.service.go:133.36,135.4 1 0
github.com/TIA-PARTNERS-GROUP/tia-api/internal/core/services/business_connection.service.go:136.3,136.32 1 0
github.com/TIA-PARTNERS-GROUP/tia-api/internal/core/services/business_connection.service.go:139.2,140.32 2 0
github.com/TIA-PARTNERS-GROUP/tia-api/internal/core/services/business_connection.service.go:140.32,142.3 1 0
github.com/TIA-PARTNERS-GROUP/tia-api/internal/core/services/business_connection.service.go:143.2,143.24 1 0
github.com/TIA-PARTNERS-GROUP/tia-api/internal/core/services/business_connection.service.go:143.24,145.3 1 0
github.com/TIA-PARTNERS-GROUP/tia-api/internal/core/services/business_connection.service.go:146.2,146.23 1 0
github.com/TIA-PARTNERS-GROUP/tia-api/internal/core/services/business_connection.service.go:146.23,148.3 1 0
github.com/TIA-PARTNERS-GROUP/tia-api/internal/core/services/business_connection.service.go:150.2,150.23 1 0
github.com/TIA-PARTNERS-GROUP/tia-api/internal/core/services/business_connection.service.go:150.23,152.3 1 0
github.com/TIA-PARTNERS-GROUP/tia-api/internal/core/services/business_connection.service.go:154.2,156.38 1 0
github.com/TIA-PARTNERS-GROUP/tia-api/internal/core/services/business_connection.service.go:156.38,158.3 1 0
github.com/TIA-PARTNERS-GROUP/tia-api/internal/core/services/business_connection.service.go:160.2,164.52 1 0
github.com/TIA-PARTNERS-GROUP/tia-api/internal/core/services/business_connection.service.go:164.52,166.3 1 0
github.com/TIA-PARTNERS-GROUP/tia-api/internal/core/services/business_connection.service.go:168.2,168.33 1 0
github.com/TIA-PARTNERS-GROUP/tia-api/internal/core/services/business_connection.service.go:171.98,175.25 2 0
github.com/TIA-PARTNERS-GROUP/tia-api/internal/core/services/business_connection.service.go:175.25,177.3 1 0
github.com/TIA-PARTNERS-GROUP/tia-api/internal/core/services/business_connection.service.go:179.2,179.30 1 0
github.com/TIA-PARTNERS-GROUP/tia-api/internal/core/services/business_connection.service.go:179.30,181.3 1 0
github.com/TIA-PARTNERS-GROUP/tia-api/internal/core/services/business_connection.service.go:183.2,183.12 1 0
github.com/TIA-PARTNERS-GROUP/tia-api/internal/core/services/business_connection.service.go:186.128,192.16 3 0
github.com/TIA-PARTNERS-GROUP/tia-api/internal/core/services/business_connection.service.go:192.16,193.36 1 0
github.com/TIA-PARTNERS-GROUP/tia-api/internal/core/services/business_connection.service.go:193.36,195.4 1 0
github.com/TIA-PARTNERS-GROUP/tia-api/internal/core/services/business_connection.service.go:196.3,196.32 1 0
github.com/TIA-PARTNERS-GROUP/tia-api/internal/core/services/business_connection.service.go:199.2,201.69 1 0
github.com/TIA-PARTNERS-GROUP/tia-api/internal/core/services/business_connection.service.go:201.69,203.3 1 0
github.com/TIA-PARTNERS-GROUP/tia-api/internal/core/services/business_connection.service.go:205.2,209.52 1 0
github.com/TIA-PARTNERS-GROUP/tia-api/internal/core/services/business_connection.service.go:209.52,211.3 1 0
github.com/TIA-PARTNERS-GROUP/tia-api/internal/core/services/business_connection.service.go:213.2,213.33 1 0
github.com/TIA-PARTNERS-GROUP/tia-api/internal/core/services/business_connection.service.go:216.128,222.16 3 0
github.com/TIA-PARTNERS-GROUP/tia-api/internal/core/services/business_connection.service.go:222.16,223.36 1 0
github.com/TIA-PARTNERS-GROUP/tia-api/internal/core/services/business_connection.service.go:223.36,225.4 1 0
github.com/TIA-PARTNERS-GROUP/tia-api/internal/core/services/business_connection.service.go:226.3,226.32 1 0
github.com/TIA-PARTNERS-GROUP/tia-api/internal/core/services/business_connection.service.go:229.2,231.71 1 0
github.com/TIA-PARTNERS-GROUP/tia-api/internal/core/services/business_connection.service.go:231.71,233.3 1 0
github.com/TIA-PARTNERS-GROUP/tia-api/internal/core/services/business_connection.service.go:235.2,239.52 1 0
github.com/TIA-PARTNERS-GROUP/tia-api/internal/core/services/business_connection.service.go:239.52,241.3 1 0
github.com/TIA-PARTNERS-GROUP/tia-api/internal/core/services/business_connection.service.go:243.2,243.33 1 0
github.com/TIA-PARTNERS-GROUP/tia-api/internal/core/services/business_connection.service.go:246.134,256.16 3 0
github.com/TIA-PARTNERS-GROUP/tia-api/internal/core/services/business_connection.service.go:256.16,258.3 1 0
github.com/TIA-PARTNERS-GROUP/tia-api/internal/core/services/business_connection.service.go:260.2,260.33 1 0
github.com/TIA-PARTNERS-GROUP/tia-api/internal/core/services/business_connection.service.go:263.133,274.16 3 0
github.com/TIA-PARTNERS-GROUP/tia-api/internal/core/services/business_connection.service.go:274.16,276.3 1 0
github.com/TIA-PARTNERS-GROUP/tia-api/internal/core/services/business_connection.service.go:278.2,278.33 1 0
github.com/TIA-PARTNERS-GROUP/tia-api/internal/core/services/business_tag.service.go:16.61,18.2 1 0
github.com/TIA-PARTNERS-GROUP/tia-api/internal/core/services/business_tag.service.go:20.133,22.86 2 0
github.com/TIA-PARTNERS-GROUP/tia-api/internal/core/services/business_tag.service.go:22.86,23.36 1 0
github.com/TIA-PARTNERS-GROUP/tia-api/internal/core/services/business_tag.service.go:23.36,25.4 1 0
github.com/TIA-PARTNERS-GROUP/tia-api/internal/core/services/business_tag.service.go:26.3,26.32 1 0
github.com/TIA-PARTNERS-GROUP/tia-api/internal/core/services/business_tag.service.go:29.2,35.16 3 0
github.com/TIA-PARTNERS-GROUP/tia-api/internal/core/services/business_tag.service.go:35.16,37.3 1 0
github.com/TIA-PARTNERS-GROUP/tia-api/internal/core/services/business_tag.service.go:37.8,37.42 1 0
github.com/TIA-PARTNERS-GROUP/tia-api/internal/core/services/business_tag.service.go:37.42,39.3 1 0
github.com/TIA-PARTNERS-GROUP/tia-api/internal/core/services/business_tag.service.go:41.2,47.73 2 0
github.com/TIA-PARTNERS-GROUP/tia-api/internal/core/services/business_tag.service.go:47.73,49.3 1 0
github.com/TIA-PARTNERS-GROUP/tia-api/internal/core/services/business_tag.service.go:51.2,53.57 1 0
github.com/TIA-PARTNERS-GROUP/tia-api/internal/core/services/business_tag.service.go:53.57,55.3 1 0
github.com/TIA-PARTNERS-GROUP/tia-api/internal/core/services/business_tag.service.go:57.2,57.26 1 0
github.com/TIA-PARTNERS-GROUP/tia-api/internal/core/services/business_tag.service.go:60.104,66.16 3 0
github.com/TIA-PARTNERS-GROUP/tia-api/internal/core/services/business_tag.service.go:66.16,67.36 1 0
github.com/TIA-PARTNERS-GROUP/tia-api/internal/core/services/business_tag.service.go:67.36,69.4 1 0
github.com/TIA-PARTNERS-GROUP/tia-api/internal/core/services/business_tag.service.go:70.3,70.32 1 0
github.com/TIA-PARTNERS-GROUP/tia-api/internal/core/services/business_tag.service.go:73.2,73.26 1 0
github.com/TIA-PARTNERS-GROUP/tia-api/internal/core/services/business_tag.service.go:76.147,82.20 3 0
github.com/TIA-PARTNERS-GROUP/tia-api/internal/core/services/business_tag.service.go:82.20,84.3 1 0
github.com/TIA-PARTNERS-GROUP/tia-api/internal/core/services/business_tag.service.go:86.2,87.16 2 0
github.com/TIA-PARTNERS-GROUP/tia-api/internal/core/services/business_tag.service.go:87.16,89.3 1 0
github.com/TIA-PARTNERS-GROUP/tia-api/internal/core/services/business_tag.service.go:91.2,91.26 1 0
github.com/TIA-PARTNERS-GROUP/tia-api/internal/core/services/business_tag.service.go:94.142,100.16 3 0
github.com/TIA-PARTNERS-GROUP/tia-api/internal/core/services/business_tag.service.go:100.16,101.36 1 0
github.com/TIA-PARTNERS-GROUP/tia-api/internal/core/services/business_tag.service.go:101.36,103.4 1 0
github.com/TIA-PARTNERS-GROUP/tia-api/internal/core/services/business_tag.service.go:104.3,104.32 1 0
github.com/TIA-PARTNERS-GROUP/tia-api/internal/core/services/business_tag.service.go:107.2,107.52 1 0
github.com/TIA-PARTNERS-GROUP/tia-api/internal/core/services/business_tag.service.go:107.52,114.17 3 0
github.com/TIA-PARTNERS-GROUP/tia-api/internal/core/services/business_tag.service.go:114.17,116.4 1 0
github.com/TIA-PARTNERS-GROUP/tia-api/internal/core/services/business_tag.service.go:116.9,116.43 1 0
github.com/TIA-PARTNERS-GROUP/tia-api/internal/core/services/business_tag.service.go:116.43,118.4 1 0
github.com/TIA-PARTNERS-GROUP/tia-api/internal/core/services/business_tag.service.go:121.2,122.25 2 0
github.com/TIA-PARTNERS-GROUP/tia-api/internal/core/services/business_tag.service.go:122.25,124.3 1 0
github.com/TIA-PARTNERS-GROUP/tia-api/internal/core/services/business_tag.service.go:125.2,125.29 1 0
github.com/TIA-PARTNERS-GROUP/tia-api/internal/core/services/business_tag.service.go:125.29,127.3 1 0
github.com/TIA-PARTNERS-GROUP/tia-api/internal/core/services/business_tag.service.go:129.2,129.23 1 0
github.com/TIA-PARTNERS-GROUP/tia-api/internal/core/services/business_tag.service.go:129.23,131.3 1 0
github.com/TIA-PARTNERS-GROUP/tia-api/internal/core/services/business_tag.service.go:133.2,135.38 1 0
github.com/TIA-PARTNERS-GROUP/tia-api/internal/core/services/business_tag.service.go:135.38,137.3 1 0
github.com/TIA-PARTNERS-GROUP/tia-api/internal/core/services/business_tag.service.go:139.2,141.45 1 0
github.com/TIA-PARTNERS-GROUP/tia-api/internal/core/services/business_tag.service.go:141.45,143.3 1 0
github.com/TIA-PARTNERS-GROUP/tia-api/internal/core/services/business_tag.service.go:145.2,145.26 1 0
github.com/TIA-PARTNERS-GROUP/tia-api/internal/core/services/business_tag.service.go:148.84,152.25 2 0
github.com/TIA-PARTNERS-GROUP/tia-api/internal/core/services/business_tag.service.go:152.25,154.3 1 0
github.com/TIA-PARTNERS-GROUP/tia-api/internal/core/services/business_tag.service.go:156.2,156.30 1 0
github.com/TIA-PARTNERS-GROUP/tia-api/internal/core/services/business_tag.service.go:156.30,158.3 1 0
github.com/TIA-PARTNERS-GROUP/tia-api/internal/core/services/business_tag.service.go:160.2,160.12 1 0
github.com/TIA-PARTNERS-GROUP/tia-api/internal/core/services/business_tag.service.go:163.144,171.16 3 0
github.com/TIA-PARTNERS-GROUP/tia-api/internal/core/services/business_tag.service.go:171.16,173.3 1 0
github.com/TIA-PARTNERS-GROUP/tia-api/internal/core/services/business_tag.service.go:175.2,175.26 1 0
github.com/TIA-PARTNERS-GROUP/tia-api/internal/core/services/business_tag.service.go:178.169,188.20 4 0
github.com/TIA-PARTNERS-GROUP/tia-api/internal/core/services/business_tag.service.go:188.20,190.3 1 0
github.com/TIA-PARTNERS-GROUP/tia-api/internal/core/services/business_tag.service.go:192.2,193.16 2 0
github.com/TIA-PARTNERS-GROUP/tia-api/internal/core/services/business_tag.service.go:193.16,195.3 1 0
github.com/TIA-PARTNERS-GROUP/tia-api/internal/core/services/business_tag.service.go:197.2,197.26 1 0
github.com/TIA-PARTNERS-GROUP/tia-api/internal/core/services/business_tag.service.go:200.152,208.16 3 0
github.com/TIA-PARTNERS-GROUP/tia-api/internal/core/services/business_tag.service.go:208.16,210.3 1 0
github.com/TIA-PARTNERS-GROUP/tia-api/internal/core/services/business_tag.service.go:212.2,212.26 1 0
github.com/TIA-PARTNERS-GROUP/tia-api/internal/core/services/daily_activity.service.go:17.65,19.2 1 0
github.com/TIA-PARTNERS-GROUP/tia-api/internal/core/services/daily_activity.service.go:21.141,27.70 2 0
github.com/TIA-PARTNERS-GROUP/tia-api/internal/core/services/daily_activity.service.go:27.70,28.55 1 0
github.com/TIA-PARTNERS-GROUP/tia-api/internal/core/services/daily_activity.service.go:28.55,30.4 1 0
github.com/TIA-PARTNERS-GROUP/tia-api/internal/core/services/daily_activity.service.go:31.3,31.32 1 0
github.com/TIA-PARTNERS-GROUP/tia-api/internal/core/services/daily_activity.service.go:33.2,33.23 1 0
github.com/TIA-PARTNERS-GROUP/tia-api/internal/core/services/daily_activity.service.go:36.114,38.73 2 0
github.com/TIA-PARTNERS-GROUP/tia-api/internal/core/services/daily_activity.service.go:38.73,39.45 1 0
github.com/TIA-PARTNERS-GROUP/tia-api/internal/core/services/daily_activity.service.go:39.45,41.4 1 0
github.com/TIA-PARTNERS-GROUP/tia-api/internal/core/services/daily_activity.service.go:42.3,42.32 1 0
github.com/TIA-PARTNERS-GROUP/tia-api/internal/core/services/daily_activity.service.go:44.2,44.23 1 0
github.com/TIA-PARTNERS-GROUP/tia-api/internal/core/services/daily_activity.service.go:47.107,49.88 2 0
github.com/TIA-PARTNERS-GROUP/tia-api/internal/core/services/daily_activity.service.go:49.88,51.3 1 0
github.com/TIA-PARTNERS-GROUP/tia-api/internal/core/services/daily_activity.service.go:52.2,52.24 1 0
github.com/TIA-PARTNERS-GROUP/tia-api/internal/core/services/daily_activity.service.go:55.146,61.71 2 0
github.com/TIA-PARTNERS-GROUP/tia-api/internal/core/services/daily_activity.service.go:61.71,62.55 1 0
github.com/TIA-PARTNERS-GROUP/tia-api/internal/core/services/daily_activity.service.go:62.55,64.4 1 0
github.com/TIA-PARTNERS-GROUP/tia-api/internal/core/services/daily_activity.service.go:65.3,65.51 1 0
github.com/TIA-PARTNERS-GROUP/tia-api/internal/core/services/daily_activity.service.go:65.51,67.4 1 0
github.com/TIA-PARTNERS-GROUP/tia-api/internal/core/services/daily_activity.service.go:68.3,68.32 1 0
github.com/TIA-PARTNERS-GROUP/tia-api/internal/core/services/daily_activity.service.go:70.2,70.24 1 0
github.com/TIA-PARTNERS-GROUP/tia-api/internal/core/services/daily_activity.service.go:73.109,75.25 2 0
github.com/TIA-PARTNERS-GROUP/tia-api/internal/core/services/daily_activity.service.go:75.25,77.3 1 0
github.com/TIA-PARTNERS-GROUP/tia-api/internal/core/services/daily_activity.service.go:78.2,78.30 1 0
github.com/TIA-PARTNERS-GROUP/tia-api/internal/core/services/daily_activity.service.go:78.30,80.3 1 0
github.com/TIA-PARTNERS-GROUP/tia-api/internal/core/services/daily_activity.service.go:81.2,81.12 1 0
github.com/TIA-PARTNERS-GROUP/tia-api/internal/core/services/daily_activity_enrolment.dto.go:16.83,18.2 1 0
github.com/TIA-PARTNERS-GROUP/tia-api/internal/core/services/daily_activity_enrolment.dto.go:20.139,26.71 2 0
github.com/TIA-PARTNERS-GROUP/tia-api/internal/core/services/daily_activity_enrolment.dto.go:26.71,27.55 1 0
github.com/TIA-PARTNERS-GROUP/tia-api/internal/core/services/daily_activity_enrolment.dto.go:27.55,29.4 1 0
github.com/TIA-PARTNERS-GROUP/tia-api/internal/core/services/daily_activity_enrolment.dto.go:30.3,30.51 1 0
github.com/TIA-PARTNERS-GROUP/tia-api/internal/core/services/daily_activity_enrolment.dto.go:30.51,32.4 1 0
github.com/TIA-PARTNERS-GROUP/tia-api/internal/core/services/daily_activity_enrolment.dto.go:33.3,33.32 1 0
github.com/TIA-PARTNERS-GROUP/tia-api/internal/core/services/daily_activity_enrolment.dto.go:35.2,35.24 1 0
github.com/TIA-PARTNERS-GROUP/tia-api/internal/core/services/daily_activity_enrolment.dto.go:38.106,40.25 2 0
github.com/TIA-PARTNERS-GROUP/tia-api/internal/core/services/daily_activity_enrolment.dto.go:40.25,42.3 1 0
github.com/TIA-PARTNERS-GROUP/tia-api/internal/core/services/daily_activity_enrolment.dto.go:43.2,43.30 1 0
github.com/TIA-PARTNERS-GROUP/tia-api/internal/core/services/daily_activity_enrolment.dto.go:43.30,45.3 1 0
github.com/TIA-PARTNERS-GROUP/tia-api/internal/core/services/daily_activity_enrolment.dto.go:46.2,46.12 1 0
github.com/TIA-PARTNERS-GROUP/tia-api/internal/core/services/daily_activity_enrolment.dto.go:49.145,56.16 3 0
github.com/TIA-PARTNERS-GROUP/tia-api/internal/core/services/daily_activity_enrolment.dto.go:56.16,58.3 1 0
github.com/TIA-PARTNERS-GROUP/tia-api/internal/core/services/daily_activity_enrolment.dto.go:59.2,59.24 1 0
github.com/TIA-PARTNERS-GROUP/tia-api/internal/core/services/daily_activity_enrolment.dto.go:62.137,69.16 3 0
github.com/TIA-PARTNERS-GROUP/tia-api/internal/core/services/daily_activity_enrolment.dto.go:69.16,71.3 1 0
github.com/TIA-PARTNERS-GROUP/tia-api/internal/core/services/daily_activity_enrolment.dto.go:72.2,72.24 1 0
github.com/TIA-PARTNERS-GROUP/tia-api/internal/core/services/event.service.go:16.49,18.2 1 0
github.com/TIA-PARTNERS-GROUP/tia-api/internal/core/services/event.service.go:20.109,27.67 2 0
github.com/TIA-PARTNERS-GROUP/tia-api/internal/core/services/event.service.go:27.67,29.3 1 0
github.com/TIA-PARTNERS-GROUP/tia-api/internal/core/services/event.service.go:30.2,30.20 1 0
github.com/TIA-PARTNERS-GROUP/tia-api/internal/core/services/event.service.go:33.90,36.16 3 0
github.com/TIA-PARTNERS-GROUP/tia-api/internal/core/services/event.service.go:36.16,37.45 1 0
github.com/TIA-PARTNERS-GROUP/tia-api/internal/core/services/event.service.go:37.45,39.4 1 0
github.com/TIA-PARTNERS-GROUP/tia-api/internal/core/services/event.service.go:40.3,40.32 1 0
github.com/TIA-PARTNERS-GROUP/tia-api/internal/core/services/event.service.go:42.2,42.20 1 0
github.com/TIA-PARTNERS-GROUP/tia-api/internal/core/services/event.service.go:45.107,49.30 3 0
github.com/TIA-PARTNERS-GROUP/tia-api/internal/core/services/event.service.go:49.30,51.3 1 0
github.com/TIA-PARTNERS-GROUP/tia-api/internal/core/services/event.service.go:52.2,52.27 1 0
github.com/TIA-PARTNERS-GROUP/tia-api/internal/core/services/event.service.go:52.27,54.3 1 0
github.com/TIA-PARTNERS-GROUP/tia-api/internal/core/services/event.service.go:56.2,56.50 1 0
github.com/TIA-PARTNERS-GROUP/tia-api/internal/core/services/event.service.go:56.50,58.3 1 0
github.com/TIA-PARTNERS-GROUP/tia-api/internal/core/services/event.service.go:59.2,59.20 1 0
github.com/TIA-PARTNERS-GROUP/tia-api/internal/core/services/feedback.service.go:16.55,18.2 1 0
github.com/TIA-PARTNERS-GROUP/tia-api/internal/core/services/feedback.service.go:20.121,27.70 2 0
github.com/TIA-PARTNERS-GROUP/tia-api/internal/core/services/feedback.service.go:27.70,29.3 1 0
github.com/TIA-PARTNERS-GROUP/tia-api/internal/core/services/feedback.service.go:30.2,30.23 1 0
github.com/TIA-PARTNERS-GROUP/tia-api/internal/core/services/feedback.service.go:33.99,35.73 2 0
github.com/TIA-PARTNERS-GROUP/tia-api/internal/core/services/feedback.service.go:35.73,36.45 1 0
github.com/TIA-PARTNERS-GROUP/tia-api/internal/core/services/feedback.service.go:36.45,38.4 1 0
github.com/TIA-PARTNERS-GROUP/tia-api/internal/core/services/feedback.service.go:39.3,39.32 1 0
github.com/TIA-PARTNERS-GROUP/tia-api/internal/core/services/feedback.service.go:41.2,41.23 1 0
github.com/TIA-PARTNERS-GROUP/tia-api/internal/core/services/feedback.service.go:44.90,46.98 2 0
github.com/TIA-PARTNERS-GROUP/tia-api/internal/core/services/feedback.service.go:46.98,48.3 1 0
github.com/TIA-PARTNERS-GROUP/tia-api/internal/core/services/feedback.service.go:49.2,49.23 1 0
github.com/TIA-PARTNERS-GROUP/tia-api/internal/core/services/feedback.service.go:52.78,54.25 2 0
github.com/TIA-PARTNERS-GROUP/tia-api/internal/core/services/feedback.service.go:54.25,56.3 1 0
github.com/TIA-PARTNERS-GROUP/tia-api/internal/core/services/feedback.service.go:57.2,57.30 1 0
github.com/TIA-PARTNERS-GROUP/tia-api/internal/core/services/feedback.service.go:57.30,59.3 1 0
github.com/TIA-PARTNERS-GROUP/tia-api/internal/core/services/feedback.service.go:60.2,60.12 1 0
github.com/TIA-PARTNERS-GROUP/tia-api/internal/core/services/idea.service.go:17.47,19.2 1 0
github.com/TIA-PARTNERS-GROUP/tia-api/internal/core/services/idea.service.go:21.105,23.89 2 0
github.com/TIA-PARTNERS-GROUP/tia-api/internal/core/services/idea.service.go:23.89,25.3 1 0
github.com/TIA-PARTNERS-GROUP/tia-api/internal/core/services/idea.service.go:27.2,34.66 2 0
github.com/TIA-PARTNERS-GROUP/tia-api/internal/core/services/idea.service.go:34.66,36.3 1 0
github.com/TIA-PARTNERS-GROUP/tia-api/internal/core/services/idea.service.go:37.2,37.36 1 0
github.com/TIA-PARTNERS-GROUP/tia-api/internal/core/services/idea.service.go:40.87,47.16 3 0
github.com/TIA-PARTNERS-GROUP/tia-api/internal/core/services/idea.service.go:47.16,48.45 1 0
github.com/TIA-PARTNERS-GROUP/tia-api/internal/core/services/idea.service.go:48.45,50.4 1 0
github.com/TIA-PARTNERS-GROUP/tia-api/internal/core/services/idea.service.go:51.3,51.32 1 0
github.com/TIA-PARTNERS-GROUP/tia-api/internal/core/services/idea.service.go:53.2,53.19 1 0
github.com/TIA-PARTNERS-GROUP/tia-api/internal/core/services/idea.service.go:56.106,60.19 3 0
github.com/TIA-PARTNERS-GROUP/tia-api/internal/core/services/idea.service.go:60.19,62.3 1 0
github.com/TIA-PARTNERS-GROUP/tia-api/internal/core/services/idea.service.go:64.2,64.49 1 0
github.com/TIA-PARTNERS-GROUP/tia-api/internal/core/services/idea.service.go:64.49,66.3 1 0
github.com/TIA-PARTNERS-GROUP/tia-api/internal/core/services/idea.service.go:67.2,67.19 1 0
github.com/TIA-PARTNERS-GROUP/tia-api/internal/core/services/idea.service.go:70.118,71.105 1 0
github.com/TIA-PARTNERS-GROUP/tia-api/internal/core/services/idea.service.go:71.105,73.3 1 0
github.com/TIA-PARTNERS-GROUP/tia-api/internal/core/services/idea.service.go:74.2,74.31 1 0
github.com/TIA-PARTNERS-GROUP/tia-api/internal/core/services/idea.service.go:77.108,89.16 3 0
github.com/TIA-PARTNERS-GROUP/tia-api/internal/core/services/idea.service.go:89.16,91.3 1 0
github.com/TIA-PARTNERS-GROUP/tia-api/internal/core/services/idea.service.go:93.2,93.31 1 0
github.com/TIA-PARTNERS-GROUP/tia-api/internal/core/services/idea.service.go:96.70,98.25 2 0
github.com/TIA-PARTNERS-GROUP/tia-api/internal/core/services/idea.service.go:98.25,100.3 1 0
github.com/TIA-PARTNERS-GROUP/tia-api/internal/core/services/idea.service.go:101.2,101.30 1 0
github.com/TIA-PARTNERS-GROUP/tia-api/internal/core/services/idea.service.go:101.30,103.3 1 0
github.com/TIA-PARTNERS-GROUP/tia-api/internal/core/services/idea.service.go:104.2,104.12 1 0
github.com/TIA-PARTNERS-GROUP/tia-api/internal/core/services/idea_vote.service.go:16.55,18.2 1 0
github.com/TIA-PARTNERS-GROUP/tia-api/internal/core/services/idea_vote.service.go:20.121,22.83 2 0
github.com/TIA-PARTNERS-GROUP/tia-api/internal/core/services/idea_vote.service.go:22.83,24.3 1 0
github.com/TIA-PARTNERS-GROUP/tia-api/internal/core/services/idea_vote.service.go:26.2,27.78 2 0
github.com/TIA-PARTNERS-GROUP/tia-api/internal/core/services/idea_vote.service.go:27.78,29.3 1 0
github.com/TIA-PARTNERS-GROUP/tia-api/internal/core/services/idea_vote.service.go:31.2,31.48 1 0
github.com/TIA-PARTNERS-GROUP/tia-api/internal/core/services/idea_vote.service.go:31.48,33.3 1 0
github.com/TIA-PARTNERS-GROUP/tia-api/internal/core/services/idea_vote.service.go:35.2,40.16 3 0
github.com/TIA-PARTNERS-GROUP/tia-api/internal/core/services/idea_vote.service.go:40.16,42.3 1 0
github.com/TIA-PARTNERS-GROUP/tia-api/internal/core/services/idea_vote.service.go:42.8,42.52 1 0
github.com/TIA-PARTNERS-GROUP/tia-api/internal/core/services/idea_vote.service.go:42.52,44.3 1 0
github.com/TIA-PARTNERS-GROUP/tia-api/internal/core/services/idea_vote.service.go:46.2,52.66 2 0
github.com/TIA-PARTNERS-GROUP/tia-api/internal/core/services/idea_vote.service.go:52.66,54.3 1 0
github.com/TIA-PARTNERS-GROUP/tia-api/internal/core/services/idea_vote.service.go:56.2,56.62 1 0
github.com/TIA-PARTNERS-GROUP/tia-api/internal/core/services/idea_vote.service.go:59.116,67.16 3 0
github.com/TIA-PARTNERS-GROUP/tia-api/internal/core/services/idea_vote.service.go:67.16,68.45 1 0
github.com/TIA-PARTNERS-GROUP/tia-api/internal/core/services/idea_vote.service.go:68.45,70.4 1 0
github.com/TIA-PARTNERS-GROUP/tia-api/internal/core/services/idea_vote.service.go:71.3,71.32 1 0
github.com/TIA-PARTNERS-GROUP/tia-api/internal/core/services/idea_vote.service.go:73.2,73.19 1 0
github.com/TIA-PARTNERS-GROUP/tia-api/internal/core/services/idea_vote.service.go:76.107,83.16 3 0
github.com/TIA-PARTNERS-GROUP/tia-api/internal/core/services/idea_vote.service.go:83.16,85.3 1 0
github.com/TIA-PARTNERS-GROUP/tia-api/internal/core/services/idea_vote.service.go:86.2,86.19 1 0
github.com/TIA-PARTNERS-GROUP/tia-api/internal/core/services/idea_vote.service.go:89.107,96.16 3 0
github.com/TIA-PARTNERS-GROUP/tia-api/internal/core/services/idea_vote.service.go:96.16,98.3 1 0
github.com/TIA-PARTNERS-GROUP/tia-api/internal/core/services/idea_vote.service.go:99.2,99.19 1 0
github.com/TIA-PARTNERS-GROUP/tia-api/internal/core/services/idea_vote.service.go:102.147,108.16 3 0
github.com/TIA-PARTNERS-GROUP/tia-api/internal/core/services/idea_vote.service.go:108.16,109.45 1 0
github.com/TIA-PARTNERS-GROUP/tia-api/internal/core/services/idea_vote.service.go:109.45,111.4 1 0
github.com/TIA-PARTNERS-GROUP/tia-api/internal/core/services/idea_vote.service.go:112.3,112.32 1 0
github.com/TIA-PARTNERS-GROUP/tia-api/internal/core/services/idea_vote.service.go:115.2,117.64 2 0
github.com/TIA-PARTNERS-GROUP/tia-api/internal/core/services/idea_vote.service.go:117.64,119.3 1 0
github.com/TIA-PARTNERS-GROUP/tia-api/internal/core/services/idea_vote.service.go:121.2,121.52 1 0
github.com/TIA-PARTNERS-GROUP/tia-api/internal/core/services/idea_vote.service.go:124.95,129.25 2 0
github.com/TIA-PARTNERS-GROUP/tia-api/internal/core/services/idea_vote.service.go:129.25,131.3 1 0
github.com/TIA-PARTNERS-GROUP/tia-api/internal/core/services/idea_vote.service.go:132.2,132.30 1 0
github.com/TIA-PARTNERS-GROUP/tia-api/internal/core/services/idea_vote.service.go:132.30,134.3 1 0
github.com/TIA-PARTNERS-GROUP/tia-api/internal/core/services/idea_vote.service.go:135.2,135.12 1 0
github.com/TIA-PARTNERS-GROUP/tia-api/internal/core/services/idea_vote.service.go:138.116,143.37 2 0
github.com/TIA-PARTNERS-GROUP/tia-api/internal/core/services/idea_vote.service.go:143.37,145.3 1 0
github.com/TIA-PARTNERS-GROUP/tia-api/internal/core/services/idea_vote.service.go:147.2,149.39 1 0
github.com/TIA-PARTNERS-GROUP/tia-api/internal/core/services/idea_vote.service.go:149.39,151.3 1 0
github.com/TIA-PARTNERS-GROUP/tia-api/internal/core/services/idea_vote.service.go:153.2,161.19 2 0
github.com/TIA-PARTNERS-GROUP/tia-api/internal/core/services/inferred_connection.service.go:15.75,17.2 1 0
github.com/TIA-PARTNERS-GROUP/tia-api/internal/core/services/inferred_connection.service.go:19.161,29.72 2 0
github.com/TIA-PARTNERS-GROUP/tia-api/internal/core/services/inferred_connection.service.go:29.72,31.3 1 0
github.com/TIA-PARTNERS-GROUP/tia-api/internal/core/services/inferred_connection.service.go:32.2,32.25 1 0
github.com/TIA-PARTNERS-GROUP/tia-api/internal/core/services/inferred_connection.service.go:35.153,41.16 3 0
github.com/TIA-PARTNERS-GROUP/tia-api/internal/core/services/inferred_connection.service.go:41.16,43.3 1 0
github.com/TIA-PARTNERS-GROUP/tia-api/internal/core/services/inferred_connection.service.go:44.2,44.25 1 0
github.com/TIA-PARTNERS-GROUP/tia-api/internal/core/services/l2e.service.go:16.61,18.2 1 0
github.com/TIA-PARTNERS-GROUP/tia-api/internal/core/services/l2e.service.go:20.133,21.100 1 0
github.com/TIA-PARTNERS-GROUP/tia-api/internal/core/services/l2e.service.go:21.100,22.45 1 0
github.com/TIA-PARTNERS-GROUP/tia-api/internal/core/services/l2e.service.go:22.45,24.4 1 0
github.com/TIA-PARTNERS-GROUP/tia-api/internal/core/services/l2e.service.go:25.3,25.32 1 0
github.com/TIA-PARTNERS-GROUP/tia-api/internal/core/services/l2e.service.go:28.2,33.70 2 0
github.com/TIA-PARTNERS-GROUP/tia-api/internal/core/services/l2e.service.go:33.70,35.3 1 0
github.com/TIA-PARTNERS-GROUP/tia-api/internal/core/services/l2e.service.go:36.2,36.23 1 0
github.com/TIA-PARTNERS-GROUP/tia-api/internal/core/services/l2e.service.go:39.117,46.16 3 0
github.com/TIA-PARTNERS-GROUP/tia-api/internal/core/services/l2e.service.go:46.16,48.3 1 0
github.com/TIA-PARTNERS-GROUP/tia-api/internal/core/services/l2e.service.go:49.2,49.23 1 0
github.com/TIA-PARTNERS-GROUP/tia-api/internal/core/services/notifcation.service.go:16.63,18.2 1 0
github.com/TIA-PARTNERS-GROUP/tia-api/internal/core/services/notifcation.service.go:20.137,21.108 1 0
github.com/TIA-PARTNERS-GROUP/tia-api/internal/core/services/notifcation.service.go:21.108,23.3 1 0
github.com/TIA-PARTNERS-GROUP/tia-api/internal/core/services/notifcation.service.go:25.2,37.74 2 0
github.com/TIA-PARTNERS-GROUP/tia-api/internal/core/services/notifcation.service.go:37.74,39.3 1 0
github.com/TIA-PARTNERS-GROUP/tia-api/internal/core/services/notifcation.service.go:40.2,40.52 1 0
github.com/TIA-PARTNERS-GROUP/tia-api/internal/core/services/notifcation.service.go:43.111,49.16 3 0
github.com/TIA-PARTNERS-GROUP/tia-api/internal/core/services/notifcation.service.go:49.16,50.45 1 0
github.com/TIA-PARTNERS-GROUP/tia-api/internal/core/services/notifcation.service.go:50.45,52.4 1 0
github.com/TIA-PARTNERS-GROUP/tia-api/internal/core/services/notifcation.service.go:53.3,53.32 1 0
github.com/TIA-PARTNERS-GROUP/tia-api/internal/core/services/notifcation.service.go:55.2,55.27 1 0
github.com/TIA-PARTNERS-GROUP/tia-api/internal/core/services/notifcation.service.go:58.132,65.17 3 0
github.com/TIA-PARTNERS-GROUP/tia-api/internal/core/services/notifcation.service.go:65.17,67.3 1 0
github.com/TIA-PARTNERS-GROUP/tia-api/internal/core/services/notifcation.service.go:69.2,69.57 1 0
github.com/TIA-PARTNERS-GROUP/tia-api/internal/core/services/notifcation.service.go:69.57,71.3 1 0
github.com/TIA-PARTNERS-GROUP/tia-api/internal/core/services/notifcation.service.go:72.2,72.27 1 0
github.com/TIA-PARTNERS-GROUP/tia-api/internal/core/services/notifcation.service.go:75.110,77.16 2 0
github.com/TIA-PARTNERS-GROUP/tia-api/internal/core/services/notifcation.service.go:77.16,79.3 1 0
github.com/TIA-PARTNERS-GROUP/tia-api/internal/core/services/notifcation.service.go:81.2,81.43 1 0
github.com/TIA-PARTNERS-GROUP/tia-api/internal/core/services/notifcation.service.go:81.43,83.3 1 0
github.com/TIA-PARTNERS-GROUP/tia-api/internal/core/services/notifcation.service.go:85.2,85.95 1 0
github.com/TIA-PARTNERS-GROUP/tia-api/internal/core/services/notifcation.service.go:85.95,87.3 1 0
github.com/TIA-PARTNERS-GROUP/tia-api/internal/core/services/notifcation.service.go:88.2,89.26 2 0
github.com/TIA-PARTNERS-GROUP/tia-api/internal/core/services/notifcation.service.go:92.94,98.25 2 0
github.com/TIA-PARTNERS-GROUP/tia-api/internal/core/services/notifcation.service.go:98.25,100.3 1 0
github.com/TIA-PARTNERS-GROUP/tia-api/internal/core/services/notifcation.service.go:101.2,101.33 1 0
github.com/TIA-PARTNERS-GROUP/tia-api/internal/core/services/notifcation.service.go:104.94,108.25 2 0
github.com/TIA-PARTNERS-GROUP/tia-api/internal/core/services/notifcation.service.go:108.25,110.3 1 0
github.com/TIA-PARTNERS-GROUP/tia-api/internal/core/services/notifcation.service.go:111.2,111.30 1 0
github.com/TIA-PARTNERS-GROUP/tia-api/internal/core/services/notifcation.service.go:111.30,113.3 1 0
github.com/TIA-PARTNERS-GROUP/tia-api/internal/core/services/notifcation.service.go:114.2,114.12 1 0
github.com/TIA-PARTNERS-GROUP/tia-api/internal/core/services/project.service.go:17.53,19.2 1 0
github.com/TIA-PARTNERS-GROUP/tia-api/internal/core/services/project.service.go:21.117,23.90 2 0
github.com/TIA-PARTNERS-GROUP/tia-api/internal/core/services/project.service.go:23.90,25.3 1 0
github.com/TIA-PARTNERS-GROUP/tia-api/internal/core/services/project.service.go:27.2,37.67 2 0
github.com/TIA-PARTNERS-GROUP/tia-api/internal/core/services/project.service.go:37.67,38.51 1 0
github.com/TIA-PARTNERS-GROUP/tia-api/internal/core/services/project.service.go:38.51,39.56 1 0
github.com/TIA-PARTNERS-GROUP/tia-api/internal/core/services/project.service.go:39.56,41.5 1 0
github.com/TIA-PARTNERS-GROUP/tia-api/internal/core/services/project.service.go:42.4,42.14 1 0
github.com/TIA-PARTNERS-GROUP/tia-api/internal/core/services/project.service.go:45.3,50.30 2 0
github.com/TIA-PARTNERS-GROUP/tia-api/internal/core/services/project.service.go:50.30,52.44 2 0
github.com/TIA-PARTNERS-GROUP/tia-api/internal/core/services/project.service.go:52.44,54.5 1 0
github.com/TIA-PARTNERS-GROUP/tia-api/internal/core/services/project.service.go:55.4,55.59 1 0
github.com/TIA-PARTNERS-GROUP/tia-api/internal/core/services/project.service.go:55.59,57.5 1 0
github.com/TIA-PARTNERS-GROUP/tia-api/internal/core/services/project.service.go:59.3,59.50 1 0
github.com/TIA-PARTNERS-GROUP/tia-api/internal/core/services/project.service.go:59.50,61.4 1 0
github.com/TIA-PARTNERS-GROUP/tia-api/internal/core/services/project.service.go:62.3,62.13 1 0
github.com/TIA-PARTNERS-GROUP/tia-api/internal/core/services/project.service.go:65.2,65.16 1 0
github.com/TIA-PARTNERS-GROUP/tia-api/internal/core/services/project.service.go:65.16,67.3 1 0
github.com/TIA-PARTNERS-GROUP/tia-api/internal/core/services/project.service.go:69.2,69.42 1 0
github.com/TIA-PARTNERS-GROUP/tia-api/internal/core/services/project.service.go:72.96,81.16 3 0
github.com/TIA-PARTNERS-GROUP/tia-api/internal/core/services/project.service.go:81.16,82.45 1 0
github.com/TIA-PARTNERS-GROUP/tia-api/internal/core/services/project.service.go:82.45,84.4 1 0
github.com/TIA-PARTNERS-GROUP/tia-api/internal/core/services/project.service.go:85.3,85.32 1 0
github.com/TIA-PARTNERS-GROUP/tia-api/internal/core/services/project.service.go:87.2,87.22 1 0
github.com/TIA-PARTNERS-GROUP/tia-api/internal/core/services/project.service.go:90.126,92.16 2 0
github.com/TIA-PARTNERS-GROUP/tia-api/internal/core/services/project.service.go:92.16,94.3 1 0
github.com/TIA-PARTNERS-GROUP/tia-api/internal/core/services/project.service.go:96.2,98.33 2 0
github.com/TIA-PARTNERS-GROUP/tia-api/internal/core/services/project.service.go:98.33,100.3 1 0
github.com/TIA-PARTNERS-GROUP/tia-api/internal/core/services/project.service.go:101.2,101.28 1 0
github.com/TIA-PARTNERS-GROUP/tia-api/internal/core/services/project.service.go:101.28,103.3 1 0
github.com/TIA-PARTNERS-GROUP/tia-api/internal/core/services/project.service.go:104.2,104.22 1 0
github.com/TIA-PARTNERS-GROUP/tia-api/internal/core/services/project.service.go:104.22,106.3 1 0
github.com/TIA-PARTNERS-GROUP/tia-api/internal/core/services/project.service.go:107.2,107.29 1 0
github.com/TIA-PARTNERS-GROUP/tia-api/internal/core/services/project.service.go:107.29,109.3 1 0
github.com/TIA-PARTNERS-GROUP/tia-api/internal/core/services/project.service.go:110.2,110.31 1 0
github.com/TIA-PARTNERS-GROUP/tia-api/internal/core/services/project.service.go:110.31,112.3 1 0
github.com/TIA-PARTNERS-GROUP/tia-api/internal/core/services/project.service.go:113.2,113.27 1 0
github.com/TIA-PARTNERS-GROUP/tia-api/internal/core/services/project.service.go:113.27,115.3 1 0
github.com/TIA-PARTNERS-GROUP/tia-api/internal/core/services/project.service.go:116.2,116.31 1 0
github.com/TIA-PARTNERS-GROUP/tia-api/internal/core/services/project.service.go:116.31,118.3 1 0
github.com/TIA-PARTNERS-GROUP/tia-api/internal/core/services/project.service.go:119.2,119.31 1 0
github.com/TIA-PARTNERS-GROUP/tia-api/internal/core/services/project.service.go:119.31,121.3 1 0
github.com/TIA-PARTNERS-GROUP/tia-api/internal/core/services/project.service.go:123.2,123.26 1 0
github.com/TIA-PARTNERS-GROUP/tia-api/internal/core/services/project.service.go:123.26,125.3 1 0
github.com/TIA-PARTNERS-GROUP/tia-api/internal/core/services/project.service.go:127.2,127.26 1 0
github.com/TIA-PARTNERS-GROUP/tia-api/internal/core/services/project.service.go:127.26,129.3 1 0
github.com/TIA-PARTNERS-GROUP/tia-api/internal/core/services/project.service.go:131.2,131.103 1 0
github.com/TIA-PARTNERS-GROUP/tia-api/internal/core/services/project.service.go:131.103,133.3 1 0
github.com/TIA-PARTNERS-GROUP/tia-api/internal/core/services/project.service.go:135.2,135.34 1 0
github.com/TIA-PARTNERS-GROUP/tia-api/internal/core/services/project.service.go:138.76,140.25 2 0
github.com/TIA-PARTNERS-GROUP/tia-api/internal/core/services/project.service.go:140.25,142.3 1 0
github.com/TIA-PARTNERS-GROUP/tia-api/internal/core/services/project.service.go:143.2,143.30 1 0
github.com/TIA-PARTNERS-GROUP/tia-api/internal/core/services/project.service.go:143.30,145.3 1 0
github.com/TIA-PARTNERS-GROUP/tia-api/internal/core/services/project.service.go:146.2,146.12 1 0
github.com/TIA-PARTNERS-GROUP/tia-api/internal/core/services/project.service.go:149.131,156.68 2 0
github.com/TIA-PARTNERS-GROUP/tia-api/internal/core/services/project.service.go:156.68,157.55 1 0
github.com/TIA-PARTNERS-GROUP/tia-api/internal/core/services/project.service.go:157.55,159.4 1 0
github.com/TIA-PARTNERS-GROUP/tia-api/internal/core/services/project.service.go:160.3,160.32 1 0
github.com/TIA-PARTNERS-GROUP/tia-api/internal/core/services/project.service.go:163.2,165.28 3 0
github.com/TIA-PARTNERS-GROUP/tia-api/internal/core/services/project.service.go:168.90,170.25 2 0
github.com/TIA-PARTNERS-GROUP/tia-api/internal/core/services/project.service.go:170.25,172.3 1 0
github.com/TIA-PARTNERS-GROUP/tia-api/internal/core/services/project.service.go:173.2,173.30 1 0
github.com/TIA-PARTNERS-GROUP/tia-api/internal/core/services/project.service.go:173.30,175.3 1 0
github.com/TIA-PARTNERS-GROUP/tia-api/internal/core/services/project.service.go:176.2,176.12 1 0
github.com/TIA-PARTNERS-GROUP/tia-api/internal/core/services/project_applicant.service.go:16.71,18.2 1 0
github.com/TIA-PARTNERS-GROUP/tia-api/internal/core/services/project_applicant.service.go:20.137,26.73 2 0
github.com/TIA-PARTNERS-GROUP/tia-api/internal/core/services/project_applicant.service.go:26.73,27.55 1 0
github.com/TIA-PARTNERS-GROUP/tia-api/internal/core/services/project_applicant.service.go:27.55,29.4 1 0
github.com/TIA-PARTNERS-GROUP/tia-api/internal/core/services/project_applicant.service.go:30.3,30.51 1 0
github.com/TIA-PARTNERS-GROUP/tia-api/internal/core/services/project_applicant.service.go:30.51,32.4 1 0
github.com/TIA-PARTNERS-GROUP/tia-api/internal/core/services/project_applicant.service.go:33.3,33.32 1 0
github.com/TIA-PARTNERS-GROUP/tia-api/internal/core/services/project_applicant.service.go:35.2,35.26 1 0
github.com/TIA-PARTNERS-GROUP/tia-api/internal/core/services/project_applicant.service.go:38.106,40.25 2 0
github.com/TIA-PARTNERS-GROUP/tia-api/internal/core/services/project_applicant.service.go:40.25,42.3 1 0
github.com/TIA-PARTNERS-GROUP/tia-api/internal/core/services/project_applicant.service.go:43.2,43.30 1 0
github.com/TIA-PARTNERS-GROUP/tia-api/internal/core/services/project_applicant.service.go:43.30,45.3 1 0
github.com/TIA-PARTNERS-GROUP/tia-api/internal/core/services/project_applicant.service.go:46.2,46.12 1 0
github.com/TIA-PARTNERS-GROUP/tia-api/internal/core/services/project_applicant.service.go:49.131,56.16 3 0
github.com/TIA-PARTNERS-GROUP/tia-api/internal/core/services/project_applicant.service.go:56.16,58.3 1 0
github.com/TIA-PARTNERS-GROUP/tia-api/internal/core/services/project_applicant.service.go:59.2,59.24 1 0
github.com/TIA-PARTNERS-GROUP/tia-api/internal/core/services/project_applicant.service.go:62.127,69.16 3 0
github.com/TIA-PARTNERS-GROUP/tia-api/internal/core/services/project_applicant.service.go:69.16,71.3 1 0
github.com/TIA-PARTNERS-GROUP/tia-api/internal/core/services/project_applicant.service.go:72.2,72.26 1 0
github.com/TIA-PARTNERS-GROUP/tia-api/internal/core/services/project_member.service.go:15.65,17.2 1 0
github.com/TIA-PARTNERS-GROUP/tia-api/internal/core/services/project_member.service.go:19.135,21.84 2 0
github.com/TIA-PARTNERS-GROUP/tia-api/internal/core/services/project_member.service.go:21.84,22.36 1 0
github.com/TIA-PARTNERS-GROUP/tia-api/internal/core/services/project_member.service.go:22.36,24.4 1 0
github.com/TIA-PARTNERS-GROUP/tia-api/internal/core/services/project_member.service.go:25.3,25.32 1 0
github.com/TIA-PARTNERS-GROUP/tia-api/internal/core/services/project_member.service.go:28.2,29.78 2 0
github.com/TIA-PARTNERS-GROUP/tia-api/internal/core/services/project_member.service.go:29.78,30.36 1 0
github.com/TIA-PARTNERS-GROUP/tia-api/internal/core/services/project_member.service.go:30.36,32.4 1 0
github.com/TIA-PARTNERS-GROUP/tia-api/internal/core/services/project_member.service.go:33.3,33.32 1 0
github.com/TIA-PARTNERS-GROUP/tia-api/internal/core/services/project_member.service.go:36.2,41.16 3 0
github.com/TIA-PARTNERS-GROUP/tia-api/internal/core/services/project_member.service.go:41.16,43.3 1 0
github.com/TIA-PARTNERS-GROUP/tia-api/internal/core/services/project_member.service.go:43.8,43.42 1 0
github.com/TIA-PARTNERS-GROUP/tia-api/internal/core/services/project_member.service.go:43.42,45.3 1 0
github.com/TIA-PARTNERS-GROUP/tia-api/internal/core/services/project_member.service.go:47.2,53.75 2 0
github.com/TIA-PARTNERS-GROUP/tia-api/internal/core/services/project_member.service.go:53.75,55.3 1 0
github.com/TIA-PARTNERS-GROUP/tia-api/internal/core/services/project_member.service.go:57.2,61.106 1 0
github.com/TIA-PARTNERS-GROUP/tia-api/internal/core/services/project_member.service.go:61.106,63.3 1 0
github.com/TIA-PARTNERS-GROUP/tia-api/internal/core/services/project_member.service.go:65.2,65.28 1 0
github.com/TIA-PARTNERS-GROUP/tia-api/internal/core/services/project_member.service.go:68.125,77.16 3 0
github.com/TIA-PARTNERS-GROUP/tia-api/internal/core/services/project_member.service.go:77.16,78.36 1 0
github.com/TIA-PARTNERS-GROUP/tia-api/internal/core/services/project_member.service.go:78.36,80.4 1 0
github.com/TIA-PARTNERS-GROUP/tia-api/internal/core/services/project_member.service.go:81.3,81.32 1 0
github.com/TIA-PARTNERS-GROUP/tia-api/internal/core/services/project_member.service.go:84.2,84.28 1 0
github.com/TIA-PARTNERS-GROUP/tia-api/internal/core/services/project_member.service.go:87.119,96.16 3 0
github.com/TIA-PARTNERS-GROUP/tia-api/internal/core/services/project_member.service.go:96.16,98.3 1 0
github.com/TIA-PARTNERS-GROUP/tia-api/internal/core/services/project_member.service.go:100.2,100.28 1 0
github.com/TIA-PARTNERS-GROUP/tia-api/internal/core/services/project_member.service.go:103.148,110.17 3 0
github.com/TIA-PARTNERS-GROUP/tia-api/internal/core/services/project_member.service.go:110.17,112.3 1 0
github.com/TIA-PARTNERS-GROUP/tia-api/internal/core/services/project_member.service.go:114.2,115.16 2 0
github.com/TIA-PARTNERS-GROUP/tia-api/internal/core/services/project_member.service.go:115.16,117.3 1 0
github.com/TIA-PARTNERS-GROUP/tia-api/internal/core/services/project_member.service.go:119.2,119.28 1 0
github.com/TIA-PARTNERS-GROUP/tia-api/internal/core/services/project_member.service.go:122.173,128.16 3 0
github.com/TIA-PARTNERS-GROUP/tia-api/internal/core/services/project_member.service.go:128.16,129.36 1 0
github.com/TIA-PARTNERS-GROUP/tia-api/internal/core/services/project_member.service.go:129.36,131.4 1 0
github.com/TIA-PARTNERS-GROUP/tia-api/internal/core/services/project_member.service.go:132.3,132.32 1 0
github.com/TIA-PARTNERS-GROUP/tia-api/internal/core/services/project_member.service.go:135.2,135.59 1 0
github.com/TIA-PARTNERS-GROUP/tia-api/internal/core/services/project_member.service.go:135.60,136.3 0 0
github.com/TIA-PARTNERS-GROUP/tia-api/internal/core/services/project_member.service.go:138.2,140.47 1 0
github.com/TIA-PARTNERS-GROUP/tia-api/internal/core/services/project_member.service.go:140.47,142.3 1 0
github.com/TIA-PARTNERS-GROUP/tia-api/internal/core/services/project_member.service.go:144.2,148.96 1 0
github.com/TIA-PARTNERS-GROUP/tia-api/internal/core/services/project_member.service.go:148.96,150.3 1 0
github.com/TIA-PARTNERS-GROUP/tia-api/internal/core/services/project_member.service.go:152.2,152.28 1 0
github.com/TIA-PARTNERS-GROUP/tia-api/internal/core/services/project_member.service.go:155.103,161.16 3 0
github.com/TIA-PARTNERS-GROUP/tia-api/internal/core/services/project_member.service.go:161.16,162.36 1 0
github.com/TIA-PARTNERS-GROUP/tia-api/internal/core/services/project_member.service.go:162.36,164.4 1 0
github.com/TIA-PARTNERS-GROUP/tia-api/internal/core/services/project_member.service.go:165.3,165.27 1 0
github.com/TIA-PARTNERS-GROUP/tia-api/internal/core/services/project_member.service.go:168.2,168.59 1 0
github.com/TIA-PARTNERS-GROUP/tia-api/internal/core/services/project_member.service.go:168.59,170.3 1 0
github.com/TIA-PARTNERS-GROUP/tia-api/internal/core/services/project_member.service.go:172.2,176.25 2 0
github.com/TIA-PARTNERS-GROUP/tia-api/internal/core/services/project_member.service.go:176.25,178.3 1 0
github.com/TIA-PARTNERS-GROUP/tia-api/internal/core/services/project_member.service.go:180.2,180.12 1 0
github.com/TIA-PARTNERS-GROUP/tia-api/internal/core/services/project_member.service.go:183.149,191.16 3 0
github.com/TIA-PARTNERS-GROUP/tia-api/internal/core/services/project_member.service.go:191.16,193.3 1 0
github.com/TIA-PARTNERS-GROUP/tia-api/internal/core/services/project_member.service.go:195.2,195.28 1 0
github.com/TIA-PARTNERS-GROUP/tia-api/internal/core/services/project_member.service.go:198.111,205.16 3 0
github.com/TIA-PARTNERS-GROUP/tia-api/internal/core/services/project_member.service.go:205.16,207.3 1 0
github.com/TIA-PARTNERS-GROUP/tia-api/internal/core/services/project_member.service.go:209.2,209.23 1 0
github.com/TIA-PARTNERS-GROUP/tia-api/internal/core/services/project_region.serivce.go:16.65,18.2 1 0
github.com/TIA-PARTNERS-GROUP/tia-api/internal/core/services/project_region.serivce.go:20.137,26.73 2 0
github.com/TIA-PARTNERS-GROUP/tia-api/internal/core/services/project_region.serivce.go:26.73,27.55 1 0
github.com/TIA-PARTNERS-GROUP/tia-api/internal/core/services/project_region.serivce.go:27.55,29.4 1 0
github.com/TIA-PARTNERS-GROUP/tia-api/internal/core/services/project_region.serivce.go:30.3,30.51 1 0
github.com/TIA-PARTNERS-GROUP/tia-api/internal/core/services/project_region.serivce.go:30.51,32.4 1 0
github.com/TIA-PARTNERS-GROUP/tia-api/internal/core/services/project_region.serivce.go:33.3,33.32 1 0
github.com/TIA-PARTNERS-GROUP/tia-api/internal/core/services/project_region.serivce.go:35.2,35.26 1 0
github.com/TIA-PARTNERS-GROUP/tia-api/internal/core/services/project_region.serivce.go:38.116,40.25 2 0
github.com/TIA-PARTNERS-GROUP/tia-api/internal/core/services/project_region.serivce.go:40.25,42.3 1 0
github.com/TIA-PARTNERS-GROUP/tia-api/internal/core/services/project_region.serivce.go:43.2,43.30 1 0
github.com/TIA-PARTNERS-GROUP/tia-api/internal/core/services/project_region.serivce.go:43.30,45.3 1 0
github.com/TIA-PARTNERS-GROUP/tia-api/internal/core/services/project_region.serivce.go:46.2,46.12 1 0
github.com/TIA-PARTNERS-GROUP/tia-api/internal/core/services/project_region.serivce.go:49.122,56.16 3 0
github.com/TIA-PARTNERS-GROUP/tia-api/internal/core/services/project_region.serivce.go:56.16,58.3 1 0
github.com/TIA-PARTNERS-GROUP/tia-api/internal/core/services/project_region.serivce.go:59.2,59.28 1 0
github.com/TIA-PARTNERS-GROUP/tia-api/internal/core/services/project_skill.service.go:15.63,17.2 1 0
github.com/TIA-PARTNERS-GROUP/tia-api/internal/core/services/project_skill.service.go:19.134,21.84 2 0
github.com/TIA-PARTNERS-GROUP/tia-api/internal/core/services/project_skill.service.go:21.84,22.36 1 0
github.com/TIA-PARTNERS-GROUP/tia-api/internal/core/services/project_skill.service.go:22.36,24.4 1 0
github.com/TIA-PARTNERS-GROUP/tia-api/internal/core/services/project_skill.service.go:25.3,25.32 1 0
github.com/TIA-PARTNERS-GROUP/tia-api/internal/core/services/project_skill.service.go:28.2,29.80 2 0
github.com/TIA-PARTNERS-GROUP/tia-api/internal/core/services/project_skill.service.go:29.80,30.36 1 0
github.com/TIA-PARTNERS-GROUP/tia-api/internal/core/services/project_skill.service.go:30.36,32.4 1 0
github.com/TIA-PARTNERS-GROUP/tia-api/internal/core/services/project_skill.service.go:33.3,33.32 1 0
github.com/TIA-PARTNERS-GROUP/tia-api/internal/core/services/project_skill.service.go:36.2,41.16 3 0
github.com/TIA-PARTNERS-GROUP/tia-api/internal/core/services/project_skill.service.go:41.16,43.3 1 0
github.com/TIA-PARTNERS-GROUP/tia-api/internal/core/services/project_skill.service.go:43.8,43.42 1 0
github.com/TIA-PARTNERS-GROUP/tia-api/internal/core/services/project_skill.service.go:43.42,45.3 1 0
github.com/TIA-PARTNERS-GROUP/tia-api/internal/core/services/project_skill.service.go:47.2,53.74 2 0
github.com/TIA-PARTNERS-GROUP/tia-api/internal/core/services/project_skill.service.go:53.74,55.3 1 0
github.com/TIA-PARTNERS-GROUP/tia-api/internal/core/services/project_skill.service.go:57.2,63.107 1 0
github.com/TIA-PARTNERS-GROUP/tia-api/internal/core/services/project_skill.service.go:63.107,65.3 1 0
github.com/TIA-PARTNERS-GROUP/tia-api/internal/core/services/project_skill.service.go:67.2,67.27 1 0
github.com/TIA-PARTNERS-GROUP/tia-api/internal/core/services/project_skill.service.go:70.123,81.16 3 0
github.com/TIA-PARTNERS-GROUP/tia-api/internal/core/services/project_skill.service.go:81.16,82.36 1 0
github.com/TIA-PARTNERS-GROUP/tia-api/internal/core/services/project_skill.service.go:82.36,84.4 1 0
github.com/TIA-PARTNERS-GROUP/tia-api/internal/core/services/project_skill.service.go:85.3,85.32 1 0
github.com/TIA-PARTNERS-GROUP/tia-api/internal/core/services/project_skill.service.go:88.2,88.27 1 0
github.com/TIA-PARTNERS-GROUP/tia-api/internal/core/services/project_skill.service.go:91.116,100.16 3 0
github.com/TIA-PARTNERS-GROUP/tia-api/internal/core/services/project_skill.service.go:100.16,102.3 1 0
github.com/TIA-PARTNERS-GROUP/tia-api/internal/core/services/project_skill.service.go:104.2,104.27 1 0
github.com/TIA-PARTNERS-GROUP/tia-api/internal/core/services/project_skill.service.go:107.159,115.23 3 0
github.com/TIA-PARTNERS-GROUP/tia-api/internal/core/services/project_skill.service.go:115.23,117.3 1 0
github.com/TIA-PARTNERS-GROUP/tia-api/internal/core/services/project_skill.service.go:119.2,120.16 2 0
github.com/TIA-PARTNERS-GROUP/tia-api/internal/core/services/project_skill.service.go:120.16,122.3 1 0
github.com/TIA-PARTNERS-GROUP/tia-api/internal/core/services/project_skill.service.go:124.2,124.27 1 0
github.com/TIA-PARTNERS-GROUP/tia-api/internal/core/services/project_skill.service.go:127.162,133.16 3 0
github.com/TIA-PARTNERS-GROUP/tia-api/internal/core/services/project_skill.service.go:133.16,134.36 1 0
github.com/TIA-PARTNERS-GROUP/tia-api/internal/core/services/project_skill.service.go:134.36,136.4 1 0
github.com/TIA-PARTNERS-GROUP/tia-api/internal/core/services/project_skill.service.go:137.3,137.32 1 0
github.com/TIA-PARTNERS-GROUP/tia-api/internal/core/services/project_skill.service.go:140.2,141.28 2 0
github.com/TIA-PARTNERS-GROUP/tia-api/internal/core/services/project_skill.service.go:141.28,143.3 1 0
github.com/TIA-PARTNERS-GROUP/tia-api/internal/core/services/project_skill.service.go:145.2,145.23 1 0
github.com/TIA-PARTNERS-GROUP/tia-api/internal/core/services/project_skill.service.go:145.23,147.3 1 0
github.com/TIA-PARTNERS-GROUP/tia-api/internal/core/services/project_skill.service.go:149.2,151.38 1 0
github.com/TIA-PARTNERS-GROUP/tia-api/internal/core/services/project_skill.service.go:151.38,153.3 1 0
github.com/TIA-PARTNERS-GROUP/tia-api/internal/core/services/project_skill.service.go:155.2,161.97 1 0
github.com/TIA-PARTNERS-GROUP/tia-api/internal/core/services/project_skill.service.go:161.97,163.3 1 0
github.com/TIA-PARTNERS-GROUP/tia-api/internal/core/services/project_skill.service.go:165.2,165.27 1 0
github.com/TIA-PARTNERS-GROUP/tia-api/internal/core/services/project_skill.service.go:168.102,173.25 2 0
github.com/TIA-PARTNERS-GROUP/tia-api/internal/core/services/project_skill.service.go:173.25,175.3 1 0
github.com/TIA-PARTNERS-GROUP/tia-api/internal/core/services/project_skill.service.go:177.2,177.30 1 0
github.com/TIA-PARTNERS-GROUP/tia-api/internal/core/services/project_skill.service.go:177.30,179.3 1 0
github.com/TIA-PARTNERS-GROUP/tia-api/internal/core/services/project_skill.service.go:181.2,181.12 1 0
github.com/TIA-PARTNERS-GROUP/tia-api/internal/core/services/project_skill.service.go:184.163,192.16 3 0
github.com/TIA-PARTNERS-GROUP/tia-api/internal/core/services/project_skill.service.go:192.16,194.3 1 0
[...]
github.com/TIA-PARTNERS-GROUP/tia-api/internal/core/services/user.service.go:22.108,23.72 1 0
github.com/TIA-PARTNERS-GROUP/tia-api/internal/core/services/user.service.go:23.72,25.3 1 0
github.com/TIA-PARTNERS-GROUP/tia-api/internal/core/services/user.service.go:27.2,28.16 2 0
github.com/TIA-PARTNERS-GROUP/tia-api/internal/core/services/user.service.go:28.16,30.3 1 0
github.com/TIA-PARTNERS-GROUP/tia-api/internal/core/services/user.service.go:32.2,44.66 2 0
github.com/TIA-PARTNERS-GROUP/tia-api/internal/core/services/user.service.go:44.66,45.55 1 0
github.com/TIA-PARTNERS-GROUP/tia-api/internal/core/services/user.service.go:45.55,47.4 1 0
github.com/TIA-PARTNERS-GROUP/tia-api/internal/core/services/user.service.go:48.3,48.32 1 0
github.com/TIA-PARTNERS-GROUP/tia-api/internal/core/services/user.service.go:51.2,51.19 1 0
github.com/TIA-PARTNERS-GROUP/tia-api/internal/core/services/user.service.go:54.115,56.16 2 0
github.com/TIA-PARTNERS-GROUP/tia-api/internal/core/services/user.service.go:56.16,58.3 1 0
github.com/TIA-PARTNERS-GROUP/tia-api/internal/core/services/user.service.go:60.2,62.27 2 0
github.com/TIA-PARTNERS-GROUP/tia-api/internal/core/services/user.service.go:62.27,64.3 1 0
github.com/TIA-PARTNERS-GROUP/tia-api/internal/core/services/user.service.go:65.2,65.26 1 0
github.com/TIA-PARTNERS-GROUP/tia-api/internal/core/services/user.service.go:65.26,67.3 1 0
github.com/TIA-PARTNERS-GROUP/tia-api/internal/core/services/user.service.go:68.2,68.28 1 0
github.com/TIA-PARTNERS-GROUP/tia-api/internal/core/services/user.service.go:68.28,70.3 1 0
github.com/TIA-PARTNERS-GROUP/tia-api/internal/core/services/user.service.go:71.2,71.30 1 0
github.com/TIA-PARTNERS-GROUP/tia-api/internal/core/services/user.service.go:71.30,73.3 1 0
github.com/TIA-PARTNERS-GROUP/tia-api/internal/core/services/user.service.go:74.2,74.32 1 0
github.com/TIA-PARTNERS-GROUP/tia-api/internal/core/services/user.service.go:74.32,76.3 1 0
github.com/TIA-PARTNERS-GROUP/tia-api/internal/core/services/user.service.go:77.2,77.30 1 0
github.com/TIA-PARTNERS-GROUP/tia-api/internal/core/services/user.service.go:77.30,79.3 1 0
github.com/TIA-PARTNERS-GROUP/tia-api/internal/core/services/user.service.go:80.2,80.31 1 0
github.com/TIA-PARTNERS-GROUP/tia-api/internal/core/services/user.service.go:80.31,82.3 1 0
github.com/TIA-PARTNERS-GROUP/tia-api/internal/core/services/user.service.go:83.2,83.24 1 0
github.com/TIA-PARTNERS-GROUP/tia-api/internal/core/services/user.service.go:83.24,85.3 1 0
github.com/TIA-PARTNERS-GROUP/tia-api/internal/core/services/user.service.go:87.2,87.50 1 0
github.com/TIA-PARTNERS-GROUP/tia-api/internal/core/services/user.service.go:87.50,88.74 1 0
github.com/TIA-PARTNERS-GROUP/tia-api/internal/core/services/user.service.go:88.74,90.4 1 0
github.com/TIA-PARTNERS-GROUP/tia-api/internal/core/services/user.service.go:91.3,92.17 2 0
github.com/TIA-PARTNERS-GROUP/tia-api/internal/core/services/user.service.go:92.17,94.4 1 0
github.com/TIA-PARTNERS-GROUP/tia-api/internal/core/services/user.service.go:95.3,95.47 1 0
github.com/TIA-PARTNERS-GROUP/tia-api/internal/core/services/user.service.go:98.2,98.26 1 0
github.com/TIA-PARTNERS-GROUP/tia-api/internal/core/services/user.service.go:98.26,100.3 1 0
github.com/TIA-PARTNERS-GROUP/tia-api/internal/core/services/user.service.go:102.2,102.84 1 0
github.com/TIA-PARTNERS-GROUP/tia-api/internal/core/services/user.service.go:102.84,103.55 1 0
github.com/TIA-PARTNERS-GROUP/tia-api/internal/core/services/user.service.go:103.55,105.4 1 0
github.com/TIA-PARTNERS-GROUP/tia-api/internal/core/services/user.service.go:106.3,106.32 1 0
github.com/TIA-PARTNERS-GROUP/tia-api/internal/core/services/user.service.go:109.2,109.18 1 0
github.com/TIA-PARTNERS-GROUP/tia-api/internal/core/services/user.service.go:112.115,114.97 2 0
github.com/TIA-PARTNERS-GROUP/tia-api/internal/core/services/user.service.go:114.97,115.45 1 0
github.com/TIA-PARTNERS-GROUP/tia-api/internal/core/services/user.service.go:115.45,117.4 1 0
github.com/TIA-PARTNERS-GROUP/tia-api/internal/core/services/user.service.go:118.3,118.27 1 0
github.com/TIA-PARTNERS-GROUP/tia-api/internal/core/services/user.service.go:121.2,121.58 1 0
github.com/TIA-PARTNERS-GROUP/tia-api/internal/core/services/user.service.go:121.58,123.3 1 0
github.com/TIA-PARTNERS-GROUP/tia-api/internal/core/services/user.service.go:125.2,125.82 1 0
github.com/TIA-PARTNERS-GROUP/tia-api/internal/core/services/user.service.go:125.82,127.3 1 0
github.com/TIA-PARTNERS-GROUP/tia-api/internal/core/services/user.service.go:129.2,129.70 1 0
github.com/TIA-PARTNERS-GROUP/tia-api/internal/core/services/user.service.go:129.70,131.3 1 0
github.com/TIA-PARTNERS-GROUP/tia-api/internal/core/services/user.service.go:133.2,134.16 2 0
github.com/TIA-PARTNERS-GROUP/tia-api/internal/core/services/user.service.go:134.16,136.3 1 0
github.com/TIA-PARTNERS-GROUP/tia-api/internal/core/services/user.service.go:138.2,138.127 1 0
github.com/TIA-PARTNERS-GROUP/tia-api/internal/core/services/user.service.go:138.127,140.3 1 0
github.com/TIA-PARTNERS-GROUP/tia-api/internal/core/services/user.service.go:142.2,142.12 1 0
github.com/TIA-PARTNERS-GROUP/tia-api/internal/core/services/user.service.go:145.88,147.69 2 0
github.com/TIA-PARTNERS-GROUP/tia-api/internal/core/services/user.service.go:147.69,148.45 1 0
github.com/TIA-PARTNERS-GROUP/tia-api/internal/core/services/user.service.go:148.45,150.4 1 0
github.com/TIA-PARTNERS-GROUP/tia-api/internal/core/services/user.service.go:151.3,151.32 1 0
github.com/TIA-PARTNERS-GROUP/tia-api/internal/core/services/user.service.go:153.2,153.19 1 0
github.com/TIA-PARTNERS-GROUP/tia-api/internal/core/services/user.service.go:156.80,158.90 2 0
github.com/TIA-PARTNERS-GROUP/tia-api/internal/core/services/user.service.go:158.90,160.3 1 0
github.com/TIA-PARTNERS-GROUP/tia-api/internal/core/services/user.service.go:161.2,161.19 1 0
github.com/TIA-PARTNERS-GROUP/tia-api/internal/core/services/user.service.go:164.70,166.25 2 0
github.com/TIA-PARTNERS-GROUP/tia-api/internal/core/services/user.service.go:166.25,168.3 1 0
github.com/TIA-PARTNERS-GROUP/tia-api/internal/core/services/user.service.go:169.2,169.30 1 0
github.com/TIA-PARTNERS-GROUP/tia-api/internal/core/services/user.service.go:169.30,171.3 1 0
github.com/TIA-PARTNERS-GROUP/tia-api/internal/core/services/user.service.go:172.2,172.12 1 0
github.com/TIA-PARTNERS-GROUP/tia-api/internal/core/services/user.service.go:175.96,177.97 2 0
github.com/TIA-PARTNERS-GROUP/tia-api/internal/core/services/user.service.go:177.97,178.45 1 0
github.com/TIA-PARTNERS-GROUP/tia-api/internal/core/services/user.service.go:178.45,180.4 1 0
github.com/TIA-PARTNERS-GROUP/tia-api/internal/core/services/user.service.go:181.3,181.32 1 0
github.com/TIA-PARTNERS-GROUP/tia-api/internal/core/services/user.service.go:183.2,183.19 1 0
github.com/TIA-PARTNERS-GROUP/tia-api/internal/core/services/user.service.go:186.90,188.16 2 0
github.com/TIA-PARTNERS-GROUP/tia-api/internal/core/services/user.service.go:188.16,190.3 1 0
github.com/TIA-PARTNERS-GROUP/tia-api/internal/core/services/user.service.go:192.2,192.18 1 0
github.com/TIA-PARTNERS-GROUP/tia-api/internal/core/services/user.service.go:192.18,194.3 1 0
github.com/TIA-PARTNERS-GROUP/tia-api/internal/core/services/user.service.go:196.2,196.88 1 0
github.com/TIA-PARTNERS-GROUP/tia-api/internal/core/services/user.service.go:196.88,198.3 1 0
github.com/TIA-PARTNERS-GROUP/tia-api/internal/core/services/user.service.go:200.2,201.18 2 0
github.com/TIA-PARTNERS-GROUP/tia-api/internal/core/services/user_config.service.go:17.59,19.2 1 0
github.com/TIA-PARTNERS-GROUP/tia-api/internal/core/services/user_config.service.go:21.136,33.16 3 0
github.com/TIA-PARTNERS-GROUP/tia-api/internal/core/services/user_config.service.go:33.16,35.3 1 0
github.com/TIA-PARTNERS-GROUP/tia-api/internal/core/services/user_config.service.go:36.2,36.21 1 0
github.com/TIA-PARTNERS-GROUP/tia-api/internal/core/services/user_config.service.go:39.124,45.16 3 0
github.com/TIA-PARTNERS-GROUP/tia-api/internal/core/services/user_config.service.go:45.16,46.45 1 0
github.com/TIA-PARTNERS-GROUP/tia-api/internal/core/services/user_config.service.go:46.45,48.4 1 0
github.com/TIA-PARTNERS-GROUP/tia-api/internal/core/services/user_config.service.go:49.3,49.32 1 0
github.com/TIA-PARTNERS-GROUP/tia-api/internal/core/services/user_config.service.go:51.2,51.21 1 0
github.com/TIA-PARTNERS-GROUP/tia-api/internal/core/services/user_config.service.go:54.105,58.25 2 0
github.com/TIA-PARTNERS-GROUP/tia-api/internal/core/services/user_config.service.go:58.25,60.3 1 0
github.com/TIA-PARTNERS-GROUP/tia-api/internal/core/services/user_config.service.go:61.2,61.30 1 0
github.com/TIA-PARTNERS-GROUP/tia-api/internal/core/services/user_config.service.go:61.30,63.3 1 0
github.com/TIA-PARTNERS-GROUP/tia-api/internal/core/services/user_config.service.go:64.2,64.12 1 0
github.com/TIA-PARTNERS-GROUP/tia-api/internal/core/services/user_session.service.go:17.61,19.2 1 0
github.com/TIA-PARTNERS-GROUP/tia-api/internal/core/services/user_session.service.go:21.111,27.16 3 0
github.com/TIA-PARTNERS-GROUP/tia-api/internal/core/services/user_session.service.go:27.16,28.45 1 0
github.com/TIA-PARTNERS-GROUP/tia-api/internal/core/services/user_session.service.go:28.45,30.4 1 0
github.com/TIA-PARTNERS-GROUP/tia-api/internal/core/services/user_session.service.go:31.3,31.32 1 0
github.com/TIA-PARTNERS-GROUP/tia-api/internal/core/services/user_session.service.go:33.2,33.22 1 0
github.com/TIA-PARTNERS-GROUP/tia-api/internal/core/services/user_session.service.go:36.112,44.16 3 0
github.com/TIA-PARTNERS-GROUP/tia-api/internal/core/services/user_session.service.go:44.16,46.3 1 0
github.com/TIA-PARTNERS-GROUP/tia-api/internal/core/services/user_session.service.go:47.2,47.22 1 0
github.com/TIA-PARTNERS-GROUP/tia-api/internal/core/services/user_session.service.go:50.87,56.25 2 0
github.com/TIA-PARTNERS-GROUP/tia-api/internal/core/services/user_session.service.go:56.25,58.3 1 0
github.com/TIA-PARTNERS-GROUP/tia-api/internal/core/services/user_session.service.go:59.2,59.30 1 0
github.com/TIA-PARTNERS-GROUP/tia-api/internal/core/services/user_session.service.go:59.30,61.3 1 0
github.com/TIA-PARTNERS-GROUP/tia-api/internal/core/services/user_session.service.go:62.2,62.12 1 0
github.com/TIA-PARTNERS-GROUP/tia-api/internal/core/services/user_session.service.go:65.112,70.29 2 0
github.com/TIA-PARTNERS-GROUP/tia-api/internal/core/services/user_session.service.go:70.29,72.3 1 0
github.com/TIA-PARTNERS-GROUP/tia-api/internal/core/services/user_session.service.go:74.2,76.25 2 0
github.com/TIA-PARTNERS-GROUP/tia-api/internal/core/services/user_session.service.go:76.25,78.3 1 0
github.com/TIA-PARTNERS-GROUP/tia-api/internal/core/services/user_session.service.go:79.2,79.12 1 0
github.com/TIA-PARTNERS-GROUP/tia-api/internal/core/services/user_session.service.go:82.116,88.25 2 0
github.com/TIA-PARTNERS-GROUP/tia-api/internal/core/services/user_session.service.go:88.25,90.3 1 0
github.com/TIA-PARTNERS-GROUP/tia-api/internal/core/services/user_session.service.go:91.2,91.30 1 0
github.com/TIA-PARTNERS-GROUP/tia-api/internal/core/services/user_session.service.go:91.30,93.3 1 0
github.com/TIA-PARTNERS-GROUP/tia-api/internal/core/services/user_session.service.go:94.2,94.12 1 0
github.com/TIA-PARTNERS-GROUP/tia-api/internal/core/services/user_session.service.go:97.117,102.49 2 0
github.com/TIA-PARTNERS-GROUP/tia-api/internal/core/services/user_session.service.go:102.49,104.3 1 0
github.com/TIA-PARTNERS-GROUP/tia-api/internal/core/services/user_session.service.go:106.2,108.50 1 0
github.com/TIA-PARTNERS-GROUP/tia-api/internal/core/services/user_session.service.go:108.50,110.3 1 0
github.com/TIA-PARTNERS-GROUP/tia-api/internal/core/services/user_session.service.go:112.2,114.51 1 0
github.com/TIA-PARTNERS-GROUP/tia-api/internal/core/services/user_session.service.go:114.51,116.3 1 0
github.com/TIA-PARTNERS-GROUP/tia-api/internal/core/services/user_session.service.go:118.2,120.51 1 0
github.com/TIA-PARTNERS-GROUP/tia-api/internal/core/services/user_session.service.go:120.51,122.3 1 0
github.com/TIA-PARTNERS-GROUP/tia-api/internal/core/services/user_session.service.go:124.2,125.20 2 0
github.com/TIA-PARTNERS-GROUP/tia-api/internal/core/services/user_session.service.go:128.89,133.25 2 0
github.com/TIA-PARTNERS-GROUP/tia-api/internal/core/services/user_session.service.go:133.25,135.3 1 0
github.com/TIA-PARTNERS-GROUP/tia-api/internal/core/services/user_session.service.go:136.2,136.33 1 0
github.com/TIA-PARTNERS-GROUP/tia-api/internal/core/services/user_skill.service.go:15.57,17.2 1 0
github.com/TIA-PARTNERS-GROUP/tia-api/internal/core/services/user_skill.service.go:19.122,21.78 2 0
github.com/TIA-PARTNERS-GROUP/tia-api/internal/core/services/user_skill.service.go:21.78,22.36 1 0
github.com/TIA-PARTNERS-GROUP/tia-api/internal/core/services/user_skill.service.go:22.36,24.4 1 0
github.com/TIA-PARTNERS-GROUP/tia-api/internal/core/services/user_skill.service.go:25.3,25.32 1 0
github.com/TIA-PARTNERS-GROUP/tia-api/internal/core/services/user_skill.service.go:28.2,29.80 2 0
github.com/TIA-PARTNERS-GROUP/tia-api/internal/core/services/user_skill.service.go:29.80,30.36 1 0
github.com/TIA-PARTNERS-GROUP/tia-api/internal/core/services/user_skill.service.go:30.36,32.4 1 0
github.com/TIA-PARTNERS-GROUP/tia-api/internal/core/services/user_skill.service.go:33.3,33.32 1 0
github.com/TIA-PARTNERS-GROUP/tia-api/internal/core/services/user_skill.service.go:36.2,41.16 3 0
github.com/TIA-PARTNERS-GROUP/tia-api/internal/core/services/user_skill.service.go:41.16,43.3 1 0
github.com/TIA-PARTNERS-GROUP/tia-api/internal/core/services/user_skill.service.go:43.8,43.42 1 0
github.com/TIA-PARTNERS-GROUP/tia-api/internal/core/services/user_skill.service.go:43.42,45.3 1 0
github.com/TIA-PARTNERS-GROUP/tia-api/internal/core/services/user_skill.service.go:47.2,53.71 2 0
github.com/TIA-PARTNERS-GROUP/tia-api/internal/core/services/user_skill.service.go:53.71,55.3 1 0
github.com/TIA-PARTNERS-GROUP/tia-api/internal/core/services/user_skill.service.go:57.2,60.98 1 0
github.com/TIA-PARTNERS-GROUP/tia-api/internal/core/services/user_skill.service.go:60.98,62.3 1 0
github.com/TIA-PARTNERS-GROUP/tia-api/internal/core/services/user_skill.service.go:64.2,64.24 1 0
github.com/TIA-PARTNERS-GROUP/tia-api/internal/core/services/user_skill.service.go:67.111,75.16 3 0
github.com/TIA-PARTNERS-GROUP/tia-api/internal/core/services/user_skill.service.go:75.16,76.36 1 0
github.com/TIA-PARTNERS-GROUP/tia-api/internal/core/services/user_skill.service.go:76.36,78.4 1 0
github.com/TIA-PARTNERS-GROUP/tia-api/internal/core/services/user_skill.service.go:79.3,79.32 1 0
github.com/TIA-PARTNERS-GROUP/tia-api/internal/core/services/user_skill.service.go:82.2,82.24 1 0
github.com/TIA-PARTNERS-GROUP/tia-api/internal/core/services/user_skill.service.go:85.104,94.16 3 0
github.com/TIA-PARTNERS-GROUP/tia-api/internal/core/services/user_skill.service.go:94.16,96.3 1 0
github.com/TIA-PARTNERS-GROUP/tia-api/internal/core/services/user_skill.service.go:98.2,98.24 1 0
github.com/TIA-PARTNERS-GROUP/tia-api/internal/core/services/user_skill.service.go:101.147,107.16 3 0
github.com/TIA-PARTNERS-GROUP/tia-api/internal/core/services/user_skill.service.go:107.16,108.36 1 0
github.com/TIA-PARTNERS-GROUP/tia-api/internal/core/services/user_skill.service.go:108.36,110.4 1 0
github.com/TIA-PARTNERS-GROUP/tia-api/internal/core/services/user_skill.service.go:111.3,111.32 1 0
github.com/TIA-PARTNERS-GROUP/tia-api/internal/core/services/user_skill.service.go:114.2,115.34 2 0
github.com/TIA-PARTNERS-GROUP/tia-api/internal/core/services/user_skill.service.go:115.34,117.3 1 0
github.com/TIA-PARTNERS-GROUP/tia-api/internal/core/services/user_skill.service.go:119.2,119.23 1 0
github.com/TIA-PARTNERS-GROUP/tia-api/internal/core/services/user_skill.service.go:119.23,121.3 1 0
github.com/TIA-PARTNERS-GROUP/tia-api/internal/core/services/user_skill.service.go:123.2,125.38 1 0
github.com/TIA-PARTNERS-GROUP/tia-api/internal/core/services/user_skill.service.go:125.38,127.3 1 0
github.com/TIA-PARTNERS-GROUP/tia-api/internal/core/services/user_skill.service.go:129.2,132.88 1 0
github.com/TIA-PARTNERS-GROUP/tia-api/internal/core/services/user_skill.service.go:132.88,134.3 1 0
github.com/TIA-PARTNERS-GROUP/tia-api/internal/core/services/user_skill.service.go:136.2,136.24 1 0
github.com/TIA-PARTNERS-GROUP/tia-api/internal/core/services/user_skill.service.go:139.93,144.25 2 0
github.com/TIA-PARTNERS-GROUP/tia-api/internal/core/services/user_skill.service.go:144.25,146.3 1 0
github.com/TIA-PARTNERS-GROUP/tia-api/internal/core/services/user_skill.service.go:148.2,148.30 1 0
github.com/TIA-PARTNERS-GROUP/tia-api/internal/core/services/user_skill.service.go:148.30,150.3 1 0
github.com/TIA-PARTNERS-GROUP/tia-api/internal/core/services/user_skill.service.go:152.2,152.12 1 0
github.com/TIA-PARTNERS-GROUP/tia-api/internal/core/services/user_skill.service.go:155.149,162.24 3 0
github.com/TIA-PARTNERS-GROUP/tia-api/internal/core/services/user_skill.service.go:162.24,164.3 1 0
github.com/TIA-PARTNERS-GROUP/tia-api/internal/core/services/user_skill.service.go:166.2,167.16 2 0
github.com/TIA-PARTNERS-GROUP/tia-api/internal/core/services/user_skill.service.go:167.16,169.3 1 0
github.com/TIA-PARTNERS-GROUP/tia-api/internal/core/services/user_skill.service.go:171.2,171.24 1 0
github.com/TIA-PARTNERS-GROUP/tia-api/internal/core/services/user_subscription.service.go:17.71,19.2 1 0
github.com/TIA-PARTNERS-GROUP/tia-api/internal/core/services/user_subscription.service.go:21.153,23.86 2 0
github.com/TIA-PARTNERS-GROUP/tia-api/internal/core/services/user_subscription.service.go:23.86,24.45 1 0
github.com/TIA-PARTNERS-GROUP/tia-api/internal/core/services/user_subscription.service.go:24.45,26.4 1 0
github.com/TIA-PARTNERS-GROUP/tia-api/internal/core/services/user_subscription.service.go:27.3,27.32 1 0
github.com/TIA-PARTNERS-GROUP/tia-api/internal/core/services/user_subscription.service.go:30.2,32.27 3 0
github.com/TIA-PARTNERS-GROUP/tia-api/internal/core/services/user_subscription.service.go:32.27,34.3 1 0
github.com/TIA-PARTNERS-GROUP/tia-api/internal/core/services/user_subscription.service.go:35.2,35.29 1 0
github.com/TIA-PARTNERS-GROUP/tia-api/internal/core/services/user_subscription.service.go:35.29,37.3 1 0
github.com/TIA-PARTNERS-GROUP/tia-api/internal/core/services/user_subscription.service.go:39.2,47.69 2 0
github.com/TIA-PARTNERS-GROUP/tia-api/internal/core/services/user_subscription.service.go:47.69,49.3 1 0
github.com/TIA-PARTNERS-GROUP/tia-api/internal/core/services/user_subscription.service.go:51.2,51.51 1 0
github.com/TIA-PARTNERS-GROUP/tia-api/internal/core/services/user_subscription.service.go:54.123,61.16 3 0
github.com/TIA-PARTNERS-GROUP/tia-api/internal/core/services/user_subscription.service.go:61.16,62.45 1 0
github.com/TIA-PARTNERS-GROUP/tia-api/internal/core/services/user_subscription.service.go:62.45,64.4 1 0
github.com/TIA-PARTNERS-GROUP/tia-api/internal/core/services/user_subscription.service.go:65.3,65.32 1 0
github.com/TIA-PARTNERS-GROUP/tia-api/internal/core/services/user_subscription.service.go:67.2,67.22 1 0
github.com/TIA-PARTNERS-GROUP/tia-api/internal/core/services/user_subscription.service.go:70.128,77.16 3 0
github.com/TIA-PARTNERS-GROUP/tia-api/internal/core/services/user_subscription.service.go:77.16,79.3 1 0
github.com/TIA-PARTNERS-GROUP/tia-api/internal/core/services/user_subscription.service.go:80.2,80.22 1 0
github.com/TIA-PARTNERS-GROUP/tia-api/internal/core/services/user_subscription.service.go:83.90,85.25 2 0
github.com/TIA-PARTNERS-GROUP/tia-api/internal/core/services/user_subscription.service.go:85.25,87.3 1 0
github.com/TIA-PARTNERS-GROUP/tia-api/internal/core/services/user_subscription.service.go:88.2,88.30 1 0
github.com/TIA-PARTNERS-GROUP/tia-api/internal/core/services/user_subscription.service.go:88.30,90.3 1 0
github.com/TIA-PARTNERS-GROUP/tia-api/internal/core/services/user_subscription.service.go:91.2,91.12 1 0
