mode: set
github.com/TIA-PARTNERS-GROUP/tia-api/configs/config.go:10.27,11.40 1 0
github.com/TIA-PARTNERS-GROUP/tia-api/configs/config.go:11.40,13.3 1 0
github.com/TIA-PARTNERS-GROUP/tia-api/configs/config.go:14.2,15.17 2 0
github.com/TIA-PARTNERS-GROUP/tia-api/configs/config.go:15.17,17.3 1 0
github.com/TIA-PARTNERS-GROUP/tia-api/configs/config.go:18.2,20.3 1 0
github.com/TIA-PARTNERS-GROUP/tia-api/cmd/api/main.go:33.13,36.16 3 0
github.com/TIA-PARTNERS-GROUP/tia-api/cmd/api/main.go:36.16,38.3 1 0
github.com/TIA-PARTNERS-GROUP/tia-api/cmd/api/main.go:39.2,68.16 4 0
github.com/TIA-PARTNERS-GROUP/tia-api/cmd/api/main.go:68.16,70.3 1 0
github.com/TIA-PARTNERS-GROUP/tia-api/cmd/api/main.go:71.2,155.44 55 0
github.com/TIA-PARTNERS-GROUP/tia-api/cmd/api/main.go:155.44,157.3 1 0
github.com/TIA-PARTNERS-GROUP/tia-api/docs/docs.go:8516.13,8518.2 1 0
github.com/TIA-PARTNERS-GROUP/tia-api/internal/core/services/auth.service.go:17.47,22.2 1 0
github.com/TIA-PARTNERS-GROUP/tia-api/internal/core/services/auth.service.go:23.133,25.107 2 0
github.com/TIA-PARTNERS-GROUP/tia-api/internal/core/services/auth.service.go:25.107,26.45 1 0
github.com/TIA-PARTNERS-GROUP/tia-api/internal/core/services/auth.service.go:26.45,28.4 1 0
github.com/TIA-PARTNERS-GROUP/tia-api/internal/core/services/auth.service.go:29.3,29.32 1 0
github.com/TIA-PARTNERS-GROUP/tia-api/internal/core/services/auth.service.go:31.2,31.18 1 0
github.com/TIA-PARTNERS-GROUP/tia-api/internal/core/services/auth.service.go:31.18,33.3 1 0
github.com/TIA-PARTNERS-GROUP/tia-api/internal/core/services/auth.service.go:34.2,34.58 1 0
github.com/TIA-PARTNERS-GROUP/tia-api/internal/core/services/auth.service.go:34.58,36.3 1 0
github.com/TIA-PARTNERS-GROUP/tia-api/internal/core/services/auth.service.go:37.2,37.80 1 0
github.com/TIA-PARTNERS-GROUP/tia-api/internal/core/services/auth.service.go:37.80,39.3 1 0
github.com/TIA-PARTNERS-GROUP/tia-api/internal/core/services/auth.service.go:40.2,44.22 2 0
github.com/TIA-PARTNERS-GROUP/tia-api/internal/core/services/auth.service.go:44.22,46.3 1 0
github.com/TIA-PARTNERS-GROUP/tia-api/internal/core/services/auth.service.go:47.2,47.22 1 0
github.com/TIA-PARTNERS-GROUP/tia-api/internal/core/services/auth.service.go:47.22,49.3 1 0
github.com/TIA-PARTNERS-GROUP/tia-api/internal/core/services/auth.service.go:50.2,50.69 1 0
github.com/TIA-PARTNERS-GROUP/tia-api/internal/core/services/auth.service.go:50.69,52.3 1 0
github.com/TIA-PARTNERS-GROUP/tia-api/internal/core/services/auth.service.go:53.2,54.16 2 0
github.com/TIA-PARTNERS-GROUP/tia-api/internal/core/services/auth.service.go:54.16,56.3 1 0
github.com/TIA-PARTNERS-GROUP/tia-api/internal/core/services/auth.service.go:57.2,61.91 2 0
github.com/TIA-PARTNERS-GROUP/tia-api/internal/core/services/auth.service.go:61.91,64.3 2 0
github.com/TIA-PARTNERS-GROUP/tia-api/internal/core/services/auth.service.go:65.2,72.22 2 0
github.com/TIA-PARTNERS-GROUP/tia-api/internal/core/services/auth.service.go:74.89,79.25 2 0
github.com/TIA-PARTNERS-GROUP/tia-api/internal/core/services/auth.service.go:79.25,81.3 1 0
github.com/TIA-PARTNERS-GROUP/tia-api/internal/core/services/auth.service.go:82.2,82.37 1 0
github.com/TIA-PARTNERS-GROUP/tia-api/internal/core/services/auth.service.go:84.82,89.25 2 0
github.com/TIA-PARTNERS-GROUP/tia-api/internal/core/services/auth.service.go:89.25,91.3 1 0
github.com/TIA-PARTNERS-GROUP/tia-api/internal/core/services/auth.service.go:92.2,92.33 1 0
github.com/TIA-PARTNERS-GROUP/tia-api/internal/core/services/auth.service.go:94.115,96.16 2 0
github.com/TIA-PARTNERS-GROUP/tia-api/internal/core/services/auth.service.go:96.16,98.3 1 0
github.com/TIA-PARTNERS-GROUP/tia-api/internal/core/services/auth.service.go:99.2,104.16 3 0
github.com/TIA-PARTNERS-GROUP/tia-api/internal/core/services/auth.service.go:104.16,105.45 1 0
github.com/TIA-PARTNERS-GROUP/tia-api/internal/core/services/auth.service.go:105.45,107.4 1 0
github.com/TIA-PARTNERS-GROUP/tia-api/internal/core/services/auth.service.go:108.3,108.37 1 0
github.com/TIA-PARTNERS-GROUP/tia-api/internal/core/services/auth.service.go:110.2,110.41 1 0
github.com/TIA-PARTNERS-GROUP/tia-api/internal/core/services/auth.service.go:110.41,112.3 1 0
github.com/TIA-PARTNERS-GROUP/tia-api/internal/core/services/auth.service.go:113.2,113.26 1 0
github.com/TIA-PARTNERS-GROUP/tia-api/internal/core/services/auth.service.go:113.26,115.3 1 0
github.com/TIA-PARTNERS-GROUP/tia-api/internal/core/services/auth.service.go:116.2,116.37 1 0
github.com/TIA-PARTNERS-GROUP/tia-api/internal/core/services/auth.service.go:118.103,124.16 3 0
github.com/TIA-PARTNERS-GROUP/tia-api/internal/core/services/auth.service.go:124.16,126.3 1 0
github.com/TIA-PARTNERS-GROUP/tia-api/internal/core/services/auth.service.go:127.2,127.22 1 0
github.com/TIA-PARTNERS-GROUP/tia-api/internal/core/services/auth.service.go:129.45,133.12 4 0
github.com/TIA-PARTNERS-GROUP/tia-api/internal/core/services/auth.service.go:133.12,134.7 1 0
github.com/TIA-PARTNERS-GROUP/tia-api/internal/core/services/auth.service.go:134.7,135.11 1 0
github.com/TIA-PARTNERS-GROUP/tia-api/internal/core/services/auth.service.go:136.36,138.31 2 0
github.com/TIA-PARTNERS-GROUP/tia-api/internal/core/services/auth.service.go:139.22,141.11 2 0
github.com/TIA-PARTNERS-GROUP/tia-api/internal/core/services/auth.service.go:145.2,145.45 1 0
github.com/TIA-PARTNERS-GROUP/tia-api/internal/core/services/auth.service.go:147.44,150.2 2 0
github.com/TIA-PARTNERS-GROUP/tia-api/internal/core/services/auth.service.go:151.48,155.25 2 0
github.com/TIA-PARTNERS-GROUP/tia-api/internal/core/services/auth.service.go:155.25,157.3 1 0
github.com/TIA-PARTNERS-GROUP/tia-api/internal/core/services/auth.service.go:157.8,157.36 1 0
github.com/TIA-PARTNERS-GROUP/tia-api/internal/core/services/auth.service.go:157.36,159.3 1 0
github.com/TIA-PARTNERS-GROUP/tia-api/internal/core/services/business.service.go:12.55,14.2 1 0
github.com/TIA-PARTNERS-GROUP/tia-api/internal/core/services/business.service.go:15.121,18.33 3 0
github.com/TIA-PARTNERS-GROUP/tia-api/internal/core/services/business.service.go:18.33,20.3 1 0
github.com/TIA-PARTNERS-GROUP/tia-api/internal/core/services/business.service.go:21.2,21.37 1 0
github.com/TIA-PARTNERS-GROUP/tia-api/internal/core/services/business.service.go:21.37,23.3 1 0
github.com/TIA-PARTNERS-GROUP/tia-api/internal/core/services/business.service.go:24.2,24.34 1 0
github.com/TIA-PARTNERS-GROUP/tia-api/internal/core/services/business.service.go:24.34,26.3 1 0
github.com/TIA-PARTNERS-GROUP/tia-api/internal/core/services/business.service.go:27.2,27.27 1 0
github.com/TIA-PARTNERS-GROUP/tia-api/internal/core/services/business.service.go:27.27,29.3 1 0
github.com/TIA-PARTNERS-GROUP/tia-api/internal/core/services/business.service.go:30.2,30.35 1 0
github.com/TIA-PARTNERS-GROUP/tia-api/internal/core/services/business.service.go:30.35,32.3 1 0
github.com/TIA-PARTNERS-GROUP/tia-api/internal/core/services/business.service.go:33.2,33.27 1 0
github.com/TIA-PARTNERS-GROUP/tia-api/internal/core/services/business.service.go:33.27,36.3 2 0
github.com/TIA-PARTNERS-GROUP/tia-api/internal/core/services/business.service.go:37.2,37.54 1 0
github.com/TIA-PARTNERS-GROUP/tia-api/internal/core/services/business.service.go:37.54,39.3 1 0
github.com/TIA-PARTNERS-GROUP/tia-api/internal/core/services/business.service.go:40.2,40.24 1 0
github.com/TIA-PARTNERS-GROUP/tia-api/internal/core/services/business.service.go:42.99,45.16 3 0
github.com/TIA-PARTNERS-GROUP/tia-api/internal/core/services/business.service.go:45.16,46.45 1 0
github.com/TIA-PARTNERS-GROUP/tia-api/internal/core/services/business.service.go:46.45,48.4 1 0
github.com/TIA-PARTNERS-GROUP/tia-api/internal/core/services/business.service.go:49.3,49.32 1 0
github.com/TIA-PARTNERS-GROUP/tia-api/internal/core/services/business.service.go:51.2,51.23 1 0
github.com/TIA-PARTNERS-GROUP/tia-api/internal/core/services/business.service.go:53.121,55.86 2 0
github.com/TIA-PARTNERS-GROUP/tia-api/internal/core/services/business.service.go:55.86,56.45 1 0
github.com/TIA-PARTNERS-GROUP/tia-api/internal/core/services/business.service.go:56.45,58.4 1 0
github.com/TIA-PARTNERS-GROUP/tia-api/internal/core/services/business.service.go:59.3,59.32 1 0
github.com/TIA-PARTNERS-GROUP/tia-api/internal/core/services/business.service.go:61.2,81.70 2 0
github.com/TIA-PARTNERS-GROUP/tia-api/internal/core/services/business.service.go:81.70,83.3 1 0
github.com/TIA-PARTNERS-GROUP/tia-api/internal/core/services/business.service.go:84.2,85.23 2 0
github.com/TIA-PARTNERS-GROUP/tia-api/internal/core/services/business.service.go:87.148,90.73 2 0
github.com/TIA-PARTNERS-GROUP/tia-api/internal/core/services/business.service.go:90.73,91.45 1 0
github.com/TIA-PARTNERS-GROUP/tia-api/internal/core/services/business.service.go:91.45,93.4 1 0
github.com/TIA-PARTNERS-GROUP/tia-api/internal/core/services/business.service.go:94.3,94.32 1 0
github.com/TIA-PARTNERS-GROUP/tia-api/internal/core/services/business.service.go:97.2,97.43 1 0
github.com/TIA-PARTNERS-GROUP/tia-api/internal/core/services/business.service.go:97.43,101.3 1 0
github.com/TIA-PARTNERS-GROUP/tia-api/internal/core/services/business.service.go:104.2,105.23 2 0
github.com/TIA-PARTNERS-GROUP/tia-api/internal/core/services/business.service.go:105.23,108.3 2 0
github.com/TIA-PARTNERS-GROUP/tia-api/internal/core/services/business.service.go:109.2,109.26 1 0
github.com/TIA-PARTNERS-GROUP/tia-api/internal/core/services/business.service.go:109.26,112.3 2 0
github.com/TIA-PARTNERS-GROUP/tia-api/internal/core/services/business.service.go:113.2,113.26 1 0
github.com/TIA-PARTNERS-GROUP/tia-api/internal/core/services/business.service.go:113.26,116.3 2 0
github.com/TIA-PARTNERS-GROUP/tia-api/internal/core/services/business.service.go:117.2,117.30 1 0
github.com/TIA-PARTNERS-GROUP/tia-api/internal/core/services/business.service.go:117.30,120.3 2 0
github.com/TIA-PARTNERS-GROUP/tia-api/internal/core/services/business.service.go:121.2,121.33 1 0
github.com/TIA-PARTNERS-GROUP/tia-api/internal/core/services/business.service.go:121.33,124.3 2 0
github.com/TIA-PARTNERS-GROUP/tia-api/internal/core/services/business.service.go:125.2,125.31 1 0
github.com/TIA-PARTNERS-GROUP/tia-api/internal/core/services/business.service.go:125.31,128.3 2 0
github.com/TIA-PARTNERS-GROUP/tia-api/internal/core/services/business.service.go:129.2,129.30 1 0
github.com/TIA-PARTNERS-GROUP/tia-api/internal/core/services/business.service.go:129.30,132.3 2 0
github.com/TIA-PARTNERS-GROUP/tia-api/internal/core/services/business.service.go:133.2,133.26 1 0
github.com/TIA-PARTNERS-GROUP/tia-api/internal/core/services/business.service.go:133.26,136.3 2 0
github.com/TIA-PARTNERS-GROUP/tia-api/internal/core/services/business.service.go:137.2,137.23 1 0
github.com/TIA-PARTNERS-GROUP/tia-api/internal/core/services/business.service.go:137.23,140.3 2 0
github.com/TIA-PARTNERS-GROUP/tia-api/internal/core/services/business.service.go:141.2,141.24 1 0
github.com/TIA-PARTNERS-GROUP/tia-api/internal/core/services/business.service.go:141.24,144.3 2 0
github.com/TIA-PARTNERS-GROUP/tia-api/internal/core/services/business.service.go:145.2,145.26 1 0
github.com/TIA-PARTNERS-GROUP/tia-api/internal/core/services/business.service.go:145.26,148.3 2 0
github.com/TIA-PARTNERS-GROUP/tia-api/internal/core/services/business.service.go:149.2,149.29 1 0
github.com/TIA-PARTNERS-GROUP/tia-api/internal/core/services/business.service.go:149.29,152.3 2 0
github.com/TIA-PARTNERS-GROUP/tia-api/internal/core/services/business.service.go:153.2,153.24 1 0
github.com/TIA-PARTNERS-GROUP/tia-api/internal/core/services/business.service.go:153.24,156.3 2 0
github.com/TIA-PARTNERS-GROUP/tia-api/internal/core/services/business.service.go:157.2,157.31 1 0
github.com/TIA-PARTNERS-GROUP/tia-api/internal/core/services/business.service.go:157.31,160.3 2 0
github.com/TIA-PARTNERS-GROUP/tia-api/internal/core/services/business.service.go:161.2,161.35 1 0
github.com/TIA-PARTNERS-GROUP/tia-api/internal/core/services/business.service.go:161.35,164.3 2 0
github.com/TIA-PARTNERS-GROUP/tia-api/internal/core/services/business.service.go:165.2,165.32 1 0
github.com/TIA-PARTNERS-GROUP/tia-api/internal/core/services/business.service.go:165.32,168.3 2 0
github.com/TIA-PARTNERS-GROUP/tia-api/internal/core/services/business.service.go:169.2,169.25 1 0
github.com/TIA-PARTNERS-GROUP/tia-api/internal/core/services/business.service.go:169.25,172.3 2 0
github.com/TIA-PARTNERS-GROUP/tia-api/internal/core/services/business.service.go:174.2,174.14 1 0
github.com/TIA-PARTNERS-GROUP/tia-api/internal/core/services/business.service.go:174.14,176.3 1 0
github.com/TIA-PARTNERS-GROUP/tia-api/internal/core/services/business.service.go:178.2,178.68 1 0
github.com/TIA-PARTNERS-GROUP/tia-api/internal/core/services/business.service.go:178.68,180.3 1 0
github.com/TIA-PARTNERS-GROUP/tia-api/internal/core/services/business.service.go:182.2,182.35 1 0
github.com/TIA-PARTNERS-GROUP/tia-api/internal/core/services/business.service.go:184.95,187.100 2 0
github.com/TIA-PARTNERS-GROUP/tia-api/internal/core/services/business.service.go:187.100,188.45 1 0
github.com/TIA-PARTNERS-GROUP/tia-api/internal/core/services/business.service.go:188.45,190.4 1 0
github.com/TIA-PARTNERS-GROUP/tia-api/internal/core/services/business.service.go:191.3,191.27 1 0
github.com/TIA-PARTNERS-GROUP/tia-api/internal/core/services/business.service.go:193.2,193.43 1 0
github.com/TIA-PARTNERS-GROUP/tia-api/internal/core/services/business.service.go:193.43,196.3 1 0
github.com/TIA-PARTNERS-GROUP/tia-api/internal/core/services/business.service.go:199.2,200.110 2 0
github.com/TIA-PARTNERS-GROUP/tia-api/internal/core/services/business.service.go:200.110,202.3 1 0
github.com/TIA-PARTNERS-GROUP/tia-api/internal/core/services/business.service.go:203.2,204.110 2 0
github.com/TIA-PARTNERS-GROUP/tia-api/internal/core/services/business.service.go:204.110,206.3 1 0
github.com/TIA-PARTNERS-GROUP/tia-api/internal/core/services/business.service.go:207.2,207.38 1 0
github.com/TIA-PARTNERS-GROUP/tia-api/internal/core/services/business.service.go:207.38,209.3 1 0
github.com/TIA-PARTNERS-GROUP/tia-api/internal/core/services/business.service.go:211.2,212.25 2 0
github.com/TIA-PARTNERS-GROUP/tia-api/internal/core/services/business.service.go:212.25,214.3 1 0
github.com/TIA-PARTNERS-GROUP/tia-api/internal/core/services/business.service.go:217.2,217.12 1 0
github.com/TIA-PARTNERS-GROUP/tia-api/internal/core/services/business.service.go:219.106,221.126 2 0
github.com/TIA-PARTNERS-GROUP/tia-api/internal/core/services/business.service.go:221.126,223.3 1 0
github.com/TIA-PARTNERS-GROUP/tia-api/internal/core/services/business.service.go:224.2,224.24 1 0
github.com/TIA-PARTNERS-GROUP/tia-api/internal/core/services/business.service.go:226.104,228.16 2 0
github.com/TIA-PARTNERS-GROUP/tia-api/internal/core/services/business.service.go:228.16,230.3 1 0
github.com/TIA-PARTNERS-GROUP/tia-api/internal/core/services/business.service.go:231.2,232.96 2 0
github.com/TIA-PARTNERS-GROUP/tia-api/internal/core/services/business.service.go:232.96,234.3 1 0
github.com/TIA-PARTNERS-GROUP/tia-api/internal/core/services/business.service.go:235.2,236.22 2 0
github.com/TIA-PARTNERS-GROUP/tia-api/internal/core/services/business.service.go:238.112,240.110 2 0
github.com/TIA-PARTNERS-GROUP/tia-api/internal/core/services/business.service.go:240.110,242.3 1 0
github.com/TIA-PARTNERS-GROUP/tia-api/internal/core/services/business.service.go:243.2,243.110 1 0
github.com/TIA-PARTNERS-GROUP/tia-api/internal/core/services/business.service.go:243.110,245.3 1 0
github.com/TIA-PARTNERS-GROUP/tia-api/internal/core/services/business.service.go:246.2,246.110 1 0
github.com/TIA-PARTNERS-GROUP/tia-api/internal/core/services/business.service.go:246.110,248.3 1 0
github.com/TIA-PARTNERS-GROUP/tia-api/internal/core/services/business.service.go:249.2,253.8 1 0
github.com/TIA-PARTNERS-GROUP/tia-api/internal/core/services/business_connection.service.go:11.75,13.2 1 0
github.com/TIA-PARTNERS-GROUP/tia-api/internal/core/services/business_connection.service.go:14.161,16.106 2 0
github.com/TIA-PARTNERS-GROUP/tia-api/internal/core/services/business_connection.service.go:16.106,17.36 1 0
github.com/TIA-PARTNERS-GROUP/tia-api/internal/core/services/business_connection.service.go:17.36,19.4 1 0
github.com/TIA-PARTNERS-GROUP/tia-api/internal/core/services/business_connection.service.go:20.3,20.32 1 0
github.com/TIA-PARTNERS-GROUP/tia-api/internal/core/services/business_connection.service.go:22.2,23.104 2 0
github.com/TIA-PARTNERS-GROUP/tia-api/internal/core/services/business_connection.service.go:23.104,24.36 1 0
github.com/TIA-PARTNERS-GROUP/tia-api/internal/core/services/business_connection.service.go:24.36,26.4 1 0
github.com/TIA-PARTNERS-GROUP/tia-api/internal/core/services/business_connection.service.go:27.3,27.32 1 0
github.com/TIA-PARTNERS-GROUP/tia-api/internal/core/services/business_connection.service.go:29.2,30.89 2 0
github.com/TIA-PARTNERS-GROUP/tia-api/internal/core/services/business_connection.service.go:30.89,31.36 1 0
github.com/TIA-PARTNERS-GROUP/tia-api/internal/core/services/business_connection.service.go:31.36,33.4 1 0
github.com/TIA-PARTNERS-GROUP/tia-api/internal/core/services/business_connection.service.go:34.3,34.32 1 0
github.com/TIA-PARTNERS-GROUP/tia-api/internal/core/services/business_connection.service.go:36.2,36.59 1 0
github.com/TIA-PARTNERS-GROUP/tia-api/internal/core/services/business_connection.service.go:36.59,38.3 1 0
github.com/TIA-PARTNERS-GROUP/tia-api/internal/core/services/business_connection.service.go:39.2,44.16 3 0
github.com/TIA-PARTNERS-GROUP/tia-api/internal/core/services/business_connection.service.go:44.16,46.3 1 0
github.com/TIA-PARTNERS-GROUP/tia-api/internal/core/services/business_connection.service.go:46.8,46.42 1 0
github.com/TIA-PARTNERS-GROUP/tia-api/internal/core/services/business_connection.service.go:46.42,48.3 1 0
github.com/TIA-PARTNERS-GROUP/tia-api/internal/core/services/business_connection.service.go:49.2,57.80 2 0
github.com/TIA-PARTNERS-GROUP/tia-api/internal/core/services/business_connection.service.go:57.80,59.3 1 0
github.com/TIA-PARTNERS-GROUP/tia-api/internal/core/services/business_connection.service.go:60.2,64.71 1 0
github.com/TIA-PARTNERS-GROUP/tia-api/internal/core/services/business_connection.service.go:64.71,66.3 1 0
github.com/TIA-PARTNERS-GROUP/tia-api/internal/core/services/business_connection.service.go:67.2,67.33 1 0
github.com/TIA-PARTNERS-GROUP/tia-api/internal/core/services/business_connection.service.go:69.125,76.16 3 0
github.com/TIA-PARTNERS-GROUP/tia-api/internal/core/services/business_connection.service.go:76.16,77.36 1 0
github.com/TIA-PARTNERS-GROUP/tia-api/internal/core/services/business_connection.service.go:77.36,79.4 1 0
github.com/TIA-PARTNERS-GROUP/tia-api/internal/core/services/business_connection.service.go:80.3,80.32 1 0
github.com/TIA-PARTNERS-GROUP/tia-api/internal/core/services/business_connection.service.go:82.2,82.33 1 0
github.com/TIA-PARTNERS-GROUP/tia-api/internal/core/services/business_connection.service.go:84.223,91.27 3 0
github.com/TIA-PARTNERS-GROUP/tia-api/internal/core/services/business_connection.service.go:91.27,93.3 1 0
github.com/TIA-PARTNERS-GROUP/tia-api/internal/core/services/business_connection.service.go:94.2,94.19 1 0
github.com/TIA-PARTNERS-GROUP/tia-api/internal/core/services/business_connection.service.go:94.19,96.3 1 0
github.com/TIA-PARTNERS-GROUP/tia-api/internal/core/services/business_connection.service.go:97.2,98.16 2 0
github.com/TIA-PARTNERS-GROUP/tia-api/internal/core/services/business_connection.service.go:98.16,100.3 1 0
github.com/TIA-PARTNERS-GROUP/tia-api/internal/core/services/business_connection.service.go:101.2,101.33 1 0
github.com/TIA-PARTNERS-GROUP/tia-api/internal/core/services/business_connection.service.go:103.170,108.16 3 0
github.com/TIA-PARTNERS-GROUP/tia-api/internal/core/services/business_connection.service.go:108.16,109.36 1 0
github.com/TIA-PARTNERS-GROUP/tia-api/internal/core/services/business_connection.service.go:109.36,111.4 1 0
github.com/TIA-PARTNERS-GROUP/tia-api/internal/core/services/business_connection.service.go:112.3,112.32 1 0
github.com/TIA-PARTNERS-GROUP/tia-api/internal/core/services/business_connection.service.go:114.2,115.32 2 0
github.com/TIA-PARTNERS-GROUP/tia-api/internal/core/services/business_connection.service.go:115.32,117.3 1 0
github.com/TIA-PARTNERS-GROUP/tia-api/internal/core/services/business_connection.service.go:118.2,118.24 1 0
github.com/TIA-PARTNERS-GROUP/tia-api/internal/core/services/business_connection.service.go:118.24,120.3 1 0
github.com/TIA-PARTNERS-GROUP/tia-api/internal/core/services/business_connection.service.go:121.2,121.23 1 0
github.com/TIA-PARTNERS-GROUP/tia-api/internal/core/services/business_connection.service.go:121.23,123.3 1 0
github.com/TIA-PARTNERS-GROUP/tia-api/internal/core/services/business_connection.service.go:124.2,124.23 1 0
github.com/TIA-PARTNERS-GROUP/tia-api/internal/core/services/business_connection.service.go:124.23,126.3 1 0
github.com/TIA-PARTNERS-GROUP/tia-api/internal/core/services/business_connection.service.go:127.2,129.38 1 0
github.com/TIA-PARTNERS-GROUP/tia-api/internal/core/services/business_connection.service.go:129.38,131.3 1 0
github.com/TIA-PARTNERS-GROUP/tia-api/internal/core/services/business_connection.service.go:132.2,136.52 1 0
github.com/TIA-PARTNERS-GROUP/tia-api/internal/core/services/business_connection.service.go:136.52,138.3 1 0
github.com/TIA-PARTNERS-GROUP/tia-api/internal/core/services/business_connection.service.go:139.2,139.33 1 0
github.com/TIA-PARTNERS-GROUP/tia-api/internal/core/services/business_connection.service.go:141.98,144.25 2 0
github.com/TIA-PARTNERS-GROUP/tia-api/internal/core/services/business_connection.service.go:144.25,146.3 1 0
github.com/TIA-PARTNERS-GROUP/tia-api/internal/core/services/business_connection.service.go:147.2,147.30 1 0
github.com/TIA-PARTNERS-GROUP/tia-api/internal/core/services/business_connection.service.go:147.30,149.3 1 0
github.com/TIA-PARTNERS-GROUP/tia-api/internal/core/services/business_connection.service.go:150.2,150.12 1 0
github.com/TIA-PARTNERS-GROUP/tia-api/internal/core/services/business_connection.service.go:152.128,157.16 3 0
github.com/TIA-PARTNERS-GROUP/tia-api/internal/core/services/business_connection.service.go:157.16,158.36 1 0
github.com/TIA-PARTNERS-GROUP/tia-api/internal/core/services/business_connection.service.go:158.36,160.4 1 0
github.com/TIA-PARTNERS-GROUP/tia-api/internal/core/services/business_connection.service.go:161.3,161.32 1 0
github.com/TIA-PARTNERS-GROUP/tia-api/internal/core/services/business_connection.service.go:163.2,165.69 1 0
github.com/TIA-PARTNERS-GROUP/tia-api/internal/core/services/business_connection.service.go:165.69,167.3 1 0
github.com/TIA-PARTNERS-GROUP/tia-api/internal/core/services/business_connection.service.go:168.2,172.52 1 0
github.com/TIA-PARTNERS-GROUP/tia-api/internal/core/services/business_connection.service.go:172.52,174.3 1 0
github.com/TIA-PARTNERS-GROUP/tia-api/internal/core/services/business_connection.service.go:175.2,175.33 1 0
github.com/TIA-PARTNERS-GROUP/tia-api/internal/core/services/business_connection.service.go:177.128,182.16 3 0
github.com/TIA-PARTNERS-GROUP/tia-api/internal/core/services/business_connection.service.go:182.16,183.36 1 0
github.com/TIA-PARTNERS-GROUP/tia-api/internal/core/services/business_connection.service.go:183.36,185.4 1 0
github.com/TIA-PARTNERS-GROUP/tia-api/internal/core/services/business_connection.service.go:186.3,186.32 1 0
github.com/TIA-PARTNERS-GROUP/tia-api/internal/core/services/business_connection.service.go:188.2,190.71 1 0
github.com/TIA-PARTNERS-GROUP/tia-api/internal/core/services/business_connection.service.go:190.71,192.3 1 0
github.com/TIA-PARTNERS-GROUP/tia-api/internal/core/services/business_connection.service.go:193.2,197.52 1 0
github.com/TIA-PARTNERS-GROUP/tia-api/internal/core/services/business_connection.service.go:197.52,199.3 1 0
github.com/TIA-PARTNERS-GROUP/tia-api/internal/core/services/business_connection.service.go:200.2,200.33 1 0
github.com/TIA-PARTNERS-GROUP/tia-api/internal/core/services/business_connection.service.go:202.134,211.16 3 0
github.com/TIA-PARTNERS-GROUP/tia-api/internal/core/services/business_connection.service.go:211.16,213.3 1 0
github.com/TIA-PARTNERS-GROUP/tia-api/internal/core/services/business_connection.service.go:214.2,214.33 1 0
github.com/TIA-PARTNERS-GROUP/tia-api/internal/core/services/business_connection.service.go:216.133,226.16 3 0
github.com/TIA-PARTNERS-GROUP/tia-api/internal/core/services/business_connection.service.go:226.16,228.3 1 0
github.com/TIA-PARTNERS-GROUP/tia-api/internal/core/services/business_connection.service.go:229.2,229.33 1 0
github.com/TIA-PARTNERS-GROUP/tia-api/internal/core/services/business_tag.service.go:12.61,14.2 1 0
github.com/TIA-PARTNERS-GROUP/tia-api/internal/core/services/business_tag.service.go:15.133,17.86 2 0
github.com/TIA-PARTNERS-GROUP/tia-api/internal/core/services/business_tag.service.go:17.86,18.36 1 0
github.com/TIA-PARTNERS-GROUP/tia-api/internal/core/services/business_tag.service.go:18.36,20.4 1 0
github.com/TIA-PARTNERS-GROUP/tia-api/internal/core/services/business_tag.service.go:21.3,21.32 1 0
github.com/TIA-PARTNERS-GROUP/tia-api/internal/core/services/business_tag.service.go:23.2,28.16 3 0
github.com/TIA-PARTNERS-GROUP/tia-api/internal/core/services/business_tag.service.go:28.16,30.3 1 0
github.com/TIA-PARTNERS-GROUP/tia-api/internal/core/services/business_tag.service.go:30.8,30.42 1 0
github.com/TIA-PARTNERS-GROUP/tia-api/internal/core/services/business_tag.service.go:30.42,32.3 1 0
github.com/TIA-PARTNERS-GROUP/tia-api/internal/core/services/business_tag.service.go:33.2,38.73 2 0
github.com/TIA-PARTNERS-GROUP/tia-api/internal/core/services/business_tag.service.go:38.73,40.3 1 0
github.com/TIA-PARTNERS-GROUP/tia-api/internal/core/services/business_tag.service.go:41.2,43.57 1 0
github.com/TIA-PARTNERS-GROUP/tia-api/internal/core/services/business_tag.service.go:43.57,45.3 1 0
github.com/TIA-PARTNERS-GROUP/tia-api/internal/core/services/business_tag.service.go:46.2,46.26 1 0
github.com/TIA-PARTNERS-GROUP/tia-api/internal/core/services/business_tag.service.go:48.104,53.16 3 0
github.com/TIA-PARTNERS-GROUP/tia-api/internal/core/services/business_tag.service.go:53.16,54.36 1 0
github.com/TIA-PARTNERS-GROUP/tia-api/internal/core/services/business_tag.service.go:54.36,56.4 1 0
github.com/TIA-PARTNERS-GROUP/tia-api/internal/core/services/business_tag.service.go:57.3,57.32 1 0
github.com/TIA-PARTNERS-GROUP/tia-api/internal/core/services/business_tag.service.go:59.2,59.26 1 0
github.com/TIA-PARTNERS-GROUP/tia-api/internal/core/services/business_tag.service.go:61.147,66.20 3 0
github.com/TIA-PARTNERS-GROUP/tia-api/internal/core/services/business_tag.service.go:66.20,68.3 1 0
github.com/TIA-PARTNERS-GROUP/tia-api/internal/core/services/business_tag.service.go:69.2,70.16 2 0
github.com/TIA-PARTNERS-GROUP/tia-api/internal/core/services/business_tag.service.go:70.16,72.3 1 0
github.com/TIA-PARTNERS-GROUP/tia-api/internal/core/services/business_tag.service.go:73.2,73.26 1 0
github.com/TIA-PARTNERS-GROUP/tia-api/internal/core/services/business_tag.service.go:75.142,80.16 3 0
github.com/TIA-PARTNERS-GROUP/tia-api/internal/core/services/business_tag.service.go:80.16,81.36 1 0
github.com/TIA-PARTNERS-GROUP/tia-api/internal/core/services/business_tag.service.go:81.36,83.4 1 0
github.com/TIA-PARTNERS-GROUP/tia-api/internal/core/services/business_tag.service.go:84.3,84.32 1 0
github.com/TIA-PARTNERS-GROUP/tia-api/internal/core/services/business_tag.service.go:86.2,86.52 1 0
github.com/TIA-PARTNERS-GROUP/tia-api/internal/core/services/business_tag.service.go:86.52,92.17 3 0
github.com/TIA-PARTNERS-GROUP/tia-api/internal/core/services/business_tag.service.go:92.17,94.4 1 0
github.com/TIA-PARTNERS-GROUP/tia-api/internal/core/services/business_tag.service.go:94.9,94.43 1 0
github.com/TIA-PARTNERS-GROUP/tia-api/internal/core/services/business_tag.service.go:94.43,96.4 1 0
github.com/TIA-PARTNERS-GROUP/tia-api/internal/core/services/business_tag.service.go:98.2,99.25 2 0
github.com/TIA-PARTNERS-GROUP/tia-api/internal/core/services/business_tag.service.go:99.25,101.3 1 0
github.com/TIA-PARTNERS-GROUP/tia-api/internal/core/services/business_tag.service.go:102.2,102.29 1 0
github.com/TIA-PARTNERS-GROUP/tia-api/internal/core/services/business_tag.service.go:102.29,104.3 1 0
github.com/TIA-PARTNERS-GROUP/tia-api/internal/core/services/business_tag.service.go:105.2,105.23 1 0
github.com/TIA-PARTNERS-GROUP/tia-api/internal/core/services/business_tag.service.go:105.23,107.3 1 0
github.com/TIA-PARTNERS-GROUP/tia-api/internal/core/services/business_tag.service.go:108.2,110.38 1 0
github.com/TIA-PARTNERS-GROUP/tia-api/internal/core/services/business_tag.service.go:110.38,112.3 1 0
github.com/TIA-PARTNERS-GROUP/tia-api/internal/core/services/business_tag.service.go:113.2,115.45 1 0
github.com/TIA-PARTNERS-GROUP/tia-api/internal/core/services/business_tag.service.go:115.45,117.3 1 0
github.com/TIA-PARTNERS-GROUP/tia-api/internal/core/services/business_tag.service.go:118.2,118.26 1 0
github.com/TIA-PARTNERS-GROUP/tia-api/internal/core/services/business_tag.service.go:120.84,123.25 2 0
github.com/TIA-PARTNERS-GROUP/tia-api/internal/core/services/business_tag.service.go:123.25,125.3 1 0
github.com/TIA-PARTNERS-GROUP/tia-api/internal/core/services/business_tag.service.go:126.2,126.30 1 0
github.com/TIA-PARTNERS-GROUP/tia-api/internal/core/services/business_tag.service.go:126.30,128.3 1 0
github.com/TIA-PARTNERS-GROUP/tia-api/internal/core/services/business_tag.service.go:129.2,129.12 1 0
github.com/TIA-PARTNERS-GROUP/tia-api/internal/core/services/business_tag.service.go:131.144,138.16 3 0
github.com/TIA-PARTNERS-GROUP/tia-api/internal/core/services/business_tag.service.go:138.16,140.3 1 0
github.com/TIA-PARTNERS-GROUP/tia-api/internal/core/services/business_tag.service.go:141.2,141.26 1 0
github.com/TIA-PARTNERS-GROUP/tia-api/internal/core/services/business_tag.service.go:143.169,150.20 4 0
github.com/TIA-PARTNERS-GROUP/tia-api/internal/core/services/business_tag.service.go:150.20,152.3 1 0
github.com/TIA-PARTNERS-GROUP/tia-api/internal/core/services/business_tag.service.go:153.2,154.16 2 0
github.com/TIA-PARTNERS-GROUP/tia-api/internal/core/services/business_tag.service.go:154.16,156.3 1 0
github.com/TIA-PARTNERS-GROUP/tia-api/internal/core/services/business_tag.service.go:157.2,157.26 1 0
github.com/TIA-PARTNERS-GROUP/tia-api/internal/core/services/business_tag.service.go:159.152,166.16 3 0
github.com/TIA-PARTNERS-GROUP/tia-api/internal/core/services/business_tag.service.go:166.16,168.3 1 0
github.com/TIA-PARTNERS-GROUP/tia-api/internal/core/services/business_tag.service.go:169.2,169.26 1 0
github.com/TIA-PARTNERS-GROUP/tia-api/internal/core/services/daily_activity.service.go:13.65,15.2 1 0
github.com/TIA-PARTNERS-GROUP/tia-api/internal/core/services/daily_activity.service.go:16.141,21.70 2 0
github.com/TIA-PARTNERS-GROUP/tia-api/internal/core/services/daily_activity.service.go:21.70,22.55 1 0
github.com/TIA-PARTNERS-GROUP/tia-api/internal/core/services/daily_activity.service.go:22.55,24.4 1 0
github.com/TIA-PARTNERS-GROUP/tia-api/internal/core/services/daily_activity.service.go:25.3,25.32 1 0
github.com/TIA-PARTNERS-GROUP/tia-api/internal/core/services/daily_activity.service.go:27.2,27.23 1 0
github.com/TIA-PARTNERS-GROUP/tia-api/internal/core/services/daily_activity.service.go:29.114,31.73 2 0
github.com/TIA-PARTNERS-GROUP/tia-api/internal/core/services/daily_activity.service.go:31.73,32.45 1 0
github.com/TIA-PARTNERS-GROUP/tia-api/internal/core/services/daily_activity.service.go:32.45,34.4 1 0
github.com/TIA-PARTNERS-GROUP/tia-api/internal/core/services/daily_activity.service.go:35.3,35.32 1 0
github.com/TIA-PARTNERS-GROUP/tia-api/internal/core/services/daily_activity.service.go:37.2,37.23 1 0
github.com/TIA-PARTNERS-GROUP/tia-api/internal/core/services/daily_activity.service.go:39.107,41.88 2 0
github.com/TIA-PARTNERS-GROUP/tia-api/internal/core/services/daily_activity.service.go:41.88,43.3 1 0
github.com/TIA-PARTNERS-GROUP/tia-api/internal/core/services/daily_activity.service.go:44.2,44.24 1 0
github.com/TIA-PARTNERS-GROUP/tia-api/internal/core/services/daily_activity.service.go:46.146,51.71 2 0
github.com/TIA-PARTNERS-GROUP/tia-api/internal/core/services/daily_activity.service.go:51.71,52.55 1 0
github.com/TIA-PARTNERS-GROUP/tia-api/internal/core/services/daily_activity.service.go:52.55,54.4 1 0
github.com/TIA-PARTNERS-GROUP/tia-api/internal/core/services/daily_activity.service.go:55.3,55.51 1 0
github.com/TIA-PARTNERS-GROUP/tia-api/internal/core/services/daily_activity.service.go:55.51,57.4 1 0
github.com/TIA-PARTNERS-GROUP/tia-api/internal/core/services/daily_activity.service.go:58.3,58.32 1 0
github.com/TIA-PARTNERS-GROUP/tia-api/internal/core/services/daily_activity.service.go:60.2,60.24 1 0
github.com/TIA-PARTNERS-GROUP/tia-api/internal/core/services/daily_activity.service.go:62.109,64.25 2 0
github.com/TIA-PARTNERS-GROUP/tia-api/internal/core/services/daily_activity.service.go:64.25,66.3 1 0
github.com/TIA-PARTNERS-GROUP/tia-api/internal/core/services/daily_activity.service.go:67.2,67.30 1 0
github.com/TIA-PARTNERS-GROUP/tia-api/internal/core/services/daily_activity.service.go:67.30,69.3 1 0
github.com/TIA-PARTNERS-GROUP/tia-api/internal/core/services/daily_activity.service.go:70.2,70.12 1 0
github.com/TIA-PARTNERS-GROUP/tia-api/internal/core/services/daily_activity_enrolment.dto.go:12.83,14.2 1 0
github.com/TIA-PARTNERS-GROUP/tia-api/internal/core/services/daily_activity_enrolment.dto.go:15.139,20.71 2 0
github.com/TIA-PARTNERS-GROUP/tia-api/internal/core/services/daily_activity_enrolment.dto.go:20.71,21.55 1 0
github.com/TIA-PARTNERS-GROUP/tia-api/internal/core/services/daily_activity_enrolment.dto.go:21.55,23.4 1 0
github.com/TIA-PARTNERS-GROUP/tia-api/internal/core/services/daily_activity_enrolment.dto.go:24.3,24.51 1 0
github.com/TIA-PARTNERS-GROUP/tia-api/internal/core/services/daily_activity_enrolment.dto.go:24.51,26.4 1 0
github.com/TIA-PARTNERS-GROUP/tia-api/internal/core/services/daily_activity_enrolment.dto.go:27.3,27.32 1 0
github.com/TIA-PARTNERS-GROUP/tia-api/internal/core/services/daily_activity_enrolment.dto.go:29.2,29.24 1 0
github.com/TIA-PARTNERS-GROUP/tia-api/internal/core/services/daily_activity_enrolment.dto.go:31.106,33.25 2 0
github.com/TIA-PARTNERS-GROUP/tia-api/internal/core/services/daily_activity_enrolment.dto.go:33.25,35.3 1 0
github.com/TIA-PARTNERS-GROUP/tia-api/internal/core/services/daily_activity_enrolment.dto.go:36.2,36.30 1 0
github.com/TIA-PARTNERS-GROUP/tia-api/internal/core/services/daily_activity_enrolment.dto.go:36.30,38.3 1 0
github.com/TIA-PARTNERS-GROUP/tia-api/internal/core/services/daily_activity_enrolment.dto.go:39.2,39.12 1 0
github.com/TIA-PARTNERS-GROUP/tia-api/internal/core/services/daily_activity_enrolment.dto.go:41.145,47.16 3 0
github.com/TIA-PARTNERS-GROUP/tia-api/internal/core/services/daily_activity_enrolment.dto.go:47.16,49.3 1 0
github.com/TIA-PARTNERS-GROUP/tia-api/internal/core/services/daily_activity_enrolment.dto.go:50.2,50.24 1 0
github.com/TIA-PARTNERS-GROUP/tia-api/internal/core/services/daily_activity_enrolment.dto.go:52.137,58.16 3 0
github.com/TIA-PARTNERS-GROUP/tia-api/internal/core/services/daily_activity_enrolment.dto.go:58.16,60.3 1 0
github.com/TIA-PARTNERS-GROUP/tia-api/internal/core/services/daily_activity_enrolment.dto.go:61.2,61.24 1 0
github.com/TIA-PARTNERS-GROUP/tia-api/internal/core/services/event.service.go:12.49,14.2 1 0
github.com/TIA-PARTNERS-GROUP/tia-api/internal/core/services/event.service.go:15.109,21.67 2 0
github.com/TIA-PARTNERS-GROUP/tia-api/internal/core/services/event.service.go:21.67,23.3 1 0
github.com/TIA-PARTNERS-GROUP/tia-api/internal/core/services/event.service.go:24.2,24.20 1 0
github.com/TIA-PARTNERS-GROUP/tia-api/internal/core/services/event.service.go:26.90,29.16 3 0
github.com/TIA-PARTNERS-GROUP/tia-api/internal/core/services/event.service.go:29.16,30.45 1 0
github.com/TIA-PARTNERS-GROUP/tia-api/internal/core/services/event.service.go:30.45,32.4 1 0
github.com/TIA-PARTNERS-GROUP/tia-api/internal/core/services/event.service.go:33.3,33.32 1 0
github.com/TIA-PARTNERS-GROUP/tia-api/internal/core/services/event.service.go:35.2,35.20 1 0
github.com/TIA-PARTNERS-GROUP/tia-api/internal/core/services/event.service.go:37.107,40.30 3 0
github.com/TIA-PARTNERS-GROUP/tia-api/internal/core/services/event.service.go:40.30,42.3 1 0
github.com/TIA-PARTNERS-GROUP/tia-api/internal/core/services/event.service.go:43.2,43.27 1 0
github.com/TIA-PARTNERS-GROUP/tia-api/internal/core/services/event.service.go:43.27,45.3 1 0
github.com/TIA-PARTNERS-GROUP/tia-api/internal/core/services/event.service.go:46.2,46.50 1 0
github.com/TIA-PARTNERS-GROUP/tia-api/internal/core/services/event.service.go:46.50,48.3 1 0
github.com/TIA-PARTNERS-GROUP/tia-api/internal/core/services/event.service.go:49.2,49.20 1 0
github.com/TIA-PARTNERS-GROUP/tia-api/internal/core/services/feedback.service.go:12.55,14.2 1 0
github.com/TIA-PARTNERS-GROUP/tia-api/internal/core/services/feedback.service.go:15.121,21.70 2 0
github.com/TIA-PARTNERS-GROUP/tia-api/internal/core/services/feedback.service.go:21.70,23.3 1 0
github.com/TIA-PARTNERS-GROUP/tia-api/internal/core/services/feedback.service.go:24.2,24.23 1 0
github.com/TIA-PARTNERS-GROUP/tia-api/internal/core/services/feedback.service.go:26.99,28.73 2 0
github.com/TIA-PARTNERS-GROUP/tia-api/internal/core/services/feedback.service.go:28.73,29.45 1 0
github.com/TIA-PARTNERS-GROUP/tia-api/internal/core/services/feedback.service.go:29.45,31.4 1 0
github.com/TIA-PARTNERS-GROUP/tia-api/internal/core/services/feedback.service.go:32.3,32.32 1 0
github.com/TIA-PARTNERS-GROUP/tia-api/internal/core/services/feedback.service.go:34.2,34.23 1 0
github.com/TIA-PARTNERS-GROUP/tia-api/internal/core/services/feedback.service.go:36.90,38.98 2 0
github.com/TIA-PARTNERS-GROUP/tia-api/internal/core/services/feedback.service.go:38.98,40.3 1 0
github.com/TIA-PARTNERS-GROUP/tia-api/internal/core/services/feedback.service.go:41.2,41.23 1 0
github.com/TIA-PARTNERS-GROUP/tia-api/internal/core/services/feedback.service.go:43.78,45.25 2 0
github.com/TIA-PARTNERS-GROUP/tia-api/internal/core/services/feedback.service.go:45.25,47.3 1 0
github.com/TIA-PARTNERS-GROUP/tia-api/internal/core/services/feedback.service.go:48.2,48.30 1 0
github.com/TIA-PARTNERS-GROUP/tia-api/internal/core/services/feedback.service.go:48.30,50.3 1 0
github.com/TIA-PARTNERS-GROUP/tia-api/internal/core/services/feedback.service.go:51.2,51.12 1 0
github.com/TIA-PARTNERS-GROUP/tia-api/internal/core/services/inferred_connection.service.go:11.75,13.2 1 0
github.com/TIA-PARTNERS-GROUP/tia-api/internal/core/services/inferred_connection.service.go:14.161,24.72 2 0
github.com/TIA-PARTNERS-GROUP/tia-api/internal/core/services/inferred_connection.service.go:24.72,26.3 1 0
github.com/TIA-PARTNERS-GROUP/tia-api/internal/core/services/inferred_connection.service.go:27.2,27.25 1 0
github.com/TIA-PARTNERS-GROUP/tia-api/internal/core/services/inferred_connection.service.go:29.153,35.16 3 0
github.com/TIA-PARTNERS-GROUP/tia-api/internal/core/services/inferred_connection.service.go:35.16,37.3 1 0
github.com/TIA-PARTNERS-GROUP/tia-api/internal/core/services/inferred_connection.service.go:38.2,38.25 1 0
github.com/TIA-PARTNERS-GROUP/tia-api/internal/core/services/l2e.service.go:12.61,14.2 1 0
github.com/TIA-PARTNERS-GROUP/tia-api/internal/core/services/l2e.service.go:15.133,16.100 1 0
github.com/TIA-PARTNERS-GROUP/tia-api/internal/core/services/l2e.service.go:16.100,17.45 1 0
github.com/TIA-PARTNERS-GROUP/tia-api/internal/core/services/l2e.service.go:17.45,19.4 1 0
github.com/TIA-PARTNERS-GROUP/tia-api/internal/core/services/l2e.service.go:20.3,20.32 1 0
github.com/TIA-PARTNERS-GROUP/tia-api/internal/core/services/l2e.service.go:22.2,26.70 2 0
github.com/TIA-PARTNERS-GROUP/tia-api/internal/core/services/l2e.service.go:26.70,28.3 1 0
github.com/TIA-PARTNERS-GROUP/tia-api/internal/core/services/l2e.service.go:29.2,29.23 1 0
github.com/TIA-PARTNERS-GROUP/tia-api/internal/core/services/l2e.service.go:31.117,37.16 3 0
github.com/TIA-PARTNERS-GROUP/tia-api/internal/core/services/l2e.service.go:37.16,39.3 1 0
github.com/TIA-PARTNERS-GROUP/tia-api/internal/core/services/l2e.service.go:40.2,40.23 1 0
github.com/TIA-PARTNERS-GROUP/tia-api/internal/core/services/notifcation.service.go:12.63,14.2 1 0
github.com/TIA-PARTNERS-GROUP/tia-api/internal/core/services/notifcation.service.go:15.137,16.108 1 0
github.com/TIA-PARTNERS-GROUP/tia-api/internal/core/services/notifcation.service.go:16.108,18.3 1 0
github.com/TIA-PARTNERS-GROUP/tia-api/internal/core/services/notifcation.service.go:19.2,30.74 2 0
github.com/TIA-PARTNERS-GROUP/tia-api/internal/core/services/notifcation.service.go:30.74,32.3 1 0
github.com/TIA-PARTNERS-GROUP/tia-api/internal/core/services/notifcation.service.go:33.2,33.52 1 0
github.com/TIA-PARTNERS-GROUP/tia-api/internal/core/services/notifcation.service.go:35.111,41.16 3 0
github.com/TIA-PARTNERS-GROUP/tia-api/internal/core/services/notifcation.service.go:41.16,42.45 1 0
github.com/TIA-PARTNERS-GROUP/tia-api/internal/core/services/notifcation.service.go:42.45,44.4 1 0
github.com/TIA-PARTNERS-GROUP/tia-api/internal/core/services/notifcation.service.go:45.3,45.32 1 0
github.com/TIA-PARTNERS-GROUP/tia-api/internal/core/services/notifcation.service.go:47.2,47.27 1 0
github.com/TIA-PARTNERS-GROUP/tia-api/internal/core/services/notifcation.service.go:49.132,55.17 3 0
github.com/TIA-PARTNERS-GROUP/tia-api/internal/core/services/notifcation.service.go:55.17,57.3 1 0
github.com/TIA-PARTNERS-GROUP/tia-api/internal/core/services/notifcation.service.go:58.2,58.57 1 0
github.com/TIA-PARTNERS-GROUP/tia-api/internal/core/services/notifcation.service.go:58.57,60.3 1 0
github.com/TIA-PARTNERS-GROUP/tia-api/internal/core/services/notifcation.service.go:61.2,61.27 1 0
github.com/TIA-PARTNERS-GROUP/tia-api/internal/core/services/notifcation.service.go:63.110,65.16 2 0
github.com/TIA-PARTNERS-GROUP/tia-api/internal/core/services/notifcation.service.go:65.16,67.3 1 0
github.com/TIA-PARTNERS-GROUP/tia-api/internal/core/services/notifcation.service.go:68.2,68.43 1 0
github.com/TIA-PARTNERS-GROUP/tia-api/internal/core/services/notifcation.service.go:68.43,70.3 1 0
github.com/TIA-PARTNERS-GROUP/tia-api/internal/core/services/notifcation.service.go:71.2,71.95 1 0
github.com/TIA-PARTNERS-GROUP/tia-api/internal/core/services/notifcation.service.go:71.95,73.3 1 0
github.com/TIA-PARTNERS-GROUP/tia-api/internal/core/services/notifcation.service.go:74.2,75.26 2 0
github.com/TIA-PARTNERS-GROUP/tia-api/internal/core/services/notifcation.service.go:77.94,82.25 2 0
github.com/TIA-PARTNERS-GROUP/tia-api/internal/core/services/notifcation.service.go:82.25,84.3 1 0
github.com/TIA-PARTNERS-GROUP/tia-api/internal/core/services/notifcation.service.go:85.2,85.33 1 0
github.com/TIA-PARTNERS-GROUP/tia-api/internal/core/services/notifcation.service.go:87.94,90.25 2 0
github.com/TIA-PARTNERS-GROUP/tia-api/internal/core/services/notifcation.service.go:90.25,92.3 1 0
github.com/TIA-PARTNERS-GROUP/tia-api/internal/core/services/notifcation.service.go:93.2,93.30 1 0
github.com/TIA-PARTNERS-GROUP/tia-api/internal/core/services/notifcation.service.go:93.30,95.3 1 0
github.com/TIA-PARTNERS-GROUP/tia-api/internal/core/services/notifcation.service.go:96.2,96.12 1 0
github.com/TIA-PARTNERS-GROUP/tia-api/internal/core/services/project.service.go:17.53,19.2 1 0
github.com/TIA-PARTNERS-GROUP/tia-api/internal/core/services/project.service.go:20.117,22.90 2 0
github.com/TIA-PARTNERS-GROUP/tia-api/internal/core/services/project.service.go:22.90,24.3 1 0
github.com/TIA-PARTNERS-GROUP/tia-api/internal/core/services/project.service.go:25.2,34.67 2 0
github.com/TIA-PARTNERS-GROUP/tia-api/internal/core/services/project.service.go:34.67,35.51 1 0
github.com/TIA-PARTNERS-GROUP/tia-api/internal/core/services/project.service.go:35.51,36.56 1 0
github.com/TIA-PARTNERS-GROUP/tia-api/internal/core/services/project.service.go:36.56,38.5 1 0
github.com/TIA-PARTNERS-GROUP/tia-api/internal/core/services/project.service.go:39.4,39.14 1 0
github.com/TIA-PARTNERS-GROUP/tia-api/internal/core/services/project.service.go:41.3,46.30 2 0
github.com/TIA-PARTNERS-GROUP/tia-api/internal/core/services/project.service.go:46.30,48.44 2 0
github.com/TIA-PARTNERS-GROUP/tia-api/internal/core/services/project.service.go:48.44,50.5 1 0
github.com/TIA-PARTNERS-GROUP/tia-api/internal/core/services/project.service.go:51.4,51.59 1 0
github.com/TIA-PARTNERS-GROUP/tia-api/internal/core/services/project.service.go:51.59,53.5 1 0
github.com/TIA-PARTNERS-GROUP/tia-api/internal/core/services/project.service.go:55.3,55.50 1 0
github.com/TIA-PARTNERS-GROUP/tia-api/internal/core/services/project.service.go:55.50,57.4 1 0
github.com/TIA-PARTNERS-GROUP/tia-api/internal/core/services/project.service.go:58.3,58.13 1 0
github.com/TIA-PARTNERS-GROUP/tia-api/internal/core/services/project.service.go:60.2,60.16 1 0
github.com/TIA-PARTNERS-GROUP/tia-api/internal/core/services/project.service.go:60.16,62.3 1 0
github.com/TIA-PARTNERS-GROUP/tia-api/internal/core/services/project.service.go:63.2,63.42 1 0
github.com/TIA-PARTNERS-GROUP/tia-api/internal/core/services/project.service.go:65.96,73.16 3 0
github.com/TIA-PARTNERS-GROUP/tia-api/internal/core/services/project.service.go:73.16,74.45 1 0
github.com/TIA-PARTNERS-GROUP/tia-api/internal/core/services/project.service.go:74.45,76.4 1 0
github.com/TIA-PARTNERS-GROUP/tia-api/internal/core/services/project.service.go:77.3,77.32 1 0
github.com/TIA-PARTNERS-GROUP/tia-api/internal/core/services/project.service.go:79.2,79.22 1 0
github.com/TIA-PARTNERS-GROUP/tia-api/internal/core/services/project.service.go:81.126,83.16 2 0
github.com/TIA-PARTNERS-GROUP/tia-api/internal/core/services/project.service.go:83.16,85.3 1 0
github.com/TIA-PARTNERS-GROUP/tia-api/internal/core/services/project.service.go:86.2,87.33 2 0
github.com/TIA-PARTNERS-GROUP/tia-api/internal/core/services/project.service.go:87.33,89.3 1 0
github.com/TIA-PARTNERS-GROUP/tia-api/internal/core/services/project.service.go:90.2,90.28 1 0
github.com/TIA-PARTNERS-GROUP/tia-api/internal/core/services/project.service.go:90.28,92.3 1 0
github.com/TIA-PARTNERS-GROUP/tia-api/internal/core/services/project.service.go:93.2,93.22 1 0
github.com/TIA-PARTNERS-GROUP/tia-api/internal/core/services/project.service.go:93.22,95.3 1 0
github.com/TIA-PARTNERS-GROUP/tia-api/internal/core/services/project.service.go:96.2,96.29 1 0
github.com/TIA-PARTNERS-GROUP/tia-api/internal/core/services/project.service.go:96.29,98.3 1 0
github.com/TIA-PARTNERS-GROUP/tia-api/internal/core/services/project.service.go:99.2,99.31 1 0
github.com/TIA-PARTNERS-GROUP/tia-api/internal/core/services/project.service.go:99.31,101.3 1 0
github.com/TIA-PARTNERS-GROUP/tia-api/internal/core/services/project.service.go:102.2,102.27 1 0
github.com/TIA-PARTNERS-GROUP/tia-api/internal/core/services/project.service.go:102.27,104.3 1 0
github.com/TIA-PARTNERS-GROUP/tia-api/internal/core/services/project.service.go:105.2,105.31 1 0
github.com/TIA-PARTNERS-GROUP/tia-api/internal/core/services/project.service.go:105.31,107.3 1 0
github.com/TIA-PARTNERS-GROUP/tia-api/internal/core/services/project.service.go:108.2,108.31 1 0
github.com/TIA-PARTNERS-GROUP/tia-api/internal/core/services/project.service.go:108.31,110.3 1 0
github.com/TIA-PARTNERS-GROUP/tia-api/internal/core/services/project.service.go:111.2,111.26 1 0
github.com/TIA-PARTNERS-GROUP/tia-api/internal/core/services/project.service.go:111.26,113.3 1 0
github.com/TIA-PARTNERS-GROUP/tia-api/internal/core/services/project.service.go:114.2,114.26 1 0
github.com/TIA-PARTNERS-GROUP/tia-api/internal/core/services/project.service.go:114.26,116.3 1 0
github.com/TIA-PARTNERS-GROUP/tia-api/internal/core/services/project.service.go:117.2,117.103 1 0
github.com/TIA-PARTNERS-GROUP/tia-api/internal/core/services/project.service.go:117.103,119.3 1 0
github.com/TIA-PARTNERS-GROUP/tia-api/internal/core/services/project.service.go:120.2,120.34 1 0
github.com/TIA-PARTNERS-GROUP/tia-api/internal/core/services/project.service.go:122.76,123.67 1 0
github.com/TIA-PARTNERS-GROUP/tia-api/internal/core/services/project.service.go:123.67,125.54 2 0
github.com/TIA-PARTNERS-GROUP/tia-api/internal/core/services/project.service.go:125.54,126.46 1 0
github.com/TIA-PARTNERS-GROUP/tia-api/internal/core/services/project.service.go:126.46,128.5 1 0
github.com/TIA-PARTNERS-GROUP/tia-api/internal/core/services/project.service.go:129.4,129.28 1 0
github.com/TIA-PARTNERS-GROUP/tia-api/internal/core/services/project.service.go:133.3,133.108 1 0
github.com/TIA-PARTNERS-GROUP/tia-api/internal/core/services/project.service.go:133.108,135.4 1 0
github.com/TIA-PARTNERS-GROUP/tia-api/internal/core/services/project.service.go:136.3,136.105 1 0
github.com/TIA-PARTNERS-GROUP/tia-api/internal/core/services/project.service.go:136.105,138.4 1 0
github.com/TIA-PARTNERS-GROUP/tia-api/internal/core/services/project.service.go:139.3,139.105 1 0
github.com/TIA-PARTNERS-GROUP/tia-api/internal/core/services/project.service.go:139.105,141.4 1 0
github.com/TIA-PARTNERS-GROUP/tia-api/internal/core/services/project.service.go:142.3,142.104 1 0
github.com/TIA-PARTNERS-GROUP/tia-api/internal/core/services/project.service.go:142.104,144.4 1 0
github.com/TIA-PARTNERS-GROUP/tia-api/internal/core/services/project.service.go:146.3,146.62 1 0
github.com/TIA-PARTNERS-GROUP/tia-api/internal/core/services/project.service.go:146.62,148.4 1 0
github.com/TIA-PARTNERS-GROUP/tia-api/internal/core/services/project.service.go:150.3,150.13 1 0
github.com/TIA-PARTNERS-GROUP/tia-api/internal/core/services/project.service.go:153.2,153.16 1 0
github.com/TIA-PARTNERS-GROUP/tia-api/internal/core/services/project.service.go:153.16,155.30 2 0
github.com/TIA-PARTNERS-GROUP/tia-api/internal/core/services/project.service.go:155.30,157.4 1 0
github.com/TIA-PARTNERS-GROUP/tia-api/internal/core/services/project.service.go:158.3,158.27 1 0
github.com/TIA-PARTNERS-GROUP/tia-api/internal/core/services/project.service.go:161.2,161.12 1 0
github.com/TIA-PARTNERS-GROUP/tia-api/internal/core/services/project.service.go:163.131,169.68 2 0
github.com/TIA-PARTNERS-GROUP/tia-api/internal/core/services/project.service.go:169.68,170.55 1 0
github.com/TIA-PARTNERS-GROUP/tia-api/internal/core/services/project.service.go:170.55,172.4 1 0
github.com/TIA-PARTNERS-GROUP/tia-api/internal/core/services/project.service.go:173.3,173.32 1 0
github.com/TIA-PARTNERS-GROUP/tia-api/internal/core/services/project.service.go:175.2,177.28 3 0
github.com/TIA-PARTNERS-GROUP/tia-api/internal/core/services/project.service.go:179.90,181.25 2 0
github.com/TIA-PARTNERS-GROUP/tia-api/internal/core/services/project.service.go:181.25,183.3 1 0
github.com/TIA-PARTNERS-GROUP/tia-api/internal/core/services/project.service.go:184.2,184.30 1 0
github.com/TIA-PARTNERS-GROUP/tia-api/internal/core/services/project.service.go:184.30,186.3 1 0
github.com/TIA-PARTNERS-GROUP/tia-api/internal/core/services/project.service.go:187.2,187.12 1 0
github.com/TIA-PARTNERS-GROUP/tia-api/internal/core/services/project.service.go:190.89,198.16 3 0
github.com/TIA-PARTNERS-GROUP/tia-api/internal/core/services/project.service.go:198.16,200.3 1 0
github.com/TIA-PARTNERS-GROUP/tia-api/internal/core/services/project.service.go:201.2,201.22 1 0
github.com/TIA-PARTNERS-GROUP/tia-api/internal/core/services/project_applicant.service.go:16.71,18.2 1 0
github.com/TIA-PARTNERS-GROUP/tia-api/internal/core/services/project_applicant.service.go:19.137,24.73 2 0
github.com/TIA-PARTNERS-GROUP/tia-api/internal/core/services/project_applicant.service.go:24.73,25.55 1 0
github.com/TIA-PARTNERS-GROUP/tia-api/internal/core/services/project_applicant.service.go:25.55,27.4 1 0
github.com/TIA-PARTNERS-GROUP/tia-api/internal/core/services/project_applicant.service.go:28.3,28.51 1 0
github.com/TIA-PARTNERS-GROUP/tia-api/internal/core/services/project_applicant.service.go:28.51,30.4 1 0
github.com/TIA-PARTNERS-GROUP/tia-api/internal/core/services/project_applicant.service.go:31.3,31.32 1 0
github.com/TIA-PARTNERS-GROUP/tia-api/internal/core/services/project_applicant.service.go:33.2,33.26 1 0
github.com/TIA-PARTNERS-GROUP/tia-api/internal/core/services/project_applicant.service.go:35.106,37.25 2 0
github.com/TIA-PARTNERS-GROUP/tia-api/internal/core/services/project_applicant.service.go:37.25,39.3 1 0
github.com/TIA-PARTNERS-GROUP/tia-api/internal/core/services/project_applicant.service.go:40.2,40.30 1 0
github.com/TIA-PARTNERS-GROUP/tia-api/internal/core/services/project_applicant.service.go:40.30,42.3 1 0
github.com/TIA-PARTNERS-GROUP/tia-api/internal/core/services/project_applicant.service.go:43.2,43.12 1 0
github.com/TIA-PARTNERS-GROUP/tia-api/internal/core/services/project_applicant.service.go:45.131,51.16 3 0
github.com/TIA-PARTNERS-GROUP/tia-api/internal/core/services/project_applicant.service.go:51.16,53.3 1 0
github.com/TIA-PARTNERS-GROUP/tia-api/internal/core/services/project_applicant.service.go:54.2,54.24 1 0
github.com/TIA-PARTNERS-GROUP/tia-api/internal/core/services/project_applicant.service.go:56.127,62.16 3 0
github.com/TIA-PARTNERS-GROUP/tia-api/internal/core/services/project_applicant.service.go:62.16,64.3 1 0
github.com/TIA-PARTNERS-GROUP/tia-api/internal/core/services/project_applicant.service.go:65.2,65.26 1 0
github.com/TIA-PARTNERS-GROUP/tia-api/internal/core/services/project_member.service.go:11.65,13.2 1 0
github.com/TIA-PARTNERS-GROUP/tia-api/internal/core/services/project_member.service.go:14.135,16.84 2 0
github.com/TIA-PARTNERS-GROUP/tia-api/internal/core/services/project_member.service.go:16.84,17.36 1 0
github.com/TIA-PARTNERS-GROUP/tia-api/internal/core/services/project_member.service.go:17.36,19.4 1 0
github.com/TIA-PARTNERS-GROUP/tia-api/internal/core/services/project_member.service.go:20.3,20.32 1 0
github.com/TIA-PARTNERS-GROUP/tia-api/internal/core/services/project_member.service.go:22.2,23.78 2 0
github.com/TIA-PARTNERS-GROUP/tia-api/internal/core/services/project_member.service.go:23.78,24.36 1 0
github.com/TIA-PARTNERS-GROUP/tia-api/internal/core/services/project_member.service.go:24.36,26.4 1 0
github.com/TIA-PARTNERS-GROUP/tia-api/internal/core/services/project_member.service.go:27.3,27.32 1 0
github.com/TIA-PARTNERS-GROUP/tia-api/internal/core/services/project_member.service.go:29.2,33.16 3 0
github.com/TIA-PARTNERS-GROUP/tia-api/internal/core/services/project_member.service.go:33.16,35.3 1 0
github.com/TIA-PARTNERS-GROUP/tia-api/internal/core/services/project_member.service.go:35.8,35.42 1 0
github.com/TIA-PARTNERS-GROUP/tia-api/internal/core/services/project_member.service.go:35.42,37.3 1 0
github.com/TIA-PARTNERS-GROUP/tia-api/internal/core/services/project_member.service.go:38.2,43.75 2 0
github.com/TIA-PARTNERS-GROUP/tia-api/internal/core/services/project_member.service.go:43.75,45.3 1 0
github.com/TIA-PARTNERS-GROUP/tia-api/internal/core/services/project_member.service.go:46.2,50.106 1 0
github.com/TIA-PARTNERS-GROUP/tia-api/internal/core/services/project_member.service.go:50.106,52.3 1 0
github.com/TIA-PARTNERS-GROUP/tia-api/internal/core/services/project_member.service.go:53.2,53.28 1 0
github.com/TIA-PARTNERS-GROUP/tia-api/internal/core/services/project_member.service.go:55.125,63.16 3 0
github.com/TIA-PARTNERS-GROUP/tia-api/internal/core/services/project_member.service.go:63.16,64.36 1 0
github.com/TIA-PARTNERS-GROUP/tia-api/internal/core/services/project_member.service.go:64.36,66.4 1 0
github.com/TIA-PARTNERS-GROUP/tia-api/internal/core/services/project_member.service.go:67.3,67.32 1 0
github.com/TIA-PARTNERS-GROUP/tia-api/internal/core/services/project_member.service.go:69.2,69.28 1 0
github.com/TIA-PARTNERS-GROUP/tia-api/internal/core/services/project_member.service.go:71.119,79.16 3 0
github.com/TIA-PARTNERS-GROUP/tia-api/internal/core/services/project_member.service.go:79.16,81.3 1 0
github.com/TIA-PARTNERS-GROUP/tia-api/internal/core/services/project_member.service.go:82.2,82.28 1 0
github.com/TIA-PARTNERS-GROUP/tia-api/internal/core/services/project_member.service.go:84.148,90.17 3 0
github.com/TIA-PARTNERS-GROUP/tia-api/internal/core/services/project_member.service.go:90.17,92.3 1 0
github.com/TIA-PARTNERS-GROUP/tia-api/internal/core/services/project_member.service.go:93.2,94.16 2 0
github.com/TIA-PARTNERS-GROUP/tia-api/internal/core/services/project_member.service.go:94.16,96.3 1 0
github.com/TIA-PARTNERS-GROUP/tia-api/internal/core/services/project_member.service.go:97.2,97.28 1 0
github.com/TIA-PARTNERS-GROUP/tia-api/internal/core/services/project_member.service.go:99.173,104.16 3 0
github.com/TIA-PARTNERS-GROUP/tia-api/internal/core/services/project_member.service.go:104.16,105.36 1 0
github.com/TIA-PARTNERS-GROUP/tia-api/internal/core/services/project_member.service.go:105.36,107.4 1 0
github.com/TIA-PARTNERS-GROUP/tia-api/internal/core/services/project_member.service.go:108.3,108.32 1 0
github.com/TIA-PARTNERS-GROUP/tia-api/internal/core/services/project_member.service.go:110.2,110.59 1 0
github.com/TIA-PARTNERS-GROUP/tia-api/internal/core/services/project_member.service.go:110.60,111.3 0 0
github.com/TIA-PARTNERS-GROUP/tia-api/internal/core/services/project_member.service.go:112.2,114.47 1 0
github.com/TIA-PARTNERS-GROUP/tia-api/internal/core/services/project_member.service.go:114.47,116.3 1 0
github.com/TIA-PARTNERS-GROUP/tia-api/internal/core/services/project_member.service.go:117.2,121.96 1 0
github.com/TIA-PARTNERS-GROUP/tia-api/internal/core/services/project_member.service.go:121.96,123.3 1 0
github.com/TIA-PARTNERS-GROUP/tia-api/internal/core/services/project_member.service.go:124.2,124.28 1 0
github.com/TIA-PARTNERS-GROUP/tia-api/internal/core/services/project_member.service.go:126.103,131.16 3 0
github.com/TIA-PARTNERS-GROUP/tia-api/internal/core/services/project_member.service.go:131.16,132.36 1 0
github.com/TIA-PARTNERS-GROUP/tia-api/internal/core/services/project_member.service.go:132.36,134.4 1 0
github.com/TIA-PARTNERS-GROUP/tia-api/internal/core/services/project_member.service.go:135.3,135.27 1 0
github.com/TIA-PARTNERS-GROUP/tia-api/internal/core/services/project_member.service.go:137.2,137.59 1 0
github.com/TIA-PARTNERS-GROUP/tia-api/internal/core/services/project_member.service.go:137.59,139.3 1 0
github.com/TIA-PARTNERS-GROUP/tia-api/internal/core/services/project_member.service.go:140.2,143.25 2 0
github.com/TIA-PARTNERS-GROUP/tia-api/internal/core/services/project_member.service.go:143.25,145.3 1 0
github.com/TIA-PARTNERS-GROUP/tia-api/internal/core/services/project_member.service.go:146.2,146.12 1 0
github.com/TIA-PARTNERS-GROUP/tia-api/internal/core/services/project_member.service.go:148.149,155.16 3 0
github.com/TIA-PARTNERS-GROUP/tia-api/internal/core/services/project_member.service.go:155.16,157.3 1 0
github.com/TIA-PARTNERS-GROUP/tia-api/internal/core/services/project_member.service.go:158.2,158.28 1 0
github.com/TIA-PARTNERS-GROUP/tia-api/internal/core/services/project_member.service.go:160.111,166.16 3 0
github.com/TIA-PARTNERS-GROUP/tia-api/internal/core/services/project_member.service.go:166.16,168.3 1 0
github.com/TIA-PARTNERS-GROUP/tia-api/internal/core/services/project_member.service.go:169.2,169.23 1 0
github.com/TIA-PARTNERS-GROUP/tia-api/internal/core/services/project_region.serivce.go:16.65,18.2 1 0
github.com/TIA-PARTNERS-GROUP/tia-api/internal/core/services/project_region.serivce.go:19.137,24.73 2 0
github.com/TIA-PARTNERS-GROUP/tia-api/internal/core/services/project_region.serivce.go:24.73,25.55 1 0
github.com/TIA-PARTNERS-GROUP/tia-api/internal/core/services/project_region.serivce.go:25.55,27.4 1 0
github.com/TIA-PARTNERS-GROUP/tia-api/internal/core/services/project_region.serivce.go:28.3,28.51 1 0
github.com/TIA-PARTNERS-GROUP/tia-api/internal/core/services/project_region.serivce.go:28.51,30.4 1 0
github.com/TIA-PARTNERS-GROUP/tia-api/internal/core/services/project_region.serivce.go:31.3,31.32 1 0
github.com/TIA-PARTNERS-GROUP/tia-api/internal/core/services/project_region.serivce.go:34.2,37.115 2 0
github.com/TIA-PARTNERS-GROUP/tia-api/internal/core/services/project_region.serivce.go:37.115,39.3 1 0
github.com/TIA-PARTNERS-GROUP/tia-api/internal/core/services/project_region.serivce.go:41.2,41.33 1 0
github.com/TIA-PARTNERS-GROUP/tia-api/internal/core/services/project_region.serivce.go:43.116,45.25 2 0
github.com/TIA-PARTNERS-GROUP/tia-api/internal/core/services/project_region.serivce.go:45.25,47.3 1 0
github.com/TIA-PARTNERS-GROUP/tia-api/internal/core/services/project_region.serivce.go:48.2,48.30 1 0
github.com/TIA-PARTNERS-GROUP/tia-api/internal/core/services/project_region.serivce.go:48.30,50.3 1 0
github.com/TIA-PARTNERS-GROUP/tia-api/internal/core/services/project_region.serivce.go:51.2,51.12 1 0
github.com/TIA-PARTNERS-GROUP/tia-api/internal/core/services/project_region.serivce.go:53.122,60.16 3 0
github.com/TIA-PARTNERS-GROUP/tia-api/internal/core/services/project_region.serivce.go:60.16,62.3 1 0
github.com/TIA-PARTNERS-GROUP/tia-api/internal/core/services/project_region.serivce.go:63.2,63.28 1 0
github.com/TIA-PARTNERS-GROUP/tia-api/internal/core/services/project_skill.service.go:15.63,17.2 1 0
github.com/TIA-PARTNERS-GROUP/tia-api/internal/core/services/project_skill.service.go:18.134,20.84 2 0
github.com/TIA-PARTNERS-GROUP/tia-api/internal/core/services/project_skill.service.go:20.84,21.36 1 0
github.com/TIA-PARTNERS-GROUP/tia-api/internal/core/services/project_skill.service.go:21.36,23.4 1 0
github.com/TIA-PARTNERS-GROUP/tia-api/internal/core/services/project_skill.service.go:24.3,24.32 1 0
github.com/TIA-PARTNERS-GROUP/tia-api/internal/core/services/project_skill.service.go:26.2,27.80 2 0
github.com/TIA-PARTNERS-GROUP/tia-api/internal/core/services/project_skill.service.go:27.80,28.36 1 0
github.com/TIA-PARTNERS-GROUP/tia-api/internal/core/services/project_skill.service.go:28.36,30.4 1 0
github.com/TIA-PARTNERS-GROUP/tia-api/internal/core/services/project_skill.service.go:31.3,31.32 1 0
github.com/TIA-PARTNERS-GROUP/tia-api/internal/core/services/project_skill.service.go:33.2,37.16 3 0
github.com/TIA-PARTNERS-GROUP/tia-api/internal/core/services/project_skill.service.go:37.16,39.3 1 0
github.com/TIA-PARTNERS-GROUP/tia-api/internal/core/services/project_skill.service.go:39.8,39.42 1 0
github.com/TIA-PARTNERS-GROUP/tia-api/internal/core/services/project_skill.service.go:39.42,41.3 1 0
github.com/TIA-PARTNERS-GROUP/tia-api/internal/core/services/project_skill.service.go:42.2,47.74 2 0
github.com/TIA-PARTNERS-GROUP/tia-api/internal/core/services/project_skill.service.go:47.74,49.3 1 0
github.com/TIA-PARTNERS-GROUP/tia-api/internal/core/services/project_skill.service.go:50.2,56.107 1 0
github.com/TIA-PARTNERS-GROUP/tia-api/internal/core/services/project_skill.service.go:56.107,58.3 1 0
github.com/TIA-PARTNERS-GROUP/tia-api/internal/core/services/project_skill.service.go:59.2,59.27 1 0
github.com/TIA-PARTNERS-GROUP/tia-api/internal/core/services/project_skill.service.go:61.123,71.16 3 0
github.com/TIA-PARTNERS-GROUP/tia-api/internal/core/services/project_skill.service.go:71.16,72.36 1 0
github.com/TIA-PARTNERS-GROUP/tia-api/internal/core/services/project_skill.service.go:72.36,74.4 1 0
github.com/TIA-PARTNERS-GROUP/tia-api/internal/core/services/project_skill.service.go:75.3,75.32 1 0
github.com/TIA-PARTNERS-GROUP/tia-api/internal/core/services/project_skill.service.go:77.2,77.27 1 0
github.com/TIA-PARTNERS-GROUP/tia-api/internal/core/services/project_skill.service.go:79.116,90.16 3 0
github.com/TIA-PARTNERS-GROUP/tia-api/internal/core/services/project_skill.service.go:90.16,92.3 1 0
github.com/TIA-PARTNERS-GROUP/tia-api/internal/core/services/project_skill.service.go:93.2,93.27 1 0
github.com/TIA-PARTNERS-GROUP/tia-api/internal/core/services/project_skill.service.go:95.159,102.23 3 0
github.com/TIA-PARTNERS-GROUP/tia-api/internal/core/services/project_skill.service.go:102.23,104.3 1 0
github.com/TIA-PARTNERS-GROUP/tia-api/internal/core/services/project_skill.service.go:105.2,106.16 2 0
github.com/TIA-PARTNERS-GROUP/tia-api/internal/core/services/project_skill.service.go:106.16,108.3 1 0
github.com/TIA-PARTNERS-GROUP/tia-api/internal/core/services/project_skill.service.go:109.2,109.27 1 0
github.com/TIA-PARTNERS-GROUP/tia-api/internal/core/services/project_skill.service.go:111.162,116.16 3 0
github.com/TIA-PARTNERS-GROUP/tia-api/internal/core/services/project_skill.service.go:116.16,117.36 1 0
github.com/TIA-PARTNERS-GROUP/tia-api/internal/core/services/project_skill.service.go:117.36,119.4 1 0
github.com/TIA-PARTNERS-GROUP/tia-api/internal/core/services/project_skill.service.go:120.3,120.32 1 0
github.com/TIA-PARTNERS-GROUP/tia-api/internal/core/services/project_skill.service.go:122.2,123.28 2 0
github.com/TIA-PARTNERS-GROUP/tia-api/internal/core/services/project_skill.service.go:123.28,125.3 1 0
github.com/TIA-PARTNERS-GROUP/tia-api/internal/core/services/project_skill.service.go:126.2,126.23 1 0
github.com/TIA-PARTNERS-GROUP/tia-api/internal/core/services/project_skill.service.go:126.23,128.3 1 0
github.com/TIA-PARTNERS-GROUP/tia-api/internal/core/services/project_skill.service.go:129.2,131.38 1 0
github.com/TIA-PARTNERS-GROUP/tia-api/internal/core/services/project_skill.service.go:131.38,133.3 1 0
github.com/TIA-PARTNERS-GROUP/tia-api/internal/core/services/project_skill.service.go:134.2,140.97 1 0
github.com/TIA-PARTNERS-GROUP/tia-api/internal/core/services/project_skill.service.go:140.97,142.3 1 0
github.com/TIA-PARTNERS-GROUP/tia-api/internal/core/services/project_skill.service.go:143.2,143.27 1 0
github.com/TIA-PARTNERS-GROUP/tia-api/internal/core/services/project_skill.service.go:145.102,149.25 2 0
github.com/TIA-PARTNERS-GROUP/tia-api/internal/core/services/project_skill.service.go:149.25,151.3 1 0
github.com/TIA-PARTNERS-GROUP/tia-api/internal/core/services/project_skill.service.go:152.2,152.30 1 0
github.com/TIA-PARTNERS-GROUP/tia-api/internal/core/services/project_skill.service.go:152.30,154.3 1 0
github.com/TIA-PARTNERS-GROUP/tia-api/internal/core/services/project_skill.service.go:155.2,155.12 1 0
github.com/TIA-PARTNERS-GROUP/tia-api/internal/core/services/project_skill.service.go:157.163,164.16 3 0
github.com/TIA-PARTNERS-GROUP/tia-api/internal/core/services/project_skill.service.go:164.16,166.3 1 0
github.com/TIA-PARTNERS-GROUP/tia-api/internal/core/services/project_skill.service.go:167.2,167.27 1 0
github.com/TIA-PARTNERS-GROUP/tia-api/internal/core/services/publication.service.go:19.61,21.2 1 0
github.com/TIA-PARTNERS-GROUP/tia-api/internal/core/services/publication.service.go:22.40,28.2 5 0
github.com/TIA-PARTNERS-GROUP/tia-api/internal/core/services/publication.service.go:29.133,31.78 2 0
github.com/TIA-PARTNERS-GROUP/tia-api/internal/core/services/publication.service.go:31.78,33.3 1 0
github.com/TIA-PARTNERS-GROUP/tia-api/internal/core/services/publication.service.go:34.2,37.46 4 0
github.com/TIA-PARTNERS-GROUP/tia-api/internal/core/services/publication.service.go:37.46,41.3 3 0
github.com/TIA-PARTNERS-GROUP/tia-api/internal/core/services/publication.service.go:42.2,55.73 2 0
github.com/TIA-PARTNERS-GROUP/tia-api/internal/core/services/publication.service.go:55.73,56.55 1 0
github.com/TIA-PARTNERS-GROUP/tia-api/internal/core/services/publication.service.go:56.55,58.4 1 0
github.com/TIA-PARTNERS-GROUP/tia-api/internal/core/services/publication.service.go:59.3,59.32 1 0
github.com/TIA-PARTNERS-GROUP/tia-api/internal/core/services/publication.service.go:61.2,61.50 1 0
github.com/TIA-PARTNERS-GROUP/tia-api/internal/core/services/publication.service.go:63.108,66.16 3 0
github.com/TIA-PARTNERS-GROUP/tia-api/internal/core/services/publication.service.go:66.16,67.45 1 0
github.com/TIA-PARTNERS-GROUP/tia-api/internal/core/services/publication.service.go:67.45,69.4 1 0
github.com/TIA-PARTNERS-GROUP/tia-api/internal/core/services/publication.service.go:70.3,70.32 1 0
github.com/TIA-PARTNERS-GROUP/tia-api/internal/core/services/publication.service.go:72.2,72.18 1 0
github.com/TIA-PARTNERS-GROUP/tia-api/internal/core/services/publication.service.go:74.114,77.16 3 0
github.com/TIA-PARTNERS-GROUP/tia-api/internal/core/services/publication.service.go:77.16,78.45 1 0
github.com/TIA-PARTNERS-GROUP/tia-api/internal/core/services/publication.service.go:78.45,80.4 1 0
github.com/TIA-PARTNERS-GROUP/tia-api/internal/core/services/publication.service.go:81.3,81.32 1 0
github.com/TIA-PARTNERS-GROUP/tia-api/internal/core/services/publication.service.go:83.2,83.18 1 0
github.com/TIA-PARTNERS-GROUP/tia-api/internal/core/services/publication.service.go:85.142,87.16 2 0
github.com/TIA-PARTNERS-GROUP/tia-api/internal/core/services/publication.service.go:87.16,89.3 1 0
github.com/TIA-PARTNERS-GROUP/tia-api/internal/core/services/publication.service.go:90.2,91.23 2 0
github.com/TIA-PARTNERS-GROUP/tia-api/internal/core/services/publication.service.go:91.23,94.3 2 0
github.com/TIA-PARTNERS-GROUP/tia-api/internal/core/services/publication.service.go:95.2,95.25 1 0
github.com/TIA-PARTNERS-GROUP/tia-api/internal/core/services/publication.service.go:95.25,97.3 1 0
github.com/TIA-PARTNERS-GROUP/tia-api/internal/core/services/publication.service.go:98.2,98.25 1 0
github.com/TIA-PARTNERS-GROUP/tia-api/internal/core/services/publication.service.go:98.25,100.3 1 0
github.com/TIA-PARTNERS-GROUP/tia-api/internal/core/services/publication.service.go:101.2,101.27 1 0
github.com/TIA-PARTNERS-GROUP/tia-api/internal/core/services/publication.service.go:101.27,103.3 1 0
github.com/TIA-PARTNERS-GROUP/tia-api/internal/core/services/publication.service.go:104.2,104.26 1 0
github.com/TIA-PARTNERS-GROUP/tia-api/internal/core/services/publication.service.go:104.26,106.3 1 0
github.com/TIA-PARTNERS-GROUP/tia-api/internal/core/services/publication.service.go:107.2,107.27 1 0
github.com/TIA-PARTNERS-GROUP/tia-api/internal/core/services/publication.service.go:107.27,109.22 2 0
github.com/TIA-PARTNERS-GROUP/tia-api/internal/core/services/publication.service.go:109.22,111.4 1 0
github.com/TIA-PARTNERS-GROUP/tia-api/internal/core/services/publication.service.go:111.9,113.4 1 0
github.com/TIA-PARTNERS-GROUP/tia-api/internal/core/services/publication.service.go:115.2,115.26 1 0
github.com/TIA-PARTNERS-GROUP/tia-api/internal/core/services/publication.service.go:115.26,117.3 1 0
github.com/TIA-PARTNERS-GROUP/tia-api/internal/core/services/publication.service.go:118.2,118.107 1 0
github.com/TIA-PARTNERS-GROUP/tia-api/internal/core/services/publication.service.go:118.107,119.55 1 0
github.com/TIA-PARTNERS-GROUP/tia-api/internal/core/services/publication.service.go:119.55,121.4 1 0
github.com/TIA-PARTNERS-GROUP/tia-api/internal/core/services/publication.service.go:122.3,122.32 1 0
github.com/TIA-PARTNERS-GROUP/tia-api/internal/core/services/publication.service.go:124.2,124.38 1 0
github.com/TIA-PARTNERS-GROUP/tia-api/internal/core/services/publication.service.go:126.84,128.25 2 0
github.com/TIA-PARTNERS-GROUP/tia-api/internal/core/services/publication.service.go:128.25,130.3 1 0
github.com/TIA-PARTNERS-GROUP/tia-api/internal/core/services/publication.service.go:131.2,131.30 1 0
github.com/TIA-PARTNERS-GROUP/tia-api/internal/core/services/publication.service.go:131.30,133.3 1 0
github.com/TIA-PARTNERS-GROUP/tia-api/internal/core/services/publication.service.go:134.2,134.12 1 0
github.com/TIA-PARTNERS-GROUP/tia-api/internal/core/services/publication.service.go:137.101,144.16 3 0
github.com/TIA-PARTNERS-GROUP/tia-api/internal/core/services/publication.service.go:144.16,146.3 1 0
github.com/TIA-PARTNERS-GROUP/tia-api/internal/core/services/publication.service.go:147.2,147.26 1 0
github.com/TIA-PARTNERS-GROUP/tia-api/internal/core/services/region.service.go:11.51,13.2 1 0
github.com/TIA-PARTNERS-GROUP/tia-api/internal/core/services/region.service.go:14.64,25.67 2 0
github.com/TIA-PARTNERS-GROUP/tia-api/internal/core/services/region.service.go:25.67,26.34 1 0
github.com/TIA-PARTNERS-GROUP/tia-api/internal/core/services/region.service.go:26.34,27.58 1 0
github.com/TIA-PARTNERS-GROUP/tia-api/internal/core/services/region.service.go:27.58,29.5 1 0
github.com/TIA-PARTNERS-GROUP/tia-api/internal/core/services/region.service.go:31.3,31.13 1 0
github.com/TIA-PARTNERS-GROUP/tia-api/internal/core/services/region.service.go:34.85,36.85 2 0
github.com/TIA-PARTNERS-GROUP/tia-api/internal/core/services/region.service.go:36.85,38.3 1 0
github.com/TIA-PARTNERS-GROUP/tia-api/internal/core/services/region.service.go:39.2,39.21 1 0
github.com/TIA-PARTNERS-GROUP/tia-api/internal/core/services/skill.service.go:17.49,19.2 1 0
github.com/TIA-PARTNERS-GROUP/tia-api/internal/core/services/skill.service.go:20.107,23.29 3 0
github.com/TIA-PARTNERS-GROUP/tia-api/internal/core/services/skill.service.go:23.29,25.3 1 0
github.com/TIA-PARTNERS-GROUP/tia-api/internal/core/services/skill.service.go:26.2,26.27 1 0
github.com/TIA-PARTNERS-GROUP/tia-api/internal/core/services/skill.service.go:26.27,28.3 1 0
github.com/TIA-PARTNERS-GROUP/tia-api/internal/core/services/skill.service.go:29.2,29.27 1 0
github.com/TIA-PARTNERS-GROUP/tia-api/internal/core/services/skill.service.go:29.27,32.3 2 0
github.com/TIA-PARTNERS-GROUP/tia-api/internal/core/services/skill.service.go:33.2,33.50 1 0
github.com/TIA-PARTNERS-GROUP/tia-api/internal/core/services/skill.service.go:33.50,35.3 1 0
github.com/TIA-PARTNERS-GROUP/tia-api/internal/core/services/skill.service.go:36.2,36.20 1 0
github.com/TIA-PARTNERS-GROUP/tia-api/internal/core/services/skill.service.go:38.90,40.70 2 0
github.com/TIA-PARTNERS-GROUP/tia-api/internal/core/services/skill.service.go:40.70,41.45 1 0
github.com/TIA-PARTNERS-GROUP/tia-api/internal/core/services/skill.service.go:41.45,43.4 1 0
github.com/TIA-PARTNERS-GROUP/tia-api/internal/core/services/skill.service.go:44.3,44.32 1 0
github.com/TIA-PARTNERS-GROUP/tia-api/internal/core/services/skill.service.go:46.2,46.20 1 0
github.com/TIA-PARTNERS-GROUP/tia-api/internal/core/services/skill.service.go:48.109,50.24 2 0
github.com/TIA-PARTNERS-GROUP/tia-api/internal/core/services/skill.service.go:50.24,52.3 1 0
github.com/TIA-PARTNERS-GROUP/tia-api/internal/core/services/skill.service.go:53.2,59.67 2 0
github.com/TIA-PARTNERS-GROUP/tia-api/internal/core/services/skill.service.go:59.67,60.55 1 0
github.com/TIA-PARTNERS-GROUP/tia-api/internal/core/services/skill.service.go:60.55,62.4 1 0
github.com/TIA-PARTNERS-GROUP/tia-api/internal/core/services/skill.service.go:63.3,63.32 1 0
github.com/TIA-PARTNERS-GROUP/tia-api/internal/core/services/skill.service.go:65.2,65.20 1 0
github.com/TIA-PARTNERS-GROUP/tia-api/internal/core/services/skill.service.go:67.118,69.16 2 0
github.com/TIA-PARTNERS-GROUP/tia-api/internal/core/services/skill.service.go:69.16,71.3 1 0
github.com/TIA-PARTNERS-GROUP/tia-api/internal/core/services/skill.service.go:72.2,73.26 2 0
github.com/TIA-PARTNERS-GROUP/tia-api/internal/core/services/skill.service.go:73.26,75.3 1 0
github.com/TIA-PARTNERS-GROUP/tia-api/internal/core/services/skill.service.go:76.2,76.22 1 0
github.com/TIA-PARTNERS-GROUP/tia-api/internal/core/services/skill.service.go:76.22,78.3 1 0
github.com/TIA-PARTNERS-GROUP/tia-api/internal/core/services/skill.service.go:79.2,79.29 1 0
github.com/TIA-PARTNERS-GROUP/tia-api/internal/core/services/skill.service.go:79.29,81.3 1 0
github.com/TIA-PARTNERS-GROUP/tia-api/internal/core/services/skill.service.go:82.2,82.24 1 0
github.com/TIA-PARTNERS-GROUP/tia-api/internal/core/services/skill.service.go:82.24,84.3 1 0
github.com/TIA-PARTNERS-GROUP/tia-api/internal/core/services/skill.service.go:85.2,85.26 1 0
github.com/TIA-PARTNERS-GROUP/tia-api/internal/core/services/skill.service.go:85.26,87.3 1 0
github.com/TIA-PARTNERS-GROUP/tia-api/internal/core/services/skill.service.go:88.2,88.85 1 0
github.com/TIA-PARTNERS-GROUP/tia-api/internal/core/services/skill.service.go:88.85,89.55 1 0
github.com/TIA-PARTNERS-GROUP/tia-api/internal/core/services/skill.service.go:89.55,91.4 1 0
github.com/TIA-PARTNERS-GROUP/tia-api/internal/core/services/skill.service.go:92.3,92.32 1 0
github.com/TIA-PARTNERS-GROUP/tia-api/internal/core/services/skill.service.go:94.2,94.19 1 0
github.com/TIA-PARTNERS-GROUP/tia-api/internal/core/services/skill.service.go:96.72,101.49 5 0
github.com/TIA-PARTNERS-GROUP/tia-api/internal/core/services/skill.service.go:101.49,103.3 1 0
github.com/TIA-PARTNERS-GROUP/tia-api/internal/core/services/skill.service.go:104.2,105.25 2 0
github.com/TIA-PARTNERS-GROUP/tia-api/internal/core/services/skill.service.go:105.25,107.3 1 0
github.com/TIA-PARTNERS-GROUP/tia-api/internal/core/services/skill.service.go:108.2,108.30 1 0
github.com/TIA-PARTNERS-GROUP/tia-api/internal/core/services/skill.service.go:108.30,110.3 1 0
github.com/TIA-PARTNERS-GROUP/tia-api/internal/core/services/skill.service.go:111.2,111.12 1 0
github.com/TIA-PARTNERS-GROUP/tia-api/internal/core/services/skill.service.go:113.95,115.16 2 0
github.com/TIA-PARTNERS-GROUP/tia-api/internal/core/services/skill.service.go:115.16,117.3 1 0
github.com/TIA-PARTNERS-GROUP/tia-api/internal/core/services/skill.service.go:118.2,119.93 2 0
github.com/TIA-PARTNERS-GROUP/tia-api/internal/core/services/skill.service.go:119.93,121.3 1 0
github.com/TIA-PARTNERS-GROUP/tia-api/internal/core/services/skill.service.go:122.2,123.19 2 0
github.com/TIA-PARTNERS-GROUP/tia-api/internal/core/services/subscription.service.go:14.63,16.2 1 0
github.com/TIA-PARTNERS-GROUP/tia-api/internal/core/services/subscription.service.go:17.137,24.74 2 0
github.com/TIA-PARTNERS-GROUP/tia-api/internal/core/services/subscription.service.go:24.74,25.55 1 0
github.com/TIA-PARTNERS-GROUP/tia-api/internal/core/services/subscription.service.go:25.55,27.4 1 0
github.com/TIA-PARTNERS-GROUP/tia-api/internal/core/services/subscription.service.go:28.3,28.32 1 0
github.com/TIA-PARTNERS-GROUP/tia-api/internal/core/services/subscription.service.go:30.2,30.27 1 0
github.com/TIA-PARTNERS-GROUP/tia-api/internal/core/services/subscription.service.go:32.111,34.68 2 0
github.com/TIA-PARTNERS-GROUP/tia-api/internal/core/services/subscription.service.go:34.68,35.45 1 0
github.com/TIA-PARTNERS-GROUP/tia-api/internal/core/services/subscription.service.go:35.45,37.4 1 0
github.com/TIA-PARTNERS-GROUP/tia-api/internal/core/services/subscription.service.go:38.3,38.32 1 0
github.com/TIA-PARTNERS-GROUP/tia-api/internal/core/services/subscription.service.go:40.2,40.18 1 0
github.com/TIA-PARTNERS-GROUP/tia-api/internal/core/services/subscription.service.go:42.131,44.16 2 0
github.com/TIA-PARTNERS-GROUP/tia-api/internal/core/services/subscription.service.go:44.16,46.3 1 0
github.com/TIA-PARTNERS-GROUP/tia-api/internal/core/services/subscription.service.go:47.2,49.27 3 0
github.com/TIA-PARTNERS-GROUP/tia-api/internal/core/services/subscription.service.go:49.27,51.3 1 0
github.com/TIA-PARTNERS-GROUP/tia-api/internal/core/services/subscription.service.go:52.2,52.29 1 0
github.com/TIA-PARTNERS-GROUP/tia-api/internal/core/services/subscription.service.go:52.29,54.3 1 0
github.com/TIA-PARTNERS-GROUP/tia-api/internal/core/services/subscription.service.go:55.2,62.69 2 0
github.com/TIA-PARTNERS-GROUP/tia-api/internal/core/services/subscription.service.go:62.69,63.51 1 0
github.com/TIA-PARTNERS-GROUP/tia-api/internal/core/services/subscription.service.go:63.51,65.4 1 0
github.com/TIA-PARTNERS-GROUP/tia-api/internal/core/services/subscription.service.go:66.3,66.32 1 0
github.com/TIA-PARTNERS-GROUP/tia-api/internal/core/services/subscription.service.go:68.2,68.47 1 0
github.com/TIA-PARTNERS-GROUP/tia-api/internal/core/services/subscription.service.go:70.122,76.16 3 0
github.com/TIA-PARTNERS-GROUP/tia-api/internal/core/services/subscription.service.go:76.16,77.45 1 0
github.com/TIA-PARTNERS-GROUP/tia-api/internal/core/services/subscription.service.go:77.45,79.4 1 0
[...]
github.com/TIA-PARTNERS-GROUP/tia-api/internal/api/handlers/user_config.handler.go:43.16,45.3 1 0
github.com/TIA-PARTNERS-GROUP/tia-api/internal/api/handlers/user_config.handler.go:47.2,49.16 3 0
github.com/TIA-PARTNERS-GROUP/tia-api/internal/api/handlers/user_config.handler.go:49.16,51.3 1 0
github.com/TIA-PARTNERS-GROUP/tia-api/internal/api/handlers/user_config.handler.go:53.2,53.38 1 0
github.com/TIA-PARTNERS-GROUP/tia-api/internal/api/handlers/user_config.handler.go:53.38,55.3 1 0
github.com/TIA-PARTNERS-GROUP/tia-api/internal/api/handlers/user_config.handler.go:57.2,57.44 1 0
github.com/TIA-PARTNERS-GROUP/tia-api/internal/api/handlers/user_config.handler.go:74.59,76.19 2 0
github.com/TIA-PARTNERS-GROUP/tia-api/internal/api/handlers/user_config.handler.go:76.19,79.3 2 0
github.com/TIA-PARTNERS-GROUP/tia-api/internal/api/handlers/user_config.handler.go:81.2,82.49 2 0
github.com/TIA-PARTNERS-GROUP/tia-api/internal/api/handlers/user_config.handler.go:82.49,85.3 2 0
github.com/TIA-PARTNERS-GROUP/tia-api/internal/api/handlers/user_config.handler.go:86.2,86.49 1 0
github.com/TIA-PARTNERS-GROUP/tia-api/internal/api/handlers/user_config.handler.go:86.49,89.3 2 0
github.com/TIA-PARTNERS-GROUP/tia-api/internal/api/handlers/user_config.handler.go:91.2,92.16 2 0
github.com/TIA-PARTNERS-GROUP/tia-api/internal/api/handlers/user_config.handler.go:92.16,94.30 2 0
github.com/TIA-PARTNERS-GROUP/tia-api/internal/api/handlers/user_config.handler.go:94.30,97.4 2 0
github.com/TIA-PARTNERS-GROUP/tia-api/internal/api/handlers/user_config.handler.go:98.3,99.9 2 0
github.com/TIA-PARTNERS-GROUP/tia-api/internal/api/handlers/user_config.handler.go:102.2,102.62 1 0
github.com/TIA-PARTNERS-GROUP/tia-api/internal/api/handlers/user_config.handler.go:119.59,121.19 2 0
github.com/TIA-PARTNERS-GROUP/tia-api/internal/api/handlers/user_config.handler.go:121.19,124.3 2 0
github.com/TIA-PARTNERS-GROUP/tia-api/internal/api/handlers/user_config.handler.go:126.2,127.22 2 0
github.com/TIA-PARTNERS-GROUP/tia-api/internal/api/handlers/user_config.handler.go:127.22,130.3 2 0
github.com/TIA-PARTNERS-GROUP/tia-api/internal/api/handlers/user_config.handler.go:132.2,133.16 2 0
github.com/TIA-PARTNERS-GROUP/tia-api/internal/api/handlers/user_config.handler.go:133.16,135.30 2 0
github.com/TIA-PARTNERS-GROUP/tia-api/internal/api/handlers/user_config.handler.go:135.30,138.4 2 0
github.com/TIA-PARTNERS-GROUP/tia-api/internal/api/handlers/user_config.handler.go:139.3,140.9 2 0
github.com/TIA-PARTNERS-GROUP/tia-api/internal/api/handlers/user_config.handler.go:142.2,142.62 1 0
github.com/TIA-PARTNERS-GROUP/tia-api/internal/api/handlers/user_config.handler.go:159.62,161.19 2 0
github.com/TIA-PARTNERS-GROUP/tia-api/internal/api/handlers/user_config.handler.go:161.19,164.3 2 0
github.com/TIA-PARTNERS-GROUP/tia-api/internal/api/handlers/user_config.handler.go:166.2,167.22 2 0
github.com/TIA-PARTNERS-GROUP/tia-api/internal/api/handlers/user_config.handler.go:167.22,170.3 2 0
github.com/TIA-PARTNERS-GROUP/tia-api/internal/api/handlers/user_config.handler.go:172.2,173.16 2 0
github.com/TIA-PARTNERS-GROUP/tia-api/internal/api/handlers/user_config.handler.go:173.16,175.30 2 0
github.com/TIA-PARTNERS-GROUP/tia-api/internal/api/handlers/user_config.handler.go:175.30,178.4 2 0
github.com/TIA-PARTNERS-GROUP/tia-api/internal/api/handlers/user_config.handler.go:179.3,180.9 2 0
github.com/TIA-PARTNERS-GROUP/tia-api/internal/api/handlers/user_config.handler.go:182.2,182.32 1 0
github.com/TIA-PARTNERS-GROUP/tia-api/internal/api/handlers/user_skill.handler.go:21.115,27.2 1 0
github.com/TIA-PARTNERS-GROUP/tia-api/internal/api/handlers/user_skill.handler.go:29.72,31.13 2 0
github.com/TIA-PARTNERS-GROUP/tia-api/internal/api/handlers/user_skill.handler.go:31.13,33.3 1 0
github.com/TIA-PARTNERS-GROUP/tia-api/internal/api/handlers/user_skill.handler.go:34.2,35.28 2 0
github.com/TIA-PARTNERS-GROUP/tia-api/internal/api/handlers/user_skill.handler.go:35.28,37.3 1 0
github.com/TIA-PARTNERS-GROUP/tia-api/internal/api/handlers/user_skill.handler.go:38.2,38.24 1 0
github.com/TIA-PARTNERS-GROUP/tia-api/internal/api/handlers/user_skill.handler.go:41.93,43.16 2 0
github.com/TIA-PARTNERS-GROUP/tia-api/internal/api/handlers/user_skill.handler.go:43.16,45.3 1 0
github.com/TIA-PARTNERS-GROUP/tia-api/internal/api/handlers/user_skill.handler.go:47.2,49.16 3 0
github.com/TIA-PARTNERS-GROUP/tia-api/internal/api/handlers/user_skill.handler.go:49.16,51.3 1 0
github.com/TIA-PARTNERS-GROUP/tia-api/internal/api/handlers/user_skill.handler.go:53.2,53.38 1 0
github.com/TIA-PARTNERS-GROUP/tia-api/internal/api/handlers/user_skill.handler.go:53.38,55.3 1 0
github.com/TIA-PARTNERS-GROUP/tia-api/internal/api/handlers/user_skill.handler.go:57.2,57.44 1 0
github.com/TIA-PARTNERS-GROUP/tia-api/internal/api/handlers/user_skill.handler.go:76.57,78.19 2 0
github.com/TIA-PARTNERS-GROUP/tia-api/internal/api/handlers/user_skill.handler.go:78.19,81.3 2 0
github.com/TIA-PARTNERS-GROUP/tia-api/internal/api/handlers/user_skill.handler.go:83.2,84.49 2 0
github.com/TIA-PARTNERS-GROUP/tia-api/internal/api/handlers/user_skill.handler.go:84.49,87.3 2 0
github.com/TIA-PARTNERS-GROUP/tia-api/internal/api/handlers/user_skill.handler.go:89.2,91.49 2 0
github.com/TIA-PARTNERS-GROUP/tia-api/internal/api/handlers/user_skill.handler.go:91.49,94.3 2 0
github.com/TIA-PARTNERS-GROUP/tia-api/internal/api/handlers/user_skill.handler.go:96.2,97.16 2 0
github.com/TIA-PARTNERS-GROUP/tia-api/internal/api/handlers/user_skill.handler.go:97.16,99.30 2 0
github.com/TIA-PARTNERS-GROUP/tia-api/internal/api/handlers/user_skill.handler.go:99.30,102.4 2 0
github.com/TIA-PARTNERS-GROUP/tia-api/internal/api/handlers/user_skill.handler.go:103.3,104.9 2 0
github.com/TIA-PARTNERS-GROUP/tia-api/internal/api/handlers/user_skill.handler.go:106.2,106.69 1 0
github.com/TIA-PARTNERS-GROUP/tia-api/internal/api/handlers/user_skill.handler.go:120.58,122.19 2 0
github.com/TIA-PARTNERS-GROUP/tia-api/internal/api/handlers/user_skill.handler.go:122.19,125.3 2 0
github.com/TIA-PARTNERS-GROUP/tia-api/internal/api/handlers/user_skill.handler.go:127.2,128.16 2 0
github.com/TIA-PARTNERS-GROUP/tia-api/internal/api/handlers/user_skill.handler.go:128.16,131.3 2 0
github.com/TIA-PARTNERS-GROUP/tia-api/internal/api/handlers/user_skill.handler.go:133.2,133.62 1 0
github.com/TIA-PARTNERS-GROUP/tia-api/internal/api/handlers/user_skill.handler.go:152.60,154.19 2 0
github.com/TIA-PARTNERS-GROUP/tia-api/internal/api/handlers/user_skill.handler.go:154.19,157.3 2 0
github.com/TIA-PARTNERS-GROUP/tia-api/internal/api/handlers/user_skill.handler.go:159.2,161.16 3 0
github.com/TIA-PARTNERS-GROUP/tia-api/internal/api/handlers/user_skill.handler.go:161.16,164.3 2 0
github.com/TIA-PARTNERS-GROUP/tia-api/internal/api/handlers/user_skill.handler.go:166.2,167.49 2 0
github.com/TIA-PARTNERS-GROUP/tia-api/internal/api/handlers/user_skill.handler.go:167.49,170.3 2 0
github.com/TIA-PARTNERS-GROUP/tia-api/internal/api/handlers/user_skill.handler.go:171.2,171.49 1 0
github.com/TIA-PARTNERS-GROUP/tia-api/internal/api/handlers/user_skill.handler.go:171.49,174.3 2 0
github.com/TIA-PARTNERS-GROUP/tia-api/internal/api/handlers/user_skill.handler.go:176.2,177.16 2 0
github.com/TIA-PARTNERS-GROUP/tia-api/internal/api/handlers/user_skill.handler.go:177.16,179.30 2 0
github.com/TIA-PARTNERS-GROUP/tia-api/internal/api/handlers/user_skill.handler.go:179.30,182.4 2 0
github.com/TIA-PARTNERS-GROUP/tia-api/internal/api/handlers/user_skill.handler.go:183.3,184.9 2 0
github.com/TIA-PARTNERS-GROUP/tia-api/internal/api/handlers/user_skill.handler.go:187.2,187.64 1 0
github.com/TIA-PARTNERS-GROUP/tia-api/internal/api/handlers/user_skill.handler.go:204.60,206.19 2 0
github.com/TIA-PARTNERS-GROUP/tia-api/internal/api/handlers/user_skill.handler.go:206.19,209.3 2 0
github.com/TIA-PARTNERS-GROUP/tia-api/internal/api/handlers/user_skill.handler.go:211.2,213.16 3 0
github.com/TIA-PARTNERS-GROUP/tia-api/internal/api/handlers/user_skill.handler.go:213.16,216.3 2 0
github.com/TIA-PARTNERS-GROUP/tia-api/internal/api/handlers/user_skill.handler.go:218.2,219.16 2 0
github.com/TIA-PARTNERS-GROUP/tia-api/internal/api/handlers/user_skill.handler.go:219.16,221.30 2 0
github.com/TIA-PARTNERS-GROUP/tia-api/internal/api/handlers/user_skill.handler.go:221.30,224.4 2 0
github.com/TIA-PARTNERS-GROUP/tia-api/internal/api/handlers/user_skill.handler.go:225.3,226.9 2 0
github.com/TIA-PARTNERS-GROUP/tia-api/internal/api/handlers/user_skill.handler.go:229.2,229.32 1 0
github.com/TIA-PARTNERS-GROUP/tia-api/internal/api/handlers/user_subscription.handler.go:19.143,24.2 1 0
github.com/TIA-PARTNERS-GROUP/tia-api/internal/api/handlers/user_subscription.handler.go:26.79,28.13 2 0
github.com/TIA-PARTNERS-GROUP/tia-api/internal/api/handlers/user_subscription.handler.go:28.13,30.3 1 0
github.com/TIA-PARTNERS-GROUP/tia-api/internal/api/handlers/user_subscription.handler.go:31.2,32.28 2 0
github.com/TIA-PARTNERS-GROUP/tia-api/internal/api/handlers/user_subscription.handler.go:32.28,34.3 1 0
github.com/TIA-PARTNERS-GROUP/tia-api/internal/api/handlers/user_subscription.handler.go:35.2,35.24 1 0
github.com/TIA-PARTNERS-GROUP/tia-api/internal/api/handlers/user_subscription.handler.go:50.75,53.16 3 0
github.com/TIA-PARTNERS-GROUP/tia-api/internal/api/handlers/user_subscription.handler.go:53.16,56.3 2 0
github.com/TIA-PARTNERS-GROUP/tia-api/internal/api/handlers/user_subscription.handler.go:58.2,59.16 2 0
github.com/TIA-PARTNERS-GROUP/tia-api/internal/api/handlers/user_subscription.handler.go:59.16,62.3 2 0
github.com/TIA-PARTNERS-GROUP/tia-api/internal/api/handlers/user_subscription.handler.go:64.2,64.38 1 0
github.com/TIA-PARTNERS-GROUP/tia-api/internal/api/handlers/user_subscription.handler.go:64.38,67.3 2 0
github.com/TIA-PARTNERS-GROUP/tia-api/internal/api/handlers/user_subscription.handler.go:69.2,70.16 2 0
github.com/TIA-PARTNERS-GROUP/tia-api/internal/api/handlers/user_subscription.handler.go:70.16,73.3 2 0
github.com/TIA-PARTNERS-GROUP/tia-api/internal/api/handlers/user_subscription.handler.go:75.2,76.36 2 0
github.com/TIA-PARTNERS-GROUP/tia-api/internal/api/handlers/user_subscription.handler.go:76.36,78.3 1 0
github.com/TIA-PARTNERS-GROUP/tia-api/internal/api/handlers/user_subscription.handler.go:80.2,80.34 1 0
github.com/TIA-PARTNERS-GROUP/tia-api/internal/api/handlers/user_subscription.handler.go:97.70,100.16 3 0
github.com/TIA-PARTNERS-GROUP/tia-api/internal/api/handlers/user_subscription.handler.go:100.16,103.3 2 0
github.com/TIA-PARTNERS-GROUP/tia-api/internal/api/handlers/user_subscription.handler.go:105.2,107.16 3 0
github.com/TIA-PARTNERS-GROUP/tia-api/internal/api/handlers/user_subscription.handler.go:107.16,110.3 2 0
github.com/TIA-PARTNERS-GROUP/tia-api/internal/api/handlers/user_subscription.handler.go:112.2,113.16 2 0
github.com/TIA-PARTNERS-GROUP/tia-api/internal/api/handlers/user_subscription.handler.go:113.16,116.3 2 0
github.com/TIA-PARTNERS-GROUP/tia-api/internal/api/handlers/user_subscription.handler.go:118.2,118.38 1 0
github.com/TIA-PARTNERS-GROUP/tia-api/internal/api/handlers/user_subscription.handler.go:118.38,121.3 2 0
github.com/TIA-PARTNERS-GROUP/tia-api/internal/api/handlers/user_subscription.handler.go:123.2,124.16 2 0
github.com/TIA-PARTNERS-GROUP/tia-api/internal/api/handlers/user_subscription.handler.go:124.16,126.30 2 0
github.com/TIA-PARTNERS-GROUP/tia-api/internal/api/handlers/user_subscription.handler.go:126.30,129.4 2 0
github.com/TIA-PARTNERS-GROUP/tia-api/internal/api/handlers/user_subscription.handler.go:130.3,131.9 2 0
github.com/TIA-PARTNERS-GROUP/tia-api/internal/api/handlers/user_subscription.handler.go:134.2,134.34 1 0
github.com/TIA-PARTNERS-GROUP/tia-api/internal/api/handlers/user_subscription.handler.go:134.34,137.3 2 0
github.com/TIA-PARTNERS-GROUP/tia-api/internal/api/handlers/user_subscription.handler.go:139.2,140.16 2 0
github.com/TIA-PARTNERS-GROUP/tia-api/internal/api/handlers/user_subscription.handler.go:140.16,142.30 2 0
github.com/TIA-PARTNERS-GROUP/tia-api/internal/api/handlers/user_subscription.handler.go:142.30,145.4 2 0
github.com/TIA-PARTNERS-GROUP/tia-api/internal/api/handlers/user_subscription.handler.go:146.3,147.9 2 0
github.com/TIA-PARTNERS-GROUP/tia-api/internal/api/handlers/user_subscription.handler.go:150.2,150.32 1 0
github.com/TIA-PARTNERS-GROUP/tia-api/internal/api/routes/auth.routes.go:5.70,7.2 2 0
github.com/TIA-PARTNERS-GROUP/tia-api/internal/api/routes/auth.routes.go:7.2,11.3 3 0
github.com/TIA-PARTNERS-GROUP/tia-api/internal/api/routes/business.routes.go:5.74,8.2 2 0
github.com/TIA-PARTNERS-GROUP/tia-api/internal/api/routes/business.routes.go:8.2,17.3 6 0
github.com/TIA-PARTNERS-GROUP/tia-api/internal/api/routes/business.routes.go:17.3,21.4 3 0
github.com/TIA-PARTNERS-GROUP/tia-api/internal/api/routes/business.routes.go:24.3,25.3 2 0
github.com/TIA-PARTNERS-GROUP/tia-api/internal/api/routes/business.routes.go:25.3,28.4 2 0
github.com/TIA-PARTNERS-GROUP/tia-api/internal/api/routes/business_connections.routes.go:5.76,8.2 3 0
github.com/TIA-PARTNERS-GROUP/tia-api/internal/api/routes/business_connections.routes.go:8.2,15.3 6 0
github.com/TIA-PARTNERS-GROUP/tia-api/internal/api/routes/business_tag.routes.go:5.77,9.2 3 0
github.com/TIA-PARTNERS-GROUP/tia-api/internal/api/routes/business_tag.routes.go:9.2,11.3 1 0
github.com/TIA-PARTNERS-GROUP/tia-api/internal/api/routes/daily_activity.routes.go:5.79,7.2 2 0
github.com/TIA-PARTNERS-GROUP/tia-api/internal/api/routes/daily_activity.routes.go:7.2,15.3 5 0
github.com/TIA-PARTNERS-GROUP/tia-api/internal/api/routes/daily_activity.routes.go:15.3,20.4 3 0
github.com/TIA-PARTNERS-GROUP/tia-api/internal/api/routes/event.routes.go:5.71,7.2 2 0
github.com/TIA-PARTNERS-GROUP/tia-api/internal/api/routes/event.routes.go:7.2,13.3 3 0
github.com/TIA-PARTNERS-GROUP/tia-api/internal/api/routes/feedback.routes.go:5.74,7.2 2 0
github.com/TIA-PARTNERS-GROUP/tia-api/internal/api/routes/feedback.routes.go:7.2,13.3 4 0
github.com/TIA-PARTNERS-GROUP/tia-api/internal/api/routes/feedback.routes.go:13.3,17.4 3 0
github.com/TIA-PARTNERS-GROUP/tia-api/internal/api/routes/inferred_connection.routes.go:5.84,8.2 3 0
github.com/TIA-PARTNERS-GROUP/tia-api/internal/api/routes/inferred_connection.routes.go:8.2,11.3 2 0
github.com/TIA-PARTNERS-GROUP/tia-api/internal/api/routes/l2e.routes.go:5.69,8.2 3 0
github.com/TIA-PARTNERS-GROUP/tia-api/internal/api/routes/l2e.routes.go:8.2,10.3 1 0
github.com/TIA-PARTNERS-GROUP/tia-api/internal/api/routes/notification.routes.go:5.78,8.2 3 0
github.com/TIA-PARTNERS-GROUP/tia-api/internal/api/routes/notification.routes.go:8.2,10.3 1 0
github.com/TIA-PARTNERS-GROUP/tia-api/internal/api/routes/project.routes.go:7.73,10.2 3 0
github.com/TIA-PARTNERS-GROUP/tia-api/internal/api/routes/project.routes.go:10.2,22.3 10 0
github.com/TIA-PARTNERS-GROUP/tia-api/internal/api/routes/project.routes.go:22.3,26.4 3 0
github.com/TIA-PARTNERS-GROUP/tia-api/internal/api/routes/project.routes.go:28.3,29.3 2 0
github.com/TIA-PARTNERS-GROUP/tia-api/internal/api/routes/project.routes.go:29.3,34.4 4 0
github.com/TIA-PARTNERS-GROUP/tia-api/internal/api/routes/project.routes.go:36.3,37.3 2 0
github.com/TIA-PARTNERS-GROUP/tia-api/internal/api/routes/project.routes.go:37.3,43.4 5 0
github.com/TIA-PARTNERS-GROUP/tia-api/internal/api/routes/publication.routes.go:7.77,10.2 3 0
github.com/TIA-PARTNERS-GROUP/tia-api/internal/api/routes/publication.routes.go:10.2,20.3 6 0
github.com/TIA-PARTNERS-GROUP/tia-api/internal/api/routes/router.go:37.67,55.2 17 0
github.com/TIA-PARTNERS-GROUP/tia-api/internal/api/routes/skill.routes.go:7.71,10.2 3 0
github.com/TIA-PARTNERS-GROUP/tia-api/internal/api/routes/skill.routes.go:10.2,17.3 6 0
github.com/TIA-PARTNERS-GROUP/tia-api/internal/api/routes/subscription.routes.go:7.78,10.2 3 0
github.com/TIA-PARTNERS-GROUP/tia-api/internal/api/routes/subscription.routes.go:10.2,15.3 3 0
github.com/TIA-PARTNERS-GROUP/tia-api/internal/api/routes/user.routes.go:7.70,9.2 2 0
github.com/TIA-PARTNERS-GROUP/tia-api/internal/api/routes/user.routes.go:9.2,17.3 6 0
github.com/TIA-PARTNERS-GROUP/tia-api/internal/api/routes/user.routes.go:17.3,35.4 10 0
github.com/TIA-PARTNERS-GROUP/tia-api/internal/api/routes/user.routes.go:35.4,39.5 3 0
github.com/TIA-PARTNERS-GROUP/tia-api/internal/api/routes/user.routes.go:41.4,42.4 2 0
github.com/TIA-PARTNERS-GROUP/tia-api/internal/api/routes/user.routes.go:42.4,47.5 4 0
github.com/TIA-PARTNERS-GROUP/tia-api/internal/api/routes/user.routes.go:49.4,50.4 2 0
github.com/TIA-PARTNERS-GROUP/tia-api/internal/api/routes/user.routes.go:50.4,59.5 4 0
github.com/TIA-PARTNERS-GROUP/tia-api/pkg/utils/jwt.util.go:14.85,16.25 2 0
github.com/TIA-PARTNERS-GROUP/tia-api/pkg/utils/jwt.util.go:16.25,18.3 1 0
github.com/TIA-PARTNERS-GROUP/tia-api/pkg/utils/jwt.util.go:19.2,30.41 5 0
github.com/TIA-PARTNERS-GROUP/tia-api/pkg/utils/jwt.util.go:32.55,34.25 2 0
github.com/TIA-PARTNERS-GROUP/tia-api/pkg/utils/jwt.util.go:34.25,36.3 1 0
github.com/TIA-PARTNERS-GROUP/tia-api/pkg/utils/jwt.util.go:37.2,38.101 2 0
github.com/TIA-PARTNERS-GROUP/tia-api/pkg/utils/jwt.util.go:38.101,39.58 1 0
github.com/TIA-PARTNERS-GROUP/tia-api/pkg/utils/jwt.util.go:39.58,41.4 1 0
github.com/TIA-PARTNERS-GROUP/tia-api/pkg/utils/jwt.util.go:42.3,42.24 1 0
github.com/TIA-PARTNERS-GROUP/tia-api/pkg/utils/jwt.util.go:44.2,44.16 1 0
github.com/TIA-PARTNERS-GROUP/tia-api/pkg/utils/jwt.util.go:44.16,46.3 1 0
github.com/TIA-PARTNERS-GROUP/tia-api/pkg/utils/jwt.util.go:47.2,47.18 1 0
github.com/TIA-PARTNERS-GROUP/tia-api/pkg/utils/jwt.util.go:47.18,49.3 1 0
github.com/TIA-PARTNERS-GROUP/tia-api/pkg/utils/jwt.util.go:50.2,50.20 1 0
github.com/TIA-PARTNERS-GROUP/tia-api/pkg/utils/password.util.go:7.52,9.16 2 0
github.com/TIA-PARTNERS-GROUP/tia-api/pkg/utils/password.util.go:9.16,11.3 1 0
github.com/TIA-PARTNERS-GROUP/tia-api/pkg/utils/password.util.go:12.2,12.27 1 0
github.com/TIA-PARTNERS-GROUP/tia-api/pkg/utils/password.util.go:14.50,16.2 1 0
github.com/TIA-PARTNERS-GROUP/tia-api/pkg/utils/password.util.go:17.56,18.23 1 0
github.com/TIA-PARTNERS-GROUP/tia-api/pkg/utils/password.util.go:18.23,20.3 1 0
github.com/TIA-PARTNERS-GROUP/tia-api/pkg/utils/password.util.go:21.2,27.32 2 0
github.com/TIA-PARTNERS-GROUP/tia-api/pkg/utils/password.util.go:27.32,28.10 1 0
github.com/TIA-PARTNERS-GROUP/tia-api/pkg/utils/password.util.go:29.30,30.19 1 0
github.com/TIA-PARTNERS-GROUP/tia-api/pkg/utils/password.util.go:31.30,32.19 1 0
github.com/TIA-PARTNERS-GROUP/tia-api/pkg/utils/password.util.go:33.31,34.20 1 0
github.com/TIA-PARTNERS-GROUP/tia-api/pkg/utils/password.util.go:35.56,36.21 1 0
github.com/TIA-PARTNERS-GROUP/tia-api/pkg/utils/password.util.go:39.2,39.15 1 0
github.com/TIA-PARTNERS-GROUP/tia-api/pkg/utils/password.util.go:39.15,41.3 1 0
github.com/TIA-PARTNERS-GROUP/tia-api/pkg/utils/password.util.go:42.2,42.15 1 0
github.com/TIA-PARTNERS-GROUP/tia-api/pkg/utils/password.util.go:42.15,44.3 1 0
github.com/TIA-PARTNERS-GROUP/tia-api/pkg/utils/password.util.go:45.2,45.16 1 0
github.com/TIA-PARTNERS-GROUP/tia-api/pkg/utils/password.util.go:45.16,47.3 1 0
github.com/TIA-PARTNERS-GROUP/tia-api/pkg/utils/password.util.go:48.2,48.17 1 0
github.com/TIA-PARTNERS-GROUP/tia-api/pkg/utils/password.util.go:48.17,50.3 1 0
github.com/TIA-PARTNERS-GROUP/tia-api/pkg/utils/password.util.go:51.2,51.12 1 0
github.com/TIA-PARTNERS-GROUP/tia-api/pkg/utils/token.util.go:6.37,10.2 3 0
github.com/TIA-PARTNERS-GROUP/tia-api/test/test_util/db.go:12.20,15.16 3 0
github.com/TIA-PARTNERS-GROUP/tia-api/test/test_util/db.go:15.16,17.3 1 0
github.com/TIA-PARTNERS-GROUP/tia-api/test/test_util/db.go:19.2,30.53 2 0
github.com/TIA-PARTNERS-GROUP/tia-api/test/test_util/db.go:30.53,32.3 1 0
github.com/TIA-PARTNERS-GROUP/tia-api/test/test_util/db.go:33.2,33.13 1 0
github.com/TIA-PARTNERS-GROUP/tia-api/test/test_util/db.go:35.47,40.31 5 0
github.com/TIA-PARTNERS-GROUP/tia-api/test/test_util/db.go:40.31,43.3 2 0
github.com/TIA-PARTNERS-GROUP/tia-api/test/test_util/db.go:44.2,45.24 2 0
