{"/home/segus-faultise/Work/tia/tia-api/src/controllers/base.controller.ts": {"path":"/home/segus-faultise/Work/tia/tia-api/src/controllers/base.controller.ts","statementMap":{"0":{"start":{"line":14,"column":4},"end":{"line":17,"column":5}},"1":{"start":{"line":15,"column":6},"end":{"line":15,"column":39}},"2":{"start":{"line":16,"column":6},"end":{"line":16,"column":32}},"3":{"start":{"line":19,"column":4},"end":{"line":19,"column":58}},"4":{"start":{"line":21,"column":26},"end":{"line":21,"column":58}},"5":{"start":{"line":22,"column":4},"end":{"line":22,"column":45}},"6":{"start":{"line":24,"column":4},"end":{"line":29,"column":5}},"7":{"start":{"line":25,"column":6},"end":{"line":28,"column":8}},"8":{"start":{"line":31,"column":4},"end":{"line":35,"column":6}}},"fnMap":{"0":{"name":"(anonymous_0)","decl":{"start":{"line":13,"column":12},"end":{"line":13,"column":23}},"loc":{"start":{"line":13,"column":38},"end":{"line":36,"column":3}}}},"branchMap":{"0":{"loc":{"start":{"line":14,"column":4},"end":{"line":17,"column":5}},"type":"if","locations":[{"start":{"line":14,"column":4},"end":{"line":17,"column":5}}]},"1":{"loc":{"start":{"line":24,"column":4},"end":{"line":29,"column":5}},"type":"if","locations":[{"start":{"line":24,"column":4},"end":{"line":29,"column":5}}]},"2":{"loc":{"start":{"line":34,"column":15},"end":{"line":34,"column":67}},"type":"cond-expr","locations":[{"start":{"line":34,"column":40},"end":{"line":34,"column":51}},{"start":{"line":34,"column":54},"end":{"line":34,"column":67}}]}},"s":{"0":0,"1":0,"2":0,"3":0,"4":0,"5":0,"6":0,"7":0,"8":0},"f":{"0":0},"b":{"0":[0],"1":[0],"2":[0,0]}}
,"/home/segus-faultise/Work/tia/tia-api/src/controllers/auth/auth.controller.ts": {"path":"/home/segus-faultise/Work/tia/tia-api/src/controllers/auth/auth.controller.ts","statementMap":{"0":{"start":{"line":36,"column":7},"end":{"line":248,"column":null}},"1":{"start":{"line":69,"column":4},"end":{"line":73,"column":5}},"2":{"start":{"line":70,"column":6},"end":{"line":70,"column":72}},"3":{"start":{"line":72,"column":6},"end":{"line":72,"column":37}},"4":{"start":{"line":102,"column":4},"end":{"line":115,"column":5}},"5":{"start":{"line":103,"column":24},"end":{"line":103,"column":49}},"6":{"start":{"line":104,"column":21},"end":{"line":104,"column":37}},"7":{"start":{"line":106,"column":6},"end":{"line":108,"column":7}},"8":{"start":{"line":107,"column":8},"end":{"line":107,"column":65}},"9":{"start":{"line":110,"column":6},"end":{"line":110,"column":50}},"10":{"start":{"line":112,"column":6},"end":{"line":112,"column":65}},"11":{"start":{"line":114,"column":6},"end":{"line":114,"column":37}},"12":{"start":{"line":143,"column":4},"end":{"line":155,"column":5}},"13":{"start":{"line":144,"column":21},"end":{"line":144,"column":37}},"14":{"start":{"line":145,"column":6},"end":{"line":147,"column":7}},"15":{"start":{"line":146,"column":8},"end":{"line":146,"column":64}},"16":{"start":{"line":148,"column":28},"end":{"line":148,"column":63}},"17":{"start":{"line":149,"column":6},"end":{"line":152,"column":8}},"18":{"start":{"line":154,"column":6},"end":{"line":154,"column":37}},"19":{"start":{"line":182,"column":4},"end":{"line":210,"column":5}},"20":{"start":{"line":183,"column":35},"end":{"line":183,"column":53}},"21":{"start":{"line":185,"column":6},"end":{"line":189,"column":7}},"22":{"start":{"line":186,"column":8},"end":{"line":188,"column":10}},"23":{"start":{"line":191,"column":6},"end":{"line":207,"column":8}},"24":{"start":{"line":209,"column":6},"end":{"line":209,"column":37}},"25":{"start":{"line":238,"column":4},"end":{"line":246,"column":5}},"26":{"start":{"line":239,"column":21},"end":{"line":239,"column":37}},"27":{"start":{"line":240,"column":6},"end":{"line":242,"column":7}},"28":{"start":{"line":241,"column":8},"end":{"line":241,"column":64}},"29":{"start":{"line":243,"column":6},"end":{"line":243,"column":55}},"30":{"start":{"line":245,"column":6},"end":{"line":245,"column":37}},"31":{"start":{"line":64,"column":15},"end":{"line":74,"column":null}},"32":{"start":{"line":99,"column":15},"end":{"line":116,"column":null}},"33":{"start":{"line":140,"column":15},"end":{"line":156,"column":null}},"34":{"start":{"line":179,"column":15},"end":{"line":211,"column":null}},"35":{"start":{"line":235,"column":15},"end":{"line":247,"column":null}},"36":{"start":{"line":36,"column":13},"end":{"line":248,"column":null}}},"fnMap":{"0":{"name":"(anonymous_4)","decl":{"start":{"line":64,"column":9},"end":{"line":64,"column":14}},"loc":{"start":{"line":67,"column":49},"end":{"line":74,"column":3}}},"1":{"name":"(anonymous_5)","decl":{"start":{"line":99,"column":9},"end":{"line":99,"column":14}},"loc":{"start":{"line":100,"column":27},"end":{"line":116,"column":3}}},"2":{"name":"(anonymous_6)","decl":{"start":{"line":140,"column":9},"end":{"line":140,"column":14}},"loc":{"start":{"line":141,"column":27},"end":{"line":156,"column":3}}},"3":{"name":"(anonymous_7)","decl":{"start":{"line":179,"column":9},"end":{"line":179,"column":14}},"loc":{"start":{"line":180,"column":27},"end":{"line":211,"column":3}}},"4":{"name":"(anonymous_8)","decl":{"start":{"line":235,"column":9},"end":{"line":235,"column":14}},"loc":{"start":{"line":236,"column":27},"end":{"line":247,"column":3}}}},"branchMap":{"0":{"loc":{"start":{"line":106,"column":6},"end":{"line":108,"column":7}},"type":"if","locations":[{"start":{"line":106,"column":6},"end":{"line":108,"column":7}}]},"1":{"loc":{"start":{"line":106,"column":10},"end":{"line":106,"column":31}},"type":"binary-expr","locations":[{"start":{"line":106,"column":10},"end":{"line":106,"column":20}},{"start":{"line":106,"column":24},"end":{"line":106,"column":31}}]},"2":{"loc":{"start":{"line":145,"column":6},"end":{"line":147,"column":7}},"type":"if","locations":[{"start":{"line":145,"column":6},"end":{"line":147,"column":7}}]},"3":{"loc":{"start":{"line":183,"column":35},"end":{"line":183,"column":53}},"type":"binary-expr","locations":[{"start":{"line":183,"column":35},"end":{"line":183,"column":47}},{"start":{"line":183,"column":51},"end":{"line":183,"column":53}}]},"4":{"loc":{"start":{"line":185,"column":6},"end":{"line":189,"column":7}},"type":"if","locations":[{"start":{"line":185,"column":6},"end":{"line":189,"column":7}}]},"5":{"loc":{"start":{"line":185,"column":10},"end":{"line":185,"column":35}},"type":"binary-expr","locations":[{"start":{"line":185,"column":10},"end":{"line":185,"column":19}},{"start":{"line":185,"column":23},"end":{"line":185,"column":35}}]},"6":{"loc":{"start":{"line":240,"column":6},"end":{"line":242,"column":7}},"type":"if","locations":[{"start":{"line":240,"column":6},"end":{"line":242,"column":7}}]},"7":{"loc":{"start":{"line":68,"column":5},"end":{"line":68,"column":null}},"type":"cond-expr","locations":[{"start":{"line":68,"column":12},"end":{"line":68,"column":null}},{"start":{"line":68,"column":12},"end":{"line":68,"column":null}}]},"8":{"loc":{"start":{"line":68,"column":5},"end":{"line":68,"column":12}},"type":"binary-expr","locations":[{"start":{"line":68,"column":5},"end":{"line":68,"column":null}},{"start":{"line":68,"column":5},"end":{"line":68,"column":12}}]},"9":{"loc":{"start":{"line":101,"column":5},"end":{"line":101,"column":null}},"type":"cond-expr","locations":[{"start":{"line":101,"column":12},"end":{"line":101,"column":null}},{"start":{"line":101,"column":12},"end":{"line":101,"column":null}}]},"10":{"loc":{"start":{"line":101,"column":5},"end":{"line":101,"column":12}},"type":"binary-expr","locations":[{"start":{"line":101,"column":5},"end":{"line":101,"column":null}},{"start":{"line":101,"column":5},"end":{"line":101,"column":12}}]},"11":{"loc":{"start":{"line":142,"column":5},"end":{"line":142,"column":null}},"type":"cond-expr","locations":[{"start":{"line":142,"column":12},"end":{"line":142,"column":null}},{"start":{"line":142,"column":12},"end":{"line":142,"column":null}}]},"12":{"loc":{"start":{"line":142,"column":5},"end":{"line":142,"column":12}},"type":"binary-expr","locations":[{"start":{"line":142,"column":5},"end":{"line":142,"column":null}},{"start":{"line":142,"column":5},"end":{"line":142,"column":12}}]},"13":{"loc":{"start":{"line":181,"column":5},"end":{"line":181,"column":null}},"type":"cond-expr","locations":[{"start":{"line":181,"column":12},"end":{"line":181,"column":null}},{"start":{"line":181,"column":12},"end":{"line":181,"column":null}}]},"14":{"loc":{"start":{"line":181,"column":5},"end":{"line":181,"column":12}},"type":"binary-expr","locations":[{"start":{"line":181,"column":5},"end":{"line":181,"column":null}},{"start":{"line":181,"column":5},"end":{"line":181,"column":12}}]},"15":{"loc":{"start":{"line":237,"column":5},"end":{"line":237,"column":null}},"type":"cond-expr","locations":[{"start":{"line":237,"column":12},"end":{"line":237,"column":null}},{"start":{"line":237,"column":12},"end":{"line":237,"column":null}}]},"16":{"loc":{"start":{"line":237,"column":5},"end":{"line":237,"column":12}},"type":"binary-expr","locations":[{"start":{"line":237,"column":5},"end":{"line":237,"column":null}},{"start":{"line":237,"column":5},"end":{"line":237,"column":12}}]}},"s":{"0":0,"1":0,"2":0,"3":0,"4":0,"5":0,"6":0,"7":0,"8":0,"9":0,"10":0,"11":0,"12":0,"13":0,"14":0,"15":0,"16":0,"17":0,"18":0,"19":0,"20":0,"21":0,"22":0,"23":0,"24":0,"25":0,"26":0,"27":0,"28":0,"29":0,"30":0,"31":0,"32":0,"33":0,"34":0,"35":0,"36":0},"f":{"0":0,"1":0,"2":0,"3":0,"4":0},"b":{"0":[0],"1":[0,0],"2":[0],"3":[0,0],"4":[0],"5":[0,0],"6":[0],"7":[0,0],"8":[0,0],"9":[0,0],"10":[0,0],"11":[0,0],"12":[0,0],"13":[0,0],"14":[0,0],"15":[0,0],"16":[0,0]}}
,"/home/segus-faultise/Work/tia/tia-api/src/controllers/business_connection/business_connection.controller.ts": {"path":"/home/segus-faultise/Work/tia/tia-api/src/controllers/business_connection/business_connection.controller.ts","statementMap":{"0":{"start":{"line":36,"column":7},"end":{"line":146,"column":null}},"1":{"start":{"line":37,"column":30},"end":{"line":37,"column":61}},"2":{"start":{"line":54,"column":4},"end":{"line":65,"column":5}},"3":{"start":{"line":55,"column":25},"end":{"line":55,"column":78}},"4":{"start":{"line":56,"column":6},"end":{"line":56,"column":42}},"5":{"start":{"line":57,"column":6},"end":{"line":57,"column":24}},"6":{"start":{"line":59,"column":6},"end":{"line":62,"column":7}},"7":{"start":{"line":60,"column":8},"end":{"line":60,"column":41}},"8":{"start":{"line":61,"column":8},"end":{"line":61,"column":42}},"9":{"start":{"line":63,"column":6},"end":{"line":63,"column":56}},"10":{"start":{"line":64,"column":6},"end":{"line":64,"column":59}},"11":{"start":{"line":81,"column":4},"end":{"line":96,"column":5}},"12":{"start":{"line":82,"column":6},"end":{"line":84,"column":7}},"13":{"start":{"line":83,"column":8},"end":{"line":83,"column":76}},"14":{"start":{"line":85,"column":6},"end":{"line":88,"column":8}},"15":{"start":{"line":90,"column":6},"end":{"line":93,"column":7}},"16":{"start":{"line":91,"column":8},"end":{"line":91,"column":41}},"17":{"start":{"line":92,"column":8},"end":{"line":92,"column":42}},"18":{"start":{"line":94,"column":6},"end":{"line":94,"column":56}},"19":{"start":{"line":95,"column":6},"end":{"line":95,"column":60}},"20":{"start":{"line":112,"column":4},"end":{"line":124,"column":5}},"21":{"start":{"line":113,"column":6},"end":{"line":116,"column":8}},"22":{"start":{"line":118,"column":6},"end":{"line":121,"column":7}},"23":{"start":{"line":119,"column":8},"end":{"line":119,"column":41}},"24":{"start":{"line":120,"column":8},"end":{"line":120,"column":42}},"25":{"start":{"line":122,"column":6},"end":{"line":122,"column":56}},"26":{"start":{"line":123,"column":6},"end":{"line":123,"column":64}},"27":{"start":{"line":139,"column":6},"end":{"line":139,"column":66}},"28":{"start":{"line":140,"column":4},"end":{"line":143,"column":5}},"29":{"start":{"line":141,"column":6},"end":{"line":141,"column":44}},"30":{"start":{"line":142,"column":6},"end":{"line":142,"column":59}},"31":{"start":{"line":144,"column":4},"end":{"line":144,"column":22}},"32":{"start":{"line":51,"column":15},"end":{"line":66,"column":null}},"33":{"start":{"line":77,"column":15},"end":{"line":97,"column":null}},"34":{"start":{"line":108,"column":15},"end":{"line":125,"column":null}},"35":{"start":{"line":135,"column":15},"end":{"line":145,"column":null}},"36":{"start":{"line":36,"column":13},"end":{"line":146,"column":null}}},"fnMap":{"0":{"name":"(anonymous_4)","decl":{"start":{"line":51,"column":9},"end":{"line":51,"column":14}},"loc":{"start":{"line":52,"column":41},"end":{"line":66,"column":3}}},"1":{"name":"(anonymous_5)","decl":{"start":{"line":77,"column":9},"end":{"line":77,"column":14}},"loc":{"start":{"line":79,"column":68},"end":{"line":97,"column":3}}},"2":{"name":"(anonymous_6)","decl":{"start":{"line":108,"column":9},"end":{"line":108,"column":14}},"loc":{"start":{"line":110,"column":45},"end":{"line":125,"column":3}}},"3":{"name":"(anonymous_7)","decl":{"start":{"line":135,"column":9},"end":{"line":135,"column":14}},"loc":{"start":{"line":136,"column":60},"end":{"line":145,"column":3}}}},"branchMap":{"0":{"loc":{"start":{"line":59,"column":6},"end":{"line":62,"column":7}},"type":"if","locations":[{"start":{"line":59,"column":6},"end":{"line":62,"column":7}}]},"1":{"loc":{"start":{"line":82,"column":6},"end":{"line":84,"column":7}},"type":"if","locations":[{"start":{"line":82,"column":6},"end":{"line":84,"column":7}}]},"2":{"loc":{"start":{"line":90,"column":6},"end":{"line":93,"column":7}},"type":"if","locations":[{"start":{"line":90,"column":6},"end":{"line":93,"column":7}}]},"3":{"loc":{"start":{"line":118,"column":6},"end":{"line":121,"column":7}},"type":"if","locations":[{"start":{"line":118,"column":6},"end":{"line":121,"column":7}}]},"4":{"loc":{"start":{"line":140,"column":4},"end":{"line":143,"column":5}},"type":"if","locations":[{"start":{"line":140,"column":4},"end":{"line":143,"column":5}}]},"5":{"loc":{"start":{"line":53,"column":5},"end":{"line":53,"column":null}},"type":"cond-expr","locations":[{"start":{"line":53,"column":12},"end":{"line":53,"column":null}},{"start":{"line":53,"column":12},"end":{"line":53,"column":null}}]},"6":{"loc":{"start":{"line":53,"column":5},"end":{"line":53,"column":12}},"type":"binary-expr","locations":[{"start":{"line":53,"column":5},"end":{"line":53,"column":null}},{"start":{"line":53,"column":5},"end":{"line":53,"column":12}}]},"7":{"loc":{"start":{"line":80,"column":5},"end":{"line":80,"column":null}},"type":"cond-expr","locations":[{"start":{"line":80,"column":12},"end":{"line":80,"column":null}},{"start":{"line":80,"column":12},"end":{"line":80,"column":null}}]},"8":{"loc":{"start":{"line":80,"column":5},"end":{"line":80,"column":12}},"type":"binary-expr","locations":[{"start":{"line":80,"column":5},"end":{"line":80,"column":null}},{"start":{"line":80,"column":5},"end":{"line":80,"column":12}}]},"9":{"loc":{"start":{"line":111,"column":5},"end":{"line":111,"column":null}},"type":"cond-expr","locations":[{"start":{"line":111,"column":12},"end":{"line":111,"column":null}},{"start":{"line":111,"column":12},"end":{"line":111,"column":null}}]},"10":{"loc":{"start":{"line":111,"column":5},"end":{"line":111,"column":12}},"type":"binary-expr","locations":[{"start":{"line":111,"column":5},"end":{"line":111,"column":null}},{"start":{"line":111,"column":5},"end":{"line":111,"column":12}}]},"11":{"loc":{"start":{"line":137,"column":5},"end":{"line":137,"column":null}},"type":"cond-expr","locations":[{"start":{"line":137,"column":12},"end":{"line":137,"column":null}},{"start":{"line":137,"column":12},"end":{"line":137,"column":null}}]},"12":{"loc":{"start":{"line":137,"column":5},"end":{"line":137,"column":12}},"type":"binary-expr","locations":[{"start":{"line":137,"column":5},"end":{"line":137,"column":null}},{"start":{"line":137,"column":5},"end":{"line":137,"column":12}}]}},"s":{"0":0,"1":0,"2":0,"3":0,"4":0,"5":0,"6":0,"7":0,"8":0,"9":0,"10":0,"11":0,"12":0,"13":0,"14":0,"15":0,"16":0,"17":0,"18":0,"19":0,"20":0,"21":0,"22":0,"23":0,"24":0,"25":0,"26":0,"27":0,"28":0,"29":0,"30":0,"31":0,"32":0,"33":0,"34":0,"35":0,"36":0},"f":{"0":0,"1":0,"2":0,"3":0},"b":{"0":[0],"1":[0],"2":[0],"3":[0],"4":[0],"5":[0,0],"6":[0,0],"7":[0,0],"8":[0,0],"9":[0,0],"10":[0,0],"11":[0,0],"12":[0,0]}}
,"/home/segus-faultise/Work/tia/tia-api/src/controllers/businesses/businesses.controller.ts": {"path":"/home/segus-faultise/Work/tia/tia-api/src/controllers/businesses/businesses.controller.ts","statementMap":{"0":{"start":{"line":44,"column":7},"end":{"line":261,"column":null}},"1":{"start":{"line":45,"column":39},"end":{"line":45,"column":62}},"2":{"start":{"line":65,"column":4},"end":{"line":77,"column":5}},"3":{"start":{"line":66,"column":40},"end":{"line":73,"column":8}},"4":{"start":{"line":74,"column":6},"end":{"line":74,"column":65}},"5":{"start":{"line":76,"column":6},"end":{"line":76,"column":37}},"6":{"start":{"line":95,"column":4},"end":{"line":99,"column":5}},"7":{"start":{"line":96,"column":6},"end":{"line":96,"column":70}},"8":{"start":{"line":98,"column":6},"end":{"line":98,"column":37}},"9":{"start":{"line":126,"column":4},"end":{"line":132,"column":5}},"10":{"start":{"line":127,"column":21},"end":{"line":127,"column":70}},"11":{"start":{"line":128,"column":6},"end":{"line":128,"column":42}},"12":{"start":{"line":129,"column":6},"end":{"line":129,"column":20}},"13":{"start":{"line":131,"column":6},"end":{"line":131,"column":37}},"14":{"start":{"line":157,"column":4},"end":{"line":161,"column":5}},"15":{"start":{"line":158,"column":6},"end":{"line":158,"column":75}},"16":{"start":{"line":160,"column":6},"end":{"line":160,"column":37}},"17":{"start":{"line":185,"column":4},"end":{"line":190,"column":5}},"18":{"start":{"line":186,"column":6},"end":{"line":186,"column":62}},"19":{"start":{"line":187,"column":6},"end":{"line":187,"column":45}},"20":{"start":{"line":189,"column":6},"end":{"line":189,"column":37}},"21":{"start":{"line":206,"column":4},"end":{"line":210,"column":5}},"22":{"start":{"line":207,"column":6},"end":{"line":207,"column":68}},"23":{"start":{"line":209,"column":6},"end":{"line":209,"column":37}},"24":{"start":{"line":233,"column":4},"end":{"line":237,"column":5}},"25":{"start":{"line":234,"column":6},"end":{"line":234,"column":75}},"26":{"start":{"line":236,"column":6},"end":{"line":236,"column":37}},"27":{"start":{"line":255,"column":4},"end":{"line":259,"column":5}},"28":{"start":{"line":256,"column":6},"end":{"line":256,"column":71}},"29":{"start":{"line":258,"column":6},"end":{"line":258,"column":37}},"30":{"start":{"line":57,"column":15},"end":{"line":78,"column":null}},"31":{"start":{"line":92,"column":15},"end":{"line":100,"column":null}},"32":{"start":{"line":123,"column":15},"end":{"line":133,"column":null}},"33":{"start":{"line":153,"column":15},"end":{"line":162,"column":null}},"34":{"start":{"line":182,"column":15},"end":{"line":191,"column":null}},"35":{"start":{"line":203,"column":15},"end":{"line":211,"column":null}},"36":{"start":{"line":230,"column":15},"end":{"line":238,"column":null}},"37":{"start":{"line":252,"column":15},"end":{"line":260,"column":null}},"38":{"start":{"line":44,"column":13},"end":{"line":261,"column":null}}},"fnMap":{"0":{"name":"(anonymous_4)","decl":{"start":{"line":57,"column":9},"end":{"line":57,"column":14}},"loc":{"start":{"line":63,"column":38},"end":{"line":78,"column":3}}},"1":{"name":"(anonymous_5)","decl":{"start":{"line":92,"column":9},"end":{"line":92,"column":14}},"loc":{"start":{"line":93,"column":30},"end":{"line":100,"column":3}}},"2":{"name":"(anonymous_6)","decl":{"start":{"line":123,"column":9},"end":{"line":123,"column":14}},"loc":{"start":{"line":124,"column":37},"end":{"line":133,"column":3}}},"3":{"name":"(anonymous_7)","decl":{"start":{"line":153,"column":9},"end":{"line":153,"column":14}},"loc":{"start":{"line":155,"column":37},"end":{"line":162,"column":3}}},"4":{"name":"(anonymous_8)","decl":{"start":{"line":182,"column":9},"end":{"line":182,"column":14}},"loc":{"start":{"line":183,"column":30},"end":{"line":191,"column":3}}},"5":{"name":"(anonymous_9)","decl":{"start":{"line":203,"column":9},"end":{"line":203,"column":14}},"loc":{"start":{"line":204,"column":26},"end":{"line":211,"column":3}}},"6":{"name":"(anonymous_10)","decl":{"start":{"line":230,"column":9},"end":{"line":230,"column":14}},"loc":{"start":{"line":231,"column":30},"end":{"line":238,"column":3}}},"7":{"name":"(anonymous_11)","decl":{"start":{"line":252,"column":9},"end":{"line":252,"column":14}},"loc":{"start":{"line":253,"column":30},"end":{"line":260,"column":3}}}},"branchMap":{"0":{"loc":{"start":{"line":64,"column":5},"end":{"line":64,"column":null}},"type":"cond-expr","locations":[{"start":{"line":64,"column":12},"end":{"line":64,"column":null}},{"start":{"line":64,"column":12},"end":{"line":64,"column":null}}]},"1":{"loc":{"start":{"line":64,"column":5},"end":{"line":64,"column":12}},"type":"binary-expr","locations":[{"start":{"line":64,"column":5},"end":{"line":64,"column":null}},{"start":{"line":64,"column":5},"end":{"line":64,"column":12}}]},"2":{"loc":{"start":{"line":94,"column":5},"end":{"line":94,"column":null}},"type":"cond-expr","locations":[{"start":{"line":94,"column":12},"end":{"line":94,"column":null}},{"start":{"line":94,"column":12},"end":{"line":94,"column":null}}]},"3":{"loc":{"start":{"line":94,"column":5},"end":{"line":94,"column":12}},"type":"binary-expr","locations":[{"start":{"line":94,"column":5},"end":{"line":94,"column":null}},{"start":{"line":94,"column":5},"end":{"line":94,"column":12}}]},"4":{"loc":{"start":{"line":124,"column":18},"end":{"line":124,"column":null}},"type":"cond-expr","locations":[{"start":{"line":124,"column":37},"end":{"line":124,"column":null}},{"start":{"line":124,"column":37},"end":{"line":124,"column":null}}]},"5":{"loc":{"start":{"line":124,"column":18},"end":{"line":124,"column":37}},"type":"binary-expr","locations":[{"start":{"line":124,"column":18},"end":{"line":124,"column":null}},{"start":{"line":124,"column":18},"end":{"line":124,"column":37}}]},"6":{"loc":{"start":{"line":125,"column":5},"end":{"line":125,"column":null}},"type":"cond-expr","locations":[{"start":{"line":125,"column":12},"end":{"line":125,"column":null}},{"start":{"line":125,"column":12},"end":{"line":125,"column":null}}]},"7":{"loc":{"start":{"line":125,"column":5},"end":{"line":125,"column":12}},"type":"binary-expr","locations":[{"start":{"line":125,"column":5},"end":{"line":125,"column":null}},{"start":{"line":125,"column":5},"end":{"line":125,"column":12}}]},"8":{"loc":{"start":{"line":155,"column":18},"end":{"line":155,"column":null}},"type":"cond-expr","locations":[{"start":{"line":155,"column":37},"end":{"line":155,"column":null}},{"start":{"line":155,"column":37},"end":{"line":155,"column":null}}]},"9":{"loc":{"start":{"line":155,"column":18},"end":{"line":155,"column":37}},"type":"binary-expr","locations":[{"start":{"line":155,"column":18},"end":{"line":155,"column":null}},{"start":{"line":155,"column":18},"end":{"line":155,"column":37}}]},"10":{"loc":{"start":{"line":156,"column":5},"end":{"line":156,"column":null}},"type":"cond-expr","locations":[{"start":{"line":156,"column":12},"end":{"line":156,"column":null}},{"start":{"line":156,"column":12},"end":{"line":156,"column":null}}]},"11":{"loc":{"start":{"line":156,"column":5},"end":{"line":156,"column":12}},"type":"binary-expr","locations":[{"start":{"line":156,"column":5},"end":{"line":156,"column":null}},{"start":{"line":156,"column":5},"end":{"line":156,"column":12}}]},"12":{"loc":{"start":{"line":184,"column":5},"end":{"line":184,"column":null}},"type":"cond-expr","locations":[{"start":{"line":184,"column":12},"end":{"line":184,"column":null}},{"start":{"line":184,"column":12},"end":{"line":184,"column":null}}]},"13":{"loc":{"start":{"line":184,"column":5},"end":{"line":184,"column":12}},"type":"binary-expr","locations":[{"start":{"line":184,"column":5},"end":{"line":184,"column":null}},{"start":{"line":184,"column":5},"end":{"line":184,"column":12}}]},"14":{"loc":{"start":{"line":205,"column":5},"end":{"line":205,"column":null}},"type":"cond-expr","locations":[{"start":{"line":205,"column":12},"end":{"line":205,"column":null}},{"start":{"line":205,"column":12},"end":{"line":205,"column":null}}]},"15":{"loc":{"start":{"line":205,"column":5},"end":{"line":205,"column":12}},"type":"binary-expr","locations":[{"start":{"line":205,"column":5},"end":{"line":205,"column":null}},{"start":{"line":205,"column":5},"end":{"line":205,"column":12}}]},"16":{"loc":{"start":{"line":232,"column":5},"end":{"line":232,"column":null}},"type":"cond-expr","locations":[{"start":{"line":232,"column":12},"end":{"line":232,"column":null}},{"start":{"line":232,"column":12},"end":{"line":232,"column":null}}]},"17":{"loc":{"start":{"line":232,"column":5},"end":{"line":232,"column":12}},"type":"binary-expr","locations":[{"start":{"line":232,"column":5},"end":{"line":232,"column":null}},{"start":{"line":232,"column":5},"end":{"line":232,"column":12}}]},"18":{"loc":{"start":{"line":254,"column":5},"end":{"line":254,"column":null}},"type":"cond-expr","locations":[{"start":{"line":254,"column":12},"end":{"line":254,"column":null}},{"start":{"line":254,"column":12},"end":{"line":254,"column":null}}]},"19":{"loc":{"start":{"line":254,"column":5},"end":{"line":254,"column":12}},"type":"binary-expr","locations":[{"start":{"line":254,"column":5},"end":{"line":254,"column":null}},{"start":{"line":254,"column":5},"end":{"line":254,"column":12}}]}},"s":{"0":0,"1":0,"2":0,"3":0,"4":0,"5":0,"6":0,"7":0,"8":0,"9":0,"10":0,"11":0,"12":0,"13":0,"14":0,"15":0,"16":0,"17":0,"18":0,"19":0,"20":0,"21":0,"22":0,"23":0,"24":0,"25":0,"26":0,"27":0,"28":0,"29":0,"30":0,"31":0,"32":0,"33":0,"34":0,"35":0,"36":0,"37":0,"38":0},"f":{"0":0,"1":0,"2":0,"3":0,"4":0,"5":0,"6":0,"7":0},"b":{"0":[0,0],"1":[0,0],"2":[0,0],"3":[0,0],"4":[0,0],"5":[0,0],"6":[0,0],"7":[0,0],"8":[0,0],"9":[0,0],"10":[0,0],"11":[0,0],"12":[0,0],"13":[0,0],"14":[0,0],"15":[0,0],"16":[0,0],"17":[0,0],"18":[0,0],"19":[0,0]}}
,"/home/segus-faultise/Work/tia/tia-api/src/controllers/projects/project.controller.ts": {"path":"/home/segus-faultise/Work/tia/tia-api/src/controllers/projects/project.controller.ts","statementMap":{"0":{"start":{"line":38,"column":7},"end":{"line":284,"column":null}},"1":{"start":{"line":39,"column":27},"end":{"line":39,"column":47}},"2":{"start":{"line":55,"column":4},"end":{"line":66,"column":5}},"3":{"start":{"line":56,"column":22},"end":{"line":56,"column":67}},"4":{"start":{"line":57,"column":6},"end":{"line":57,"column":42}},"5":{"start":{"line":58,"column":6},"end":{"line":58,"column":21}},"6":{"start":{"line":60,"column":6},"end":{"line":63,"column":7}},"7":{"start":{"line":61,"column":8},"end":{"line":61,"column":41}},"8":{"start":{"line":62,"column":8},"end":{"line":62,"column":42}},"9":{"start":{"line":64,"column":6},"end":{"line":64,"column":56}},"10":{"start":{"line":65,"column":6},"end":{"line":65,"column":54}},"11":{"start":{"line":80,"column":20},"end":{"line":80,"column":71}},"12":{"start":{"line":81,"column":4},"end":{"line":84,"column":5}},"13":{"start":{"line":82,"column":6},"end":{"line":82,"column":44}},"14":{"start":{"line":83,"column":6},"end":{"line":83,"column":47}},"15":{"start":{"line":85,"column":4},"end":{"line":85,"column":19}},"16":{"start":{"line":104,"column":4},"end":{"line":113,"column":5}},"17":{"start":{"line":105,"column":6},"end":{"line":105,"column":70}},"18":{"start":{"line":107,"column":6},"end":{"line":110,"column":7}},"19":{"start":{"line":108,"column":8},"end":{"line":108,"column":41}},"20":{"start":{"line":109,"column":8},"end":{"line":109,"column":42}},"21":{"start":{"line":111,"column":6},"end":{"line":111,"column":56}},"22":{"start":{"line":112,"column":6},"end":{"line":112,"column":54}},"23":{"start":{"line":128,"column":20},"end":{"line":128,"column":70}},"24":{"start":{"line":129,"column":4},"end":{"line":132,"column":5}},"25":{"start":{"line":130,"column":6},"end":{"line":130,"column":44}},"26":{"start":{"line":131,"column":6},"end":{"line":131,"column":47}},"27":{"start":{"line":133,"column":4},"end":{"line":133,"column":43}},"28":{"start":{"line":149,"column":4},"end":{"line":158,"column":5}},"29":{"start":{"line":150,"column":6},"end":{"line":150,"column":72}},"30":{"start":{"line":152,"column":6},"end":{"line":155,"column":7}},"31":{"start":{"line":153,"column":8},"end":{"line":153,"column":41}},"32":{"start":{"line":154,"column":8},"end":{"line":154,"column":42}},"33":{"start":{"line":156,"column":6},"end":{"line":156,"column":56}},"34":{"start":{"line":157,"column":6},"end":{"line":157,"column":56}},"35":{"start":{"line":176,"column":4},"end":{"line":192,"column":5}},"36":{"start":{"line":177,"column":21},"end":{"line":179,"column":null}},"37":{"start":{"line":181,"column":6},"end":{"line":183,"column":7}},"38":{"start":{"line":182,"column":8},"end":{"line":182,"column":79}},"39":{"start":{"line":184,"column":6},"end":{"line":184,"column":20}},"40":{"start":{"line":186,"column":6},"end":{"line":189,"column":7}},"41":{"start":{"line":187,"column":8},"end":{"line":187,"column":41}},"42":{"start":{"line":188,"column":8},"end":{"line":188,"column":42}},"43":{"start":{"line":190,"column":6},"end":{"line":190,"column":56}},"44":{"start":{"line":191,"column":6},"end":{"line":191,"column":55}},"45":{"start":{"line":209,"column":4},"end":{"line":220,"column":5}},"46":{"start":{"line":210,"column":21},"end":{"line":210,"column":73}},"47":{"start":{"line":211,"column":6},"end":{"line":211,"column":42}},"48":{"start":{"line":212,"column":6},"end":{"line":212,"column":20}},"49":{"start":{"line":214,"column":6},"end":{"line":217,"column":7}},"50":{"start":{"line":215,"column":8},"end":{"line":215,"column":41}},"51":{"start":{"line":216,"column":8},"end":{"line":216,"column":42}},"52":{"start":{"line":218,"column":6},"end":{"line":218,"column":56}},"53":{"start":{"line":219,"column":6},"end":{"line":219,"column":50}},"54":{"start":{"line":237,"column":4},"end":{"line":250,"column":5}},"55":{"start":{"line":238,"column":6},"end":{"line":242,"column":8}},"56":{"start":{"line":244,"column":6},"end":{"line":247,"column":7}},"57":{"start":{"line":245,"column":8},"end":{"line":245,"column":41}},"58":{"start":{"line":246,"column":8},"end":{"line":246,"column":42}},"59":{"start":{"line":248,"column":6},"end":{"line":248,"column":56}},"60":{"start":{"line":249,"column":6},"end":{"line":249,"column":58}},"61":{"start":{"line":269,"column":4},"end":{"line":282,"column":5}},"62":{"start":{"line":270,"column":22},"end":{"line":270,"column":79}},"63":{"start":{"line":271,"column":6},"end":{"line":273,"column":7}},"64":{"start":{"line":272,"column":8},"end":{"line":272,"column":79}},"65":{"start":{"line":274,"column":6},"end":{"line":274,"column":45}},"66":{"start":{"line":276,"column":6},"end":{"line":279,"column":7}},"67":{"start":{"line":277,"column":8},"end":{"line":277,"column":41}},"68":{"start":{"line":278,"column":8},"end":{"line":278,"column":42}},"69":{"start":{"line":280,"column":6},"end":{"line":280,"column":56}},"70":{"start":{"line":281,"column":6},"end":{"line":281,"column":53}},"71":{"start":{"line":52,"column":15},"end":{"line":67,"column":null}},"72":{"start":{"line":77,"column":15},"end":{"line":86,"column":null}},"73":{"start":{"line":100,"column":15},"end":{"line":114,"column":null}},"74":{"start":{"line":125,"column":15},"end":{"line":134,"column":null}},"75":{"start":{"line":146,"column":15},"end":{"line":159,"column":null}},"76":{"start":{"line":172,"column":15},"end":{"line":193,"column":null}},"77":{"start":{"line":205,"column":15},"end":{"line":221,"column":null}},"78":{"start":{"line":232,"column":15},"end":{"line":251,"column":null}},"79":{"start":{"line":265,"column":15},"end":{"line":283,"column":null}},"80":{"start":{"line":38,"column":13},"end":{"line":284,"column":null}}},"fnMap":{"0":{"name":"(anonymous_4)","decl":{"start":{"line":52,"column":9},"end":{"line":52,"column":14}},"loc":{"start":{"line":53,"column":36},"end":{"line":67,"column":3}}},"1":{"name":"(anonymous_5)","decl":{"start":{"line":77,"column":9},"end":{"line":77,"column":14}},"loc":{"start":{"line":78,"column":51},"end":{"line":86,"column":3}}},"2":{"name":"(anonymous_6)","decl":{"start":{"line":100,"column":9},"end":{"line":100,"column":14}},"loc":{"start":{"line":102,"column":36},"end":{"line":114,"column":3}}},"3":{"name":"(anonymous_7)","decl":{"start":{"line":125,"column":9},"end":{"line":125,"column":14}},"loc":{"start":{"line":126,"column":51},"end":{"line":134,"column":3}}},"4":{"name":"(anonymous_8)","decl":{"start":{"line":146,"column":9},"end":{"line":146,"column":14}},"loc":{"start":{"line":147,"column":51},"end":{"line":159,"column":3}}},"5":{"name":"(anonymous_9)","decl":{"start":{"line":172,"column":9},"end":{"line":172,"column":14}},"loc":{"start":{"line":174,"column":26},"end":{"line":193,"column":3}}},"6":{"name":"(anonymous_10)","decl":{"start":{"line":205,"column":9},"end":{"line":205,"column":14}},"loc":{"start":{"line":207,"column":32},"end":{"line":221,"column":3}}},"7":{"name":"(anonymous_11)","decl":{"start":{"line":232,"column":9},"end":{"line":232,"column":14}},"loc":{"start":{"line":235,"column":39},"end":{"line":251,"column":3}}},"8":{"name":"(anonymous_12)","decl":{"start":{"line":265,"column":9},"end":{"line":265,"column":14}},"loc":{"start":{"line":267,"column":26},"end":{"line":283,"column":3}}}},"branchMap":{"0":{"loc":{"start":{"line":60,"column":6},"end":{"line":63,"column":7}},"type":"if","locations":[{"start":{"line":60,"column":6},"end":{"line":63,"column":7}}]},"1":{"loc":{"start":{"line":81,"column":4},"end":{"line":84,"column":5}},"type":"if","locations":[{"start":{"line":81,"column":4},"end":{"line":84,"column":5}}]},"2":{"loc":{"start":{"line":107,"column":6},"end":{"line":110,"column":7}},"type":"if","locations":[{"start":{"line":107,"column":6},"end":{"line":110,"column":7}}]},"3":{"loc":{"start":{"line":129,"column":4},"end":{"line":132,"column":5}},"type":"if","locations":[{"start":{"line":129,"column":4},"end":{"line":132,"column":5}}]},"4":{"loc":{"start":{"line":152,"column":6},"end":{"line":155,"column":7}},"type":"if","locations":[{"start":{"line":152,"column":6},"end":{"line":155,"column":7}}]},"5":{"loc":{"start":{"line":181,"column":6},"end":{"line":183,"column":7}},"type":"if","locations":[{"start":{"line":181,"column":6},"end":{"line":183,"column":7}}]},"6":{"loc":{"start":{"line":186,"column":6},"end":{"line":189,"column":7}},"type":"if","locations":[{"start":{"line":186,"column":6},"end":{"line":189,"column":7}}]},"7":{"loc":{"start":{"line":214,"column":6},"end":{"line":217,"column":7}},"type":"if","locations":[{"start":{"line":214,"column":6},"end":{"line":217,"column":7}}]},"8":{"loc":{"start":{"line":244,"column":6},"end":{"line":247,"column":7}},"type":"if","locations":[{"start":{"line":244,"column":6},"end":{"line":247,"column":7}}]},"9":{"loc":{"start":{"line":271,"column":6},"end":{"line":273,"column":7}},"type":"if","locations":[{"start":{"line":271,"column":6},"end":{"line":273,"column":7}}]},"10":{"loc":{"start":{"line":276,"column":6},"end":{"line":279,"column":7}},"type":"if","locations":[{"start":{"line":276,"column":6},"end":{"line":279,"column":7}}]},"11":{"loc":{"start":{"line":54,"column":5},"end":{"line":54,"column":null}},"type":"cond-expr","locations":[{"start":{"line":54,"column":12},"end":{"line":54,"column":null}},{"start":{"line":54,"column":12},"end":{"line":54,"column":null}}]},"12":{"loc":{"start":{"line":54,"column":5},"end":{"line":54,"column":12}},"type":"binary-expr","locations":[{"start":{"line":54,"column":5},"end":{"line":54,"column":null}},{"start":{"line":54,"column":5},"end":{"line":54,"column":12}}]},"13":{"loc":{"start":{"line":79,"column":5},"end":{"line":79,"column":null}},"type":"cond-expr","locations":[{"start":{"line":79,"column":12},"end":{"line":79,"column":null}},{"start":{"line":79,"column":12},"end":{"line":79,"column":null}}]},"14":{"loc":{"start":{"line":79,"column":5},"end":{"line":79,"column":12}},"type":"binary-expr","locations":[{"start":{"line":79,"column":5},"end":{"line":79,"column":null}},{"start":{"line":79,"column":5},"end":{"line":79,"column":12}}]},"15":{"loc":{"start":{"line":103,"column":5},"end":{"line":103,"column":null}},"type":"cond-expr","locations":[{"start":{"line":103,"column":12},"end":{"line":103,"column":null}},{"start":{"line":103,"column":12},"end":{"line":103,"column":null}}]},"16":{"loc":{"start":{"line":103,"column":5},"end":{"line":103,"column":12}},"type":"binary-expr","locations":[{"start":{"line":103,"column":5},"end":{"line":103,"column":null}},{"start":{"line":103,"column":5},"end":{"line":103,"column":12}}]},"17":{"loc":{"start":{"line":127,"column":5},"end":{"line":127,"column":null}},"type":"cond-expr","locations":[{"start":{"line":127,"column":12},"end":{"line":127,"column":null}},{"start":{"line":127,"column":12},"end":{"line":127,"column":null}}]},"18":{"loc":{"start":{"line":127,"column":5},"end":{"line":127,"column":12}},"type":"binary-expr","locations":[{"start":{"line":127,"column":5},"end":{"line":127,"column":null}},{"start":{"line":127,"column":5},"end":{"line":127,"column":12}}]},"19":{"loc":{"start":{"line":148,"column":5},"end":{"line":148,"column":null}},"type":"cond-expr","locations":[{"start":{"line":148,"column":12},"end":{"line":148,"column":null}},{"start":{"line":148,"column":12},"end":{"line":148,"column":null}}]},"20":{"loc":{"start":{"line":148,"column":5},"end":{"line":148,"column":12}},"type":"binary-expr","locations":[{"start":{"line":148,"column":5},"end":{"line":148,"column":null}},{"start":{"line":148,"column":5},"end":{"line":148,"column":12}}]},"21":{"loc":{"start":{"line":175,"column":5},"end":{"line":175,"column":null}},"type":"cond-expr","locations":[{"start":{"line":175,"column":12},"end":{"line":175,"column":null}},{"start":{"line":175,"column":12},"end":{"line":175,"column":null}}]},"22":{"loc":{"start":{"line":175,"column":5},"end":{"line":175,"column":12}},"type":"binary-expr","locations":[{"start":{"line":175,"column":5},"end":{"line":175,"column":null}},{"start":{"line":175,"column":5},"end":{"line":175,"column":12}}]},"23":{"loc":{"start":{"line":208,"column":5},"end":{"line":208,"column":null}},"type":"cond-expr","locations":[{"start":{"line":208,"column":12},"end":{"line":208,"column":null}},{"start":{"line":208,"column":12},"end":{"line":208,"column":null}}]},"24":{"loc":{"start":{"line":208,"column":5},"end":{"line":208,"column":12}},"type":"binary-expr","locations":[{"start":{"line":208,"column":5},"end":{"line":208,"column":null}},{"start":{"line":208,"column":5},"end":{"line":208,"column":12}}]},"25":{"loc":{"start":{"line":236,"column":5},"end":{"line":236,"column":null}},"type":"cond-expr","locations":[{"start":{"line":236,"column":12},"end":{"line":236,"column":null}},{"start":{"line":236,"column":12},"end":{"line":236,"column":null}}]},"26":{"loc":{"start":{"line":236,"column":5},"end":{"line":236,"column":12}},"type":"binary-expr","locations":[{"start":{"line":236,"column":5},"end":{"line":236,"column":null}},{"start":{"line":236,"column":5},"end":{"line":236,"column":12}}]},"27":{"loc":{"start":{"line":268,"column":5},"end":{"line":268,"column":null}},"type":"cond-expr","locations":[{"start":{"line":268,"column":12},"end":{"line":268,"column":null}},{"start":{"line":268,"column":12},"end":{"line":268,"column":null}}]},"28":{"loc":{"start":{"line":268,"column":5},"end":{"line":268,"column":12}},"type":"binary-expr","locations":[{"start":{"line":268,"column":5},"end":{"line":268,"column":null}},{"start":{"line":268,"column":5},"end":{"line":268,"column":12}}]}},"s":{"0":0,"1":0,"2":0,"3":0,"4":0,"5":0,"6":0,"7":0,"8":0,"9":0,"10":0,"11":0,"12":0,"13":0,"14":0,"15":0,"16":0,"17":0,"18":0,"19":0,"20":0,"21":0,"22":0,"23":0,"24":0,"25":0,"26":0,"27":0,"28":0,"29":0,"30":0,"31":0,"32":0,"33":0,"34":0,"35":0,"36":0,"37":0,"38":0,"39":0,"40":0,"41":0,"42":0,"43":0,"44":0,"45":0,"46":0,"47":0,"48":0,"49":0,"50":0,"51":0,"52":0,"53":0,"54":0,"55":0,"56":0,"57":0,"58":0,"59":0,"60":0,"61":0,"62":0,"63":0,"64":0,"65":0,"66":0,"67":0,"68":0,"69":0,"70":0,"71":0,"72":0,"73":0,"74":0,"75":0,"76":0,"77":0,"78":0,"79":0,"80":0},"f":{"0":0,"1":0,"2":0,"3":0,"4":0,"5":0,"6":0,"7":0,"8":0},"b":{"0":[0],"1":[0],"2":[0],"3":[0],"4":[0],"5":[0],"6":[0],"7":[0],"8":[0],"9":[0],"10":[0],"11":[0,0],"12":[0,0],"13":[0,0],"14":[0,0],"15":[0,0],"16":[0,0],"17":[0,0],"18":[0,0],"19":[0,0],"20":[0,0],"21":[0,0],"22":[0,0],"23":[0,0],"24":[0,0],"25":[0,0],"26":[0,0],"27":[0,0],"28":[0,0]}}
,"/home/segus-faultise/Work/tia/tia-api/src/controllers/skills/skills.controler.ts": {"path":"/home/segus-faultise/Work/tia/tia-api/src/controllers/skills/skills.controler.ts","statementMap":{"0":{"start":{"line":45,"column":7},"end":{"line":210,"column":null}},"1":{"start":{"line":46,"column":39},"end":{"line":46,"column":62}},"2":{"start":{"line":62,"column":4},"end":{"line":66,"column":5}},"3":{"start":{"line":63,"column":6},"end":{"line":63,"column":64}},"4":{"start":{"line":65,"column":6},"end":{"line":65,"column":37}},"5":{"start":{"line":89,"column":4},"end":{"line":93,"column":5}},"6":{"start":{"line":90,"column":6},"end":{"line":90,"column":76}},"7":{"start":{"line":92,"column":6},"end":{"line":92,"column":37}},"8":{"start":{"line":120,"column":4},"end":{"line":126,"column":5}},"9":{"start":{"line":121,"column":21},"end":{"line":121,"column":71}},"10":{"start":{"line":122,"column":6},"end":{"line":122,"column":42}},"11":{"start":{"line":123,"column":6},"end":{"line":123,"column":20}},"12":{"start":{"line":125,"column":6},"end":{"line":125,"column":37}},"13":{"start":{"line":151,"column":4},"end":{"line":159,"column":5}},"14":{"start":{"line":152,"column":6},"end":{"line":156,"column":8}},"15":{"start":{"line":158,"column":6},"end":{"line":158,"column":37}},"16":{"start":{"line":183,"column":4},"end":{"line":188,"column":5}},"17":{"start":{"line":184,"column":6},"end":{"line":184,"column":68}},"18":{"start":{"line":185,"column":6},"end":{"line":185,"column":45}},"19":{"start":{"line":187,"column":6},"end":{"line":187,"column":37}},"20":{"start":{"line":204,"column":4},"end":{"line":208,"column":5}},"21":{"start":{"line":205,"column":6},"end":{"line":205,"column":67}},"22":{"start":{"line":207,"column":6},"end":{"line":207,"column":37}},"23":{"start":{"line":59,"column":15},"end":{"line":67,"column":null}},"24":{"start":{"line":85,"column":15},"end":{"line":94,"column":null}},"25":{"start":{"line":117,"column":15},"end":{"line":127,"column":null}},"26":{"start":{"line":146,"column":15},"end":{"line":160,"column":null}},"27":{"start":{"line":179,"column":15},"end":{"line":189,"column":null}},"28":{"start":{"line":201,"column":15},"end":{"line":209,"column":null}},"29":{"start":{"line":45,"column":13},"end":{"line":210,"column":null}}},"fnMap":{"0":{"name":"(anonymous_4)","decl":{"start":{"line":59,"column":9},"end":{"line":59,"column":14}},"loc":{"start":{"line":60,"column":26},"end":{"line":67,"column":3}}},"1":{"name":"(anonymous_5)","decl":{"start":{"line":85,"column":9},"end":{"line":85,"column":14}},"loc":{"start":{"line":87,"column":26},"end":{"line":94,"column":3}}},"2":{"name":"(anonymous_6)","decl":{"start":{"line":117,"column":9},"end":{"line":117,"column":14}},"loc":{"start":{"line":118,"column":38},"end":{"line":127,"column":3}}},"3":{"name":"(anonymous_7)","decl":{"start":{"line":146,"column":9},"end":{"line":146,"column":14}},"loc":{"start":{"line":149,"column":38},"end":{"line":160,"column":3}}},"4":{"name":"(anonymous_8)","decl":{"start":{"line":179,"column":9},"end":{"line":179,"column":14}},"loc":{"start":{"line":181,"column":26},"end":{"line":189,"column":3}}},"5":{"name":"(anonymous_9)","decl":{"start":{"line":201,"column":9},"end":{"line":201,"column":14}},"loc":{"start":{"line":202,"column":27},"end":{"line":209,"column":3}}}},"branchMap":{"0":{"loc":{"start":{"line":61,"column":5},"end":{"line":61,"column":null}},"type":"cond-expr","locations":[{"start":{"line":61,"column":12},"end":{"line":61,"column":null}},{"start":{"line":61,"column":12},"end":{"line":61,"column":null}}]},"1":{"loc":{"start":{"line":61,"column":5},"end":{"line":61,"column":12}},"type":"binary-expr","locations":[{"start":{"line":61,"column":5},"end":{"line":61,"column":null}},{"start":{"line":61,"column":5},"end":{"line":61,"column":12}}]},"2":{"loc":{"start":{"line":88,"column":5},"end":{"line":88,"column":null}},"type":"cond-expr","locations":[{"start":{"line":88,"column":12},"end":{"line":88,"column":null}},{"start":{"line":88,"column":12},"end":{"line":88,"column":null}}]},"3":{"loc":{"start":{"line":88,"column":5},"end":{"line":88,"column":12}},"type":"binary-expr","locations":[{"start":{"line":88,"column":5},"end":{"line":88,"column":null}},{"start":{"line":88,"column":5},"end":{"line":88,"column":12}}]},"4":{"loc":{"start":{"line":118,"column":18},"end":{"line":118,"column":null}},"type":"cond-expr","locations":[{"start":{"line":118,"column":38},"end":{"line":118,"column":null}},{"start":{"line":118,"column":38},"end":{"line":118,"column":null}}]},"5":{"loc":{"start":{"line":118,"column":18},"end":{"line":118,"column":38}},"type":"binary-expr","locations":[{"start":{"line":118,"column":18},"end":{"line":118,"column":null}},{"start":{"line":118,"column":18},"end":{"line":118,"column":38}}]},"6":{"loc":{"start":{"line":119,"column":5},"end":{"line":119,"column":null}},"type":"cond-expr","locations":[{"start":{"line":119,"column":12},"end":{"line":119,"column":null}},{"start":{"line":119,"column":12},"end":{"line":119,"column":null}}]},"7":{"loc":{"start":{"line":119,"column":5},"end":{"line":119,"column":12}},"type":"binary-expr","locations":[{"start":{"line":119,"column":5},"end":{"line":119,"column":null}},{"start":{"line":119,"column":5},"end":{"line":119,"column":12}}]},"8":{"loc":{"start":{"line":149,"column":18},"end":{"line":149,"column":null}},"type":"cond-expr","locations":[{"start":{"line":149,"column":38},"end":{"line":149,"column":null}},{"start":{"line":149,"column":38},"end":{"line":149,"column":null}}]},"9":{"loc":{"start":{"line":149,"column":18},"end":{"line":149,"column":38}},"type":"binary-expr","locations":[{"start":{"line":149,"column":18},"end":{"line":149,"column":null}},{"start":{"line":149,"column":18},"end":{"line":149,"column":38}}]},"10":{"loc":{"start":{"line":150,"column":5},"end":{"line":150,"column":null}},"type":"cond-expr","locations":[{"start":{"line":150,"column":12},"end":{"line":150,"column":null}},{"start":{"line":150,"column":12},"end":{"line":150,"column":null}}]},"11":{"loc":{"start":{"line":150,"column":5},"end":{"line":150,"column":12}},"type":"binary-expr","locations":[{"start":{"line":150,"column":5},"end":{"line":150,"column":null}},{"start":{"line":150,"column":5},"end":{"line":150,"column":12}}]},"12":{"loc":{"start":{"line":182,"column":5},"end":{"line":182,"column":null}},"type":"cond-expr","locations":[{"start":{"line":182,"column":12},"end":{"line":182,"column":null}},{"start":{"line":182,"column":12},"end":{"line":182,"column":null}}]},"13":{"loc":{"start":{"line":182,"column":5},"end":{"line":182,"column":12}},"type":"binary-expr","locations":[{"start":{"line":182,"column":5},"end":{"line":182,"column":null}},{"start":{"line":182,"column":5},"end":{"line":182,"column":12}}]},"14":{"loc":{"start":{"line":203,"column":5},"end":{"line":203,"column":null}},"type":"cond-expr","locations":[{"start":{"line":203,"column":12},"end":{"line":203,"column":null}},{"start":{"line":203,"column":12},"end":{"line":203,"column":null}}]},"15":{"loc":{"start":{"line":203,"column":5},"end":{"line":203,"column":12}},"type":"binary-expr","locations":[{"start":{"line":203,"column":5},"end":{"line":203,"column":null}},{"start":{"line":203,"column":5},"end":{"line":203,"column":12}}]}},"s":{"0":0,"1":0,"2":0,"3":0,"4":0,"5":0,"6":0,"7":0,"8":0,"9":0,"10":0,"11":0,"12":0,"13":0,"14":0,"15":0,"16":0,"17":0,"18":0,"19":0,"20":0,"21":0,"22":0,"23":0,"24":0,"25":0,"26":0,"27":0,"28":0,"29":0},"f":{"0":0,"1":0,"2":0,"3":0,"4":0,"5":0},"b":{"0":[0,0],"1":[0,0],"2":[0,0],"3":[0,0],"4":[0,0],"5":[0,0],"6":[0,0],"7":[0,0],"8":[0,0],"9":[0,0],"10":[0,0],"11":[0,0],"12":[0,0],"13":[0,0],"14":[0,0],"15":[0,0]}}
,"/home/segus-faultise/Work/tia/tia-api/src/controllers/user/user.controller.ts": {"path":"/home/segus-faultise/Work/tia/tia-api/src/controllers/user/user.controller.ts","statementMap":{"0":{"start":{"line":43,"column":7},"end":{"line":217,"column":null}},"1":{"start":{"line":59,"column":4},"end":{"line":63,"column":5}},"2":{"start":{"line":60,"column":6},"end":{"line":60,"column":46}},"3":{"start":{"line":62,"column":6},"end":{"line":62,"column":37}},"4":{"start":{"line":88,"column":4},"end":{"line":96,"column":5}},"5":{"start":{"line":89,"column":19},"end":{"line":89,"column":53}},"6":{"start":{"line":90,"column":6},"end":{"line":92,"column":7}},"7":{"start":{"line":91,"column":8},"end":{"line":91,"column":67}},"8":{"start":{"line":93,"column":6},"end":{"line":93,"column":18}},"9":{"start":{"line":95,"column":6},"end":{"line":95,"column":37}},"10":{"start":{"line":136,"column":4},"end":{"line":142,"column":5}},"11":{"start":{"line":137,"column":22},"end":{"line":137,"column":63}},"12":{"start":{"line":138,"column":6},"end":{"line":138,"column":42}},"13":{"start":{"line":139,"column":6},"end":{"line":139,"column":21}},"14":{"start":{"line":141,"column":6},"end":{"line":141,"column":37}},"15":{"start":{"line":179,"column":4},"end":{"line":183,"column":5}},"16":{"start":{"line":180,"column":6},"end":{"line":180,"column":59}},"17":{"start":{"line":182,"column":6},"end":{"line":182,"column":37}},"18":{"start":{"line":210,"column":4},"end":{"line":215,"column":5}},"19":{"start":{"line":211,"column":6},"end":{"line":211,"column":39}},"20":{"start":{"line":212,"column":6},"end":{"line":212,"column":45}},"21":{"start":{"line":214,"column":6},"end":{"line":214,"column":37}},"22":{"start":{"line":58,"column":15},"end":{"line":64,"column":null}},"23":{"start":{"line":85,"column":15},"end":{"line":97,"column":null}},"24":{"start":{"line":133,"column":15},"end":{"line":143,"column":null}},"25":{"start":{"line":175,"column":15},"end":{"line":184,"column":null}},"26":{"start":{"line":207,"column":15},"end":{"line":216,"column":null}},"27":{"start":{"line":43,"column":13},"end":{"line":217,"column":null}}},"fnMap":{"0":{"name":"(anonymous_4)","decl":{"start":{"line":58,"column":9},"end":{"line":58,"column":14}},"loc":{"start":{"line":58,"column":26},"end":{"line":64,"column":3}}},"1":{"name":"(anonymous_5)","decl":{"start":{"line":85,"column":9},"end":{"line":85,"column":14}},"loc":{"start":{"line":86,"column":22},"end":{"line":97,"column":3}}},"2":{"name":"(anonymous_6)","decl":{"start":{"line":133,"column":9},"end":{"line":133,"column":14}},"loc":{"start":{"line":134,"column":40},"end":{"line":143,"column":3}}},"3":{"name":"(anonymous_7)","decl":{"start":{"line":175,"column":9},"end":{"line":175,"column":14}},"loc":{"start":{"line":177,"column":40},"end":{"line":184,"column":3}}},"4":{"name":"(anonymous_8)","decl":{"start":{"line":207,"column":9},"end":{"line":207,"column":14}},"loc":{"start":{"line":208,"column":22},"end":{"line":216,"column":3}}}},"branchMap":{"0":{"loc":{"start":{"line":90,"column":6},"end":{"line":92,"column":7}},"type":"if","locations":[{"start":{"line":90,"column":6},"end":{"line":92,"column":7}}]},"1":{"loc":{"start":{"line":58,"column":30},"end":{"line":58,"column":null}},"type":"cond-expr","locations":[{"start":{"line":58,"column":37},"end":{"line":58,"column":null}},{"start":{"line":58,"column":37},"end":{"line":58,"column":null}}]},"2":{"loc":{"start":{"line":58,"column":30},"end":{"line":58,"column":37}},"type":"binary-expr","locations":[{"start":{"line":58,"column":30},"end":{"line":58,"column":null}},{"start":{"line":58,"column":30},"end":{"line":58,"column":37}}]},"3":{"loc":{"start":{"line":87,"column":5},"end":{"line":87,"column":null}},"type":"cond-expr","locations":[{"start":{"line":87,"column":12},"end":{"line":87,"column":null}},{"start":{"line":87,"column":12},"end":{"line":87,"column":null}}]},"4":{"loc":{"start":{"line":87,"column":5},"end":{"line":87,"column":12}},"type":"binary-expr","locations":[{"start":{"line":87,"column":5},"end":{"line":87,"column":null}},{"start":{"line":87,"column":5},"end":{"line":87,"column":12}}]},"5":{"loc":{"start":{"line":135,"column":5},"end":{"line":135,"column":null}},"type":"cond-expr","locations":[{"start":{"line":135,"column":12},"end":{"line":135,"column":null}},{"start":{"line":135,"column":12},"end":{"line":135,"column":null}}]},"6":{"loc":{"start":{"line":135,"column":5},"end":{"line":135,"column":12}},"type":"binary-expr","locations":[{"start":{"line":135,"column":5},"end":{"line":135,"column":null}},{"start":{"line":135,"column":5},"end":{"line":135,"column":12}}]},"7":{"loc":{"start":{"line":178,"column":5},"end":{"line":178,"column":null}},"type":"cond-expr","locations":[{"start":{"line":178,"column":12},"end":{"line":178,"column":null}},{"start":{"line":178,"column":12},"end":{"line":178,"column":null}}]},"8":{"loc":{"start":{"line":178,"column":5},"end":{"line":178,"column":12}},"type":"binary-expr","locations":[{"start":{"line":178,"column":5},"end":{"line":178,"column":null}},{"start":{"line":178,"column":5},"end":{"line":178,"column":12}}]},"9":{"loc":{"start":{"line":209,"column":5},"end":{"line":209,"column":null}},"type":"cond-expr","locations":[{"start":{"line":209,"column":12},"end":{"line":209,"column":null}},{"start":{"line":209,"column":12},"end":{"line":209,"column":null}}]},"10":{"loc":{"start":{"line":209,"column":5},"end":{"line":209,"column":12}},"type":"binary-expr","locations":[{"start":{"line":209,"column":5},"end":{"line":209,"column":null}},{"start":{"line":209,"column":5},"end":{"line":209,"column":12}}]}},"s":{"0":0,"1":0,"2":0,"3":0,"4":0,"5":0,"6":0,"7":0,"8":0,"9":0,"10":0,"11":0,"12":0,"13":0,"14":0,"15":0,"16":0,"17":0,"18":0,"19":0,"20":0,"21":0,"22":0,"23":0,"24":0,"25":0,"26":0,"27":0},"f":{"0":0,"1":0,"2":0,"3":0,"4":0},"b":{"0":[0],"1":[0,0],"2":[0,0],"3":[0,0],"4":[0,0],"5":[0,0],"6":[0,0],"7":[0,0],"8":[0,0],"9":[0,0],"10":[0,0]}}
,"/home/segus-faultise/Work/tia/tia-api/src/controllers/user_skills/user_skills.controller.ts": {"path":"/home/segus-faultise/Work/tia/tia-api/src/controllers/user_skills/user_skills.controller.ts","statementMap":{"0":{"start":{"line":45,"column":7},"end":{"line":235,"column":null}},"1":{"start":{"line":46,"column":39},"end":{"line":46,"column":62}},"2":{"start":{"line":62,"column":4},"end":{"line":66,"column":5}},"3":{"start":{"line":63,"column":6},"end":{"line":63,"column":64}},"4":{"start":{"line":65,"column":6},"end":{"line":65,"column":37}},"5":{"start":{"line":89,"column":4},"end":{"line":93,"column":5}},"6":{"start":{"line":90,"column":6},"end":{"line":90,"column":76}},"7":{"start":{"line":92,"column":6},"end":{"line":92,"column":37}},"8":{"start":{"line":120,"column":4},"end":{"line":126,"column":5}},"9":{"start":{"line":121,"column":21},"end":{"line":121,"column":71}},"10":{"start":{"line":122,"column":6},"end":{"line":122,"column":42}},"11":{"start":{"line":123,"column":6},"end":{"line":123,"column":20}},"12":{"start":{"line":125,"column":6},"end":{"line":125,"column":37}},"13":{"start":{"line":151,"column":4},"end":{"line":159,"column":5}},"14":{"start":{"line":152,"column":6},"end":{"line":156,"column":8}},"15":{"start":{"line":158,"column":6},"end":{"line":158,"column":37}},"16":{"start":{"line":183,"column":4},"end":{"line":188,"column":5}},"17":{"start":{"line":184,"column":6},"end":{"line":184,"column":68}},"18":{"start":{"line":185,"column":6},"end":{"line":185,"column":45}},"19":{"start":{"line":187,"column":6},"end":{"line":187,"column":37}},"20":{"start":{"line":204,"column":4},"end":{"line":208,"column":5}},"21":{"start":{"line":205,"column":6},"end":{"line":205,"column":67}},"22":{"start":{"line":207,"column":6},"end":{"line":207,"column":37}},"23":{"start":{"line":226,"column":4},"end":{"line":233,"column":5}},"24":{"start":{"line":227,"column":6},"end":{"line":230,"column":8}},"25":{"start":{"line":232,"column":6},"end":{"line":232,"column":37}},"26":{"start":{"line":59,"column":15},"end":{"line":67,"column":null}},"27":{"start":{"line":85,"column":15},"end":{"line":94,"column":null}},"28":{"start":{"line":117,"column":15},"end":{"line":127,"column":null}},"29":{"start":{"line":146,"column":15},"end":{"line":160,"column":null}},"30":{"start":{"line":179,"column":15},"end":{"line":189,"column":null}},"31":{"start":{"line":201,"column":15},"end":{"line":209,"column":null}},"32":{"start":{"line":222,"column":15},"end":{"line":234,"column":null}},"33":{"start":{"line":45,"column":13},"end":{"line":235,"column":null}}},"fnMap":{"0":{"name":"(anonymous_4)","decl":{"start":{"line":59,"column":9},"end":{"line":59,"column":14}},"loc":{"start":{"line":60,"column":26},"end":{"line":67,"column":3}}},"1":{"name":"(anonymous_5)","decl":{"start":{"line":85,"column":9},"end":{"line":85,"column":14}},"loc":{"start":{"line":87,"column":26},"end":{"line":94,"column":3}}},"2":{"name":"(anonymous_6)","decl":{"start":{"line":117,"column":9},"end":{"line":117,"column":14}},"loc":{"start":{"line":118,"column":38},"end":{"line":127,"column":3}}},"3":{"name":"(anonymous_7)","decl":{"start":{"line":146,"column":9},"end":{"line":146,"column":14}},"loc":{"start":{"line":149,"column":38},"end":{"line":160,"column":3}}},"4":{"name":"(anonymous_8)","decl":{"start":{"line":179,"column":9},"end":{"line":179,"column":14}},"loc":{"start":{"line":181,"column":26},"end":{"line":189,"column":3}}},"5":{"name":"(anonymous_9)","decl":{"start":{"line":201,"column":9},"end":{"line":201,"column":14}},"loc":{"start":{"line":202,"column":27},"end":{"line":209,"column":3}}},"6":{"name":"(anonymous_10)","decl":{"start":{"line":222,"column":9},"end":{"line":222,"column":14}},"loc":{"start":{"line":224,"column":36},"end":{"line":234,"column":3}}}},"branchMap":{"0":{"loc":{"start":{"line":61,"column":5},"end":{"line":61,"column":null}},"type":"cond-expr","locations":[{"start":{"line":61,"column":12},"end":{"line":61,"column":null}},{"start":{"line":61,"column":12},"end":{"line":61,"column":null}}]},"1":{"loc":{"start":{"line":61,"column":5},"end":{"line":61,"column":12}},"type":"binary-expr","locations":[{"start":{"line":61,"column":5},"end":{"line":61,"column":null}},{"start":{"line":61,"column":5},"end":{"line":61,"column":12}}]},"2":{"loc":{"start":{"line":88,"column":5},"end":{"line":88,"column":null}},"type":"cond-expr","locations":[{"start":{"line":88,"column":12},"end":{"line":88,"column":null}},{"start":{"line":88,"column":12},"end":{"line":88,"column":null}}]},"3":{"loc":{"start":{"line":88,"column":5},"end":{"line":88,"column":12}},"type":"binary-expr","locations":[{"start":{"line":88,"column":5},"end":{"line":88,"column":null}},{"start":{"line":88,"column":5},"end":{"line":88,"column":12}}]},"4":{"loc":{"start":{"line":118,"column":18},"end":{"line":118,"column":null}},"type":"cond-expr","locations":[{"start":{"line":118,"column":38},"end":{"line":118,"column":null}},{"start":{"line":118,"column":38},"end":{"line":118,"column":null}}]},"5":{"loc":{"start":{"line":118,"column":18},"end":{"line":118,"column":38}},"type":"binary-expr","locations":[{"start":{"line":118,"column":18},"end":{"line":118,"column":null}},{"start":{"line":118,"column":18},"end":{"line":118,"column":38}}]},"6":{"loc":{"start":{"line":119,"column":5},"end":{"line":119,"column":null}},"type":"cond-expr","locations":[{"start":{"line":119,"column":12},"end":{"line":119,"column":null}},{"start":{"line":119,"column":12},"end":{"line":119,"column":null}}]},"7":{"loc":{"start":{"line":119,"column":5},"end":{"line":119,"column":12}},"type":"binary-expr","locations":[{"start":{"line":119,"column":5},"end":{"line":119,"column":null}},{"start":{"line":119,"column":5},"end":{"line":119,"column":12}}]},"8":{"loc":{"start":{"line":149,"column":18},"end":{"line":149,"column":null}},"type":"cond-expr","locations":[{"start":{"line":149,"column":38},"end":{"line":149,"column":null}},{"start":{"line":149,"column":38},"end":{"line":149,"column":null}}]},"9":{"loc":{"start":{"line":149,"column":18},"end":{"line":149,"column":38}},"type":"binary-expr","locations":[{"start":{"line":149,"column":18},"end":{"line":149,"column":null}},{"start":{"line":149,"column":18},"end":{"line":149,"column":38}}]},"10":{"loc":{"start":{"line":150,"column":5},"end":{"line":150,"column":null}},"type":"cond-expr","locations":[{"start":{"line":150,"column":12},"end":{"line":150,"column":null}},{"start":{"line":150,"column":12},"end":{"line":150,"column":null}}]},"11":{"loc":{"start":{"line":150,"column":5},"end":{"line":150,"column":12}},"type":"binary-expr","locations":[{"start":{"line":150,"column":5},"end":{"line":150,"column":null}},{"start":{"line":150,"column":5},"end":{"line":150,"column":12}}]},"12":{"loc":{"start":{"line":182,"column":5},"end":{"line":182,"column":null}},"type":"cond-expr","locations":[{"start":{"line":182,"column":12},"end":{"line":182,"column":null}},{"start":{"line":182,"column":12},"end":{"line":182,"column":null}}]},"13":{"loc":{"start":{"line":182,"column":5},"end":{"line":182,"column":12}},"type":"binary-expr","locations":[{"start":{"line":182,"column":5},"end":{"line":182,"column":null}},{"start":{"line":182,"column":5},"end":{"line":182,"column":12}}]},"14":{"loc":{"start":{"line":203,"column":5},"end":{"line":203,"column":null}},"type":"cond-expr","locations":[{"start":{"line":203,"column":12},"end":{"line":203,"column":null}},{"start":{"line":203,"column":12},"end":{"line":203,"column":null}}]},"15":{"loc":{"start":{"line":203,"column":5},"end":{"line":203,"column":12}},"type":"binary-expr","locations":[{"start":{"line":203,"column":5},"end":{"line":203,"column":null}},{"start":{"line":203,"column":5},"end":{"line":203,"column":12}}]},"16":{"loc":{"start":{"line":225,"column":5},"end":{"line":225,"column":null}},"type":"cond-expr","locations":[{"start":{"line":225,"column":12},"end":{"line":225,"column":null}},{"start":{"line":225,"column":12},"end":{"line":225,"column":null}}]},"17":{"loc":{"start":{"line":225,"column":5},"end":{"line":225,"column":12}},"type":"binary-expr","locations":[{"start":{"line":225,"column":5},"end":{"line":225,"column":null}},{"start":{"line":225,"column":5},"end":{"line":225,"column":12}}]}},"s":{"0":0,"1":0,"2":0,"3":0,"4":0,"5":0,"6":0,"7":0,"8":0,"9":0,"10":0,"11":0,"12":0,"13":0,"14":0,"15":0,"16":0,"17":0,"18":0,"19":0,"20":0,"21":0,"22":0,"23":0,"24":0,"25":0,"26":0,"27":0,"28":0,"29":0,"30":0,"31":0,"32":0,"33":0},"f":{"0":0,"1":0,"2":0,"3":0,"4":0,"5":0,"6":0},"b":{"0":[0,0],"1":[0,0],"2":[0,0],"3":[0,0],"4":[0,0],"5":[0,0],"6":[0,0],"7":[0,0],"8":[0,0],"9":[0,0],"10":[0,0],"11":[0,0],"12":[0,0],"13":[0,0],"14":[0,0],"15":[0,0],"16":[0,0],"17":[0,0]}}
,"/home/segus-faultise/Work/tia/tia-api/src/middleware/auth.middleware.ts": {"path":"/home/segus-faultise/Work/tia/tia-api/src/middleware/auth.middleware.ts","statementMap":{"0":{"start":{"line":11,"column":2},"end":{"line":28,"column":3}},"1":{"start":{"line":12,"column":23},"end":{"line":12,"column":52}},"2":{"start":{"line":13,"column":18},"end":{"line":13,"column":56}},"3":{"start":{"line":15,"column":4},"end":{"line":17,"column":5}},"4":{"start":{"line":16,"column":6},"end":{"line":16,"column":76}},"5":{"start":{"line":19,"column":4},"end":{"line":27,"column":5}},"6":{"start":{"line":20,"column":32},"end":{"line":20,"column":70}},"7":{"start":{"line":21,"column":6},"end":{"line":21,"column":34}},"8":{"start":{"line":23,"column":6},"end":{"line":26,"column":8}},"9":{"start":{"line":30,"column":2},"end":{"line":33,"column":4}}},"fnMap":{"0":{"name":"expressAuthentication","decl":{"start":{"line":6,"column":22},"end":{"line":6,"column":43}},"loc":{"start":{"line":9,"column":20},"end":{"line":34,"column":1}}}},"branchMap":{"0":{"loc":{"start":{"line":11,"column":2},"end":{"line":28,"column":3}},"type":"if","locations":[{"start":{"line":11,"column":2},"end":{"line":28,"column":3}}]},"1":{"loc":{"start":{"line":13,"column":18},"end":{"line":13,"column":56}},"type":"binary-expr","locations":[{"start":{"line":13,"column":18},"end":{"line":13,"column":28}},{"start":{"line":13,"column":32},"end":{"line":13,"column":56}}]},"2":{"loc":{"start":{"line":15,"column":4},"end":{"line":17,"column":5}},"type":"if","locations":[{"start":{"line":15,"column":4},"end":{"line":17,"column":5}}]}},"s":{"0":0,"1":0,"2":0,"3":0,"4":0,"5":0,"6":0,"7":0,"8":0,"9":0},"f":{"0":0},"b":{"0":[0],"1":[0,0],"2":[0]}}
,"/home/segus-faultise/Work/tia/tia-api/src/middleware/ratelimit.middleware.ts": {"path":"/home/segus-faultise/Work/tia/tia-api/src/middleware/ratelimit.middleware.ts","statementMap":{"0":{"start":{"line":3,"column":28},"end":{"line":11,"column":2}},"1":{"start":{"line":13,"column":26},"end":{"line":21,"column":2}},"2":{"start":{"line":23,"column":32},"end":{"line":31,"column":2}}},"fnMap":{},"branchMap":{},"s":{"0":0,"1":0,"2":0},"f":{},"b":{}}
,"/home/segus-faultise/Work/tia/tia-api/src/services/auth/auth.service.ts": {"path":"/home/segus-faultise/Work/tia/tia-api/src/services/auth/auth.service.ts","statementMap":{"0":{"start":{"line":21,"column":38},"end":{"line":21,"column":47}},"1":{"start":{"line":22,"column":17},"end":{"line":35,"column":6}},"2":{"start":{"line":37,"column":4},"end":{"line":39,"column":5}},"3":{"start":{"line":38,"column":6},"end":{"line":38,"column":80}},"4":{"start":{"line":41,"column":4},"end":{"line":43,"column":5}},"5":{"start":{"line":42,"column":6},"end":{"line":42,"column":77}},"6":{"start":{"line":45,"column":4},"end":{"line":50,"column":5}},"7":{"start":{"line":46,"column":6},"end":{"line":49,"column":8}},"8":{"start":{"line":52,"column":28},"end":{"line":54,"column":null}},"9":{"start":{"line":56,"column":4},"end":{"line":58,"column":5}},"10":{"start":{"line":57,"column":6},"end":{"line":57,"column":80}},"11":{"start":{"line":60,"column":29},"end":{"line":60,"column":52}},"12":{"start":{"line":61,"column":29},"end":{"line":65,"column":6}},"13":{"start":{"line":67,"column":4},"end":{"line":67,"column":54}},"14":{"start":{"line":67,"column":19},"end":{"line":67,"column":54}},"15":{"start":{"line":68,"column":4},"end":{"line":68,"column":54}},"16":{"start":{"line":68,"column":19},"end":{"line":68,"column":54}},"17":{"start":{"line":70,"column":20},"end":{"line":72,"column":6}},"18":{"start":{"line":74,"column":22},"end":{"line":78,"column":6}},"19":{"start":{"line":80,"column":4},"end":{"line":86,"column":7}},"20":{"start":{"line":88,"column":54},"end":{"line":88,"column":58}},"21":{"start":{"line":90,"column":4},"end":{"line":96,"column":6}},"22":{"start":{"line":103,"column":20},"end":{"line":112,"column":6}},"23":{"start":{"line":114,"column":4},"end":{"line":114,"column":29}},"24":{"start":{"line":121,"column":19},"end":{"line":130,"column":6}},"25":{"start":{"line":132,"column":4},"end":{"line":132,"column":24}},"26":{"start":{"line":141,"column":4},"end":{"line":194,"column":5}},"27":{"start":{"line":142,"column":6},"end":{"line":142,"column":34}},"28":{"start":{"line":143,"column":24},"end":{"line":143,"column":49}},"29":{"start":{"line":145,"column":22},"end":{"line":164,"column":8}},"30":{"start":{"line":166,"column":6},"end":{"line":171,"column":7}},"31":{"start":{"line":167,"column":8},"end":{"line":170,"column":10}},"32":{"start":{"line":173,"column":6},"end":{"line":175,"column":7}},"33":{"start":{"line":174,"column":8},"end":{"line":174,"column":79}},"34":{"start":{"line":177,"column":6},"end":{"line":185,"column":8}},"35":{"start":{"line":187,"column":6},"end":{"line":189,"column":7}},"36":{"start":{"line":188,"column":8},"end":{"line":188,"column":20}},"37":{"start":{"line":190,"column":6},"end":{"line":193,"column":8}},"38":{"start":{"line":201,"column":21},"end":{"line":217,"column":6}},"39":{"start":{"line":219,"column":4},"end":{"line":219,"column":20}},"40":{"start":{"line":226,"column":4},"end":{"line":240,"column":6}},"41":{"start":{"line":229,"column":8},"end":{"line":237,"column":9}},"42":{"start":{"line":230,"column":10},"end":{"line":230,"column":57}},"43":{"start":{"line":231,"column":31},"end":{"line":231,"column":66}},"44":{"start":{"line":232,"column":10},"end":{"line":234,"column":12}},"45":{"start":{"line":236,"column":10},"end":{"line":236,"column":58}},"46":{"start":{"line":242,"column":4},"end":{"line":242,"column":27}},"47":{"start":{"line":249,"column":4},"end":{"line":252,"column":5}},"48":{"start":{"line":250,"column":6},"end":{"line":250,"column":30}},"49":{"start":{"line":251,"column":6},"end":{"line":251,"column":49}},"50":{"start":{"line":259,"column":4},"end":{"line":262,"column":5}},"51":{"start":{"line":260,"column":6},"end":{"line":260,"column":29}},"52":{"start":{"line":261,"column":6},"end":{"line":261,"column":49}},"53":{"start":{"line":269,"column":19},"end":{"line":273,"column":6}},"54":{"start":{"line":275,"column":4},"end":{"line":275,"column":24}},"55":{"start":{"line":282,"column":20},"end":{"line":282,"column":55}},"56":{"start":{"line":283,"column":4},"end":{"line":283,"column":23}}},"fnMap":{"0":{"name":"(anonymous_0)","decl":{"start":{"line":16,"column":2},"end":{"line":16,"column":8}},"loc":{"start":{"line":19,"column":22},"end":{"line":97,"column":3}}},"1":{"name":"(anonymous_1)","decl":{"start":{"line":102,"column":2},"end":{"line":102,"column":8}},"loc":{"start":{"line":102,"column":55},"end":{"line":115,"column":3}}},"2":{"name":"(anonymous_2)","decl":{"start":{"line":120,"column":2},"end":{"line":120,"column":8}},"loc":{"start":{"line":120,"column":39},"end":{"line":133,"column":3}}},"3":{"name":"(anonymous_3)","decl":{"start":{"line":138,"column":2},"end":{"line":138,"column":8}},"loc":{"start":{"line":139,"column":17},"end":{"line":195,"column":3}}},"4":{"name":"(anonymous_4)","decl":{"start":{"line":200,"column":2},"end":{"line":200,"column":8}},"loc":{"start":{"line":200,"column":45},"end":{"line":220,"column":3}}},"5":{"name":"(anonymous_5)","decl":{"start":{"line":225,"column":2},"end":{"line":225,"column":8}},"loc":{"start":{"line":225,"column":33},"end":{"line":243,"column":3}}},"6":{"name":"(anonymous_6)","decl":{"start":{"line":228,"column":6},"end":{"line":228,"column":11}},"loc":{"start":{"line":228,"column":17},"end":{"line":238,"column":7}}},"7":{"name":"(anonymous_7)","decl":{"start":{"line":248,"column":2},"end":{"line":248,"column":8}},"loc":{"start":{"line":248,"column":28},"end":{"line":253,"column":3}}},"8":{"name":"(anonymous_8)","decl":{"start":{"line":258,"column":2},"end":{"line":258,"column":8}},"loc":{"start":{"line":258,"column":27},"end":{"line":263,"column":3}}},"9":{"name":"(anonymous_9)","decl":{"start":{"line":268,"column":2},"end":{"line":268,"column":8}},"loc":{"start":{"line":268,"column":37},"end":{"line":276,"column":3}}},"10":{"name":"(anonymous_10)","decl":{"start":{"line":281,"column":2},"end":{"line":281,"column":8}},"loc":{"start":{"line":281,"column":28},"end":{"line":284,"column":3}}}},"branchMap":{"0":{"loc":{"start":{"line":37,"column":4},"end":{"line":39,"column":5}},"type":"if","locations":[{"start":{"line":37,"column":4},"end":{"line":39,"column":5}}]},"1":{"loc":{"start":{"line":41,"column":4},"end":{"line":43,"column":5}},"type":"if","locations":[{"start":{"line":41,"column":4},"end":{"line":43,"column":5}}]},"2":{"loc":{"start":{"line":45,"column":4},"end":{"line":50,"column":5}},"type":"if","locations":[{"start":{"line":45,"column":4},"end":{"line":50,"column":5}}]},"3":{"loc":{"start":{"line":56,"column":4},"end":{"line":58,"column":5}},"type":"if","locations":[{"start":{"line":56,"column":4},"end":{"line":58,"column":5}}]},"4":{"loc":{"start":{"line":67,"column":4},"end":{"line":67,"column":54}},"type":"if","locations":[{"start":{"line":67,"column":4},"end":{"line":67,"column":54}}]},"5":{"loc":{"start":{"line":68,"column":4},"end":{"line":68,"column":54}},"type":"if","locations":[{"start":{"line":68,"column":4},"end":{"line":68,"column":54}}]},"6":{"loc":{"start":{"line":166,"column":6},"end":{"line":171,"column":7}},"type":"if","locations":[{"start":{"line":166,"column":6},"end":{"line":171,"column":7}}]},"7":{"loc":{"start":{"line":173,"column":6},"end":{"line":175,"column":7}},"type":"if","locations":[{"start":{"line":173,"column":6},"end":{"line":175,"column":7}}]},"8":{"loc":{"start":{"line":187,"column":6},"end":{"line":189,"column":7}},"type":"if","locations":[{"start":{"line":187,"column":6},"end":{"line":189,"column":7}}]},"9":{"loc":{"start":{"line":249,"column":4},"end":{"line":252,"column":5}},"type":"if","locations":[{"start":{"line":249,"column":4},"end":{"line":252,"column":5}}]},"10":{"loc":{"start":{"line":259,"column":4},"end":{"line":262,"column":5}},"type":"if","locations":[{"start":{"line":259,"column":4},"end":{"line":262,"column":5}}]}},"s":{"0":0,"1":0,"2":0,"3":0,"4":0,"5":0,"6":0,"7":0,"8":0,"9":0,"10":0,"11":0,"12":0,"13":0,"14":0,"15":0,"16":0,"17":0,"18":0,"19":0,"20":0,"21":0,"22":0,"23":0,"24":0,"25":0,"26":0,"27":0,"28":0,"29":0,"30":0,"31":0,"32":0,"33":0,"34":0,"35":0,"36":0,"37":0,"38":0,"39":0,"40":0,"41":0,"42":0,"43":0,"44":0,"45":0,"46":0,"47":0,"48":0,"49":0,"50":0,"51":0,"52":0,"53":0,"54":0,"55":0,"56":0},"f":{"0":0,"1":0,"2":0,"3":0,"4":0,"5":0,"6":0,"7":0,"8":0,"9":0,"10":0},"b":{"0":[0],"1":[0],"2":[0],"3":[0],"4":[0],"5":[0],"6":[0],"7":[0],"8":[0],"9":[0],"10":[0]}}
,"/home/segus-faultise/Work/tia/tia-api/src/services/business_connection/business_connection.service.ts": {"path":"/home/segus-faultise/Work/tia/tia-api/src/services/business_connection/business_connection.service.ts","statementMap":{"0":{"start":{"line":25,"column":40},"end":{"line":62,"column":1}},"1":{"start":{"line":35,"column":6},"end":{"line":35,"column":22}},"2":{"start":{"line":37,"column":61},"end":{"line":41,"column":4}},"3":{"start":{"line":43,"column":60},"end":{"line":47,"column":4}},"4":{"start":{"line":49,"column":54},"end":{"line":54,"column":4}},"5":{"start":{"line":56,"column":2},"end":{"line":61,"column":34}},"6":{"start":{"line":76,"column":4},"end":{"line":107,"column":5}},"7":{"start":{"line":77,"column":25},"end":{"line":87,"column":8}},"8":{"start":{"line":89,"column":6},"end":{"line":89,"column":57}},"9":{"start":{"line":91,"column":6},"end":{"line":96,"column":7}},"10":{"start":{"line":92,"column":8},"end":{"line":95,"column":10}},"11":{"start":{"line":97,"column":6},"end":{"line":102,"column":7}},"12":{"start":{"line":98,"column":8},"end":{"line":101,"column":10}},"13":{"start":{"line":103,"column":6},"end":{"line":106,"column":8}},"14":{"start":{"line":118,"column":23},"end":{"line":125,"column":6}},"15":{"start":{"line":127,"column":4},"end":{"line":127,"column":33}},"16":{"start":{"line":127,"column":21},"end":{"line":127,"column":33}},"17":{"start":{"line":129,"column":4},"end":{"line":129,"column":55}},"18":{"start":{"line":143,"column":4},"end":{"line":166,"column":5}},"19":{"start":{"line":144,"column":32},"end":{"line":152,"column":8}},"20":{"start":{"line":154,"column":6},"end":{"line":154,"column":64}},"21":{"start":{"line":156,"column":6},"end":{"line":161,"column":7}},"22":{"start":{"line":157,"column":8},"end":{"line":160,"column":10}},"23":{"start":{"line":162,"column":6},"end":{"line":165,"column":8}},"24":{"start":{"line":179,"column":4},"end":{"line":206,"column":5}},"25":{"start":{"line":180,"column":26},"end":{"line":198,"column":8}},"26":{"start":{"line":200,"column":6},"end":{"line":200,"column":56}},"27":{"start":{"line":202,"column":6},"end":{"line":205,"column":8}}},"fnMap":{"0":{"name":"(anonymous_0)","decl":{"start":{"line":25,"column":40},"end":{"line":25,"column":null}},"loc":{"start":{"line":27,"column":32},"end":{"line":62,"column":1}}},"1":{"name":"(anonymous_1)","decl":{"start":{"line":73,"column":9},"end":{"line":73,"column":14}},"loc":{"start":{"line":74,"column":33},"end":{"line":108,"column":3}}},"2":{"name":"(anonymous_2)","decl":{"start":{"line":115,"column":9},"end":{"line":115,"column":14}},"loc":{"start":{"line":116,"column":24},"end":{"line":130,"column":3}}},"3":{"name":"(anonymous_3)","decl":{"start":{"line":139,"column":9},"end":{"line":139,"column":14}},"loc":{"start":{"line":141,"column":37},"end":{"line":167,"column":3}}},"4":{"name":"(anonymous_4)","decl":{"start":{"line":175,"column":9},"end":{"line":175,"column":14}},"loc":{"start":{"line":177,"column":59},"end":{"line":207,"column":3}}}},"branchMap":{"0":{"loc":{"start":{"line":91,"column":6},"end":{"line":96,"column":7}},"type":"if","locations":[{"start":{"line":91,"column":6},"end":{"line":96,"column":7}}]},"1":{"loc":{"start":{"line":97,"column":6},"end":{"line":102,"column":7}},"type":"if","locations":[{"start":{"line":97,"column":6},"end":{"line":102,"column":7}}]},"2":{"loc":{"start":{"line":127,"column":4},"end":{"line":127,"column":33}},"type":"if","locations":[{"start":{"line":127,"column":4},"end":{"line":127,"column":33}}]},"3":{"loc":{"start":{"line":156,"column":6},"end":{"line":161,"column":7}},"type":"if","locations":[{"start":{"line":156,"column":6},"end":{"line":161,"column":7}}]},"4":{"loc":{"start":{"line":186,"column":14},"end":{"line":186,"column":42}},"type":"binary-expr","locations":[{"start":{"line":186,"column":14},"end":{"line":186,"column":20}},{"start":{"line":186,"column":24},"end":{"line":186,"column":42}}]}},"s":{"0":0,"1":0,"2":0,"3":0,"4":0,"5":0,"6":0,"7":0,"8":0,"9":0,"10":0,"11":0,"12":0,"13":0,"14":0,"15":0,"16":0,"17":0,"18":0,"19":0,"20":0,"21":0,"22":0,"23":0,"24":0,"25":0,"26":0,"27":0},"f":{"0":0,"1":0,"2":0,"3":0,"4":0},"b":{"0":[0],"1":[0],"2":[0],"3":[0],"4":[0,0]}}
,"/home/segus-faultise/Work/tia/tia-api/src/services/businesses/businesses.service.ts": {"path":"/home/segus-faultise/Work/tia/tia-api/src/services/businesses/businesses.service.ts","statementMap":{"0":{"start":{"line":21,"column":31},"end":{"line":27,"column":1}},"1":{"start":{"line":22,"column":2},"end":{"line":26,"column":4}},"2":{"start":{"line":34,"column":47},"end":{"line":34,"column":49}},"3":{"start":{"line":36,"column":4},"end":{"line":37,"column":57}},"4":{"start":{"line":37,"column":6},"end":{"line":37,"column":57}},"5":{"start":{"line":38,"column":4},"end":{"line":39,"column":65}},"6":{"start":{"line":39,"column":6},"end":{"line":39,"column":65}},"7":{"start":{"line":40,"column":4},"end":{"line":41,"column":59}},"8":{"start":{"line":41,"column":6},"end":{"line":41,"column":59}},"9":{"start":{"line":42,"column":4},"end":{"line":42,"column":77}},"10":{"start":{"line":42,"column":39},"end":{"line":42,"column":77}},"11":{"start":{"line":43,"column":4},"end":{"line":44,"column":56}},"12":{"start":{"line":44,"column":6},"end":{"line":44,"column":56}},"13":{"start":{"line":45,"column":4},"end":{"line":51,"column":5}},"14":{"start":{"line":46,"column":6},"end":{"line":50,"column":8}},"15":{"start":{"line":53,"column":23},"end":{"line":66,"column":6}},"16":{"start":{"line":68,"column":4},"end":{"line":68,"column":50}},"17":{"start":{"line":75,"column":21},"end":{"line":81,"column":6}},"18":{"start":{"line":83,"column":4},"end":{"line":85,"column":5}},"19":{"start":{"line":84,"column":6},"end":{"line":84,"column":70}},"20":{"start":{"line":87,"column":4},"end":{"line":87,"column":44}},"21":{"start":{"line":94,"column":17},"end":{"line":96,"column":6}},"22":{"start":{"line":98,"column":4},"end":{"line":100,"column":5}},"23":{"start":{"line":99,"column":6},"end":{"line":99,"column":75}},"24":{"start":{"line":102,"column":24},"end":{"line":107,"column":6}},"25":{"start":{"line":109,"column":4},"end":{"line":109,"column":47}},"26":{"start":{"line":119,"column":29},"end":{"line":121,"column":6}},"27":{"start":{"line":123,"column":4},"end":{"line":125,"column":5}},"28":{"start":{"line":124,"column":6},"end":{"line":124,"column":70}},"29":{"start":{"line":127,"column":28},"end":{"line":134,"column":6}},"30":{"start":{"line":136,"column
[...]
olumn":6},"end":{"line":177,"column":7}}]},"11":{"loc":{"start":{"line":181,"column":4},"end":{"line":182,"column":51}},"type":"if","locations":[{"start":{"line":181,"column":4},"end":{"line":182,"column":51}}]},"12":{"loc":{"start":{"line":183,"column":4},"end":{"line":183,"column":79}},"type":"if","locations":[{"start":{"line":183,"column":4},"end":{"line":183,"column":79}}]},"13":{"loc":{"start":{"line":184,"column":4},"end":{"line":185,"column":57}},"type":"if","locations":[{"start":{"line":184,"column":4},"end":{"line":185,"column":57}}]},"14":{"loc":{"start":{"line":186,"column":4},"end":{"line":187,"column":47}},"type":"if","locations":[{"start":{"line":186,"column":4},"end":{"line":187,"column":47}}]},"15":{"loc":{"start":{"line":209,"column":4},"end":{"line":211,"column":5}},"type":"if","locations":[{"start":{"line":209,"column":4},"end":{"line":211,"column":5}}]},"16":{"loc":{"start":{"line":221,"column":4},"end":{"line":226,"column":5}},"type":"if","locations":[{"start":{"line":221,"column":4},"end":{"line":226,"column":5}}]},"17":{"loc":{"start":{"line":221,"column":8},"end":{"line":221,"column":53}},"type":"binary-expr","locations":[{"start":{"line":221,"column":8},"end":{"line":221,"column":27}},{"start":{"line":221,"column":31},"end":{"line":221,"column":53}}]},"18":{"loc":{"start":{"line":284,"column":4},"end":{"line":286,"column":5}},"type":"if","locations":[{"start":{"line":284,"column":4},"end":{"line":286,"column":5}}]},"19":{"loc":{"start":{"line":291,"column":16},"end":{"line":291,"column":42}},"type":"cond-expr","locations":[{"start":{"line":291,"column":37},"end":{"line":291,"column":38}},{"start":{"line":291,"column":41},"end":{"line":291,"column":42}}]},"20":{"loc":{"start":{"line":307,"column":25},"end":{"line":307,"column":43}},"type":"default-arg","locations":[{"start":{"line":307,"column":41},"end":{"line":307,"column":43}}]},"21":{"loc":{"start":{"line":334,"column":36},"end":{"line":334,"column":54}},"type":"default-arg","locations":[{"start":{"line":334,"column":52},"end":{"line":334,"column":54}}]},"22":{"loc":{"start":{"line":362,"column":51},"end":{"line":362,"column":69}},"type":"default-arg","locations":[{"start":{"line":362,"column":67},"end":{"line":362,"column":69}}]}},"s":{"0":0,"1":0,"2":0,"3":0,"4":0,"5":0,"6":0,"7":0,"8":0,"9":0,"10":0,"11":0,"12":0,"13":0,"14":0,"15":0,"16":0,"17":0,"18":0,"19":0,"20":0,"21":0,"22":0,"23":0,"24":0,"25":0,"26":0,"27":0,"28":0,"29":0,"30":0,"31":0,"32":0,"33":0,"34":0,"35":0,"36":0,"37":0,"38":0,"39":0,"40":0,"41":0,"42":0,"43":0,"44":0,"45":0,"46":0,"47":0,"48":0,"49":0,"50":0,"51":0,"52":0,"53":0,"54":0,"55":0,"56":0,"57":0,"58":0,"59":0,"60":0,"61":0,"62":0},"f":{"0":0,"1":0,"2":0,"3":0,"4":0,"5":0,"6":0,"7":0,"8":0,"9":0,"10":0,"11":0,"12":0,"13":0},"b":{"0":[0],"1":[0],"2":[0,0],"3":[0],"4":[0],"5":[0],"6":[0],"7":[0],"8":[0],"9":[0,0],"10":[0],"11":[0],"12":[0],"13":[0],"14":[0],"15":[0],"16":[0],"17":[0,0],"18":[0],"19":[0,0],"20":[0],"21":[0],"22":[0]}}
,"/home/segus-faultise/Work/tia/tia-api/src/services/user/user.services.ts": {"path":"/home/segus-faultise/Work/tia/tia-api/src/services/user/user.services.ts","statementMap":{"0":{"start":{"line":13,"column":2},"end":{"line":13,"column":72}},"1":{"start":{"line":16,"column":26},"end":{"line":77,"column":1}},"2":{"start":{"line":19,"column":2},"end":{"line":76,"column":3}},"3":{"start":{"line":20,"column":27},"end":{"line":20,"column":74}},"4":{"start":{"line":22,"column":17},"end":{"line":47,"column":6}},"5":{"start":{"line":49,"column":4},"end":{"line":49,"column":16}},"6":{"start":{"line":51,"column":4},"end":{"line":61,"column":5}},"7":{"start":{"line":52,"column":27},"end":{"line":55,"column":9}},"8":{"start":{"line":52,"column":56},"end":{"line":55,"column":8}},"9":{"start":{"line":56,"column":6},"end":{"line":60,"column":8}},"10":{"start":{"line":63,"column":4},"end":{"line":70,"column":5}},"11":{"start":{"line":64,"column":6},"end":{"line":69,"column":7}},"12":{"start":{"line":65,"column":8},"end":{"line":68,"column":10}},"13":{"start":{"line":72,"column":4},"end":{"line":75,"column":6}},"14":{"start":{"line":79,"column":26},"end":{"line":162,"column":1}},"15":{"start":{"line":83,"column":2},"end":{"line":161,"column":3}},"16":{"start":{"line":84,"column":25},"end":{"line":84,"column":73}},"17":{"start":{"line":85,"column":4},"end":{"line":87,"column":5}},"18":{"start":{"line":86,"column":6},"end":{"line":86,"column":18}},"19":{"start":{"line":89,"column":28},"end":{"line":98,"column":6}},"20":{"start":{"line":100,"column":4},"end":{"line":104,"column":5}},"21":{"start":{"line":101,"column":6},"end":{"line":103,"column":8}},"22":{"start":{"line":106,"column":4},"end":{"line":110,"column":7}},"23":{"start":{"line":107,"column":6},"end":{"line":109,"column":7}},"24":{"start":{"line":108,"column":8},"end":{"line":108,"column":31}},"25":{"start":{"line":112,"column":4},"end":{"line":117,"column":5}},"26":{"start":{"line":113,"column":6},"end":{"line":116,"column":8}},"27":{"start":{"line":119,"column":17},"end":{"line":135,"column":6}},"28":{"start":{"line":137,"column":4},"end":{"line":137,"column":16}},"29":{"start":{"line":139,"column":4},"end":{"line":149,"column":5}},"30":{"start":{"line":140,"column":27},"end":{"line":143,"column":9}},"31":{"start":{"line":140,"column":56},"end":{"line":143,"column":8}},"32":{"start":{"line":144,"column":6},"end":{"line":148,"column":8}},"33":{"start":{"line":151,"column":4},"end":{"line":158,"column":5}},"34":{"start":{"line":152,"column":6},"end":{"line":157,"column":7}},"35":{"start":{"line":153,"column":8},"end":{"line":156,"column":10}},"36":{"start":{"line":160,"column":4},"end":{"line":160,"column":16}},"37":{"start":{"line":164,"column":30},"end":{"line":215,"column":1}},"38":{"start":{"line":169,"column":2},"end":{"line":214,"column":3}},"39":{"start":{"line":170,"column":17},"end":{"line":173,"column":6}},"40":{"start":{"line":175,"column":4},"end":{"line":177,"column":5}},"41":{"start":{"line":176,"column":6},"end":{"line":176,"column":66}},"42":{"start":{"line":179,"column":35},"end":{"line":181,"column":null}},"43":{"start":{"line":183,"column":4},"end":{"line":188,"column":5}},"44":{"start":{"line":184,"column":6},"end":{"line":187,"column":8}},"45":{"start":{"line":191,"column":6},"end":{"line":191,"column":59}},"46":{"start":{"line":192,"column":4},"end":{"line":197,"column":5}},"47":{"start":{"line":193,"column":6},"end":{"line":196,"column":8}},"48":{"start":{"line":199,"column":30},"end":{"line":199,"column":75}},"49":{"start":{"line":200,"column":4},"end":{"line":203,"column":7}},"50":{"start":{"line":205,"column":4},"end":{"line":205,"column":16}},"51":{"start":{"line":207,"column":4},"end":{"line":209,"column":5}},"52":{"start":{"line":208,"column":6},"end":{"line":208,"column":18}},"53":{"start":{"line":210,"column":4},"end":{"line":213,"column":6}},"54":{"start":{"line":217,"column":28},"end":{"line":238,"column":1}},"55":{"start":{"line":220,"column":15},"end":{"line":235,"column":4}},"56":{"start":{"line":237,"column":2},"end":{"line":237,"column":14}},"57":{"start":{"line":240,"column":28},"end":{"line":261,"column":1}},"58":{"start":{"line":241,"column":16},"end":{"line":258,"column":4}},"59":{"start":{"line":260,"column":2},"end":{"line":260,"column":15}},"60":{"start":{"line":263,"column":26},"end":{"line":291,"column":1}},"61":{"start":{"line":264,"column":2},"end":{"line":290,"column":3}},"62":{"start":{"line":265,"column":17},"end":{"line":280,"column":6}},"63":{"start":{"line":282,"column":4},"end":{"line":282,"column":16}},"64":{"start":{"line":284,"column":4},"end":{"line":288,"column":5}},"65":{"start":{"line":285,"column":6},"end":{"line":287,"column":7}},"66":{"start":{"line":286,"column":8},"end":{"line":286,"column":20}},"67":{"start":{"line":289,"column":4},"end":{"line":289,"column":16}},"68":{"start":{"line":293,"column":31},"end":{"line":312,"column":1}},"69":{"start":{"line":296,"column":15},"end":{"line":309,"column":4}},"70":{"start":{"line":311,"column":2},"end":{"line":311,"column":14}},"71":{"start":{"line":314,"column":30},"end":{"line":336,"column":1}},"72":{"start":{"line":317,"column":15},"end":{"line":333,"column":4}},"73":{"start":{"line":335,"column":2},"end":{"line":335,"column":14}}},"fnMap":{"0":{"name":"isPrismaError","decl":{"start":{"line":12,"column":9},"end":{"line":12,"column":22}},"loc":{"start":{"line":12,"column":37},"end":{"line":14,"column":1}}},"1":{"name":"(anonymous_1)","decl":{"start":{"line":16,"column":26},"end":{"line":16,"column":31}},"loc":{"start":{"line":18,"column":27},"end":{"line":77,"column":1}}},"2":{"name":"(anonymous_2)","decl":{"start":{"line":52,"column":44},"end":{"line":52,"column":45}},"loc":{"start":{"line":52,"column":56},"end":{"line":55,"column":8}}},"3":{"name":"(anonymous_3)","decl":{"start":{"line":79,"column":26},"end":{"line":79,"column":31}},"loc":{"start":{"line":82,"column":34},"end":{"line":162,"column":1}}},"4":{"name":"(anonymous_4)","decl":{"start":{"line":106,"column":36},"end":{"line":106,"column":37}},"loc":{"start":{"line":106,"column":44},"end":{"line":110,"column":5}}},"5":{"name":"(anonymous_5)","decl":{"start":{"line":140,"column":44},"end":{"line":140,"column":45}},"loc":{"start":{"line":140,"column":56},"end":{"line":143,"column":8}}},"6":{"name":"(anonymous_6)","decl":{"start":{"line":164,"column":30},"end":{"line":164,"column":35}},"loc":{"start":{"line":168,"column":22},"end":{"line":215,"column":1}}},"7":{"name":"(anonymous_7)","decl":{"start":{"line":217,"column":28},"end":{"line":217,"column":33}},"loc":{"start":{"line":219,"column":34},"end":{"line":238,"column":1}}},"8":{"name":"(anonymous_8)","decl":{"start":{"line":240,"column":28},"end":{"line":240,"column":33}},"loc":{"start":{"line":240,"column":64},"end":{"line":261,"column":1}}},"9":{"name":"(anonymous_9)","decl":{"start":{"line":263,"column":26},"end":{"line":263,"column":31}},"loc":{"start":{"line":263,"column":77},"end":{"line":291,"column":1}}},"10":{"name":"(anonymous_10)","decl":{"start":{"line":293,"column":31},"end":{"line":293,"column":36}},"loc":{"start":{"line":295,"column":38},"end":{"line":312,"column":1}}},"11":{"name":"(anonymous_11)","decl":{"start":{"line":314,"column":30},"end":{"line":314,"column":35}},"loc":{"start":{"line":316,"column":34},"end":{"line":336,"column":1}}}},"branchMap":{"0":{"loc":{"start":{"line":13,"column":9},"end":{"line":13,"column":71}},"type":"binary-expr","locations":[{"start":{"line":13,"column":9},"end":{"line":13,"column":34}},{"start":{"line":13,"column":38},"end":{"line":13,"column":52}},{"start":{"line":13,"column":56},"end":{"line":13,"column":71}}]},"1":{"loc":{"start":{"line":51,"column":4},"end":{"line":61,"column":5}},"type":"if","locations":[{"start":{"line":51,"column":4},"end":{"line":61,"column":5}}]},"2":{"loc":{"start":{"line":63,"column":4},"end":{"line":70,"column":5}},"type":"if","locations":[{"start":{"line":63,"column":4},"end":{"line":70,"column":5}}]},"3":{"loc":{"start":{"line":64,"column":6},"end":{"line":69,"column":7}},"type":"if","locations":[{"start":{"line":64,"column":6},"end":{"line":69,"column":7}}]},"4":{"loc":{"start":{"line":85,"column":4},"end":{"line":87,"column":5}},"type":"if","locations":[{"start":{"line":85,"column":4},"end":{"line":87,"column":5}}]},"5":{"loc":{"start":{"line":100,"column":4},"end":{"line":104,"column":5}},"type":"if","locations":[{"start":{"line":100,"column":4},"end":{"line":104,"column":5}}]},"6":{"loc":{"start":{"line":107,"column":6},"end":{"line":109,"column":7}},"type":"if","locations":[{"start":{"line":107,"column":6},"end":{"line":109,"column":7}}]},"7":{"loc":{"start":{"line":112,"column":4},"end":{"line":117,"column":5}},"type":"if","locations":[{"start":{"line":112,"column":4},"end":{"line":117,"column":5}}]},"8":{"loc":{"start":{"line":139,"column":4},"end":{"line":149,"column":5}},"type":"if","locations":[{"start":{"line":139,"column":4},"end":{"line":149,"column":5}}]},"9":{"loc":{"start":{"line":151,"column":4},"end":{"line":158,"column":5}},"type":"if","locations":[{"start":{"line":151,"column":4},"end":{"line":158,"column":5}}]},"10":{"loc":{"start":{"line":152,"column":6},"end":{"line":157,"column":7}},"type":"if","locations":[{"start":{"line":152,"column":6},"end":{"line":157,"column":7}}]},"11":{"loc":{"start":{"line":175,"column":4},"end":{"line":177,"column":5}},"type":"if","locations":[{"start":{"line":175,"column":4},"end":{"line":177,"column":5}}]},"12":{"loc":{"start":{"line":175,"column":8},"end":{"line":175,"column":36}},"type":"binary-expr","locations":[{"start":{"line":175,"column":8},"end":{"line":175,"column":13}},{"start":{"line":175,"column":17},"end":{"line":175,"column":36}}]},"13":{"loc":{"start":{"line":183,"column":4},"end":{"line":188,"column":5}},"type":"if","locations":[{"start":{"line":183,"column":4},"end":{"line":188,"column":5}}]},"14":{"loc":{"start":{"line":192,"column":4},"end":{"line":197,"column":5}},"type":"if","locations":[{"start":{"line":192,"column":4},"end":{"line":197,"column":5}}]},"15":{"loc":{"start":{"line":195,"column":8},"end":{"line":195,"column":72}},"type":"binary-expr","locations":[{"start":{"line":195,"column":8},"end":{"line":195,"column":31}},{"start":{"line":195,"column":35},"end":{"line":195,"column":72}}]},"16":{"loc":{"start":{"line":207,"column":4},"end":{"line":209,"column":5}},"type":"if","locations":[{"start":{"line":207,"column":4},"end":{"line":209,"column":5}}]},"17":{"loc":{"start":{"line":284,"column":4},"end":{"line":288,"column":5}},"type":"if","locations":[{"start":{"line":284,"column":4},"end":{"line":288,"column":5}}]},"18":{"loc":{"start":{"line":285,"column":6},"end":{"line":287,"column":7}},"type":"if","locations":[{"start":{"line":285,"column":6},"end":{"line":287,"column":7}}]}},"s":{"0":0,"1":0,"2":0,"3":0,"4":0,"5":0,"6":0,"7":0,"8":0,"9":0,"10":0,"11":0,"12":0,"13":0,"14":0,"15":0,"16":0,"17":0,"18":0,"19":0,"20":0,"21":0,"22":0,"23":0,"24":0,"25":0,"26":0,"27":0,"28":0,"29":0,"30":0,"31":0,"32":0,"33":0,"34":0,"35":0,"36":0,"37":0,"38":0,"39":0,"40":0,"41":0,"42":0,"43":0,"44":0,"45":0,"46":0,"47":0,"48":0,"49":0,"50":0,"51":0,"52":0,"53":0,"54":0,"55":0,"56":0,"57":0,"58":0,"59":0,"60":0,"61":0,"62":0,"63":0,"64":0,"65":0,"66":0,"67":0,"68":0,"69":0,"70":0,"71":0,"72":0,"73":0},"f":{"0":0,"1":0,"2":0,"3":0,"4":0,"5":0,"6":0,"7":0,"8":0,"9":0,"10":0,"11":0},"b":{"0":[0,0,0],"1":[0],"2":[0],"3":[0],"4":[0],"5":[0],"6":[0],"7":[0],"8":[0],"9":[0],"10":[0],"11":[0],"12":[0,0],"13":[0],"14":[0],"15":[0,0],"16":[0],"17":[0],"18":[0]}}
,"/home/segus-faultise/Work/tia/tia-api/src/services/user_skills/user_skills.service.ts": {"path":"/home/segus-faultise/Work/tia/tia-api/src/services/user_skills/user_skills.service.ts","statementMap":{"0":{"start":{"line":17,"column":4},"end":{"line":37,"column":7}},"1":{"start":{"line":44,"column":22},"end":{"line":69,"column":6}},"2":{"start":{"line":71,"column":4},"end":{"line":73,"column":5}},"3":{"start":{"line":72,"column":6},"end":{"line":72,"column":72}},"4":{"start":{"line":75,"column":4},"end":{"line":75,"column":21}},"5":{"start":{"line":82,"column":26},"end":{"line":82,"column":59}},"6":{"start":{"line":84,"column":17},"end":{"line":86,"column":6}},"7":{"start":{"line":88,"column":4},"end":{"line":90,"column":5}},"8":{"start":{"line":89,"column":6},"end":{"line":89,"column":66}},"9":{"start":{"line":92,"column":18},"end":{"line":94,"column":6}},"10":{"start":{"line":96,"column":4},"end":{"line":98,"column":5}},"11":{"start":{"line":97,"column":6},"end":{"line":97,"column":67}},"12":{"start":{"line":100,"column":30},"end":{"line":107,"column":6}},"13":{"start":{"line":109,"column":4},"end":{"line":111,"column":5}},"14":{"start":{"line":110,"column":6},"end":{"line":110,"column":78}},"15":{"start":{"line":113,"column":4},"end":{"line":137,"column":7}},"16":{"start":{"line":144,"column":26},"end":{"line":144,"column":59}},"17":{"start":{"line":146,"column":30},"end":{"line":153,"column":6}},"18":{"start":{"line":155,"column":4},"end":{"line":157,"column":5}},"19":{"start":{"line":156,"column":6},"end":{"line":156,"column":72}},"20":{"start":{"line":159,"column":4},"end":{"line":187,"column":7}},"21":{"start":{"line":194,"column":30},"end":{"line":201,"column":6}},"22":{"start":{"line":203,"column":4},"end":{"line":205,"column":5}},"23":{"start":{"line":204,"column":6},"end":{"line":204,"column":72}},"24":{"start":{"line":207,"column":4},"end":{"line":214,"column":7}},"25":{"start":{"line":216,"column":4},"end":{"line":216,"column":58}},"26":{"start":{"line":225,"column":18},"end":{"line":227,"column":6}},"27":{"start":{"line":229,"column":4},"end":{"line":231,"column":5}},"28":{"start":{"line":230,"column":6},"end":{"line":230,"column":67}},"29":{"start":{"line":233,"column":26},"end":{"line":252,"column":6}},"30":{"start":{"line":254,"column":4},"end":{"line":254,"column":67}},"31":{"start":{"line":254,"column":47},"end":{"line":254,"column":65}},"32":{"start":{"line":261,"column":4},"end":{"line":276,"column":7}},"33":{"start":{"line":280,"column":33},"end":{"line":280,"column":56}}},"fnMap":{"0":{"name":"(anonymous_0)","decl":{"start":{"line":16,"column":2},"end":{"line":16,"column":7}},"loc":{"start":{"line":16,"column":36},"end":{"line":38,"column":3}}},"1":{"name":"(anonymous_1)","decl":{"start":{"line":43,"column":2},"end":{"line":43,"column":7}},"loc":{"start":{"line":43,"column":56},"end":{"line":76,"column":3}}},"2":{"name":"(anonymous_2)","decl":{"start":{"line":81,"column":2},"end":{"line":81,"column":7}},"loc":{"start":{"line":81,"column":33},"end":{"line":138,"column":3}}},"3":{"name":"(anonymous_3)","decl":{"start":{"line":143,"column":2},"end":{"line":143,"column":7}},"loc":{"start":{"line":143,"column":66},"end":{"line":188,"column":3}}},"4":{"name":"(anonymous_4)","decl":{"start":{"line":193,"column":2},"end":{"line":193,"column":7}},"loc":{"start":{"line":193,"column":55},"end":{"line":217,"column":3}}},"5":{"name":"(anonymous_5)","decl":{"start":{"line":224,"column":9},"end":{"line":224,"column":14}},"loc":{"start":{"line":224,"column":46},"end":{"line":255,"column":3}}},"6":{"name":"(anonymous_6)","decl":{"start":{"line":254,"column":29},"end":{"line":254,"column":30}},"loc":{"start":{"line":254,"column":47},"end":{"line":254,"column":65}}},"7":{"name":"(anonymous_7)","decl":{"start":{"line":260,"column":2},"end":{"line":260,"column":7}},"loc":{"start":{"line":260,"column":75},"end":{"line":277,"column":3}}}},"branchMap":{"0":{"loc":{"start":{"line":71,"column":4},"end":{"line":73,"column":5}},"type":"if","locations":[{"start":{"line":71,"column":4},"end":{"line":73,"column":5}}]},"1":{"loc":{"start":{"line":88,"column":4},"end":{"line":90,"column":5}},"type":"if","locations":[{"start":{"line":88,"column":4},"end":{"line":90,"column":5}}]},"2":{"loc":{"start":{"line":96,"column":4},"end":{"line":98,"column":5}},"type":"if","locations":[{"start":{"line":96,"column":4},"end":{"line":98,"column":5}}]},"3":{"loc":{"start":{"line":109,"column":4},"end":{"line":111,"column":5}},"type":"if","locations":[{"start":{"line":109,"column":4},"end":{"line":111,"column":5}}]},"4":{"loc":{"start":{"line":155,"column":4},"end":{"line":157,"column":5}},"type":"if","locations":[{"start":{"line":155,"column":4},"end":{"line":157,"column":5}}]},"5":{"loc":{"start":{"line":203,"column":4},"end":{"line":205,"column":5}},"type":"if","locations":[{"start":{"line":203,"column":4},"end":{"line":205,"column":5}}]},"6":{"loc":{"start":{"line":229,"column":4},"end":{"line":231,"column":5}},"type":"if","locations":[{"start":{"line":229,"column":4},"end":{"line":231,"column":5}}]}},"s":{"0":0,"1":0,"2":0,"3":0,"4":0,"5":0,"6":0,"7":0,"8":0,"9":0,"10":0,"11":0,"12":0,"13":0,"14":0,"15":0,"16":0,"17":0,"18":0,"19":0,"20":0,"21":0,"22":0,"23":0,"24":0,"25":0,"26":0,"27":0,"28":0,"29":0,"30":0,"31":0,"32":0,"33":0},"f":{"0":0,"1":0,"2":0,"3":0,"4":0,"5":0,"6":0,"7":0},"b":{"0":[0],"1":[0],"2":[0],"3":[0],"4":[0],"5":[0],"6":[0]}}
}
