TN:
SF:src/controllers/base.controller.ts
FN:13,(anonymous_0)
FNF:1
FNH:0
FNDA:0,(anonymous_0)
DA:14,0
DA:15,0
DA:16,0
DA:19,0
DA:21,0
DA:22,0
DA:24,0
DA:25,0
DA:31,0
LF:9
LH:0
BRDA:14,0,0,0
BRDA:24,1,0,0
BRDA:34,2,0,0
BRDA:34,2,1,0
BRF:4
BRH:0
end_of_record
TN:
SF:src/controllers/auth/auth.controller.ts
FN:64,(anonymous_4)
FN:99,(anonymous_5)
FN:140,(anonymous_6)
FN:179,(anonymous_7)
FN:235,(anonymous_8)
FNF:5
FNH:0
FNDA:0,(anonymous_4)
FNDA:0,(anonymous_5)
FNDA:0,(anonymous_6)
FNDA:0,(anonymous_7)
FNDA:0,(anonymous_8)
DA:36,0
DA:64,0
DA:69,0
DA:70,0
DA:72,0
DA:99,0
DA:102,0
DA:103,0
DA:104,0
DA:106,0
DA:107,0
DA:110,0
DA:112,0
DA:114,0
DA:140,0
DA:143,0
DA:144,0
DA:145,0
DA:146,0
DA:148,0
DA:149,0
DA:154,0
DA:179,0
DA:182,0
DA:183,0
DA:185,0
DA:186,0
DA:191,0
DA:209,0
DA:235,0
DA:238,0
DA:239,0
DA:240,0
DA:241,0
DA:243,0
DA:245,0
LF:36
LH:0
BRDA:106,0,0,0
BRDA:106,1,0,0
BRDA:106,1,1,0
BRDA:145,2,0,0
BRDA:183,3,0,0
BRDA:183,3,1,0
BRDA:185,4,0,0
BRDA:185,5,0,0
BRDA:185,5,1,0
BRDA:240,6,0,0
BRDA:68,7,0,0
BRDA:68,7,1,0
BRDA:68,8,0,0
BRDA:68,8,1,0
BRDA:101,9,0,0
BRDA:101,9,1,0
BRDA:101,10,0,0
BRDA:101,10,1,0
BRDA:142,11,0,0
BRDA:142,11,1,0
BRDA:142,12,0,0
BRDA:142,12,1,0
BRDA:181,13,0,0
BRDA:181,13,1,0
BRDA:181,14,0,0
BRDA:181,14,1,0
BRDA:237,15,0,0
BRDA:237,15,1,0
BRDA:237,16,0,0
BRDA:237,16,1,0
BRF:30
BRH:0
end_of_record
TN:
SF:src/controllers/business_connection/business_connection.controller.ts
FN:51,(anonymous_4)
FN:77,(anonymous_5)
FN:108,(anonymous_6)
FN:135,(anonymous_7)
FNF:4
FNH:0
FNDA:0,(anonymous_4)
FNDA:0,(anonymous_5)
FNDA:0,(anonymous_6)
FNDA:0,(anonymous_7)
DA:36,0
DA:37,0
DA:51,0
DA:54,0
DA:55,0
DA:56,0
DA:57,0
DA:59,0
DA:60,0
DA:61,0
DA:63,0
DA:64,0
DA:77,0
DA:81,0
DA:82,0
DA:83,0
DA:85,0
DA:90,0
DA:91,0
DA:92,0
DA:94,0
DA:95,0
DA:108,0
DA:112,0
DA:113,0
DA:118,0
DA:119,0
DA:120,0
DA:122,0
DA:123,0
DA:135,0
DA:139,0
DA:140,0
DA:141,0
DA:142,0
DA:144,0
LF:36
LH:0
BRDA:59,0,0,0
BRDA:82,1,0,0
BRDA:90,2,0,0
BRDA:118,3,0,0
BRDA:140,4,0,0
BRDA:53,5,0,0
BRDA:53,5,1,0
BRDA:53,6,0,0
BRDA:53,6,1,0
BRDA:80,7,0,0
BRDA:80,7,1,0
BRDA:80,8,0,0
BRDA:80,8,1,0
BRDA:111,9,0,0
BRDA:111,9,1,0
BRDA:111,10,0,0
BRDA:111,10,1,0
BRDA:137,11,0,0
BRDA:137,11,1,0
BRDA:137,12,0,0
BRDA:137,12,1,0
BRF:21
BRH:0
end_of_record
TN:
SF:src/controllers/businesses/businesses.controller.ts
FN:57,(anonymous_4)
FN:92,(anonymous_5)
FN:123,(anonymous_6)
FN:153,(anonymous_7)
FN:182,(anonymous_8)
FN:203,(anonymous_9)
FN:230,(anonymous_10)
FN:252,(anonymous_11)
FNF:8
FNH:0
FNDA:0,(anonymous_4)
FNDA:0,(anonymous_5)
FNDA:0,(anonymous_6)
FNDA:0,(anonymous_7)
FNDA:0,(anonymous_8)
FNDA:0,(anonymous_9)
FNDA:0,(anonymous_10)
FNDA:0,(anonymous_11)
DA:44,0
DA:45,0
DA:57,0
DA:65,0
DA:66,0
DA:74,0
DA:76,0
DA:92,0
DA:95,0
DA:96,0
DA:98,0
DA:123,0
DA:126,0
DA:127,0
DA:128,0
DA:129,0
DA:131,0
DA:153,0
DA:157,0
DA:158,0
DA:160,0
DA:182,0
DA:185,0
DA:186,0
DA:187,0
DA:189,0
DA:203,0
DA:206,0
DA:207,0
DA:209,0
DA:230,0
DA:233,0
DA:234,0
DA:236,0
DA:252,0
DA:255,0
DA:256,0
DA:258,0
LF:38
LH:0
BRDA:64,0,0,0
BRDA:64,0,1,0
BRDA:64,1,0,0
BRDA:64,1,1,0
BRDA:94,2,0,0
BRDA:94,2,1,0
BRDA:94,3,0,0
BRDA:94,3,1,0
BRDA:124,4,0,0
BRDA:124,4,1,0
BRDA:124,5,0,0
BRDA:124,5,1,0
BRDA:125,6,0,0
BRDA:125,6,1,0
BRDA:125,7,0,0
BRDA:125,7,1,0
BRDA:155,8,0,0
BRDA:155,8,1,0
BRDA:155,9,0,0
BRDA:155,9,1,0
BRDA:156,10,0,0
BRDA:156,10,1,0
BRDA:156,11,0,0
BRDA:156,11,1,0
BRDA:184,12,0,0
BRDA:184,12,1,0
BRDA:184,13,0,0
BRDA:184,13,1,0
BRDA:205,14,0,0
BRDA:205,14,1,0
BRDA:205,15,0,0
BRDA:205,15,1,0
BRDA:232,16,0,0
BRDA:232,16,1,0
BRDA:232,17,0,0
BRDA:232,17,1,0
BRDA:254,18,0,0
BRDA:254,18,1,0
BRDA:254,19,0,0
BRDA:254,19,1,0
BRF:40
BRH:0
end_of_record
TN:
SF:src/controllers/projects/project.controller.ts
FN:52,(anonymous_4)
FN:77,(anonymous_5)
FN:100,(anonymous_6)
FN:125,(anonymous_7)
FN:146,(anonymous_8)
FN:172,(anonymous_9)
FN:205,(anonymous_10)
FN:232,(anonymous_11)
FN:265,(anonymous_12)
FNF:9
FNH:0
FNDA:0,(anonymous_4)
FNDA:0,(anonymous_5)
FNDA:0,(anonymous_6)
FNDA:0,(anonymous_7)
FNDA:0,(anonymous_8)
FNDA:0,(anonymous_9)
FNDA:0,(anonymous_10)
FNDA:0,(anonymous_11)
FNDA:0,(anonymous_12)
DA:38,0
DA:39,0
DA:52,0
DA:55,0
DA:56,0
DA:57,0
DA:58,0
DA:60,0
DA:61,0
DA:62,0
DA:64,0
DA:65,0
DA:77,0
DA:80,0
DA:81,0
DA:82,0
DA:83,0
DA:85,0
DA:100,0
DA:104,0
DA:105,0
DA:107,0
DA:108,0
DA:109,0
DA:111,0
DA:112,0
DA:125,0
DA:128,0
DA:129,0
DA:130,0
DA:131,0
DA:133,0
DA:146,0
DA:149,0
DA:150,0
DA:152,0
DA:153,0
DA:154,0
DA:156,0
DA:157,0
DA:172,0
DA:176,0
DA:177,0
DA:181,0
DA:182,0
DA:184,0
DA:186,0
DA:187,0
DA:188,0
DA:190,0
DA:191,0
DA:205,0
DA:209,0
DA:210,0
DA:211,0
DA:212,0
DA:214,0
DA:215,0
DA:216,0
DA:218,0
DA:219,0
DA:232,0
DA:237,0
DA:238,0
DA:244,0
DA:245,0
DA:246,0
DA:248,0
DA:249,0
DA:265,0
DA:269,0
DA:270,0
DA:271,0
DA:272,0
DA:274,0
DA:276,0
DA:277,0
DA:278,0
DA:280,0
DA:281,0
LF:80
LH:0
BRDA:60,0,0,0
BRDA:81,1,0,0
BRDA:107,2,0,0
BRDA:129,3,0,0
BRDA:152,4,0,0
BRDA:181,5,0,0
BRDA:186,6,0,0
BRDA:214,7,0,0
BRDA:244,8,0,0
BRDA:271,9,0,0
BRDA:276,10,0,0
BRDA:54,11,0,0
BRDA:54,11,1,0
BRDA:54,12,0,0
BRDA:54,12,1,0
BRDA:79,13,0,0
BRDA:79,13,1,0
BRDA:79,14,0,0
BRDA:79,14,1,0
BRDA:103,15,0,0
BRDA:103,15,1,0
BRDA:103,16,0,0
BRDA:103,16,1,0
BRDA:127,17,0,0
BRDA:127,17,1,0
BRDA:127,18,0,0
BRDA:127,18,1,0
BRDA:148,19,0,0
BRDA:148,19,1,0
BRDA:148,20,0,0
BRDA:148,20,1,0
BRDA:175,21,0,0
BRDA:175,21,1,0
BRDA:175,22,0,0
BRDA:175,22,1,0
BRDA:208,23,0,0
BRDA:208,23,1,0
BRDA:208,24,0,0
BRDA:208,24,1,0
BRDA:236,25,0,0
BRDA:236,25,1,0
BRDA:236,26,0,0
BRDA:236,26,1,0
BRDA:268,27,0,0
BRDA:268,27,1,0
BRDA:268,28,0,0
BRDA:268,28,1,0
BRF:47
BRH:0
end_of_record
TN:
SF:src/controllers/skills/skills.controler.ts
FN:59,(anonymous_4)
FN:85,(anonymous_5)
FN:117,(anonymous_6)
FN:146,(anonymous_7)
FN:179,(anonymous_8)
FN:201,(anonymous_9)
FNF:6
FNH:0
FNDA:0,(anonymous_4)
FNDA:0,(anonymous_5)
FNDA:0,(anonymous_6)
FNDA:0,(anonymous_7)
FNDA:0,(anonymous_8)
FNDA:0,(anonymous_9)
DA:45,0
DA:46,0
DA:59,0
DA:62,0
DA:63,0
DA:65,0
DA:85,0
DA:89,0
DA:90,0
DA:92,0
DA:117,0
DA:120,0
DA:121,0
DA:122,0
DA:123,0
DA:125,0
DA:146,0
DA:151,0
DA:152,0
DA:158,0
DA:179,0
DA:183,0
DA:184,0
DA:185,0
DA:187,0
DA:201,0
DA:204,0
DA:205,0
DA:207,0
LF:29
LH:0
BRDA:61,0,0,0
BRDA:61,0,1,0
BRDA:61,1,0,0
BRDA:61,1,1,0
BRDA:88,2,0,0
BRDA:88,2,1,0
BRDA:88,3,0,0
BRDA:88,3,1,0
BRDA:118,4,0,0
BRDA:118,4,1,0
BRDA:118,5,0,0
BRDA:118,5,1,0
BRDA:119,6,0,0
BRDA:119,6,1,0
BRDA:119,7,0,0
BRDA:119,7,1,0
BRDA:149,8,0,0
BRDA:149,8,1,0
BRDA:149,9,0,0
BRDA:149,9,1,0
BRDA:150,10,0,0
BRDA:150,10,1,0
BRDA:150,11,0,0
BRDA:150,11,1,0
BRDA:182,12,0,0
BRDA:182,12,1,0
BRDA:182,13,0,0
BRDA:182,13,1,0
BRDA:203,14,0,0
BRDA:203,14,1,0
BRDA:203,15,0,0
BRDA:203,15,1,0
BRF:32
BRH:0
end_of_record
TN:
SF:src/controllers/user/user.controller.ts
FN:58,(anonymous_4)
FN:85,(anonymous_5)
FN:133,(anonymous_6)
FN:175,(anonymous_7)
FN:207,(anonymous_8)
FNF:5
FNH:0
FNDA:0,(anonymous_4)
FNDA:0,(anonymous_5)
FNDA:0,(anonymous_6)
FNDA:0,(anonymous_7)
FNDA:0,(anonymous_8)
DA:43,0
DA:58,0
DA:59,0
DA:60,0
DA:62,0
DA:85,0
DA:88,0
DA:89,0
DA:90,0
DA:91,0
DA:93,0
DA:95,0
DA:133,0
DA:136,0
DA:137,0
DA:138,0
DA:139,0
DA:141,0
DA:175,0
DA:179,0
DA:180,0
DA:182,0
DA:207,0
DA:210,0
DA:211,0
DA:212,0
DA:214,0
LF:27
LH:0
BRDA:90,0,0,0
BRDA:58,1,0,0
BRDA:58,1,1,0
BRDA:58,2,0,0
BRDA:58,2,1,0
BRDA:87,3,0,0
BRDA:87,3,1,0
BRDA:87,4,0,0
BRDA:87,4,1,0
BRDA:135,5,0,0
BRDA:135,5,1,0
BRDA:135,6,0,0
BRDA:135,6,1,0
BRDA:178,7,0,0
BRDA:178,7,1,0
BRDA:178,8,0,0
BRDA:178,8,1,0
BRDA:209,9,0,0
BRDA:209,9,1,0
BRDA:209,10,0,0
BRDA:209,10,1,0
BRF:21
BRH:0
end_of_record
TN:
SF:src/controllers/user_skills/user_skills.controller.ts
FN:59,(anonymous_4)
FN:85,(anonymous_5)
FN:117,(anonymous_6)
FN:146,(anonymous_7)
FN:179,(anonymous_8)
FN:201,(anonymous_9)
FN:222,(anonymous_10)
FNF:7
FNH:0
FNDA:0,(anonymous_4)
FNDA:0,(anonymous_5)
FNDA:0,(anonymous_6)
FNDA:0,(anonymous_7)
FNDA:0,(anonymous_8)
FNDA:0,(anonymous_9)
FNDA:0,(anonymous_10)
DA:45,0
DA:46,0
DA:59,0
DA:62,0
DA:63,0
DA:65,0
DA:85,0
DA:89,0
DA:90,0
DA:92,0
DA:117,0
DA:120,0
DA:121,0
DA:122,0
DA:123,0
DA:125,0
DA:146,0
DA:151,0
DA:152,0
DA:158,0
DA:179,0
DA:183,0
DA:184,0
DA:185,0
DA:187,0
DA:201,0
DA:204,0
DA:205,0
DA:207,0
DA:222,0
DA:226,0
DA:227,0
DA:232,0
LF:33
LH:0
BRDA:61,0,0,0
BRDA:61,0,1,0
BRDA:61,1,0,0
BRDA:61,1,1,0
BRDA:88,2,0,0
BRDA:88,2,1,0
BRDA:88,3,0,0
BRDA:88,3,1,0
BRDA:118,4,0,0
BRDA:118,4,1,0
BRDA:118,5,0,0
BRDA:118,5,1,0
BRDA:119,6,0,0
BRDA:119,6,1,0
BRDA:119,7,0,0
BRDA:119,7,1,0
BRDA:149,8,0,0
BRDA:149,8,1,0
BRDA:149,9,0,0
BRDA:149,9,1,0
BRDA:150,10,0,0
BRDA:150,10,1,0
BRDA:150,11,0,0
BRDA:150,11,1,0
BRDA:182,12,0,0
BRDA:182,12,1,0
BRDA:182,13,0,0
BRDA:182,13,1,0
BRDA:203,14,0,0
BRDA:203,14,1,0
BRDA:203,15,0,0
BRDA:203,15,1,0
BRDA:225,16,0,0
BRDA:225,16,1,0
BRDA:225,17,0,0
BRDA:225,17,1,0
BRF:36
BRH:0
end_of_record
TN:
SF:src/middleware/auth.middleware.ts
FN:6,expressAuthentication
FNF:1
FNH:0
FNDA:0,expressAuthentication
DA:11,0
DA:12,0
DA:13,0
DA:15,0
DA:16,0
DA:19,0
DA:20,0
DA:21,0
DA:23,0
DA:30,0
LF:10
LH:0
BRDA:11,0,0,0
BRDA:13,1,0,0
BRDA:13,1,1,0
BRDA:15,2,0,0
BRF:4
BRH:0
end_of_record
TN:
SF:src/middleware/ratelimit.middleware.ts
FNF:0
FNH:0
DA:3,0
DA:13,0
DA:23,0
LF:3
LH:0
BRF:0
BRH:0
end_of_record
TN:
SF:src/services/auth/auth.service.ts
FN:16,(anonymous_0)
FN:102,(anonymous_1)
FN:120,(anonymous_2)
FN:138,(anonymous_3)
FN:200,(anonymous_4)
FN:225,(anonymous_5)
FN:228,(anonymous_6)
FN:248,(anonymous_7)
FN:258,(anonymous_8)
FN:268,(anonymous_9)
FN:281,(anonymous_10)
FNF:11
FNH:0
FNDA:0,(anonymous_0)
FNDA:0,(anonymous_1)
FNDA:0,(anonymous_2)
FNDA:0,(anonymous_3)
FNDA:0,(anonymous_4)
FNDA:0,(anonymous_5)
FNDA:0,(anonymous_6)
FNDA:0,(anonymous_7)
FNDA:0,(anonymous_8)
FNDA:0,(anonymous_9)
FNDA:0,(anonymous_10)
DA:21,0
DA:22,0
DA:37,0
DA:38,0
DA:41,0
DA:42,0
DA:45,0
DA:46,0
DA:52,0
DA:56,0
DA:57,0
DA:60,0
DA:61,0
DA:67,0
DA:68,0
DA:70,0
DA:74,0
DA:80,0
DA:88,0
DA:90,0
DA:103,0
DA:114,0
DA:121,0
DA:132,0
DA:141,0
DA:142,0
DA:143,0
DA:145,0
DA:166,0
DA:167,0
DA:173,0
DA:174,0
DA:177,0
DA:187,0
DA:188,0
DA:190,0
DA:201,0
DA:219,0
DA:226,0
DA:229,0
DA:230,0
DA:231,0
DA:232,0
DA:236,0
DA:242,0
DA:249,0
DA:250,0
DA:251,0
DA:259,0
DA:260,0
DA:261,0
DA:269,0
DA:275,0
DA:282,0
DA:283,0
LF:55
LH:0
BRDA:37,0,0,0
BRDA:41,1,0,0
BRDA:45,2,0,0
BRDA:56,3,0,0
BRDA:67,4,0,0
BRDA:68,5,0,0
BRDA:166,6,0,0
BRDA:173,7,0,0
BRDA:187,8,0,0
BRDA:249,9,0,0
BRDA:259,10,0,0
BRF:11
BRH:0
end_of_record
TN:
SF:src/services/business_connection/business_connection.service.ts
FN:25,(anonymous_0)
FN:73,(anonymous_1)
FN:115,(anonymous_2)
FN:139,(anonymous_3)
FN:175,(anonymous_4)
FNF:5
FNH:0
FNDA:0,(anonymous_0)
FNDA:0,(anonymous_1)
FNDA:0,(anonymous_2)
FNDA:0,(anonymous_3)
FNDA:0,(anonymous_4)
DA:25,0
DA:35,0
DA:37,0
DA:43,0
DA:49,0
DA:56,0
DA:76,0
DA:77,0
DA:89,0
DA:91,0
DA:92,0
DA:97,0
DA:98,0
DA:103,0
DA:118,0
DA:127,0
DA:129,0
DA:143,0
DA:144,0
DA:154,0
DA:156,0
DA:157,0
DA:162,0
DA:179,0
DA:180,0
DA:200,0
DA:202,0
LF:27
LH:0
BRDA:91,0,0,0
BRDA:97,1,0,0
BRDA:127,2,0,0
BRDA:156,3,0,0
BRDA:186,4,0,0
BRDA:186,4,1,0
BRF:6
BRH:0
end_of_record
TN:
SF:src/services/businesses/businesses.service.ts
FN:21,(anonymous_0)
FN:33,(anonymous_1)
FN:74,(anonymous_2)
FN:93,(anonymous_3)
FN:115,(anonymous_4)
FN:142,(anonymous_5)
FN:167,(anonymous_6)
FN:182,(anonymous_7)
FN:205,(anonymous_8)
FNF:9
FNH:0
FNDA:0,(anonymous_0)
FNDA:0,(anonymous_1)
FNDA:0,(anonymous_2)
FNDA:0,(anonymous_3)
FNDA:0,(anonymous_4)
FNDA:0,(anonymous_5)
FNDA:0,(anonymous_6)
FNDA:0,(anonymous_7)
FNDA:0,(anonymous_8)
DA:21,0
DA:22,0
DA:34,0
DA:36,0
DA:37,0
DA:38,0
DA:39,0
DA:40,0
DA:41,0
DA:42,0
DA:43,0
DA:44,0
DA:45,0
DA:46,0
DA:53,0
DA:68,0
DA:75,0
DA:83,0
DA:84,0
DA:87,0
DA:94,0
DA:98,0
DA:99,0
DA:102,0
DA:109,0
DA:119,0
DA:123,0
DA:124,0
DA:127,0
DA:136,0
DA:143,0
DA:148,0
DA:149,0
DA:152,0
DA:153,0
DA:159,0
DA:168,0
DA:169,0
DA:171,0
DA:176,0
DA:183,0
DA:187,0
DA:188,0
DA:191,0
DA:199,0
DA:206,0
DA:219,0
DA:220,0
DA:223,0
LF:49
LH:0
BRDA:24,0,0,0
BRDA:24,0,1,0
BRDA:36,1,0,0
BRDA:38,2,0,0
BRDA:40,3,0,0
BRDA:42,4,0,0
BRDA:42,5,0,0
BRDA:42,5,1,0
BRDA:43,6,0,0
BRDA:45,7,0,0
BRDA:83,8,0,0
BRDA:98,9,0,0
BRDA:123,10,0,0
BRDA:148,11,0,0
BRDA:152,12,0,0
BRDA:152,13,0,0
BRDA:152,13,1,0
BRDA:169,14,0,0
BRDA:187,15,0,0
BRDA:194,16,0,0
BRDA:194,16,1,0
BRDA:219,17,0,0
BRF:22
BRH:0
end_of_record
TN:
SF:src/services/projects/project.service.ts
FN:16,(anonymous_0)
FN:34,(anonymous_1)
FN:71,(anonymous_2)
FN:114,(anonymous_3)
FN:140,(anonymous_4)
FN:175,(anonymous_5)
FN:199,(anonymous_6)
FN:224,(anonymous_7)
FN:253,(anonymous_8)
FN:297,(anonymous_9)
FN:338,(anonymous_10)
FNF:11
FNH:0
FNDA:0,(anonymous_0)
FNDA:0,(anonymous_1)
FNDA:0,(anonymous_2)
FNDA:0,(anonymous_3)
FNDA:0,(anonymous_4)
FNDA:0,(anonymous_5)
FNDA:0,(anonymous_6)
FNDA:0,(anonymous_7)
FNDA:0,(anonymous_8)
FNDA:0,(anonymous_9)
FNDA:0,(anonymous_10)
DA:16,0
DA:19,0
DA:21,0
DA:28,0
DA:34,0
DA:35,0
DA:37,0
DA:44,0
DA:46,0
DA:74,0
DA:75,0
DA:92,0
DA:94,0
DA:95,0
DA:100,0
DA:117,0
DA:126,0
DA:128,0
DA:144,0
DA:145,0
DA:155,0
DA:157,0
DA:158,0
DA:160,0
DA:176,0
DA:177,0
DA:180,0
DA:182,0
DA:183,0
DA:185,0
DA:202,0
DA:203,0
DA:208,0
DA:210,0
DA:228,0
DA:238,0
DA:240,0
DA:257,0
DA:258,0
DA:269,0
DA:271,0
DA:272,0
DA:274,0
DA:275,0
DA:280,0
DA:302,0
DA:303,0
DA:318,0
DA:320,0
DA:321,0
DA:323,0
DA:342,0
DA:343,0
DA:351,0
DA:353,0
DA:354,0
DA:356,0
LF:57
LH:0
BRDA:50,0,0,0
BRDA:50,0,1,0
BRDA:94,1,0,0
BRDA:126,2,0,0
BRDA:157,3,0,0
BRDA:182,4,0,0
BRDA:238,5,0,0
BRDA:271,6,0,0
BRDA:274,7,0,0
BRDA:320,8,0,0
BRDA:353,9,0,0
BRF:11
BRH:0
end_of_record
TN:
SF:src/services/skills/skills.service.ts
FN:14,(anonymous_0)
FN:52,(anonymous_1)
FN:100,(anonymous_2)
FN:123,(anonymous_3)
FN:156,(anonymous_4)
FN:204,(anonymous_5)
FN:238,(anonymous_6)
FN:261,(anonymous_7)
FN:273,(anonymous_8)
FN:279,(anonymous_9)
FN:307,(anonymous_10)
FN:325,(anonymous_11)
FN:334,(anonymous_12)
FN:362,(anonymous_13)
FNF:14
FNH:0
FNDA:0,(anonymous_0)
FNDA:0,(anonymous_1)
FNDA:0,(anonymous_2)
FNDA:0,(anonymous_3)
FNDA:0,(anonymous_4)
FNDA:0,(anonymous_5)
FNDA:0,(anonymous_6)
FNDA:0,(anonymous_7)
FNDA:0,(anonymous_8)
FNDA:0,(anonymous_9)
FNDA:0,(anonymous_10)
FNDA:0,(anonymous_11)
FNDA:0,(anonymous_12)
FNDA:0,(anonymous_13)
DA:15,0
DA:17,0
DA:18,0
DA:21,0
DA:22,0
DA:25,0
DA:26,0
DA:33,0
DA:53,0
DA:90,0
DA:91,0
DA:94,0
DA:101,0
DA:113,0
DA:114,0
DA:117,0
DA:124,0
DA:126,0
DA:130,0
DA:131,0
DA:137,0
DA:157,0
DA:159,0
DA:163,0
DA:164,0
DA:167,0
DA:168,0
DA:172,0
DA:173,0
DA:180,0
DA:181,0
DA:182,0
DA:183,0
DA:184,0
DA:185,0
DA:186,0
DA:187,0
DA:189,0
DA:205,0
DA:209,0
DA:210,0
DA:213,0
DA:217,0
DA:221,0
DA:222,0
DA:228,0
DA:232,0
DA:239,0
DA:262,0
DA:273,0
DA:280,0
DA:284,0
DA:285,0
DA:288,0
DA:308,0
DA:325,0
DA:335,0
DA:363,0
DA:379,0
DA:383,0
LF:60
LH:0
BRDA:17,0,0,0
BRDA:21,1,0,0
BRDA:22,2,0,0
BRDA:22,2,1,0
BRDA:25,3,0,0
BRDA:90,4,0,0
BRDA:113,5,0,0
BRDA:130,6,0,0
BRDA:163,7,0,0
BRDA:167,8,0,0
BRDA:167,9,0,0
BRDA:167,9,1,0
BRDA:172,10,0,0
BRDA:181,11,0,0
BRDA:183,12,0,0
BRDA:184,13,0,0
BRDA:186,14,0,0
BRDA:209,15,0,0
BRDA:221,16,0,0
BRDA:221,17,0,0
BRDA:221,17,1,0
BRDA:284,18,0,0
BRDA:291,19,0,0
BRDA:291,19,1,0
BRDA:307,20,0,0
BRDA:334,21,0,0
BRDA:362,22,0,0
BRF:27
BRH:0
end_of_record
TN:
SF:src/services/user/user.services.ts
FN:12,isPrismaError
FN:16,(anonymous_1)
FN:52,(anonymous_2)
FN:79,(anonymous_3)
FN:106,(anonymous_4)
FN:140,(anonymous_5)
FN:164,(anonymous_6)
FN:217,(anonymous_7)
FN:240,(anonymous_8)
FN:263,(anonymous_9)
FN:293,(anonymous_10)
FN:314,(anonymous_11)
FNF:12
FNH:0
FNDA:0,isPrismaError
FNDA:0,(anonymous_1)
FNDA:0,(anonymous_2)
FNDA:0,(anonymous_3)
FNDA:0,(anonymous_4)
FNDA:0,(anonymous_5)
FNDA:0,(anonymous_6)
FNDA:0,(anonymous_7)
FNDA:0,(anonymous_8)
FNDA:0,(anonymous_9)
FNDA:0,(anonymous_10)
FNDA:0,(anonymous_11)
DA:13,0
DA:16,0
DA:19,0
DA:20,0
DA:22,0
DA:49,0
DA:51,0
DA:52,0
DA:56,0
DA:63,0
DA:64,0
DA:65,0
DA:72,0
DA:79,0
DA:83,0
DA:84,0
DA:85,0
DA:86,0
DA:89,0
DA:100,0
DA:101,0
DA:106,0
DA:107,0
DA:108,0
DA:112,0
DA:113,0
DA:119,0
DA:137,0
DA:139,0
DA:140,0
DA:144,0
DA:151,0
DA:152,0
DA:153,0
DA:160,0
DA:164,0
DA:169,0
DA:170,0
DA:175,0
DA:176,0
DA:179,0
DA:183,0
DA:184,0
DA:191,0
DA:192,0
DA:193,0
DA:199,0
DA:200,0
DA:205,0
DA:207,0
DA:208,0
DA:210,0
DA:217,0
DA:220,0
DA:237,0
DA:240,0
DA:241,0
DA:260,0
DA:263,0
DA:264,0
DA:265,0
DA:282,0
DA:284,0
DA:285,0
DA:286,0
DA:289,0
DA:293,0
DA:296,0
DA:311,0
DA:314,0
DA:317,0
DA:335,0
LF:72
LH:0
BRDA:13,0,0,0
BRDA:13,0,1,0
BRDA:13,0,2,0
BRDA:51,1,0,0
BRDA:63,2,0,0
BRDA:64,3,0,0
BRDA:85,4,0,0
BRDA:100,5,0,0
BRDA:107,6,0,0
BRDA:112,7,0,0
BRDA:139,8,0,0
BRDA:151,9,0,0
BRDA:152,10,0,0
BRDA:175,11,0,0
BRDA:175,12,0,0
BRDA:175,12,1,0
BRDA:183,13,0,0
BRDA:192,14,0,0
BRDA:195,15,0,0
BRDA:195,15,1,0
BRDA:207,16,0,0
BRDA:284,17,0,0
BRDA:285,18,0,0
BRF:23
BRH:0
end_of_record
TN:
SF:src/services/user_skills/user_skills.service.ts
FN:16,(anonymous_0)
FN:43,(anonymous_1)
FN:81,(anonymous_2)
FN:143,(anonymous_3)
FN:193,(anonymous_4)
FN:224,(anonymous_5)
FN:254,(anonymous_6)
FN:260,(anonymous_7)
FNF:8
FNH:0
FNDA:0,(anonymous_0)
FNDA:0,(anonymous_1)
FNDA:0,(anonymous_2)
FNDA:0,(anonymous_3)
FNDA:0,(anonymous_4)
FNDA:0,(anonymous_5)
FNDA:0,(anonymous_6)
FNDA:0,(anonymous_7)
DA:17,0
DA:44,0
DA:71,0
DA:72,0
DA:75,0
DA:82,0
DA:84,0
DA:88,0
DA:89,0
DA:92,0
DA:96,0
DA:97,0
DA:100,0
DA:109,0
DA:110,0
DA:113,0
DA:144,0
DA:146,0
DA:155,0
DA:156,0
DA:159,0
DA:194,0
DA:203,0
DA:204,0
DA:207,0
DA:216,0
DA:225,0
DA:229,0
DA:230,0
DA:233,0
DA:254,0
DA:261,0
DA:280,0
LF:33
LH:0
BRDA:71,0,0,0
BRDA:88,1,0,0
BRDA:96,2,0,0
BRDA:109,3,0,0
BRDA:155,4,0,0
BRDA:203,5,0,0
BRDA:229,6,0,0
BRF:7
BRH:0
end_of_record
